{"timestamp":"2025-07-19T00:00:00.868Z","type":"results","status":"start","message":"Starting cost-efficient game results update","categories":["NBA","MLB","KBO","NFL","프리미어리그","MLS","K리그","J리그","세리에 A","브라질 세리에 A","아르헨티나 프리메라","중국 슈퍼리그","라리가","분데스리가"]}
{"timestamp":"2025-07-19T00:00:00.910Z","type":"odds","status":"start","message":"Starting high-priority leagues odds update (10min interval)","priority":"high","leagues":["NBA","MLB","KBO","NFL","프리미어리그"]}
{"timestamp":"2025-07-19T00:00:00.913Z","type":"odds","status":"start","message":"Starting medium-priority leagues odds update (1hour interval)","priority":"medium","leagues":["MLS","K리그","J리그","세리에 A"]}
{"timestamp":"2025-07-19T00:00:00.914Z","type":"epl","status":"start","message":"EPL 프리미어리그 데이터 강제 업데이트"}
{"timestamp":"2025-07-19T00:00:00.962Z","type":"odds","status":"success","message":"Medium-priority odds update completed (1hour interval)","priority":"medium","leagues":["MLS","K리그","J리그","세리에 A"],"dynamicPriority":"low","oddsUpdated":0,"oddsDetail":{"totalUpdated":0,"newOdds":0,"existingOddsUpdated":0,"skippedOdds":0,"apiCalls":0,"categoriesProcessed":4}}
{"timestamp":"2025-07-19T00:00:00.963Z","type":"odds","status":"success","message":"High-priority odds update completed (10min interval)","priority":"medium","leagues":["NBA","MLB","KBO","NFL","프리미어리그"],"dynamicPriority":"low","oddsUpdated":0,"oddsDetail":{"totalUpdated":0,"newOdds":0,"existingOddsUpdated":0,"skippedOdds":0,"apiCalls":0,"categoriesProcessed":5}}
{"timestamp":"2025-07-19T00:00:03.734Z","type":"epl","status":"success","message":"EPL 프리미어리그 데이터 업데이트 완료"}
{"timestamp":"2025-07-19T00:00:46.895Z","type":"bets","status":"start","message":"Starting bet results update after game results"}
{"timestamp":"2025-07-19T00:00:46.942Z","type":"results","status":"success","message":"Game results and bet results update completed","gameResultsUpdated":89,"gameResultsDetail":{"totalUpdated":89,"newGames":10,"existingGamesUpdated":79,"skippedGames":0,"categoriesProcessed":11},"betResultsUpdated":0,"categories":["NBA","MLB","KBO","NFL","프리미어리그","MLS","K리그","J리그","세리에 A","브라질 세리에 A","아르헨티나 프리메라","중국 슈퍼리그","라리가","분데스리가"]}
{"timestamp":"2025-07-19T00:04:53.353Z","type":"monitor","status":"info","message":"Scheduler status check","isUpdating":false,"lastUpdateTime":"2025-07-19T00:00:46.942Z","activeCategories":["NBA","MLB","KBO","NFL","프리미어리그","MLS","K리그","J리그","세리에 A","브라질 세리에 A","아르헨티나 프리메라","중국 슈퍼리그","라리가","분데스리가"],"uptime":101536.083601833,"apiCallEstimate":"~28 calls per hour","memory":{"used":"27MB","total":"31MB"}}
{"timestamp":"2025-07-19T00:10:00.125Z","type":"results","status":"start","message":"Starting cost-efficient game results update","categories":["NBA","MLB","KBO","NFL","프리미어리그","MLS","K리그","J리그","세리에 A","브라질 세리에 A","아르헨티나 프리메라","중국 슈퍼리그","라리가","분데스리가"]}
{"timestamp":"2025-07-19T00:10:00.166Z","type":"odds","status":"start","message":"Starting high-priority leagues odds update (10min interval)","priority":"high","leagues":["NBA","MLB","KBO","NFL","프리미어리그"]}
{"timestamp":"2025-07-19T00:10:00.170Z","type":"epl","status":"start","message":"EPL 프리미어리그 데이터 강제 업데이트"}
{"timestamp":"2025-07-19T00:10:00.213Z","type":"odds","status":"success","message":"High-priority odds update completed (10min interval)","priority":"medium","leagues":["NBA","MLB","KBO","NFL","프리미어리그"],"dynamicPriority":"low","oddsUpdated":0,"oddsDetail":{"totalUpdated":0,"newOdds":0,"existingOddsUpdated":0,"skippedOdds":0,"apiCalls":0,"categoriesProcessed":5}}
{"timestamp":"2025-07-19T00:10:03.322Z","type":"epl","status":"success","message":"EPL 프리미어리그 데이터 업데이트 완료"}
{"timestamp":"2025-07-19T00:10:55.858Z","type":"bets","status":"start","message":"Starting bet results update after game results"}
{"timestamp":"2025-07-19T00:10:55.904Z","type":"results","status":"success","message":"Game results and bet results update completed","gameResultsUpdated":89,"gameResultsDetail":{"totalUpdated":89,"newGames":0,"existingGamesUpdated":89,"skippedGames":0,"categoriesProcessed":11},"betResultsUpdated":0,"categories":["NBA","MLB","KBO","NFL","프리미어리그","MLS","K리그","J리그","세리에 A","브라질 세리에 A","아르헨티나 프리메라","중국 슈퍼리그","라리가","분데스리가"]}
{"timestamp":"2025-07-19T00:28:40.091Z","type":"monitor","status":"info","message":"Scheduler status check","isUpdating":false,"lastUpdateTime":"2025-07-19T00:10:55.904Z","activeCategories":["NBA","MLB","KBO","NFL","프리미어리그","MLS","K리그","J리그","세리에 A","브라질 세리에 A","아르헨티나 프리메라","중국 슈퍼리그","라리가","분데스리가"],"uptime":102962.785628875,"apiCallEstimate":"~28 calls per hour","memory":{"used":"28MB","total":"31MB"}}
{"timestamp":"2025-07-19T00:44:28.441Z","type":"monitor","status":"info","message":"Scheduler status check","isUpdating":false,"lastUpdateTime":"2025-07-19T00:10:55.904Z","activeCategories":["NBA","MLB","KBO","NFL","프리미어리그","MLS","K리그","J리그","세리에 A","브라질 세리에 A","아르헨티나 프리메라","중국 슈퍼리그","라리가","분데스리가"],"uptime":103911.149191791,"apiCallEstimate":"~28 calls per hour","memory":{"used":"28MB","total":"31MB"}}
{"timestamp":"2025-07-19T01:01:59.572Z","type":"monitor","status":"info","message":"Scheduler status check","isUpdating":false,"lastUpdateTime":"2025-07-19T00:10:55.904Z","activeCategories":["NBA","MLB","KBO","NFL","프리미어리그","MLS","K리그","J리그","세리에 A","브라질 세리에 A","아르헨티나 프리메라","중국 슈퍼리그","라리가","분데스리가"],"uptime":104962.311439583,"apiCallEstimate":"~28 calls per hour","memory":{"used":"29MB","total":"31MB"}}
{"timestamp":"2025-07-19T01:19:42.259Z","type":"monitor","status":"info","message":"Scheduler status check","isUpdating":false,"lastUpdateTime":"2025-07-19T00:10:55.904Z","activeCategories":["NBA","MLB","KBO","NFL","프리미어리그","MLS","K리그","J리그","세리에 A","브라질 세리에 A","아르헨티나 프리메라","중국 슈퍼리그","라리가","분데스리가"],"uptime":106025.117049583,"apiCallEstimate":"~28 calls per hour","memory":{"used":"38MB","total":"40MB"}}
{"timestamp":"2025-07-19T01:20:00.218Z","type":"results","status":"start","message":"Starting cost-efficient game results update","categories":["NBA","MLB","KBO","NFL","프리미어리그","MLS","K리그","J리그","세리에 A","브라질 세리에 A","아르헨티나 프리메라","중국 슈퍼리그","라리가","분데스리가"]}
{"timestamp":"2025-07-19T01:20:00.240Z","type":"odds","status":"start","message":"Starting high-priority leagues odds update (10min interval)","priority":"high","leagues":["NBA","MLB","KBO","NFL","프리미어리그"]}
{"timestamp":"2025-07-19T01:20:00.243Z","type":"epl","status":"start","message":"EPL 프리미어리그 데이터 강제 업데이트"}
{"timestamp":"2025-07-19T01:20:00.270Z","type":"odds","status":"success","message":"High-priority odds update completed (10min interval)","priority":"medium","leagues":["NBA","MLB","KBO","NFL","프리미어리그"],"dynamicPriority":"low","oddsUpdated":0,"oddsDetail":{"totalUpdated":0,"newOdds":0,"existingOddsUpdated":0,"skippedOdds":0,"apiCalls":0,"categoriesProcessed":5}}
{"timestamp":"2025-07-19T01:20:03.088Z","type":"epl","status":"success","message":"EPL 프리미어리그 데이터 업데이트 완료"}
{"timestamp":"2025-07-19T01:36:45.240Z","type":"monitor","status":"info","message":"Scheduler status check","isUpdating":true,"lastUpdateTime":"2025-07-19T00:10:55.904Z","activeCategories":["NBA","MLB","KBO","NFL","프리미어리그","MLS","K리그","J리그","세리에 A","브라질 세리에 A","아르헨티나 프리메라","중국 슈퍼리그","라리가","분데스리가"],"uptime":107048.140805333,"apiCallEstimate":"~28 calls per hour","memory":{"used":"27MB","total":"33MB"}}
{"timestamp":"2025-07-19T01:36:56.298Z","type":"bets","status":"start","message":"Starting bet results update after game results"}
{"timestamp":"2025-07-19T01:36:56.367Z","type":"results","status":"success","message":"Game results and bet results update completed","gameResultsUpdated":44,"gameResultsDetail":{"totalUpdated":44,"newGames":0,"existingGamesUpdated":44,"skippedGames":0,"categoriesProcessed":11},"betResultsUpdated":0,"categories":["NBA","MLB","KBO","NFL","프리미어리그","MLS","K리그","J리그","세리에 A","브라질 세리에 A","아르헨티나 프리메라","중국 슈퍼리그","라리가","분데스리가"]}
{"timestamp":"2025-07-19T01:40:00.548Z","type":"results","status":"start","message":"Starting cost-efficient game results update","categories":["NBA","MLB","KBO","NFL","프리미어리그","MLS","K리그","J리그","세리에 A","브라질 세리에 A","아르헨티나 프리메라","중국 슈퍼리그","라리가","분데스리가"]}
{"timestamp":"2025-07-19T01:40:00.596Z","type":"odds","status":"start","message":"Starting high-priority leagues odds update (10min interval)","priority":"high","leagues":["NBA","MLB","KBO","NFL","프리미어리그"]}
{"timestamp":"2025-07-19T01:40:00.602Z","type":"epl","status":"start","message":"EPL 프리미어리그 데이터 강제 업데이트"}
{"timestamp":"2025-07-19T01:40:00.651Z","type":"odds","status":"success","message":"High-priority odds update completed (10min interval)","priority":"medium","leagues":["NBA","MLB","KBO","NFL","프리미어리그"],"dynamicPriority":"low","oddsUpdated":0,"oddsDetail":{"totalUpdated":0,"newOdds":0,"existingOddsUpdated":0,"skippedOdds":0,"apiCalls":0,"categoriesProcessed":5}}
{"timestamp":"2025-07-19T01:40:03.880Z","type":"epl","status":"success","message":"EPL 프리미어리그 데이터 업데이트 완료"}
{"timestamp":"2025-07-19T01:40:48.170Z","type":"bets","status":"start","message":"Starting bet results update after game results"}
{"timestamp":"2025-07-19T01:40:48.206Z","type":"results","status":"success","message":"Game results and bet results update completed","gameResultsUpdated":89,"gameResultsDetail":{"totalUpdated":89,"newGames":0,"existingGamesUpdated":89,"skippedGames":0,"categoriesProcessed":11},"betResultsUpdated":0,"categories":["NBA","MLB","KBO","NFL","프리미어리그","MLS","K리그","J리그","세리에 A","브라질 세리에 A","아르헨티나 프리메라","중국 슈퍼리그","라리가","분데스리가"]}
{"timestamp":"2025-07-19T01:50:00.816Z","type":"results","status":"start","message":"Starting cost-efficient game results update","categories":["NBA","MLB","KBO","NFL","프리미어리그","MLS","K리그","J리그","세리에 A","브라질 세리에 A","아르헨티나 프리메라","중국 슈퍼리그","라리가","분데스리가"]}
{"timestamp":"2025-07-19T01:50:00.851Z","type":"odds","status":"start","message":"Starting high-priority leagues odds update (10min interval)","priority":"high","leagues":["NBA","MLB","KBO","NFL","프리미어리그"]}
{"timestamp":"2025-07-19T01:50:00.855Z","type":"epl","status":"start","message":"EPL 프리미어리그 데이터 강제 업데이트"}
{"timestamp":"2025-07-19T01:50:00.901Z","type":"odds","status":"success","message":"High-priority odds update completed (10min interval)","priority":"medium","leagues":["NBA","MLB","KBO","NFL","프리미어리그"],"dynamicPriority":"low","oddsUpdated":0,"oddsDetail":{"totalUpdated":0,"newOdds":0,"existingOddsUpdated":0,"skippedOdds":0,"apiCalls":0,"categoriesProcessed":5}}
{"timestamp":"2025-07-19T01:50:02.743Z","type":"epl","status":"success","message":"EPL 프리미어리그 데이터 업데이트 완료"}
{"timestamp":"2025-07-19T01:50:44.354Z","type":"bets","status":"start","message":"Starting bet results update after game results"}
{"timestamp":"2025-07-19T01:50:44.402Z","type":"results","status":"success","message":"Game results and bet results update completed","gameResultsUpdated":89,"gameResultsDetail":{"totalUpdated":89,"newGames":0,"existingGamesUpdated":89,"skippedGames":0,"categoriesProcessed":11},"betResultsUpdated":0,"categories":["NBA","MLB","KBO","NFL","프리미어리그","MLS","K리그","J리그","세리에 A","브라질 세리에 A","아르헨티나 프리메라","중국 슈퍼리그","라리가","분데스리가"]}
{"timestamp":"2025-07-19T01:51:45.235Z","type":"monitor","status":"info","message":"Scheduler status check","isUpdating":false,"lastUpdateTime":"2025-07-19T01:50:44.402Z","activeCategories":["NBA","MLB","KBO","NFL","프리미어리그","MLS","K리그","J리그","세리에 A","브라질 세리에 A","아르헨티나 프리메라","중국 슈퍼리그","라리가","분데스리가"],"uptime":107948.152645791,"apiCallEstimate":"~28 calls per hour","memory":{"used":"31MB","total":"36MB"}}
{"timestamp":"2025-07-19T02:00:00.045Z","type":"results","status":"start","message":"Starting cost-efficient game results update","categories":["NBA","MLB","KBO","NFL","프리미어리그","MLS","K리그","J리그","세리에 A","브라질 세리에 A","아르헨티나 프리메라","중국 슈퍼리그","라리가","분데스리가"]}
{"timestamp":"2025-07-19T02:00:00.089Z","type":"odds","status":"start","message":"Starting high-priority leagues odds update (10min interval)","priority":"high","leagues":["NBA","MLB","KBO","NFL","프리미어리그"]}
{"timestamp":"2025-07-19T02:00:00.092Z","type":"odds","status":"start","message":"Starting medium-priority leagues odds update (1hour interval)","priority":"medium","leagues":["MLS","K리그","J리그","세리에 A"]}
{"timestamp":"2025-07-19T02:00:00.093Z","type":"epl","status":"start","message":"EPL 프리미어리그 데이터 강제 업데이트"}
{"timestamp":"2025-07-19T02:00:00.132Z","type":"odds","status":"success","message":"Medium-priority odds update completed (1hour interval)","priority":"medium","leagues":["MLS","K리그","J리그","세리에 A"],"dynamicPriority":"low","oddsUpdated":0,"oddsDetail":{"totalUpdated":0,"newOdds":0,"existingOddsUpdated":0,"skippedOdds":0,"apiCalls":0,"categoriesProcessed":4}}
{"timestamp":"2025-07-19T02:00:00.133Z","type":"odds","status":"success","message":"High-priority odds update completed (10min interval)","priority":"medium","leagues":["NBA","MLB","KBO","NFL","프리미어리그"],"dynamicPriority":"low","oddsUpdated":0,"oddsDetail":{"totalUpdated":0,"newOdds":0,"existingOddsUpdated":0,"skippedOdds":0,"apiCalls":0,"categoriesProcessed":5}}
{"timestamp":"2025-07-19T02:00:03.022Z","type":"epl","status":"success","message":"EPL 프리미어리그 데이터 업데이트 완료"}
{"timestamp":"2025-07-19T02:00:55.483Z","type":"bets","status":"start","message":"Starting bet results update after game results"}
{"timestamp":"2025-07-19T02:00:55.532Z","type":"results","status":"success","message":"Game results and bet results update completed","gameResultsUpdated":89,"gameResultsDetail":{"totalUpdated":89,"newGames":0,"existingGamesUpdated":89,"skippedGames":0,"categoriesProcessed":11},"betResultsUpdated":0,"categories":["NBA","MLB","KBO","NFL","프리미어리그","MLS","K리그","J리그","세리에 A","브라질 세리에 A","아르헨티나 프리메라","중국 슈퍼리그","라리가","분데스리가"]}
{"timestamp":"2025-07-19T02:06:45.248Z","type":"monitor","status":"info","message":"Scheduler status check","isUpdating":false,"lastUpdateTime":"2025-07-19T02:00:55.531Z","activeCategories":["NBA","MLB","KBO","NFL","프리미어리그","MLS","K리그","J리그","세리에 A","브라질 세리에 A","아르헨티나 프리메라","중국 슈퍼리그","라리가","분데스리가"],"uptime":108848.180012416,"apiCallEstimate":"~28 calls per hour","memory":{"used":"38MB","total":"40MB"}}
{"timestamp":"2025-07-19T02:10:00.334Z","type":"results","status":"start","message":"Starting cost-efficient game results update","categories":["NBA","MLB","KBO","NFL","프리미어리그","MLS","K리그","J리그","세리에 A","브라질 세리에 A","아르헨티나 프리메라","중국 슈퍼리그","라리가","분데스리가"]}
{"timestamp":"2025-07-19T02:10:00.373Z","type":"odds","status":"start","message":"Starting high-priority leagues odds update (10min interval)","priority":"high","leagues":["NBA","MLB","KBO","NFL","프리미어리그"]}
{"timestamp":"2025-07-19T02:10:00.377Z","type":"epl","status":"start","message":"EPL 프리미어리그 데이터 강제 업데이트"}
{"timestamp":"2025-07-19T02:10:00.416Z","type":"odds","status":"success","message":"High-priority odds update completed (10min interval)","priority":"medium","leagues":["NBA","MLB","KBO","NFL","프리미어리그"],"dynamicPriority":"low","oddsUpdated":0,"oddsDetail":{"totalUpdated":0,"newOdds":0,"existingOddsUpdated":0,"skippedOdds":0,"apiCalls":0,"categoriesProcessed":5}}
{"timestamp":"2025-07-19T02:10:02.136Z","type":"epl","status":"success","message":"EPL 프리미어리그 데이터 업데이트 완료"}
{"timestamp":"2025-07-19T02:10:28.737Z","type":"bets","status":"start","message":"Starting bet results update after game results"}
{"timestamp":"2025-07-19T02:10:28.776Z","type":"results","status":"success","message":"Game results and bet results update completed","gameResultsUpdated":89,"gameResultsDetail":{"totalUpdated":89,"newGames":0,"existingGamesUpdated":89,"skippedGames":0,"categoriesProcessed":11},"betResultsUpdated":0,"categories":["NBA","MLB","KBO","NFL","프리미어리그","MLS","K리그","J리그","세리에 A","브라질 세리에 A","아르헨티나 프리메라","중국 슈퍼리그","라리가","분데스리가"]}
{"timestamp":"2025-07-19T02:20:00.614Z","type":"results","status":"start","message":"Starting cost-efficient game results update","categories":["NBA","MLB","KBO","NFL","프리미어리그","MLS","K리그","J리그","세리에 A","브라질 세리에 A","아르헨티나 프리메라","중국 슈퍼리그","라리가","분데스리가"]}
{"timestamp":"2025-07-19T02:20:00.648Z","type":"odds","status":"start","message":"Starting high-priority leagues odds update (10min interval)","priority":"high","leagues":["NBA","MLB","KBO","NFL","프리미어리그"]}
{"timestamp":"2025-07-19T02:20:00.652Z","type":"epl","status":"start","message":"EPL 프리미어리그 데이터 강제 업데이트"}
{"timestamp":"2025-07-19T02:20:00.694Z","type":"odds","status":"success","message":"High-priority odds update completed (10min interval)","priority":"medium","leagues":["NBA","MLB","KBO","NFL","프리미어리그"],"dynamicPriority":"low","oddsUpdated":0,"oddsDetail":{"totalUpdated":0,"newOdds":0,"existingOddsUpdated":0,"skippedOdds":0,"apiCalls":0,"categoriesProcessed":5}}
{"timestamp":"2025-07-19T02:20:04.183Z","type":"epl","status":"success","message":"EPL 프리미어리그 데이터 업데이트 완료"}
{"timestamp":"2025-07-19T02:20:32.863Z","type":"bets","status":"start","message":"Starting bet results update after game results"}
{"timestamp":"2025-07-19T02:20:32.900Z","type":"results","status":"success","message":"Game results and bet results update completed","gameResultsUpdated":89,"gameResultsDetail":{"totalUpdated":89,"newGames":0,"existingGamesUpdated":89,"skippedGames":0,"categoriesProcessed":11},"betResultsUpdated":0,"categories":["NBA","MLB","KBO","NFL","프리미어리그","MLS","K리그","J리그","세리에 A","브라질 세리에 A","아르헨티나 프리메라","중국 슈퍼리그","라리가","분데스리가"]}
{"timestamp":"2025-07-19T02:21:45.221Z","type":"monitor","status":"info","message":"Scheduler status check","isUpdating":false,"lastUpdateTime":"2025-07-19T02:20:32.900Z","activeCategories":["NBA","MLB","KBO","NFL","프리미어리그","MLS","K리그","J리그","세리에 A","브라질 세리에 A","아르헨티나 프리메라","중국 슈퍼리그","라리가","분데스리가"],"uptime":109748.181134166,"apiCallEstimate":"~28 calls per hour","memory":{"used":"27MB","total":"31MB"}}
{"timestamp":"2025-07-19T02:30:00.764Z","type":"results","status":"start","message":"Starting cost-efficient game results update","categories":["NBA","MLB","KBO","NFL","프리미어리그","MLS","K리그","J리그","세리에 A","브라질 세리에 A","아르헨티나 프리메라","중국 슈퍼리그","라리가","분데스리가"]}
{"timestamp":"2025-07-19T02:30:00.801Z","type":"odds","status":"start","message":"Starting high-priority leagues odds update (10min interval)","priority":"high","leagues":["NBA","MLB","KBO","NFL","프리미어리그"]}
{"timestamp":"2025-07-19T02:30:00.805Z","type":"epl","status":"start","message":"EPL 프리미어리그 데이터 강제 업데이트"}
{"timestamp":"2025-07-19T02:30:00.838Z","type":"odds","status":"success","message":"High-priority odds update completed (10min interval)","priority":"medium","leagues":["NBA","MLB","KBO","NFL","프리미어리그"],"dynamicPriority":"low","oddsUpdated":0,"oddsDetail":{"totalUpdated":0,"newOdds":0,"existingOddsUpdated":0,"skippedOdds":0,"apiCalls":0,"categoriesProcessed":5}}
{"timestamp":"2025-07-19T02:30:04.211Z","type":"epl","status":"success","message":"EPL 프리미어리그 데이터 업데이트 완료"}
{"timestamp":"2025-07-19T02:30:53.526Z","type":"bets","status":"start","message":"Starting bet results update after game results"}
{"timestamp":"2025-07-19T02:30:53.571Z","type":"results","status":"success","message":"Game results and bet results update completed","gameResultsUpdated":89,"gameResultsDetail":{"totalUpdated":89,"newGames":0,"existingGamesUpdated":89,"skippedGames":0,"categoriesProcessed":11},"betResultsUpdated":0,"categories":["NBA","MLB","KBO","NFL","프리미어리그","MLS","K리그","J리그","세리에 A","브라질 세리에 A","아르헨티나 프리메라","중국 슈퍼리그","라리가","분데스리가"]}
{"timestamp":"2025-07-19T02:36:43.135Z","type":"monitor","status":"info","message":"Scheduler status check","isUpdating":false,"lastUpdateTime":"2025-07-19T02:30:53.571Z","activeCategories":["NBA","MLB","KBO","NFL","프리미어리그","MLS","K리그","J리그","세리에 A","브라질 세리에 A","아르헨티나 프리메라","중국 슈퍼리그","라리가","분데스리가"],"uptime":110648.183531708,"apiCallEstimate":"~28 calls per hour","memory":{"used":"28MB","total":"32MB"}}
{"timestamp":"2025-07-19T02:40:00.018Z","type":"results","status":"start","message":"Starting cost-efficient game results update","categories":["NBA","MLB","KBO","NFL","프리미어리그","MLS","K리그","J리그","세리에 A","브라질 세리에 A","아르헨티나 프리메라","중국 슈퍼리그","라리가","분데스리가"]}
{"timestamp":"2025-07-19T02:40:00.050Z","type":"odds","status":"start","message":"Starting high-priority leagues odds update (10min interval)","priority":"high","leagues":["NBA","MLB","KBO","NFL","프리미어리그"]}
{"timestamp":"2025-07-19T02:40:00.053Z","type":"epl","status":"start","message":"EPL 프리미어리그 데이터 강제 업데이트"}
{"timestamp":"2025-07-19T02:40:00.126Z","type":"odds","status":"success","message":"High-priority odds update completed (10min interval)","priority":"medium","leagues":["NBA","MLB","KBO","NFL","프리미어리그"],"dynamicPriority":"low","oddsUpdated":0,"oddsDetail":{"totalUpdated":0,"newOdds":0,"existingOddsUpdated":0,"skippedOdds":0,"apiCalls":0,"categoriesProcessed":5}}
{"timestamp":"2025-07-19T02:40:01.530Z","type":"epl","status":"success","message":"EPL 프리미어리그 데이터 업데이트 완료"}
{"timestamp":"2025-07-19T02:40:51.643Z","type":"bets","status":"start","message":"Starting bet results update after game results"}
{"timestamp":"2025-07-19T02:40:51.680Z","type":"results","status":"success","message":"Game results and bet results update completed","gameResultsUpdated":89,"gameResultsDetail":{"totalUpdated":89,"newGames":0,"existingGamesUpdated":89,"skippedGames":0,"categoriesProcessed":11},"betResultsUpdated":0,"categories":["NBA","MLB","KBO","NFL","프리미어리그","MLS","K리그","J리그","세리에 A","브라질 세리에 A","아르헨티나 프리메라","중국 슈퍼리그","라리가","분데스리가"]}
{"timestamp":"2025-07-19T02:50:00.268Z","type":"results","status":"start","message":"Starting cost-efficient game results update","categories":["NBA","MLB","KBO","NFL","프리미어리그","MLS","K리그","J리그","세리에 A","브라질 세리에 A","아르헨티나 프리메라","중국 슈퍼리그","라리가","분데스리가"]}
{"timestamp":"2025-07-19T02:50:00.298Z","type":"odds","status":"start","message":"Starting high-priority leagues odds update (10min interval)","priority":"high","leagues":["NBA","MLB","KBO","NFL","프리미어리그"]}
{"timestamp":"2025-07-19T02:50:00.301Z","type":"epl","status":"start","message":"EPL 프리미어리그 데이터 강제 업데이트"}
{"timestamp":"2025-07-19T02:50:00.324Z","type":"odds","status":"success","message":"High-priority odds update completed (10min interval)","priority":"medium","leagues":["NBA","MLB","KBO","NFL","프리미어리그"],"dynamicPriority":"low","oddsUpdated":0,"oddsDetail":{"totalUpdated":0,"newOdds":0,"existingOddsUpdated":0,"skippedOdds":0,"apiCalls":0,"categoriesProcessed":5}}
{"timestamp":"2025-07-19T02:50:03.801Z","type":"epl","status":"success","message":"EPL 프리미어리그 데이터 업데이트 완료"}
{"timestamp":"2025-07-19T02:50:45.974Z","type":"bets","status":"start","message":"Starting bet results update after game results"}
{"timestamp":"2025-07-19T02:50:46.013Z","type":"results","status":"success","message":"Game results and bet results update completed","gameResultsUpdated":89,"gameResultsDetail":{"totalUpdated":89,"newGames":0,"existingGamesUpdated":89,"skippedGames":0,"categoriesProcessed":11},"betResultsUpdated":0,"categories":["NBA","MLB","KBO","NFL","프리미어리그","MLS","K리그","J리그","세리에 A","브라질 세리에 A","아르헨티나 프리메라","중국 슈퍼리그","라리가","분데스리가"]}
{"timestamp":"2025-07-19T02:51:43.107Z","type":"monitor","status":"info","message":"Scheduler status check","isUpdating":false,"lastUpdateTime":"2025-07-19T02:50:46.013Z","activeCategories":["NBA","MLB","KBO","NFL","프리미어리그","MLS","K리그","J리그","세리에 A","브라질 세리에 A","아르헨티나 프리메라","중국 슈퍼리그","라리가","분데스리가"],"uptime":111548.182843541,"apiCallEstimate":"~28 calls per hour","memory":{"used":"28MB","total":"36MB"}}
{"timestamp":"2025-07-19T03:00:00.498Z","type":"results","status":"start","message":"Starting cost-efficient game results update","categories":["NBA","MLB","KBO","NFL","프리미어리그","MLS","K리그","J리그","세리에 A","브라질 세리에 A","아르헨티나 프리메라","중국 슈퍼리그","라리가","분데스리가"]}
{"timestamp":"2025-07-19T03:00:00.541Z","type":"odds","status":"start","message":"Starting high-priority leagues odds update (10min interval)","priority":"high","leagues":["NBA","MLB","KBO","NFL","프리미어리그"]}
{"timestamp":"2025-07-19T03:00:00.545Z","type":"odds","status":"start","message":"Starting medium-priority leagues odds update (1hour interval)","priority":"medium","leagues":["MLS","K리그","J리그","세리에 A"]}
{"timestamp":"2025-07-19T03:00:00.547Z","type":"epl","status":"start","message":"EPL 프리미어리그 데이터 강제 업데이트"}
{"timestamp":"2025-07-19T03:00:00.584Z","type":"odds","status":"success","message":"Medium-priority odds update completed (1hour interval)","priority":"medium","leagues":["MLS","K리그","J리그","세리에 A"],"dynamicPriority":"low","oddsUpdated":0,"oddsDetail":{"totalUpdated":0,"newOdds":0,"existingOddsUpdated":0,"skippedOdds":0,"apiCalls":0,"categoriesProcessed":4}}
{"timestamp":"2025-07-19T03:00:00.584Z","type":"odds","status":"success","message":"High-priority odds update completed (10min interval)","priority":"medium","leagues":["NBA","MLB","KBO","NFL","프리미어리그"],"dynamicPriority":"low","oddsUpdated":0,"oddsDetail":{"totalUpdated":0,"newOdds":0,"existingOddsUpdated":0,"skippedOdds":0,"apiCalls":0,"categoriesProcessed":5}}
{"timestamp":"2025-07-19T03:00:02.659Z","type":"epl","status":"success","message":"EPL 프리미어리그 데이터 업데이트 완료"}
{"timestamp":"2025-07-19T03:00:55.456Z","type":"bets","status":"start","message":"Starting bet results update after game results"}
{"timestamp":"2025-07-19T03:00:55.504Z","type":"results","status":"success","message":"Game results and bet results update completed","gameResultsUpdated":89,"gameResultsDetail":{"totalUpdated":89,"newGames":0,"existingGamesUpdated":89,"skippedGames":0,"categoriesProcessed":11},"betResultsUpdated":0,"categories":["NBA","MLB","KBO","NFL","프리미어리그","MLS","K리그","J리그","세리에 A","브라질 세리에 A","아르헨티나 프리메라","중국 슈퍼리그","라리가","분데스리가"]}
{"timestamp":"2025-07-19T03:06:43.091Z","type":"monitor","status":"info","message":"Scheduler status check","isUpdating":false,"lastUpdateTime":"2025-07-19T03:00:55.504Z","activeCategories":["NBA","MLB","KBO","NFL","프리미어리그","MLS","K리그","J리그","세리에 A","브라질 세리에 A","아르헨티나 프리메라","중국 슈퍼리그","라리가","분데스리가"],"uptime":112448.19383125,"apiCallEstimate":"~28 calls per hour","memory":{"used":"36MB","total":"39MB"}}
{"timestamp":"2025-07-19T03:10:00.743Z","type":"results","status":"start","message":"Starting cost-efficient game results update","categories":["NBA","MLB","KBO","NFL","프리미어리그","MLS","K리그","J리그","세리에 A","브라질 세리에 A","아르헨티나 프리메라","중국 슈퍼리그","라리가","분데스리가"]}
{"timestamp":"2025-07-19T03:10:00.787Z","type":"odds","status":"start","message":"Starting high-priority leagues odds update (10min interval)","priority":"high","leagues":["NBA","MLB","KBO","NFL","프리미어리그"]}
{"timestamp":"2025-07-19T03:10:00.791Z","type":"epl","status":"start","message":"EPL 프리미어리그 데이터 강제 업데이트"}
{"timestamp":"2025-07-19T03:10:00.833Z","type":"odds","status":"success","message":"High-priority odds update completed (10min interval)","priority":"medium","leagues":["NBA","MLB","KBO","NFL","프리미어리그"],"dynamicPriority":"low","oddsUpdated":0,"oddsDetail":{"totalUpdated":0,"newOdds":0,"existingOddsUpdated":0,"skippedOdds":0,"apiCalls":0,"categoriesProcessed":5}}
{"timestamp":"2025-07-19T03:10:02.630Z","type":"epl","status":"success","message":"EPL 프리미어리그 데이터 업데이트 완료"}
{"timestamp":"2025-07-19T03:10:58.079Z","type":"bets","status":"start","message":"Starting bet results update after game results"}
{"timestamp":"2025-07-19T03:10:58.125Z","type":"results","status":"success","message":"Game results and bet results update completed","gameResultsUpdated":89,"gameResultsDetail":{"totalUpdated":89,"newGames":0,"existingGamesUpdated":89,"skippedGames":0,"categoriesProcessed":11},"betResultsUpdated":0,"categories":["NBA","MLB","KBO","NFL","프리미어리그","MLS","K리그","J리그","세리에 A","브라질 세리에 A","아르헨티나 프리메라","중국 슈퍼리그","라리가","분데스리가"]}
{"timestamp":"2025-07-19T03:20:00.966Z","type":"results","status":"start","message":"Starting cost-efficient game results update","categories":["NBA","MLB","KBO","NFL","프리미어리그","MLS","K리그","J리그","세리에 A","브라질 세리에 A","아르헨티나 프리메라","중국 슈퍼리그","라리가","분데스리가"]}
{"timestamp":"2025-07-19T03:20:00.989Z","type":"odds","status":"start","message":"Starting high-priority leagues odds update (10min interval)","priority":"high","leagues":["NBA","MLB","KBO","NFL","프리미어리그"]}
{"timestamp":"2025-07-19T03:20:00.992Z","type":"epl","status":"start","message":"EPL 프리미어리그 데이터 강제 업데이트"}
{"timestamp":"2025-07-19T03:20:01.001Z","type":"odds","status":"success","message":"High-priority odds update completed (10min interval)","priority":"medium","leagues":["NBA","MLB","KBO","NFL","프리미어리그"],"dynamicPriority":"low","oddsUpdated":0,"oddsDetail":{"totalUpdated":0,"newOdds":0,"existingOddsUpdated":0,"skippedOdds":0,"apiCalls":0,"categoriesProcessed":5}}
{"timestamp":"2025-07-19T03:20:02.940Z","type":"epl","status":"success","message":"EPL 프리미어리그 데이터 업데이트 완료"}
{"timestamp":"2025-07-19T03:20:53.332Z","type":"bets","status":"start","message":"Starting bet results update after game results"}
{"timestamp":"2025-07-19T03:20:53.395Z","type":"results","status":"success","message":"Game results and bet results update completed","gameResultsUpdated":89,"gameResultsDetail":{"totalUpdated":89,"newGames":0,"existingGamesUpdated":89,"skippedGames":0,"categoriesProcessed":11},"betResultsUpdated":0,"categories":["NBA","MLB","KBO","NFL","프리미어리그","MLS","K리그","J리그","세리에 A","브라질 세리에 A","아르헨티나 프리메라","중국 슈퍼리그","라리가","분데스리가"]}
{"timestamp":"2025-07-19T03:21:43.073Z","type":"monitor","status":"info","message":"Scheduler status check","isUpdating":false,"lastUpdateTime":"2025-07-19T03:20:53.395Z","activeCategories":["NBA","MLB","KBO","NFL","프리미어리그","MLS","K리그","J리그","세리에 A","브라질 세리에 A","아르헨티나 프리메라","중국 슈퍼리그","라리가","분데스리가"],"uptime":113348.202777125,"apiCallEstimate":"~28 calls per hour","memory":{"used":"28MB","total":"36MB"}}
{"timestamp":"2025-07-19T03:30:00.392Z","type":"results","status":"start","message":"Starting cost-efficient game results update","categories":["NBA","MLB","KBO","NFL","프리미어리그","MLS","K리그","J리그","세리에 A","브라질 세리에 A","아르헨티나 프리메라","중국 슈퍼리그","라리가","분데스리가"]}
{"timestamp":"2025-07-19T03:30:00.417Z","type":"odds","status":"start","message":"Starting high-priority leagues odds update (10min interval)","priority":"high","leagues":["NBA","MLB","KBO","NFL","프리미어리그"]}
{"timestamp":"2025-07-19T03:30:00.419Z","type":"epl","status":"start","message":"EPL 프리미어리그 데이터 강제 업데이트"}
{"timestamp":"2025-07-19T03:30:00.428Z","type":"odds","status":"success","message":"High-priority odds update completed (10min interval)","priority":"medium","leagues":["NBA","MLB","KBO","NFL","프리미어리그"],"dynamicPriority":"low","oddsUpdated":0,"oddsDetail":{"totalUpdated":0,"newOdds":0,"existingOddsUpdated":0,"skippedOdds":0,"apiCalls":0,"categoriesProcessed":5}}
{"timestamp":"2025-07-19T03:30:05.640Z","type":"epl","status":"success","message":"EPL 프리미어리그 데이터 업데이트 완료"}
{"timestamp":"2025-07-19T03:30:56.925Z","type":"bets","status":"start","message":"Starting bet results update after game results"}
{"timestamp":"2025-07-19T03:30:56.960Z","type":"results","status":"success","message":"Game results and bet results update completed","gameResultsUpdated":89,"gameResultsDetail":{"totalUpdated":89,"newGames":0,"existingGamesUpdated":89,"skippedGames":0,"categoriesProcessed":11},"betResultsUpdated":0,"categories":["NBA","MLB","KBO","NFL","프리미어리그","MLS","K리그","J리그","세리에 A","브라질 세리에 A","아르헨티나 프리메라","중국 슈퍼리그","라리가","분데스리가"]}
{"timestamp":"2025-07-19T03:36:45.249Z","type":"monitor","status":"info","message":"Scheduler status check","isUpdating":false,"lastUpdateTime":"2025-07-19T03:30:56.960Z","activeCategories":["NBA","MLB","KBO","NFL","프리미어리그","MLS","K리그","J리그","세리에 A","브라질 세리에 A","아르헨티나 프리메라","중국 슈퍼리그","라리가","분데스리가"],"uptime":114248.202780041,"apiCallEstimate":"~28 calls per hour","memory":{"used":"28MB","total":"31MB"}}
{"timestamp":"2025-07-19T03:40:00.606Z","type":"results","status":"start","message":"Starting cost-efficient game results update","categories":["NBA","MLB","KBO","NFL","프리미어리그","MLS","K리그","J리그","세리에 A","브라질 세리에 A","아르헨티나 프리메라","중국 슈퍼리그","라리가","분데스리가"]}
{"timestamp":"2025-07-19T03:40:00.613Z","type":"odds","status":"start","message":"Starting high-priority leagues odds update (10min interval)","priority":"high","leagues":["NBA","MLB","KBO","NFL","프리미어리그"]}
{"timestamp":"2025-07-19T03:40:00.616Z","type":"epl","status":"start","message":"EPL 프리미어리그 데이터 강제 업데이트"}
{"timestamp":"2025-07-19T03:40:00.626Z","type":"odds","status":"success","message":"High-priority odds update completed (10min interval)","priority":"medium","leagues":["NBA","MLB","KBO","NFL","프리미어리그"],"dynamicPriority":"low","oddsUpdated":0,"oddsDetail":{"totalUpdated":0,"newOdds":0,"existingOddsUpdated":0,"skippedOdds":0,"apiCalls":0,"categoriesProcessed":5}}
{"timestamp":"2025-07-19T03:40:02.257Z","type":"epl","status":"success","message":"EPL 프리미어리그 데이터 업데이트 완료"}
{"timestamp":"2025-07-19T03:40:41.501Z","type":"bets","status":"start","message":"Starting bet results update after game results"}
{"timestamp":"2025-07-19T03:40:41.539Z","type":"results","status":"success","message":"Game results and bet results update completed","gameResultsUpdated":89,"gameResultsDetail":{"totalUpdated":89,"newGames":0,"existingGamesUpdated":89,"skippedGames":0,"categoriesProcessed":11},"betResultsUpdated":0,"categories":["NBA","MLB","KBO","NFL","프리미어리그","MLS","K리그","J리그","세리에 A","브라질 세리에 A","아르헨티나 프리메라","중국 슈퍼리그","라리가","분데스리가"]}
{"timestamp":"2025-07-19T03:50:00.722Z","type":"results","status":"start","message":"Starting cost-efficient game results update","categories":["NBA","MLB","KBO","NFL","프리미어리그","MLS","K리그","J리그","세리에 A","브라질 세리에 A","아르헨티나 프리메라","중국 슈퍼리그","라리가","분데스리가"]}
{"timestamp":"2025-07-19T03:50:00.728Z","type":"odds","status":"start","message":"Starting high-priority leagues odds update (10min interval)","priority":"high","leagues":["NBA","MLB","KBO","NFL","프리미어리그"]}
{"timestamp":"2025-07-19T03:50:00.730Z","type":"epl","status":"start","message":"EPL 프리미어리그 데이터 강제 업데이트"}
{"timestamp":"2025-07-19T03:50:00.738Z","type":"odds","status":"success","message":"High-priority odds update completed (10min interval)","priority":"medium","leagues":["NBA","MLB","KBO","NFL","프리미어리그"],"dynamicPriority":"low","oddsUpdated":0,"oddsDetail":{"totalUpdated":0,"newOdds":0,"existingOddsUpdated":0,"skippedOdds":0,"apiCalls":0,"categoriesProcessed":5}}
{"timestamp":"2025-07-19T03:50:02.643Z","type":"epl","status":"success","message":"EPL 프리미어리그 데이터 업데이트 완료"}
{"timestamp":"2025-07-19T03:50:45.075Z","type":"bets","status":"start","message":"Starting bet results update after game results"}
{"timestamp":"2025-07-19T03:50:45.115Z","type":"results","status":"success","message":"Game results and bet results update completed","gameResultsUpdated":89,"gameResultsDetail":{"totalUpdated":89,"newGames":0,"existingGamesUpdated":89,"skippedGames":0,"categoriesProcessed":11},"betResultsUpdated":0,"categories":["NBA","MLB","KBO","NFL","프리미어리그","MLS","K리그","J리그","세리에 A","브라질 세리에 A","아르헨티나 프리메라","중국 슈퍼리그","라리가","분데스리가"]}
{"timestamp":"2025-07-19T03:51:45.114Z","type":"monitor","status":"info","message":"Scheduler status check","isUpdating":false,"lastUpdateTime":"2025-07-19T03:50:45.115Z","activeCategories":["NBA","MLB","KBO","NFL","프리미어리그","MLS","K리그","J리그","세리에 A","브라질 세리에 A","아르헨티나 프리메라","중국 슈퍼리그","라리가","분데스리가"],"uptime":115148.201432958,"apiCallEstimate":"~28 calls per hour","memory":{"used":"40MB","total":"42MB"}}
{"timestamp":"2025-07-19T04:00:00.953Z","type":"results","status":"start","message":"Starting cost-efficient game results update","categories":["NBA","MLB","KBO","NFL","프리미어리그","MLS","K리그","J리그","세리에 A","브라질 세리에 A","아르헨티나 프리메라","중국 슈퍼리그","라리가","분데스리가"]}
{"timestamp":"2025-07-19T04:00:00.960Z","type":"odds","status":"start","message":"Starting high-priority leagues odds update (10min interval)","priority":"high","leagues":["NBA","MLB","KBO","NFL","프리미어리그"]}
{"timestamp":"2025-07-19T04:00:00.965Z","type":"odds","status":"start","message":"Starting medium-priority leagues odds update (1hour interval)","priority":"medium","leagues":["MLS","K리그","J리그","세리에 A"]}
{"timestamp":"2025-07-19T04:00:00.966Z","type":"epl","status":"start","message":"EPL 프리미어리그 데이터 강제 업데이트"}
{"timestamp":"2025-07-19T04:00:00.975Z","type":"odds","status":"success","message":"High-priority odds update completed (10min interval)","priority":"medium","leagues":["NBA","MLB","KBO","NFL","프리미어리그"],"dynamicPriority":"low","oddsUpdated":0,"oddsDetail":{"totalUpdated":0,"newOdds":0,"existingOddsUpdated":0,"skippedOdds":0,"apiCalls":0,"categoriesProcessed":5}}
{"timestamp":"2025-07-19T04:00:00.975Z","type":"odds","status":"success","message":"Medium-priority odds update completed (1hour interval)","priority":"medium","leagues":["MLS","K리그","J리그","세리에 A"],"dynamicPriority":"low","oddsUpdated":0,"oddsDetail":{"totalUpdated":0,"newOdds":0,"existingOddsUpdated":0,"skippedOdds":0,"apiCalls":0,"categoriesProcessed":4}}
{"timestamp":"2025-07-19T04:00:04.688Z","type":"epl","status":"success","message":"EPL 프리미어리그 데이터 업데이트 완료"}
{"timestamp":"2025-07-19T04:00:24.367Z","type":"bets","status":"start","message":"Starting bet results update after game results"}
{"timestamp":"2025-07-19T04:00:24.401Z","type":"results","status":"success","message":"Game results and bet results update completed","gameResultsUpdated":89,"gameResultsDetail":{"totalUpdated":89,"newGames":0,"existingGamesUpdated":89,"skippedGames":0,"categoriesProcessed":11},"betResultsUpdated":0,"categories":["NBA","MLB","KBO","NFL","프리미어리그","MLS","K리그","J리그","세리에 A","브라질 세리에 A","아르헨티나 프리메라","중국 슈퍼리그","라리가","분데스리가"]}
{"timestamp":"2025-07-19T04:06:45.098Z","type":"monitor","status":"info","message":"Scheduler status check","isUpdating":false,"lastUpdateTime":"2025-07-19T04:00:24.401Z","activeCategories":["NBA","MLB","KBO","NFL","프리미어리그","MLS","K리그","J리그","세리에 A","브라질 세리에 A","아르헨티나 프리메라","중국 슈퍼리그","라리가","분데스리가"],"uptime":116048.2023695,"apiCallEstimate":"~28 calls per hour","memory":{"used":"38MB","total":"41MB"}}
{"timestamp":"2025-07-19T04:10:00.193Z","type":"results","status":"start","message":"Starting cost-efficient game results update","categories":["NBA","MLB","KBO","NFL","프리미어리그","MLS","K리그","J리그","세리에 A","브라질 세리에 A","아르헨티나 프리메라","중국 슈퍼리그","라리가","분데스리가"]}
{"timestamp":"2025-07-19T04:10:00.199Z","type":"odds","status":"start","message":"Starting high-priority leagues odds update (10min interval)","priority":"high","leagues":["NBA","MLB","KBO","NFL","프리미어리그"]}
{"timestamp":"2025-07-19T04:10:00.202Z","type":"epl","status":"start","message":"EPL 프리미어리그 데이터 강제 업데이트"}
{"timestamp":"2025-07-19T04:10:00.209Z","type":"odds","status":"success","message":"High-priority odds update completed (10min interval)","priority":"medium","leagues":["NBA","MLB","KBO","NFL","프리미어리그"],"dynamicPriority":"low","oddsUpdated":0,"oddsDetail":{"totalUpdated":0,"newOdds":0,"existingOddsUpdated":0,"skippedOdds":0,"apiCalls":0,"categoriesProcessed":5}}
{"timestamp":"2025-07-19T04:10:02.092Z","type":"epl","status":"success","message":"EPL 프리미어리그 데이터 업데이트 완료"}
{"timestamp":"2025-07-19T04:10:41.523Z","type":"bets","status":"start","message":"Starting bet results update after game results"}
{"timestamp":"2025-07-19T04:10:41.562Z","type":"results","status":"success","message":"Game results and bet results update completed","gameResultsUpdated":89,"gameResultsDetail":{"totalUpdated":89,"newGames":0,"existingGamesUpdated":89,"skippedGames":0,"categoriesProcessed":11},"betResultsUpdated":0,"categories":["NBA","MLB","KBO","NFL","프리미어리그","MLS","K리그","J리그","세리에 A","브라질 세리에 A","아르헨티나 프리메라","중국 슈퍼리그","라리가","분데스리가"]}
{"timestamp":"2025-07-19T04:20:00.589Z","type":"results","status":"start","message":"Starting cost-efficient game results update","categories":["NBA","MLB","KBO","NFL","프리미어리그","MLS","K리그","J리그","세리에 A","브라질 세리에 A","아르헨티나 프리메라","중국 슈퍼리그","라리가","분데스리가"]}
{"timestamp":"2025-07-19T04:20:00.595Z","type":"odds","status":"start","message":"Starting high-priority leagues odds update (10min interval)","priority":"high","leagues":["NBA","MLB","KBO","NFL","프리미어리그"]}
{"timestamp":"2025-07-19T04:20:00.597Z","type":"epl","status":"start","message":"EPL 프리미어리그 데이터 강제 업데이트"}
{"timestamp":"2025-07-19T04:20:00.608Z","type":"odds","status":"success","message":"High-priority odds update completed (10min interval)","priority":"medium","leagues":["NBA","MLB","KBO","NFL","프리미어리그"],"dynamicPriority":"low","oddsUpdated":0,"oddsDetail":{"totalUpdated":0,"newOdds":0,"existingOddsUpdated":0,"skippedOdds":0,"apiCalls":0,"categoriesProcessed":5}}
{"timestamp":"2025-07-19T04:20:02.581Z","type":"epl","status":"success","message":"EPL 프리미어리그 데이터 업데이트 완료"}
{"timestamp":"2025-07-19T04:20:47.788Z","type":"bets","status":"start","message":"Starting bet results update after game results"}
{"timestamp":"2025-07-19T04:20:47.828Z","type":"results","status":"success","message":"Game results and bet results update completed","gameResultsUpdated":89,"gameResultsDetail":{"totalUpdated":89,"newGames":0,"existingGamesUpdated":89,"skippedGames":0,"categoriesProcessed":11},"betResultsUpdated":0,"categories":["NBA","MLB","KBO","NFL","프리미어리그","MLS","K리그","J리그","세리에 A","브라질 세리에 A","아르헨티나 프리메라","중국 슈퍼리그","라리가","분데스리가"]}
{"timestamp":"2025-07-19T04:21:45.235Z","type":"monitor","status":"info","message":"Scheduler status check","isUpdating":false,"lastUpdateTime":"2025-07-19T04:20:47.828Z","activeCategories":["NBA","MLB","KBO","NFL","프리미어리그","MLS","K리그","J리그","세리에 A","브라질 세리에 A","아르헨티나 프리메라","중국 슈퍼리그","라리가","분데스리가"],"uptime":116948.205623333,"apiCallEstimate":"~28 calls per hour","memory":{"used":"41MB","total":"45MB"}}
{"timestamp":"2025-07-19T04:30:00.866Z","type":"results","status":"start","message":"Starting cost-efficient game results update","categories":["NBA","MLB","KBO","NFL","프리미어리그","MLS","K리그","J리그","세리에 A","브라질 세리에 A","아르헨티나 프리메라","중국 슈퍼리그","라리가","분데스리가"]}
{"timestamp":"2025-07-19T04:30:00.876Z","type":"odds","status":"start","message":"Starting high-priority leagues odds update (10min interval)","priority":"high","leagues":["NBA","MLB","KBO","NFL","프리미어리그"]}
{"timestamp":"2025-07-19T04:30:00.879Z","type":"epl","status":"start","message":"EPL 프리미어리그 데이터 강제 업데이트"}
{"timestamp":"2025-07-19T04:30:00.892Z","type":"odds","status":"success","message":"High-priority odds update completed (10min interval)","priority":"medium","leagues":["NBA","MLB","KBO","NFL","프리미어리그"],"dynamicPriority":"low","oddsUpdated":0,"oddsDetail":{"totalUpdated":0,"newOdds":0,"existingOddsUpdated":0,"skippedOdds":0,"apiCalls":0,"categoriesProcessed":5}}
{"timestamp":"2025-07-19T04:30:05.934Z","type":"epl","status":"success","message":"EPL 프리미어리그 데이터 업데이트 완료"}
{"timestamp":"2025-07-19T04:30:45.021Z","type":"bets","status":"start","message":"Starting bet results update after game results"}
{"timestamp":"2025-07-19T04:30:45.059Z","type":"results","status":"success","message":"Game results and bet results update completed","gameResultsUpdated":89,"gameResultsDetail":{"totalUpdated":89,"newGames":0,"existingGamesUpdated":89,"skippedGames":0,"categoriesProcessed":11},"betResultsUpdated":0,"categories":["NBA","MLB","KBO","NFL","프리미어리그","MLS","K리그","J리그","세리에 A","브라질 세리에 A","아르헨티나 프리메라","중국 슈퍼리그","라리가","분데스리가"]}
{"timestamp":"2025-07-19T04:36:45.264Z","type":"monitor","status":"info","message":"Scheduler status check","isUpdating":false,"lastUpdateTime":"2025-07-19T04:30:45.059Z","activeCategories":["NBA","MLB","KBO","NFL","프리미어리그","MLS","K리그","J리그","세리에 A","브라질 세리에 A","아르헨티나 프리메라","중국 슈퍼리그","라리가","분데스리가"],"uptime":117848.20816225,"apiCallEstimate":"~28 calls per hour","memory":{"used":"38MB","total":"41MB"}}
{"timestamp":"2025-07-19T04:40:00.132Z","type":"results","status":"start","message":"Starting cost-efficient game results update","categories":["NBA","MLB","KBO","NFL","프리미어리그","MLS","K리그","J리그","세리에 A","브라질 세리에 A","아르헨티나 프리메라","중국 슈퍼리그","라리가","분데스리가"]}
{"timestamp":"2025-07-19T04:40:00.138Z","type":"odds","status":"start","message":"Starting high-priority leagues odds update (10min interval)","priority":"high","leagues":["NBA","MLB","KBO","NFL","프리미어리그"]}
{"timestamp":"2025-07-19T04:40:00.140Z","type":"epl","status":"start","message":"EPL 프리미어리그 데이터 강제 업데이트"}
{"timestamp":"2025-07-19T04:40:00.148Z","type":"odds","status":"success","message":"High-priority odds update completed (10min interval)","priority":"medium","leagues":["NBA","MLB","KBO","NFL","프리미어리그"],"dynamicPriority":"low","oddsUpdated":0,"oddsDetail":{"totalUpdated":0,"newOdds":0,"existingOddsUpdated":0,"skippedOdds":0,"apiCalls":0,"categoriesProcessed":5}}
{"timestamp":"2025-07-19T04:40:02.762Z","type":"epl","status":"success","message":"EPL 프리미어리그 데이터 업데이트 완료"}
