{"timestamp":"2025-06-30T08:06:37.986Z","type":"init","status":"start","message":"Starting initial data caching for active categories","categories":["NBA","MLB","KBO","NFL","MLS","K리그","J리그","세리에 A","브라질 세리에 A","아르헨티나 프리메라","중국 슈퍼리그","라리가","분데스리가"]}
{"timestamp":"2025-06-30T08:06:38.009Z","type":"init","status":"error","message":"Initial data caching failed","error":"gameResultService.fetchAndUpdateResultsForCategories is not a function","categories":["NBA","MLB","KBO","NFL","MLS","K리그","J리그","세리에 A","브라질 세리에 A","아르헨티나 프리메라","중국 슈퍼리그","라리가","분데스리가"]}
{"timestamp":"2025-06-30T08:08:38.014Z","type":"init","status":"start","message":"Retrying initial data caching","isRetry":true}
{"timestamp":"2025-06-30T08:08:38.041Z","type":"init","status":"error","message":"Initial retry failed","error":"gameResultService.fetchAndUpdateResultsForCategories is not a function","isRetry":true}
{"timestamp":"2025-06-30T08:15:03.198Z","type":"init","status":"start","message":"Starting initial data caching for active categories","categories":["NBA","MLB","KBO","NFL","MLS","K리그","J리그","세리에 A","브라질 세리에 A","아르헨티나 프리메라","중국 슈퍼리그","라리가","분데스리가"]}
{"timestamp":"2025-06-30T08:15:03.230Z","type":"init","status":"error","message":"Initial data caching failed","error":"gameResultService.fetchAndUpdateResultsForCategories is not a function","categories":["NBA","MLB","KBO","NFL","MLS","K리그","J리그","세리에 A","브라질 세리에 A","아르헨티나 프리메라","중국 슈퍼리그","라리가","분데스리가"]}
{"timestamp":"2025-06-30T08:16:38.865Z","type":"init","status":"start","message":"Starting initial data caching for active categories","categories":["NBA","MLB","KBO","NFL","MLS","K리그","J리그","세리에 A","브라질 세리에 A","아르헨티나 프리메라","중국 슈퍼리그","라리가","분데스리가"]}
{"timestamp":"2025-06-30T08:16:38.906Z","type":"init","status":"error","message":"Initial data caching failed","error":"gameResultService.fetchAndUpdateResultsForCategories is not a function","categories":["NBA","MLB","KBO","NFL","MLS","K리그","J리그","세리에 A","브라질 세리에 A","아르헨티나 프리메라","중국 슈퍼리그","라리가","분데스리가"]}
{"timestamp":"2025-06-30T08:19:38.152Z","type":"init","status":"start","message":"Starting initial data caching for active categories","categories":["NBA","MLB","KBO","NFL","MLS","K리그","J리그","세리에 A","브라질 세리에 A","아르헨티나 프리메라","중국 슈퍼리그","라리가","분데스리가"]}
{"timestamp":"2025-06-30T08:19:38.170Z","type":"init","status":"error","message":"Initial data caching failed","error":"gameResultService.fetchAndUpdateResultsForCategories is not a function","categories":["NBA","MLB","KBO","NFL","MLS","K리그","J리그","세리에 A","브라질 세리에 A","아르헨티나 프리메라","중국 슈퍼리그","라리가","분데스리가"]}
{"timestamp":"2025-06-30T08:20:42.274Z","type":"init","status":"start","message":"Starting initial data caching for active categories","categories":["NBA","MLB","KBO","NFL","MLS","K리그","J리그","세리에 A","브라질 세리에 A","아르헨티나 프리메라","중국 슈퍼리그","라리가","분데스리가"]}
{"timestamp":"2025-06-30T08:20:42.297Z","type":"init","status":"error","message":"Initial data caching failed","error":"gameResultService.fetchAndUpdateResultsForCategories is not a function","categories":["NBA","MLB","KBO","NFL","MLS","K리그","J리그","세리에 A","브라질 세리에 A","아르헨티나 프리메라","중국 슈퍼리그","라리가","분데스리가"]}
{"timestamp":"2025-06-30T08:21:11.071Z","type":"init","status":"start","message":"Starting initial data caching for active categories","categories":["NBA","MLB","KBO","NFL","MLS","K리그","J리그","세리에 A","브라질 세리에 A","아르헨티나 프리메라","중국 슈퍼리그","라리가","분데스리가"]}
{"timestamp":"2025-06-30T08:21:11.089Z","type":"init","status":"error","message":"Initial data caching failed","error":"gameResultService.fetchAndUpdateResultsForCategories is not a function","categories":["NBA","MLB","KBO","NFL","MLS","K리그","J리그","세리에 A","브라질 세리에 A","아르헨티나 프리메라","중국 슈퍼리그","라리가","분데스리가"]}
{"timestamp":"2025-06-30T08:23:11.090Z","type":"init","status":"start","message":"Retrying initial data caching","isRetry":true}
{"timestamp":"2025-06-30T08:23:11.103Z","type":"init","status":"error","message":"Initial retry failed","error":"gameResultService.fetchAndUpdateResultsForCategories is not a function","isRetry":true}
{"timestamp":"2025-06-30T08:29:54.220Z","type":"init","status":"start","message":"Starting initial data caching for active categories","categories":["NBA","MLB","KBO","NFL","MLS","K리그","J리그","세리에 A","브라질 세리에 A","아르헨티나 프리메라","중국 슈퍼리그","라리가","분데스리가"]}
{"timestamp":"2025-06-30T08:29:54.244Z","type":"init","status":"error","message":"Initial data caching failed","error":"gameResultService.fetchAndUpdateResultsForCategories is not a function","categories":["NBA","MLB","KBO","NFL","MLS","K리그","J리그","세리에 A","브라질 세리에 A","아르헨티나 프리메라","중국 슈퍼리그","라리가","분데스리가"]}
{"timestamp":"2025-06-30T08:30:00.250Z","type":"bets","status":"start","message":"Starting scheduled bet results update"}
{"timestamp":"2025-06-30T08:30:00.690Z","type":"bets","status":"success","message":"Scheduled bet results update completed","updatedCount":0,"pendingCount":0}
{"timestamp":"2025-06-30T08:31:54.252Z","type":"init","status":"start","message":"Retrying initial data caching","isRetry":true}
{"timestamp":"2025-06-30T08:31:54.286Z","type":"init","status":"error","message":"Initial retry failed","error":"gameResultService.fetchAndUpdateResultsForCategories is not a function","isRetry":true}
{"timestamp":"2025-06-30T08:33:17.647Z","type":"init","status":"start","message":"Starting initial data caching for active categories","categories":["NBA","MLB","KBO","NFL","MLS","K리그","J리그","세리에 A","브라질 세리에 A","아르헨티나 프리메라","중국 슈퍼리그","라리가","분데스리가"]}
{"timestamp":"2025-06-30T08:33:17.672Z","type":"init","status":"error","message":"Initial data caching failed","error":"gameResultService.fetchAndUpdateResultsForCategories is not a function","categories":["NBA","MLB","KBO","NFL","MLS","K리그","J리그","세리에 A","브라질 세리에 A","아르헨티나 프리메라","중국 슈퍼리그","라리가","분데스리가"]}
{"timestamp":"2025-06-30T08:35:17.683Z","type":"init","status":"start","message":"Retrying initial data caching","isRetry":true}
{"timestamp":"2025-06-30T08:35:17.731Z","type":"init","status":"error","message":"Initial retry failed","error":"gameResultService.fetchAndUpdateResultsForCategories is not a function","isRetry":true}
{"timestamp":"2025-06-30T08:45:33.178Z","type":"init","status":"start","message":"Starting initial data caching for active categories","categories":["NBA","MLB","KBO","NFL","MLS","K리그","J리그","세리에 A","브라질 세리에 A","아르헨티나 프리메라","중국 슈퍼리그","라리가","분데스리가"]}
{"timestamp":"2025-06-30T08:45:38.818Z","type":"init","status":"success","message":"Initial data cached successfully for active categories","categories":["NBA","MLB","KBO","NFL","MLS","K리그","J리그","세리에 A","브라질 세리에 A","아르헨티나 프리메라","중국 슈퍼리그","라리가","분데스리가"],"oddsUpdated":"Active categories only","resultsUpdated":"N/A","betsUpdated":0}
{"timestamp":"2025-06-30T08:49:16.370Z","type":"init","status":"start","message":"Starting initial data caching for active categories","categories":["NBA","MLB","KBO","NFL","MLS","K리그","J리그","세리에 A","브라질 세리에 A","아르헨티나 프리메라","중국 슈퍼리그","라리가","분데스리가"]}
{"timestamp":"2025-06-30T08:49:21.103Z","type":"init","status":"success","message":"Initial data cached successfully for active categories","categories":["NBA","MLB","KBO","NFL","MLS","K리그","J리그","세리에 A","브라질 세리에 A","아르헨티나 프리메라","중국 슈퍼리그","라리가","분데스리가"],"oddsUpdated":"Active categories only","resultsUpdated":"N/A","betsUpdated":1}
{"timestamp":"2025-06-30T08:59:56.952Z","type":"init","status":"start","message":"Starting initial data caching for active categories","categories":["NBA","MLB","KBO","NFL","MLS","K리그","J리그","세리에 A","브라질 세리에 A","아르헨티나 프리메라","중국 슈퍼리그","라리가","분데스리가"]}
{"timestamp":"2025-06-30T09:00:00.956Z","type":"results","status":"start","message":"Starting cost-efficient game results update","categories":["NBA","MLB","KBO","NFL","MLS","K리그","J리그","세리에 A","브라질 세리에 A","아르헨티나 프리메라","중국 슈퍼리그","라리가","분데스리가"]}
{"timestamp":"2025-06-30T09:00:00.960Z","type":"odds","status":"start","message":"Starting high-priority leagues odds update","priority":"high","leagues":["NBA","MLB","KBO","NFL"]}
{"timestamp":"2025-06-30T09:00:00.963Z","type":"odds","status":"start","message":"Starting medium-priority leagues odds update","priority":"medium","leagues":["MLS","K리그","J리그","세리에 A"]}
{"timestamp":"2025-06-30T09:00:01.544Z","type":"init","status":"success","message":"Initial data cached successfully for active categories","categories":["NBA","MLB","KBO","NFL","MLS","K리그","J리그","세리에 A","브라질 세리에 A","아르헨티나 프리메라","중국 슈퍼리그","라리가","분데스리가"],"oddsUpdated":"Active categories only","resultsUpdated":"N/A","betsUpdated":0}
{"timestamp":"2025-06-30T09:00:02.365Z","type":"odds","status":"success","message":"Medium-priority odds update completed","priority":"medium","leagues":["MLS","K리그","J리그","세리에 A"],"dynamicPriority":"low"}
{"timestamp":"2025-06-30T09:00:02.831Z","type":"odds","status":"success","message":"High-priority odds update completed","priority":"medium","leagues":["NBA","MLB","KBO","NFL"],"dynamicPriority":"low"}
{"timestamp":"2025-06-30T09:00:07.265Z","type":"bets","status":"start","message":"Starting bet results update after game results"}
{"timestamp":"2025-06-30T09:00:07.296Z","type":"results","status":"success","message":"Game results and bet results update completed","gameResultsUpdated":"N/A","betResultsUpdated":0,"categories":["NBA","MLB","KBO","NFL","MLS","K리그","J리그","세리에 A","브라질 세리에 A","아르헨티나 프리메라","중국 슈퍼리그","라리가","분데스리가"]}
{"timestamp":"2025-06-30T09:11:06.526Z","type":"init","status":"start","message":"Starting initial data caching for active categories","categories":["NBA","MLB","KBO","NFL","MLS","K리그","J리그","세리에 A","브라질 세리에 A","아르헨티나 프리메라","중국 슈퍼리그","라리가","분데스리가"]}
{"timestamp":"2025-06-30T09:11:11.522Z","type":"init","status":"success","message":"Initial data cached successfully for active categories","categories":["NBA","MLB","KBO","NFL","MLS","K리그","J리그","세리에 A","브라질 세리에 A","아르헨티나 프리메라","중국 슈퍼리그","라리가","분데스리가"],"oddsUpdated":"Active categories only","resultsUpdated":"N/A","betsUpdated":0}
{"timestamp":"2025-06-30T09:26:06.539Z","type":"monitor","status":"info","message":"Scheduler status check","isUpdating":false,"lastUpdateTime":"2025-06-30T09:11:11.522Z","activeCategories":["NBA","MLB","KBO","NFL","MLS","K리그","J리그","세리에 A","브라질 세리에 A","아르헨티나 프리메라","중국 슈퍼리그","라리가","분데스리가"],"uptime":900.333193542,"apiCallEstimate":"~26 calls per hour","memory":{"used":"28MB","total":"36MB"}}
{"timestamp":"2025-06-30T09:30:00.401Z","type":"bets","status":"start","message":"Starting scheduled bet results update"}
{"timestamp":"2025-06-30T09:30:00.445Z","type":"bets","status":"success","message":"Scheduled bet results update completed","updatedCount":0,"pendingCount":0}
{"timestamp":"2025-06-30T09:41:06.536Z","type":"monitor","status":"info","message":"Scheduler status check","isUpdating":false,"lastUpdateTime":"2025-06-30T09:11:11.522Z","activeCategories":["NBA","MLB","KBO","NFL","MLS","K리그","J리그","세리에 A","브라질 세리에 A","아르헨티나 프리메라","중국 슈퍼리그","라리가","분데스리가"],"uptime":1800.3325505,"apiCallEstimate":"~26 calls per hour","memory":{"used":"24MB","total":"33MB"}}
{"timestamp":"2025-06-30T09:56:06.539Z","type":"monitor","status":"info","message":"Scheduler status check","isUpdating":false,"lastUpdateTime":"2025-06-30T09:11:11.522Z","activeCategories":["NBA","MLB","KBO","NFL","MLS","K리그","J리그","세리에 A","브라질 세리에 A","아르헨티나 프리메라","중국 슈퍼리그","라리가","분데스리가"],"uptime":2700.338466167,"apiCallEstimate":"~26 calls per hour","memory":{"used":"29MB","total":"34MB"}}
{"timestamp":"2025-06-30T10:11:06.537Z","type":"monitor","status":"info","message":"Scheduler status check","isUpdating":false,"lastUpdateTime":"2025-06-30T09:11:11.522Z","activeCategories":["NBA","MLB","KBO","NFL","MLS","K리그","J리그","세리에 A","브라질 세리에 A","아르헨티나 프리메라","중국 슈퍼리그","라리가","분데스리가"],"uptime":3600.341768834,"apiCallEstimate":"~26 calls per hour","memory":{"used":"26MB","total":"33MB"}}
{"timestamp":"2025-06-30T10:26:06.563Z","type":"monitor","status":"info","message":"Scheduler status check","isUpdating":false,"lastUpdateTime":"2025-06-30T09:11:11.522Z","activeCategories":["NBA","MLB","KBO","NFL","MLS","K리그","J리그","세리에 A","브라질 세리에 A","아르헨티나 프리메라","중국 슈퍼리그","라리가","분데스리가"],"uptime":4500.349514875,"apiCallEstimate":"~26 calls per hour","memory":{"used":"23MB","total":"34MB"}}
{"timestamp":"2025-06-30T10:30:00.722Z","type":"bets","status":"start","message":"Starting scheduled bet results update"}
{"timestamp":"2025-06-30T10:30:00.759Z","type":"bets","status":"success","message":"Scheduled bet results update completed","updatedCount":0,"pendingCount":0}
{"timestamp":"2025-06-30T10:35:38.978Z","type":"init","status":"start","message":"Starting initial data caching for active categories","categories":["NBA","MLB","KBO","NFL","MLS","K리그","J리그","세리에 A","브라질 세리에 A","아르헨티나 프리메라","중국 슈퍼리그","라리가","분데스리가"]}
{"timestamp":"2025-06-30T10:35:44.248Z","type":"init","status":"success","message":"Initial data cached successfully for active categories","categories":["NBA","MLB","KBO","NFL","MLS","K리그","J리그","세리에 A","브라질 세리에 A","아르헨티나 프리메라","중국 슈퍼리그","라리가","분데스리가"],"oddsUpdated":"Active categories only","resultsUpdated":"N/A","betsUpdated":3}
{"timestamp":"2025-06-30T10:50:43.156Z","type":"monitor","status":"info","message":"Scheduler status check","isUpdating":false,"lastUpdateTime":"2025-06-30T10:35:44.248Z","activeCategories":["NBA","MLB","KBO","NFL","MLS","K리그","J리그","세리에 A","브라질 세리에 A","아르헨티나 프리메라","중국 슈퍼리그","라리가","분데스리가"],"uptime":900.361529375,"apiCallEstimate":"~26 calls per hour","memory":{"used":"31MB","total":"34MB"}}
{"timestamp":"2025-06-30T10:53:40.206Z","type":"init","status":"start","message":"Starting initial data caching for active categories","categories":["NBA","MLB","KBO","NFL","MLS","K리그","J리그","세리에 A","브라질 세리에 A","아르헨티나 프리메라","중국 슈퍼리그","라리가","분데스리가"]}
{"timestamp":"2025-06-30T10:53:45.595Z","type":"init","status":"success","message":"Initial data cached successfully for active categories","categories":["NBA","MLB","KBO","NFL","MLS","K리그","J리그","세리에 A","브라질 세리에 A","아르헨티나 프리메라","중국 슈퍼리그","라리가","분데스리가"],"oddsUpdated":"Active categories only","resultsUpdated":"N/A","betsUpdated":0}
{"timestamp":"2025-06-30T10:57:08.305Z","type":"init","status":"start","message":"Starting initial data caching for active categories","categories":["NBA","MLB","KBO","NFL","MLS","K리그","J리그","세리에 A","브라질 세리에 A","아르헨티나 프리메라","중국 슈퍼리그","라리가","분데스리가"]}
{"timestamp":"2025-06-30T10:57:13.672Z","type":"init","status":"success","message":"Initial data cached successfully for active categories","categories":["NBA","MLB","KBO","NFL","MLS","K리그","J리그","세리에 A","브라질 세리에 A","아르헨티나 프리메라","중국 슈퍼리그","라리가","분데스리가"],"oddsUpdated":"Active categories only","resultsUpdated":"N/A","betsUpdated":0}
{"timestamp":"2025-06-30T11:00:00.601Z","type":"results","status":"start","message":"Starting cost-efficient game results update","categories":["NBA","MLB","KBO","NFL","MLS","K리그","J리그","세리에 A","브라질 세리에 A","아르헨티나 프리메라","중국 슈퍼리그","라리가","분데스리가"]}
{"timestamp":"2025-06-30T11:00:05.931Z","type":"bets","status":"start","message":"Starting bet results update after game results"}
{"timestamp":"2025-06-30T11:00:05.979Z","type":"results","status":"success","message":"Game results and bet results update completed","gameResultsUpdated":"N/A","betResultsUpdated":0,"categories":["NBA","MLB","KBO","NFL","MLS","K리그","J리그","세리에 A","브라질 세리에 A","아르헨티나 프리메라","중국 슈퍼리그","라리가","분데스리가"]}
{"timestamp":"2025-06-30T11:01:29.583Z","type":"init","status":"start","message":"Starting initial data caching for active categories","categories":["NBA","MLB","KBO","NFL","MLS","K리그","J리그","세리에 A","브라질 세리에 A","아르헨티나 프리메라","중국 슈퍼리그","라리가","분데스리가"]}
{"timestamp":"2025-06-30T11:01:34.987Z","type":"init","status":"success","message":"Initial data cached successfully for active categories","categories":["NBA","MLB","KBO","NFL","MLS","K리그","J리그","세리에 A","브라질 세리에 A","아르헨티나 프리메라","중국 슈퍼리그","라리가","분데스리가"],"oddsUpdated":"Active categories only","resultsUpdated":"N/A","betsUpdated":0}
{"timestamp":"2025-06-30T11:11:33.201Z","type":"init","status":"start","message":"Starting initial data caching for active categories","categories":["NBA","MLB","KBO","NFL","MLS","K리그","J리그","세리에 A","브라질 세리에 A","아르헨티나 프리메라","중국 슈퍼리그","라리가","분데스리가"]}
{"timestamp":"2025-06-30T11:11:38.001Z","type":"init","status":"success","message":"Initial data cached successfully for active categories","categories":["NBA","MLB","KBO","NFL","MLS","K리그","J리그","세리에 A","브라질 세리에 A","아르헨티나 프리메라","중국 슈퍼리그","라리가","분데스리가"],"oddsUpdated":"Active categories only","resultsUpdated":"N/A","betsUpdated":2}
{"timestamp":"2025-06-30T11:26:33.299Z","type":"monitor","status":"info","message":"Scheduler status check","isUpdating":false,"lastUpdateTime":"2025-06-30T11:11:38.001Z","activeCategories":["NBA","MLB","KBO","NFL","MLS","K리그","J리그","세리에 A","브라질 세리에 A","아르헨티나 프리메라","중국 슈퍼리그","라리가","분데스리가"],"uptime":900.341016,"apiCallEstimate":"~26 calls per hour","memory":{"used":"27MB","total":"28MB"}}
{"timestamp":"2025-06-30T11:30:00.960Z","type":"bets","status":"start","message":"Starting scheduled bet results update"}
{"timestamp":"2025-06-30T11:30:01.472Z","type":"bets","status":"success","message":"Scheduled bet results update completed","updatedCount":0,"pendingCount":0}
{"timestamp":"2025-06-30T11:34:51.943Z","type":"init","status":"start","message":"Starting initial data caching for active categories","categories":["NBA","MLB","KBO","NFL","MLS","K리그","J리그","세리에 A","브라질 세리에 A","아르헨티나 프리메라","중국 슈퍼리그","라리가","분데스리가"]}
{"timestamp":"2025-06-30T11:34:57.378Z","type":"init","status":"success","message":"Initial data cached successfully for active categories","categories":["NBA","MLB","KBO","NFL","MLS","K리그","J리그","세리에 A","브라질 세리에 A","아르헨티나 프리메라","중국 슈퍼리그","라리가","분데스리가"],"oddsUpdated":"Active categories only","resultsUpdated":"N/A","betsUpdated":0}
{"timestamp":"2025-06-30T11:49:51.986Z","type":"monitor","status":"info","message":"Scheduler status check","isUpdating":false,"lastUpdateTime":"2025-06-30T11:34:57.378Z","activeCategories":["NBA","MLB","KBO","NFL","MLS","K리그","J리그","세리에 A","브라질 세리에 A","아르헨티나 프리메라","중국 슈퍼리그","라리가","분데스리가"],"uptime":900.338644666,"apiCallEstimate":"~26 calls per hour","memory":{"used":"27MB","total":"28MB"}}
{"timestamp":"2025-06-30T12:00:00.029Z","type":"odds","status":"start","message":"Starting high-priority leagues odds update","priority":"high","leagues":["NBA","MLB","KBO","NFL"]}
{"timestamp":"2025-06-30T12:00:01.979Z","type":"odds","status":"success","message":"High-priority odds update completed","priority":"medium","leagues":["NBA","MLB","KBO","NFL"],"dynamicPriority":"low"}
{"timestamp":"2025-06-30T12:04:51.999Z","type":"monitor","status":"info","message":"Scheduler status check","isUpdating":false,"lastUpdateTime":"2025-06-30T11:34:57.378Z","activeCategories":["NBA","MLB","KBO","NFL","MLS","K리그","J리그","세리에 A","브라질 세리에 A","아르헨티나 프리메라","중국 슈퍼리그","라리가","분데스리가"],"uptime":1800.3331025,"apiCallEstimate":"~26 calls per hour","memory":{"used":"29MB","total":"30MB"}}
