{"timestamp":"2025-07-02T00:00:00.118Z","type":"odds","status":"start","message":"Starting high-priority leagues odds update","priority":"high","leagues":["NBA","MLB","KBO","NFL"]}
{"timestamp":"2025-07-02T00:00:00.931Z","type":"odds","status":"success","message":"High-priority odds update completed","priority":"medium","leagues":["NBA","MLB","KBO","NFL"],"dynamicPriority":"low"}
{"timestamp":"2025-07-02T00:10:54.443Z","type":"monitor","status":"info","message":"Scheduler status check","isUpdating":false,"lastUpdateTime":"2025-07-01T23:00:08.338Z","activeCategories":["NBA","MLB","KBO","NFL","MLS","K리그","J리그","세리에 A","브라질 세리에 A","아르헨티나 프리메라","중국 슈퍼리그","라리가","분데스리가"],"uptime":50401.254557667,"apiCallEstimate":"~26 calls per hour","memory":{"used":"23MB","total":"32MB"}}
{"timestamp":"2025-07-02T00:25:54.443Z","type":"monitor","status":"info","message":"Scheduler status check","isUpdating":false,"lastUpdateTime":"2025-07-01T23:00:08.338Z","activeCategories":["NBA","MLB","KBO","NFL","MLS","K리그","J리그","세리에 A","브라질 세리에 A","아르헨티나 프리메라","중국 슈퍼리그","라리가","분데스리가"],"uptime":51301.25765075,"apiCallEstimate":"~26 calls per hour","memory":{"used":"27MB","total":"32MB"}}
{"timestamp":"2025-07-02T00:30:00.910Z","type":"bets","status":"start","message":"Starting scheduled bet results update"}
{"timestamp":"2025-07-02T00:30:01.011Z","type":"bets","status":"success","message":"Scheduled bet results update completed","updatedCount":0,"pendingCount":0}
{"timestamp":"2025-07-02T00:40:54.409Z","type":"monitor","status":"info","message":"Scheduler status check","isUpdating":false,"lastUpdateTime":"2025-07-01T23:00:08.338Z","activeCategories":["NBA","MLB","KBO","NFL","MLS","K리그","J리그","세리에 A","브라질 세리에 A","아르헨티나 프리메라","중국 슈퍼리그","라리가","분데스리가"],"uptime":52201.261023167,"apiCallEstimate":"~26 calls per hour","memory":{"used":"24MB","total":"31MB"}}
{"timestamp":"2025-07-02T00:55:54.425Z","type":"monitor","status":"info","message":"Scheduler status check","isUpdating":false,"lastUpdateTime":"2025-07-01T23:00:08.338Z","activeCategories":["NBA","MLB","KBO","NFL","MLS","K리그","J리그","세리에 A","브라질 세리에 A","아르헨티나 프리메라","중국 슈퍼리그","라리가","분데스리가"],"uptime":53101.261450292,"apiCallEstimate":"~26 calls per hour","memory":{"used":"28MB","total":"31MB"}}
{"timestamp":"2025-07-02T01:00:00.744Z","type":"results","status":"start","message":"Starting cost-efficient game results update","categories":["NBA","MLB","KBO","NFL","MLS","K리그","J리그","세리에 A","브라질 세리에 A","아르헨티나 프리메라","중국 슈퍼리그","라리가","분데스리가"]}
{"timestamp":"2025-07-02T01:00:08.138Z","type":"bets","status":"start","message":"Starting bet results update after game results"}
{"timestamp":"2025-07-02T01:00:08.165Z","type":"results","status":"success","message":"Game results and bet results update completed","gameResultsUpdated":"N/A","betResultsUpdated":0,"categories":["NBA","MLB","KBO","NFL","MLS","K리그","J리그","세리에 A","브라질 세리에 A","아르헨티나 프리메라","중국 슈퍼리그","라리가","분데스리가"]}
{"timestamp":"2025-07-02T01:10:54.435Z","type":"monitor","status":"info","message":"Scheduler status check","isUpdating":false,"lastUpdateTime":"2025-07-02T01:00:08.165Z","activeCategories":["NBA","MLB","KBO","NFL","MLS","K리그","J리그","세리에 A","브라질 세리에 A","아르헨티나 프리메라","중국 슈퍼리그","라리가","분데스리가"],"uptime":54001.261864667,"apiCallEstimate":"~26 calls per hour","memory":{"used":"27MB","total":"32MB"}}
{"timestamp":"2025-07-02T01:25:54.437Z","type":"monitor","status":"info","message":"Scheduler status check","isUpdating":false,"lastUpdateTime":"2025-07-02T01:00:08.165Z","activeCategories":["NBA","MLB","KBO","NFL","MLS","K리그","J리그","세리에 A","브라질 세리에 A","아르헨티나 프리메라","중국 슈퍼리그","라리가","분데스리가"],"uptime":54901.26554475,"apiCallEstimate":"~26 calls per hour","memory":{"used":"31MB","total":"34MB"}}
{"timestamp":"2025-07-02T01:30:00.433Z","type":"bets","status":"start","message":"Starting scheduled bet results update"}
{"timestamp":"2025-07-02T01:30:00.535Z","type":"bets","status":"success","message":"Scheduled bet results update completed","updatedCount":0,"pendingCount":0}
{"timestamp":"2025-07-02T01:40:54.357Z","type":"monitor","status":"info","message":"Scheduler status check","isUpdating":false,"lastUpdateTime":"2025-07-02T01:00:08.165Z","activeCategories":["NBA","MLB","KBO","NFL","MLS","K리그","J리그","세리에 A","브라질 세리에 A","아르헨티나 프리메라","중국 슈퍼리그","라리가","분데스리가"],"uptime":55801.267075709,"apiCallEstimate":"~26 calls per hour","memory":{"used":"27MB","total":"33MB"}}
{"timestamp":"2025-07-02T01:55:54.371Z","type":"monitor","status":"info","message":"Scheduler status check","isUpdating":false,"lastUpdateTime":"2025-07-02T01:00:08.165Z","activeCategories":["NBA","MLB","KBO","NFL","MLS","K리그","J리그","세리에 A","브라질 세리에 A","아르헨티나 프리메라","중국 슈퍼리그","라리가","분데스리가"],"uptime":56701.268857959,"apiCallEstimate":"~26 calls per hour","memory":{"used":"23MB","total":"32MB"}}
{"timestamp":"2025-07-02T02:10:54.357Z","type":"monitor","status":"info","message":"Scheduler status check","isUpdating":false,"lastUpdateTime":"2025-07-02T01:00:08.165Z","activeCategories":["NBA","MLB","KBO","NFL","MLS","K리그","J리그","세리에 A","브라질 세리에 A","아르헨티나 프리메라","중국 슈퍼리그","라리가","분데스리가"],"uptime":57601.268653875,"apiCallEstimate":"~26 calls per hour","memory":{"used":"26MB","total":"32MB"}}
{"timestamp":"2025-07-02T02:25:54.351Z","type":"monitor","status":"info","message":"Scheduler status check","isUpdating":false,"lastUpdateTime":"2025-07-02T01:00:08.165Z","activeCategories":["NBA","MLB","KBO","NFL","MLS","K리그","J리그","세리에 A","브라질 세리에 A","아르헨티나 프리메라","중국 슈퍼리그","라리가","분데스리가"],"uptime":58501.274165209,"apiCallEstimate":"~26 calls per hour","memory":{"used":"23MB","total":"32MB"}}
{"timestamp":"2025-07-02T02:30:00.768Z","type":"bets","status":"start","message":"Starting scheduled bet results update"}
{"timestamp":"2025-07-02T02:30:00.887Z","type":"bets","status":"success","message":"Scheduled bet results update completed","updatedCount":0,"pendingCount":0}
{"timestamp":"2025-07-02T02:40:54.198Z","type":"monitor","status":"info","message":"Scheduler status check","isUpdating":false,"lastUpdateTime":"2025-07-02T01:00:08.165Z","activeCategories":["NBA","MLB","KBO","NFL","MLS","K리그","J리그","세리에 A","브라질 세리에 A","아르헨티나 프리메라","중국 슈퍼리그","라리가","분데스리가"],"uptime":59401.275606834,"apiCallEstimate":"~26 calls per hour","memory":{"used":"28MB","total":"32MB"}}
{"timestamp":"2025-07-02T02:55:54.270Z","type":"monitor","status":"info","message":"Scheduler status check","isUpdating":false,"lastUpdateTime":"2025-07-02T01:00:08.165Z","activeCategories":["NBA","MLB","KBO","NFL","MLS","K리그","J리그","세리에 A","브라질 세리에 A","아르헨티나 프리메라","중국 슈퍼리그","라리가","분데스리가"],"uptime":60301.276926917,"apiCallEstimate":"~26 calls per hour","memory":{"used":"24MB","total":"33MB"}}
{"timestamp":"2025-07-02T03:00:00.539Z","type":"results","status":"start","message":"Starting cost-efficient game results update","categories":["NBA","MLB","KBO","NFL","MLS","K리그","J리그","세리에 A","브라질 세리에 A","아르헨티나 프리메라","중국 슈퍼리그","라리가","분데스리가"]}
{"timestamp":"2025-07-02T03:00:00.577Z","type":"odds","status":"start","message":"Starting high-priority leagues odds update","priority":"high","leagues":["NBA","MLB","KBO","NFL"]}
{"timestamp":"2025-07-02T03:00:00.593Z","type":"odds","status":"start","message":"Starting medium-priority leagues odds update","priority":"medium","leagues":["MLS","K리그","J리그","세리에 A"]}
{"timestamp":"2025-07-02T03:00:00.596Z","type":"odds","status":"start","message":"Starting low-priority leagues odds update","priority":"low","leagues":["브라질 세리에 A","아르헨티나 프리메라","중국 슈퍼리그","라리가","분데스리가"]}
{"timestamp":"2025-07-02T03:00:00.640Z","type":"odds","status":"success","message":"Medium-priority odds update completed","priority":"medium","leagues":["MLS","K리그","J리그","세리에 A"],"dynamicPriority":"low"}
{"timestamp":"2025-07-02T03:00:00.641Z","type":"odds","status":"success","message":"Low-priority odds update completed","priority":"low","leagues":["브라질 세리에 A","아르헨티나 프리메라","중국 슈퍼리그","라리가","분데스리가"],"dynamicPriority":"low"}
{"timestamp":"2025-07-02T03:00:00.641Z","type":"odds","status":"success","message":"High-priority odds update completed","priority":"medium","leagues":["NBA","MLB","KBO","NFL"],"dynamicPriority":"low"}
{"timestamp":"2025-07-02T03:00:07.425Z","type":"bets","status":"start","message":"Starting bet results update after game results"}
{"timestamp":"2025-07-02T03:00:07.461Z","type":"results","status":"success","message":"Game results and bet results update completed","gameResultsUpdated":"N/A","betResultsUpdated":0,"categories":["NBA","MLB","KBO","NFL","MLS","K리그","J리그","세리에 A","브라질 세리에 A","아르헨티나 프리메라","중국 슈퍼리그","라리가","분데스리가"]}
{"timestamp":"2025-07-02T03:10:54.356Z","type":"monitor","status":"info","message":"Scheduler status check","isUpdating":false,"lastUpdateTime":"2025-07-02T03:00:07.461Z","activeCategories":["NBA","MLB","KBO","NFL","MLS","K리그","J리그","세리에 A","브라질 세리에 A","아르헨티나 프리메라","중국 슈퍼리그","라리가","분데스리가"],"uptime":61201.277361542,"apiCallEstimate":"~26 calls per hour","memory":{"used":"23MB","total":"32MB"}}
{"timestamp":"2025-07-02T03:25:54.361Z","type":"monitor","status":"info","message":"Scheduler status check","isUpdating":false,"lastUpdateTime":"2025-07-02T03:00:07.461Z","activeCategories":["NBA","MLB","KBO","NFL","MLS","K리그","J리그","세리에 A","브라질 세리에 A","아르헨티나 프리메라","중국 슈퍼리그","라리가","분데스리가"],"uptime":62101.281265875,"apiCallEstimate":"~26 calls per hour","memory":{"used":"26MB","total":"32MB"}}
{"timestamp":"2025-07-02T03:30:00.415Z","type":"bets","status":"start","message":"Starting scheduled bet results update"}
{"timestamp":"2025-07-02T03:30:00.510Z","type":"bets","status":"success","message":"Scheduled bet results update completed","updatedCount":0,"pendingCount":0}
{"timestamp":"2025-07-02T03:40:54.411Z","type":"monitor","status":"info","message":"Scheduler status check","isUpdating":false,"lastUpdateTime":"2025-07-02T03:00:07.461Z","activeCategories":["NBA","MLB","KBO","NFL","MLS","K리그","J리그","세리에 A","브라질 세리에 A","아르헨티나 프리메라","중국 슈퍼리그","라리가","분데스리가"],"uptime":63001.284006167,"apiCallEstimate":"~26 calls per hour","memory":{"used":"24MB","total":"32MB"}}
{"timestamp":"2025-07-02T03:55:54.428Z","type":"monitor","status":"info","message":"Scheduler status check","isUpdating":false,"lastUpdateTime":"2025-07-02T03:00:07.461Z","activeCategories":["NBA","MLB","KBO","NFL","MLS","K리그","J리그","세리에 A","브라질 세리에 A","아르헨티나 프리메라","중국 슈퍼리그","라리가","분데스리가"],"uptime":63901.287669334,"apiCallEstimate":"~26 calls per hour","memory":{"used":"28MB","total":"32MB"}}
{"timestamp":"2025-07-02T04:10:54.398Z","type":"monitor","status":"info","message":"Scheduler status check","isUpdating":false,"lastUpdateTime":"2025-07-02T03:00:07.461Z","activeCategories":["NBA","MLB","KBO","NFL","MLS","K리그","J리그","세리에 A","브라질 세리에 A","아르헨티나 프리메라","중국 슈퍼리그","라리가","분데스리가"],"uptime":64801.287049042,"apiCallEstimate":"~26 calls per hour","memory":{"used":"24MB","total":"33MB"}}
{"timestamp":"2025-07-02T04:25:54.399Z","type":"monitor","status":"info","message":"Scheduler status check","isUpdating":false,"lastUpdateTime":"2025-07-02T03:00:07.461Z","activeCategories":["NBA","MLB","KBO","NFL","MLS","K리그","J리그","세리에 A","브라질 세리에 A","아르헨티나 프리메라","중국 슈퍼리그","라리가","분데스리가"],"uptime":65701.288861334,"apiCallEstimate":"~26 calls per hour","memory":{"used":"28MB","total":"33MB"}}
{"timestamp":"2025-07-02T04:30:00.906Z","type":"bets","status":"start","message":"Starting scheduled bet results update"}
{"timestamp":"2025-07-02T04:30:01.059Z","type":"bets","status":"success","message":"Scheduled bet results update completed","updatedCount":0,"pendingCount":0}
{"timestamp":"2025-07-02T04:40:54.391Z","type":"monitor","status":"info","message":"Scheduler status check","isUpdating":false,"lastUpdateTime":"2025-07-02T03:00:07.461Z","activeCategories":["NBA","MLB","KBO","NFL","MLS","K리그","J리그","세리에 A","브라질 세리에 A","아르헨티나 프리메라","중국 슈퍼리그","라리가","분데스리가"],"uptime":66601.291706209,"apiCallEstimate":"~26 calls per hour","memory":{"used":"26MB","total":"33MB"}}
{"timestamp":"2025-07-02T04:55:54.388Z","type":"monitor","status":"info","message":"Scheduler status check","isUpdating":false,"lastUpdateTime":"2025-07-02T03:00:07.461Z","activeCategories":["NBA","MLB","KBO","NFL","MLS","K리그","J리그","세리에 A","브라질 세리에 A","아르헨티나 프리메라","중국 슈퍼리그","라리가","분데스리가"],"uptime":67501.293755417,"apiCallEstimate":"~26 calls per hour","memory":{"used":"30MB","total":"33MB"}}
{"timestamp":"2025-07-02T05:00:00.517Z","type":"results","status":"start","message":"Starting cost-efficient game results update","categories":["NBA","MLB","KBO","NFL","MLS","K리그","J리그","세리에 A","브라질 세리에 A","아르헨티나 프리메라","중국 슈퍼리그","라리가","분데스리가"]}
{"timestamp":"2025-07-02T05:00:06.963Z","type":"bets","status":"start","message":"Starting bet results update after game results"}
{"timestamp":"2025-07-02T05:00:06.988Z","type":"results","status":"success","message":"Game results and bet results update completed","gameResultsUpdated":"N/A","betResultsUpdated":0,"categories":["NBA","MLB","KBO","NFL","MLS","K리그","J리그","세리에 A","브라질 세리에 A","아르헨티나 프리메라","중국 슈퍼리그","라리가","분데스리가"]}
{"timestamp":"2025-07-02T05:10:54.262Z","type":"monitor","status":"info","message":"Scheduler status check","isUpdating":false,"lastUpdateTime":"2025-07-02T05:00:06.988Z","activeCategories":["NBA","MLB","KBO","NFL","MLS","K리그","J리그","세리에 A","브라질 세리에 A","아르헨티나 프리메라","중국 슈퍼리그","라리가","분데스리가"],"uptime":68401.292786959,"apiCallEstimate":"~26 calls per hour","memory":{"used":"27MB","total":"33MB"}}
{"timestamp":"2025-07-02T05:25:54.301Z","type":"monitor","status":"info","message":"Scheduler status check","isUpdating":false,"lastUpdateTime":"2025-07-02T05:00:06.988Z","activeCategories":["NBA","MLB","KBO","NFL","MLS","K리그","J리그","세리에 A","브라질 세리에 A","아르헨티나 프리메라","중국 슈퍼리그","라리가","분데스리가"],"uptime":69301.297641625,"apiCallEstimate":"~26 calls per hour","memory":{"used":"23MB","total":"33MB"}}
{"timestamp":"2025-07-02T05:30:00.341Z","type":"bets","status":"start","message":"Starting scheduled bet results update"}
{"timestamp":"2025-07-02T05:30:00.442Z","type":"bets","status":"success","message":"Scheduled bet results update completed","updatedCount":0,"pendingCount":0}
{"timestamp":"2025-07-02T05:40:54.334Z","type":"monitor","status":"info","message":"Scheduler status check","isUpdating":false,"lastUpdateTime":"2025-07-02T05:00:06.988Z","activeCategories":["NBA","MLB","KBO","NFL","MLS","K리그","J리그","세리에 A","브라질 세리에 A","아르헨티나 프리메라","중국 슈퍼리그","라리가","분데스리가"],"uptime":70201.299182625,"apiCallEstimate":"~26 calls per hour","memory":{"used":"29MB","total":"33MB"}}
{"timestamp":"2025-07-02T05:55:54.330Z","type":"monitor","status":"info","message":"Scheduler status check","isUpdating":false,"lastUpdateTime":"2025-07-02T05:00:06.988Z","activeCategories":["NBA","MLB","KBO","NFL","MLS","K리그","J리그","세리에 A","브라질 세리에 A","아르헨티나 프리메라","중국 슈퍼리그","라리가","분데스리가"],"uptime":71101.300659709,"apiCallEstimate":"~26 calls per hour","memory":{"used":"25MB","total":"32MB"}}
{"timestamp":"2025-07-02T06:00:00.101Z","type":"odds","status":"start","message":"Starting high-priority leagues odds update","priority":"high","leagues":["NBA","MLB","KBO","NFL"]}
{"timestamp":"2025-07-02T06:00:00.183Z","type":"odds","status":"success","message":"High-priority odds update completed","priority":"medium","leagues":["NBA","MLB","KBO","NFL"],"dynamicPriority":"low"}
{"timestamp":"2025-07-02T06:10:54.371Z","type":"monitor","status":"info","message":"Scheduler status check","isUpdating":false,"lastUpdateTime":"2025-07-02T05:00:06.988Z","activeCategories":["NBA","MLB","KBO","NFL","MLS","K리그","J리그","세리에 A","브라질 세리에 A","아르헨티나 프리메라","중국 슈퍼리그","라리가","분데스리가"],"uptime":72001.300615584,"apiCallEstimate":"~26 calls per hour","memory":{"used":"29MB","total":"32MB"}}
{"timestamp":"2025-07-02T06:25:54.382Z","type":"monitor","status":"info","message":"Scheduler status check","isUpdating":false,"lastUpdateTime":"2025-07-02T05:00:06.988Z","activeCategories":["NBA","MLB","KBO","NFL","MLS","K리그","J리그","세리에 A","브라질 세리에 A","아르헨티나 프리메라","중국 슈퍼리그","라리가","분데스리가"],"uptime":72901.303865334,"apiCallEstimate":"~26 calls per hour","memory":{"used":"25MB","total":"32MB"}}
{"timestamp":"2025-07-02T06:30:00.920Z","type":"bets","status":"start","message":"Starting scheduled bet results update"}
{"timestamp":"2025-07-02T06:30:01.061Z","type":"bets","status":"success","message":"Scheduled bet results update completed","updatedCount":0,"pendingCount":0}
{"timestamp":"2025-07-02T06:40:54.392Z","type":"monitor","status":"info","message":"Scheduler status check","isUpdating":false,"lastUpdateTime":"2025-07-02T05:00:06.988Z","activeCategories":["NBA","MLB","KBO","NFL","MLS","K리그","J리그","세리에 A","브라질 세리에 A","아르헨티나 프리메라","중국 슈퍼리그","라리가","분데스리가"],"uptime":73801.305652125,"apiCallEstimate":"~26 calls per hour","memory":{"used":"23MB","total":"32MB"}}
{"timestamp":"2025-07-02T06:55:54.320Z","type":"monitor","status":"info","message":"Scheduler status check","isUpdating":false,"lastUpdateTime":"2025-07-02T05:00:06.988Z","activeCategories":["NBA","MLB","KBO","NFL","MLS","K리그","J리그","세리에 A","브라질 세리에 A","아르헨티나 프리메라","중국 슈퍼리그","라리가","분데스리가"],"uptime":74701.307891875,"apiCallEstimate":"~26 calls per hour","memory":{"used":"26MB","total":"32MB"}}
{"timestamp":"2025-07-02T07:00:00.590Z","type":"results","status":"start","message":"Starting cost-efficient game results update","categories":["NBA","MLB","KBO","NFL","MLS","K리그","J리그","세리에 A","브라질 세리에 A","아르헨티나 프리메라","중국 슈퍼리그","라리가","분데스리가"]}
{"timestamp":"2025-07-02T07:00:07.026Z","type":"bets","status":"start","message":"Starting bet results update after game results"}
{"timestamp":"2025-07-02T07:00:07.054Z","type":"results","status":"success","message":"Game results and bet results update completed","gameResultsUpdated":"N/A","betResultsUpdated":0,"categories":["NBA","MLB","KBO","NFL","MLS","K리그","J리그","세리에 A","브라질 세리에 A","아르헨티나 프리메라","중국 슈퍼리그","라리가","분데스리가"]}
{"timestamp":"2025-07-02T07:10:54.303Z","type":"monitor","status":"info","message":"Scheduler status check","isUpdating":false,"lastUpdateTime":"2025-07-02T07:00:07.054Z","activeCategories":["NBA","MLB","KBO","NFL","MLS","K리그","J리그","세리에 A","브라질 세리에 A","아르헨티나 프리메라","중국 슈퍼리그","라리가","분데스리가"],"uptime":75601.307159417,"apiCallEstimate":"~26 calls per hour","memory":{"used":"25MB","total":"32MB"}}
{"timestamp":"2025-07-02T07:25:54.316Z","type":"monitor","status":"info","message":"Scheduler status check","isUpdating":false,"lastUpdateTime":"2025-07-02T07:00:07.054Z","activeCategories":["NBA","MLB","KBO","NFL","MLS","K리그","J리그","세리에 A","브라질 세리에 A","아르헨티나 프리메라","중국 슈퍼리그","라리가","분데스리가"],"uptime":76501.310815584,"apiCallEstimate":"~26 calls per hour","memory":{"used":"29MB","total":"32MB"}}
{"timestamp":"2025-07-02T07:30:00.430Z","type":"bets","status":"start","message":"Starting scheduled bet results update"}
{"timestamp":"2025-07-02T07:30:00.590Z","type":"bets","status":"success","message":"Scheduled bet results update completed","updatedCount":0,"pendingCount":0}
{"timestamp":"2025-07-02T07:40:54.310Z","type":"monitor","status":"info","message":"Scheduler status check","isUpdating":false,"lastUpdateTime":"2025-07-02T07:00:07.054Z","activeCategories":["NBA","MLB","KBO","NFL","MLS","K리그","J리그","세리에 A","브라질 세리에 A","아르헨티나 프리메라","중국 슈퍼리그","라리가","분데스리가"],"uptime":77401.312294375,"apiCallEstimate":"~26 calls per hour","memory":{"used":"25MB","total":"33MB"}}
{"timestamp":"2025-07-02T07:55:54.314Z","type":"monitor","status":"info","message":"Scheduler status check","isUpdating":false,"lastUpdateTime":"2025-07-02T07:00:07.054Z","activeCategories":["NBA","MLB","KBO","NFL","MLS","K리그","J리그","세리에 A","브라질 세리에 A","아르헨티나 프리메라","중국 슈퍼리그","라리가","분데스리가"],"uptime":78301.314018209,"apiCallEstimate":"~26 calls per hour","memory":{"used":"29MB","total":"33MB"}}
{"timestamp":"2025-07-02T08:10:54.309Z","type":"monitor","status":"info","message":"Scheduler status check","isUpdating":false,"lastUpdateTime":"2025-07-02T07:00:07.054Z","activeCategories":["NBA","MLB","KBO","NFL","MLS","K리그","J리그","세리에 A","브라질 세리에 A","아르헨티나 프리메라","중국 슈퍼리그","라리가","분데스리가"],"uptime":79201.314443917,"apiCallEstimate":"~26 calls per hour","memory":{"used":"29MB","total":"33MB"}}
{"timestamp":"2025-07-02T08:25:54.306Z","type":"monitor","status":"info","message":"Scheduler status check","isUpdating":false,"lastUpdateTime":"2025-07-02T07:00:07.054Z","activeCategories":["NBA","MLB","KBO","NFL","MLS","K리그","J리그","세리에 A","브라질 세리에 A","아르헨티나 프리메라","중국 슈퍼리그","라리가","분데스리가"],"uptime":80101.315206167,"apiCallEstimate":"~26 calls per hour","memory":{"used":"24MB","total":"34MB"}}
{"timestamp":"2025-07-02T08:30:00.832Z","type":"bets","status":"start","message":"Starting scheduled bet results update"}
{"timestamp":"2025-07-02T08:30:00.924Z","type":"bets","status":"success","message":"Scheduled bet results update completed","updatedCount":0,"pendingCount":0}
{"timestamp":"2025-07-02T08:40:54.313Z","type":"monitor","status":"info","message":"Scheduler status check","isUpdating":false,"lastUpdateTime":"2025-07-02T07:00:07.054Z","activeCategories":["NBA","MLB","KBO","NFL","MLS","K리그","J리그","세리에 A","브라질 세리에 A","아르헨티나 프리메라","중국 슈퍼리그","라리가","분데스리가"],"uptime":81001.322200334,"apiCallEstimate":"~26 calls per hour","memory":{"used":"29MB","total":"34MB"}}
{"timestamp":"2025-07-02T08:55:54.299Z","type":"monitor","status":"info","message":"Scheduler status check","isUpdating":false,"lastUpdateTime":"2025-07-02T07:00:07.054Z","activeCategories":["NBA","MLB","KBO","NFL","MLS","K리그","J리그","세리에 A","브라질 세리에 A","아르헨티나 프리메라","중국 슈퍼리그","라리가","분데스리가"],"uptime":81901.318023792,"apiCallEstimate":"~26 calls per hour","memory":{"used":"22MB","total":"25MB"}}
{"timestamp":"2025-07-02T09:00:00.980Z","type":"results","status":"start","message":"Starting cost-efficient game results update","categories":["NBA","MLB","KBO","NFL","MLS","K리그","J리그","세리에 A","브라질 세리에 A","아르헨티나 프리메라","중국 슈퍼리그","라리가","분데스리가"]}
{"timestamp":"2025-07-02T09:00:00.994Z","type":"odds","status":"start","message":"Starting high-priority leagues odds update","priority":"high","leagues":["NBA","MLB","KBO","NFL"]}
{"timestamp":"2025-07-02T09:00:00.997Z","type":"odds","status":"start","message":"Starting medium-priority leagues odds update","priority":"medium","leagues":["MLS","K리그","J리그","세리에 A"]}
{"timestamp":"2025-07-02T09:00:01.007Z","type":"odds","status":"success","message":"Medium-priority odds update completed","priority":"medium","leagues":["MLS","K리그","J리그","세리에 A"],"dynamicPriority":"low"}
{"timestamp":"2025-07-02T09:00:01.007Z","type":"odds","status":"success","message":"High-priority odds update completed","priority":"medium","leagues":["NBA","MLB","KBO","NFL"],"dynamicPriority":"low"}
{"timestamp":"2025-07-02T09:00:08.073Z","type":"bets","status":"start","message":"Starting bet results update after game results"}
{"timestamp":"2025-07-02T09:00:08.133Z","type":"results","status":"success","message":"Game results and bet results update completed","gameResultsUpdated":"N/A","betResultsUpdated":0,"categories":["NBA","MLB","KBO","NFL","MLS","K리그","J리그","세리에 A","브라질 세리에 A","아르헨티나 프리메라","중국 슈퍼리그","라리가","분데스리가"]}
{"timestamp":"2025-07-02T09:10:54.296Z","type":"monitor","status":"info","message":"Scheduler status check","isUpdating":false,"lastUpdateTime":"2025-07-02T09:00:08.133Z","activeCategories":["NBA","MLB","KBO","NFL","MLS","K리그","J리그","세리에 A","브라질 세리에 A","아르헨티나 프리메라","중국 슈퍼리그","라리가","분데스리가"],"uptime":82801.318336584,"apiCallEstimate":"~26 calls per hour","memory":{"used":"27MB","total":"33MB"}}
{"timestamp":"2025-07-02T09:25:54.424Z","type":"monitor","status":"info","message":"Scheduler status check","isUpdating":false,"lastUpdateTime":"2025-07-02T09:00:08.133Z","activeCategories":["NBA","MLB","KBO","NFL","MLS","K리그","J리그","세리에 A","브라질 세리에 A","아르헨티나 프리메라","중국 슈퍼리그","라리가","분데스리가"],"uptime":83701.319466417,"apiCallEstimate":"~26 calls per hour","memory":{"used":"28MB","total":"35MB"}}
{"timestamp":"2025-07-02T09:30:00.857Z","type":"bets","status":"start","message":"Starting scheduled bet results update"}
{"timestamp":"2025-07-02T09:30:00.933Z","type":"bets","status":"success","message":"Scheduled bet results update completed","updatedCount":0,"pendingCount":0}
{"timestamp":"2025-07-02T09:40:54.592Z","type":"monitor","status":"info","message":"Scheduler status check","isUpdating":false,"lastUpdateTime":"2025-07-02T09:00:08.133Z","activeCategories":["NBA","MLB","KBO","NFL","MLS","K리그","J리그","세리에 A","브라질 세리에 A","아르헨티나 프리메라","중국 슈퍼리그","라리가","분데스리가"],"uptime":84601.320754334,"apiCallEstimate":"~26 calls per hour","memory":{"used":"24MB","total":"61MB"}}
{"timestamp":"2025-07-02T09:55:54.627Z","type":"monitor","status":"info","message":"Scheduler status check","isUpdating":false,"lastUpdateTime":"2025-07-02T09:00:08.133Z","activeCategories":["NBA","MLB","KBO","NFL","MLS","K리그","J리그","세리에 A","브라질 세리에 A","아르헨티나 프리메라","중국 슈퍼리그","라리가","분데스리가"],"uptime":85501.324822625,"apiCallEstimate":"~26 calls per hour","memory":{"used":"25MB","total":"61MB"}}
{"timestamp":"2025-07-02T10:10:54.649Z","type":"monitor","status":"info","message":"Scheduler status check","isUpdating":false,"lastUpdateTime":"2025-07-02T09:00:08.133Z","activeCategories":["NBA","MLB","KBO","NFL","MLS","K리그","J리그","세리에 A","브라질 세리에 A","아르헨티나 프리메라","중국 슈퍼리그","라리가","분데스리가"],"uptime":86401.3238095,"apiCallEstimate":"~26 calls per hour","memory":{"used":"24MB","total":"26MB"}}
{"timestamp":"2025-07-02T10:25:54.732Z","type":"monitor","status":"info","message":"Scheduler status check","isUpdating":false,"lastUpdateTime":"2025-07-02T09:00:08.133Z","activeCategories":["NBA","MLB","KBO","NFL","MLS","K리그","J리그","세리에 A","브라질 세리에 A","아르헨티나 프리메라","중국 슈퍼리그","라리가","분데스리가"],"uptime":87301.330632,"apiCallEstimate":"~26 calls per hour","memory":{"used":"25MB","total":"45MB"}}
{"timestamp":"2025-07-02T10:30:00.078Z","type":"bets","status":"start","message":"Starting scheduled bet results update"}
{"timestamp":"2025-07-02T10:30:00.284Z","type":"bets","status":"success","message":"Scheduled bet results update completed","updatedCount":0,"pendingCount":0}
{"timestamp":"2025-07-02T10:40:52.545Z","type":"monitor","status":"info","message":"Scheduler status check","isUpdating":false,"lastUpdateTime":"2025-07-02T09:00:08.133Z","activeCategories":["NBA","MLB","KBO","NFL","MLS","K리그","J리그","세리에 A","브라질 세리에 A","아르헨티나 프리메라","중국 슈퍼리그","라리가","분데스리가"],"uptime":88201.329349,"apiCallEstimate":"~26 calls per hour","memory":{"used":"23MB","total":"25MB"}}
{"timestamp":"2025-07-02T10:55:54.844Z","type":"monitor","status":"info","message":"Scheduler status check","isUpdating":false,"lastUpdateTime":"2025-07-02T09:00:08.133Z","activeCategories":["NBA","MLB","KBO","NFL","MLS","K리그","J리그","세리에 A","브라질 세리에 A","아르헨티나 프리메라","중국 슈퍼리그","라리가","분데스리가"],"uptime":89101.331366375,"apiCallEstimate":"~26 calls per hour","memory":{"used":"25MB","total":"46MB"}}
{"timestamp":"2025-07-02T11:00:00.189Z","type":"results","status":"start","message":"Starting cost-efficient game results update","categories":["NBA","MLB","KBO","NFL","MLS","K리그","J리그","세리에 A","브라질 세리에 A","아르헨티나 프리메라","중국 슈퍼리그","라리가","분데스리가"]}
{"timestamp":"2025-07-02T11:00:06.572Z","type":"bets","status":"start","message":"Starting bet results update after game results"}
{"timestamp":"2025-07-02T11:00:06.687Z","type":"results","status":"success","message":"Game results and bet results update completed","gameResultsUpdated":"N/A","betResultsUpdated":0,"categories":["NBA","MLB","KBO","NFL","MLS","K리그","J리그","세리에 A","브라질 세리에 A","아르헨티나 프리메라","중국 슈퍼리그","라리가","분데스리가"]}
{"timestamp":"2025-07-02T11:10:55.115Z","type":"monitor","status":"info","message":"Scheduler status check","isUpdating":false,"lastUpdateTime":"2025-07-02T11:00:06.687Z","activeCategories":["NBA","MLB","KBO","NFL","MLS","K리그","J리그","세리에 A","브라질 세리에 A","아르헨티나 프리메라","중국 슈퍼리그","라리가","분데스리가"],"uptime":90001.571487167,"apiCallEstimate":"~26 calls per hour","memory":{"used":"24MB","total":"26MB"}}
{"timestamp":"2025-07-02T11:26:01.929Z","type":"init","status":"start","message":"Starting initial data caching for active categories","categories":["NBA","MLB","KBO","NFL","MLS","K리그","J리그","세리에 A","브라질 세리에 A","아르헨티나 프리메라","중국 슈퍼리그","라리가","분데스리가"]}
{"timestamp":"2025-07-02T11:26:11.180Z","type":"init","status":"success","message":"Initial data cached successfully for active categories","categories":["NBA","MLB","KBO","NFL","MLS","K리그","J리그","세리에 A","브라질 세리에 A","아르헨티나 프리메라","중국 슈퍼리그","라리가","분데스리가"],"oddsUpdated":"Active categories only","resultsUpdated":"N/A","betsUpdated":0}
{"timestamp":"2025-07-02T11:30:11.197Z","type":"init","status":"start","message":"Starting initial data caching for active categories","categories":["NBA","MLB","KBO","NFL","MLS","K리그","J리그","세리에 A","브라질 세리에 A","아르헨티나 프리메라","중국 슈퍼리그","라리가","분데스리가"]}
{"timestamp":"2025-07-02T11:30:19.217Z","type":"init","status":"success","message":"Initial data cached successfully for active categories","categories":["NBA","MLB","KBO","NFL","MLS","K리그","J리그","세리에 A","브라질 세리에 A","아르헨티나 프리메라","중국 슈퍼리그","라리가","분데스리가"],"oddsUpdated":"Active categories only","resultsUpdated":"N/A","betsUpdated":0}
{"timestamp":"2025-07-02T11:31:31.227Z","type":"init","status":"start","message":"Starting initial data caching for active categories","categories":["NBA","MLB","KBO","NFL","MLS","K리그","J리그","세리에 A","브라질 세리에 A","아르헨티나 프리메라","중국 슈퍼리그","라리가","분데스리가"]}
{"timestamp":"2025-07-02T11:31:36.487Z","type":"init","status":"success","message":"Initial data cached successfully for active categories","categories":["NBA","MLB","KBO","NFL","MLS","K리그","J리그","세리에 A","브라질 세리에 A","아르헨티나 프리메라","중국 슈퍼리그","라리가","분데스리가"],"oddsUpdated":"Active categories only","resultsUpdated":"N/A","betsUpdated":0}
{"timestamp":"2025-07-02T11:46:31.279Z","type":"monitor","status":"info","message":"Scheduler status check","isUpdating":false,"lastUpdateTime":"2025-07-02T11:31:36.487Z","activeCategories":["NBA","MLB","KBO","NFL","MLS","K리그","J리그","세리에 A","브라질 세리에 A","아르헨티나 프리메라","중국 슈퍼리그","라리가","분데스리가"],"uptime":900.561277375,"apiCallEstimate":"~26 calls per hour","memory":{"used":"42MB","total":"73MB"}}
{"timestamp":"2025-07-02T12:00:00.181Z","type":"odds","status":"start","message":"Starting high-priority leagues odds update","priority":"high","leagues":["NBA","MLB","KBO","NFL"]}
{"timestamp":"2025-07-02T12:00:01.996Z","type":"odds","status":"success","message":"High-priority odds update completed","priority":"medium","leagues":["NBA","MLB","KBO","NFL"],"dynamicPriority":"low"}
{"timestamp":"2025-07-02T12:01:31.319Z","type":"monitor","status":"info","message":"Scheduler status check","isUpdating":false,"lastUpdateTime":"2025-07-02T11:31:36.487Z","activeCategories":["NBA","MLB","KBO","NFL","MLS","K리그","J리그","세리에 A","브라질 세리에 A","아르헨티나 프리메라","중국 슈퍼리그","라리가","분데스리가"],"uptime":1800.575971667,"apiCallEstimate":"~26 calls per hour","memory":{"used":"23MB","total":"62MB"}}
{"timestamp":"2025-07-02T12:09:38.459Z","type":"init","status":"start","message":"Starting initial data caching for active categories","categories":["NBA","MLB","KBO","NFL","MLS","K리그","J리그","세리에 A","브라질 세리에 A","아르헨티나 프리메라","중국 슈퍼리그","라리가","분데스리가"]}
{"timestamp":"2025-07-02T12:09:44.941Z","type":"init","status":"success","message":"Initial data cached successfully for active categories","categories":["NBA","MLB","KBO","NFL","MLS","K리그","J리그","세리에 A","브라질 세리에 A","아르헨티나 프리메라","중국 슈퍼리그","라리가","분데스리가"],"oddsUpdated":"Active categories only","resultsUpdated":"N/A","betsUpdated":0}
{"timestamp":"2025-07-02T12:24:36.531Z","type":"monitor","status":"info","message":"Scheduler status check","isUpdating":false,"lastUpdateTime":"2025-07-02T12:09:44.941Z","activeCategories":["NBA","MLB","KBO","NFL","MLS","K리그","J리그","세리에 A","브라질 세리에 A","아르헨티나 프리메라","중국 슈퍼리그","라리가","분데스리가"],"uptime":900.35987275,"apiCallEstimate":"~26 calls per hour","memory":{"used":"24MB","total":"63MB"}}
{"timestamp":"2025-07-02T12:30:00.597Z","type":"bets","status":"start","message":"Starting scheduled bet results update"}
{"timestamp":"2025-07-02T12:30:04.078Z","type":"bets","status":"success","message":"Scheduled bet results update completed","updatedCount":0,"pendingCount":0}
{"timestamp":"2025-07-02T12:39:38.575Z","type":"monitor","status":"info","message":"Scheduler status check","isUpdating":false,"lastUpdateTime":"2025-07-02T12:09:44.941Z","activeCategories":["NBA","MLB","KBO","NFL","MLS","K리그","J리그","세리에 A","브라질 세리에 A","아르헨티나 프리메라","중국 슈퍼리그","라리가","분데스리가"],"uptime":1800.351199417,"apiCallEstimate":"~26 calls per hour","memory":{"used":"24MB","total":"63MB"}}
{"timestamp":"2025-07-02T12:54:39.080Z","type":"monitor","status":"info","message":"Scheduler status check","isUpdating":false,"lastUpdateTime":"2025-07-02T12:09:44.941Z","activeCategories":["NBA","MLB","KBO","NFL","MLS","K리그","J리그","세리에 A","브라질 세리에 A","아르헨티나 프리메라","중국 슈퍼리그","라리가","분데스리가"],"uptime":2700.741780417,"apiCallEstimate":"~26 calls per hour","memory":{"used":"25MB","total":"61MB"}}
{"timestamp":"2025-07-02T13:00:00.461Z","type":"results","status":"start","message":"Starting cost-efficient game results update","categories":["NBA","MLB","KBO","NFL","MLS","K리그","J리그","세리에 A","브라질 세리에 A","아르헨티나 프리메라","중국 슈퍼리그","라리가","분데스리가"]}
{"timestamp":"2025-07-02T13:00:08.412Z","type":"bets","status":"start","message":"Starting bet results update after game results"}
{"timestamp":"2025-07-02T13:00:09.023Z","type":"results","status":"success","message":"Game results and bet results update completed","gameResultsUpdated":"N/A","betResultsUpdated":3,"categories":["NBA","MLB","KBO","NFL","MLS","K리그","J리그","세리에 A","브라질 세리에 A","아르헨티나 프리메라","중국 슈퍼리그","라리가","분데스리가"]}
{"timestamp":"2025-07-02T13:09:38.571Z","type":"monitor","status":"info","message":"Scheduler status check","isUpdating":false,"lastUpdateTime":"2025-07-02T13:00:09.023Z","activeCategories":["NBA","MLB","KBO","NFL","MLS","K리그","J리그","세리에 A","브라질 세리에 A","아르헨티나 프리메라","중국 슈퍼리그","라리가","분데스리가"],"uptime":3600.353175292,"apiCallEstimate":"~26 calls per hour","memory":{"used":"24MB","total":"62MB"}}
{"timestamp":"2025-07-02T13:24:38.583Z","type":"monitor","status":"info","message":"Scheduler status check","isUpdating":false,"lastUpdateTime":"2025-07-02T13:00:09.023Z","activeCategories":["NBA","MLB","KBO","NFL","MLS","K리그","J리그","세리에 A","브라질 세리에 A","아르헨티나 프리메라","중국 슈퍼리그","라리가","분데스리가"],"uptime":4500.374036417,"apiCallEstimate":"~26 calls per hour","memory":{"used":"23MB","total":"63MB"}}
{"timestamp":"2025-07-02T13:30:00.504Z","type":"bets","status":"start","message":"Starting scheduled bet results update"}
{"timestamp":"2025-07-02T13:30:00.634Z","type":"bets","status":"success","message":"Scheduled bet results update completed","updatedCount":0,"pendingCount":0}
{"timestamp":"2025-07-02T13:39:38.568Z","type":"monitor","status":"info","message":"Scheduler status check","isUpdating":false,"lastUpdateTime":"2025-07-02T13:00:09.023Z","activeCategories":["NBA","MLB","KBO","NFL","MLS","K리그","J리그","세리에 A","브라질 세리에 A","아르헨티나 프리메라","중국 슈퍼리그","라리가","분데스리가"],"uptime":5400.360910417,"apiCallEstimate":"~26 calls per hour","memory":{"used":"37MB","total":"63MB"}}
{"timestamp":"2025-07-02T13:54:38.579Z","type":"monitor","status":"info","message":"Scheduler status check","isUpdating":false,"lastUpdateTime":"2025-07-02T13:00:09.023Z","activeCategories":["NBA","MLB","KBO","NFL","MLS","K리그","J리그","세리에 A","브라질 세리에 A","아르헨티나 프리메라","중국 슈퍼리그","라리가","분데스리가"],"uptime":6300.373341208,"apiCallEstimate":"~26 calls per hour","memory":{"used":"24MB","total":"62MB"}}
{"timestamp":"2025-07-02T14:16:47.561Z","type":"monitor","status":"info","message":"Scheduler status check","isUpdating":false,"lastUpdateTime":"2025-07-02T13:00:09.023Z","activeCategories":["NBA","MLB","KBO","NFL","MLS","K리그","J리그","세리에 A","브라질 세리에 A","아르헨티나 프리메라","중국 슈퍼리그","라리가","분데스리가"],"uptime":7629.073043458,"apiCallEstimate":"~26 calls per hour","memory":{"used":"27MB","total":"67MB"}}
{"timestamp":"2025-07-02T14:30:00.878Z","type":"bets","status":"start","message":"Starting scheduled bet results update"}
{"timestamp":"2025-07-02T14:30:01.002Z","type":"bets","status":"success","message":"Scheduled bet results update completed","updatedCount":0,"pendingCount":0}
{"timestamp":"2025-07-02T14:31:47.467Z","type":"monitor","status":"info","message":"Scheduler status check","isUpdating":false,"lastUpdateTime":"2025-07-02T13:00:09.023Z","activeCategories":["NBA","MLB","KBO","NFL","MLS","K리그","J리그","세리에 A","브라질 세리에 A","아르헨티나 프리메라","중국 슈퍼리그","라리가","분데스리가"],"uptime":8529.075846833,"apiCallEstimate":"~26 calls per hour","memory":{"used":"50MB","total":"75MB"}}
{"timestamp":"2025-07-02T14:46:47.446Z","type":"monitor","status":"info","message":"Scheduler status check","isUpdating":false,"lastUpdateTime":"2025-07-02T13:00:09.023Z","activeCategories":["NBA","MLB","KBO","NFL","MLS","K리그","J리그","세리에 A","브라질 세리에 A","아르헨티나 프리메라","중국 슈퍼리그","라리가","분데스리가"],"uptime":9429.077243833,"apiCallEstimate":"~26 calls per hour","memory":{"used":"43MB","total":"85MB"}}
{"timestamp":"2025-07-02T15:00:00.381Z","type":"odds","status":"start","message":"Starting high-priority leagues odds update","priority":"high","leagues":["NBA","MLB","KBO","NFL"]}
{"timestamp":"2025-07-02T15:00:00.412Z","type":"odds","status":"start","message":"Starting medium-priority leagues odds update","priority":"medium","leagues":["MLS","K리그","J리그","세리에 A"]}
{"timestamp":"2025-07-02T15:00:00.414Z","type":"odds","status":"start","message":"Starting low-priority leagues odds update","priority":"low","leagues":["브라질 세리에 A","아르헨티나 프리메라","중국 슈퍼리그","라리가","분데스리가"]}
{"timestamp":"2025-07-02T15:00:00.420Z","type":"results","status":"start","message":"Starting cost-efficient game results update","categories":["NBA","MLB","KBO","NFL","MLS","K리그","J리그","세리에 A","브라질 세리에 A","아르헨티나 프리메라","중국 슈퍼리그","라리가","분데스리가"]}
{"timestamp":"2025-07-02T15:00:01.749Z","type":"odds","status":"success","message":"Medium-priority odds update completed","priority":"medium","leagues":["MLS","K리그","J리그","세리에 A"],"dynamicPriority":"low"}
{"timestamp":"2025-07-02T15:00:01.979Z","type":"odds","status":"success","message":"Low-priority odds update completed","priority":"low","leagues":["브라질 세리에 A","아르헨티나 프리메라","중국 슈퍼리그","라리가","분데스리가"],"dynamicPriority":"low"}
{"timestamp":"2025-07-02T15:00:02.086Z","type":"odds","status":"success","message":"High-priority odds update completed","priority":"medium","leagues":["NBA","MLB","KBO","NFL"],"dynamicPriority":"low"}
{"timestamp":"2025-07-02T15:00:10.096Z","type":"bets","status":"start","message":"Starting bet results update after game results"}
{"timestamp":"2025-07-02T15:00:10.210Z","type":"results","status":"success","message":"Game results and bet results update completed","gameResultsUpdated":"N/A","betResultsUpdated":0,"categories":["NBA","MLB","KBO","NFL","MLS","K리그","J리그","세리에 A","브라질 세리에 A","아르헨티나 프리메라","중국 슈퍼리그","라리가","분데스리가"]}
{"timestamp":"2025-07-02T15:01:47.426Z","type":"monitor","status":"info","message":"Scheduler status check","isUpdating":false,"lastUpdateTime":"2025-07-02T15:00:10.210Z","activeCategories":["NBA","MLB","KBO","NFL","MLS","K리그","J리그","세리에 A","브라질 세리에 A","아르헨티나 프리메라","중국 슈퍼리그","라리가","분데스리가"],"uptime":10329.079223125,"apiCallEstimate":"~26 calls per hour","memory":{"used":"71MB","total":"102MB"}}
{"timestamp":"2025-07-02T15:16:47.435Z","type":"monitor","status":"info","message":"Scheduler status check","isUpdating":false,"lastUpdateTime":"2025-07-02T15:00:10.210Z","activeCategories":["NBA","MLB","KBO","NFL","MLS","K리그","J리그","세리에 A","브라질 세리에 A","아르헨티나 프리메라","중국 슈퍼리그","라리가","분데스리가"],"uptime":11229.0798145,"apiCallEstimate":"~26 calls per hour","memory":{"used":"85MB","total":"108MB"}}
{"timestamp":"2025-07-02T15:30:00.029Z","type":"bets","status":"start","message":"Starting scheduled bet results update"}
{"timestamp":"2025-07-02T15:30:00.137Z","type":"bets","status":"success","message":"Scheduled bet results update completed","updatedCount":0,"pendingCount":0}
{"timestamp":"2025-07-02T15:31:47.424Z","type":"monitor","status":"info","message":"Scheduler status check","isUpdating":false,"lastUpdateTime":"2025-07-02T15:00:10.210Z","activeCategories":["NBA","MLB","KBO","NFL","MLS","K리그","J리그","세리에 A","브라질 세리에 A","아르헨티나 프리메라","중국 슈퍼리그","라리가","분데스리가"],"uptime":12129.083881125,"apiCallEstimate":"~26 calls per hour","memory":{"used":"95MB","total":"118MB"}}
{"timestamp":"2025-07-02T15:46:47.475Z","type":"monitor","status":"info","message":"Scheduler status check","isUpdating":false,"lastUpdateTime":"2025-07-02T15:00:10.210Z","activeCategories":["NBA","MLB","KBO","NFL","MLS","K리그","J리그","세리에 A","브라질 세리에 A","아르헨티나 프리메라","중국 슈퍼리그","라리가","분데스리가"],"uptime":13029.148889917,"apiCallEstimate":"~26 calls per hour","memory":{"used":"106MB","total":"126MB"}}
{"timestamp":"2025-07-02T16:01:47.475Z","type":"monitor","status":"info","message":"Scheduler status check","isUpdating":false,"lastUpdateTime":"2025-07-02T15:00:10.210Z","activeCategories":["NBA","MLB","KBO","NFL","MLS","K리그","J리그","세리에 A","브라질 세리에 A","아르헨티나 프리메라","중국 슈퍼리그","라리가","분데스리가"],"uptime":13929.150439625,"apiCallEstimate":"~26 calls per hour","memory":{"used":"112MB","total":"136MB"}}
{"timestamp":"2025-07-02T16:16:47.466Z","type":"monitor","status":"info","message":"Scheduler status check","isUpdating":false,"lastUpdateTime":"2025-07-02T15:00:10.210Z","activeCategories":["NBA","MLB","KBO","NFL","MLS","K리그","J리그","세리에 A","브라질 세리에 A","아르헨티나 프리메라","중국 슈퍼리그","라리가","분데스리가"],"uptime":14829.153170583,"apiCallEstimate":"~26 calls per hour","memory":{"used":"121MB","total":"143MB"}}
{"timestamp":"2025-07-02T16:30:00.142Z","type":"bets","status":"start","message":"Starting scheduled bet results update"}
{"timestamp":"2025-07-02T16:30:00.282Z","type":"bets","status":"success","message":"Scheduled bet results update completed","updatedCount":0,"pendingCount":0}
{"timestamp":"2025-07-02T16:31:47.489Z","type":"monitor","status":"info","message":"Scheduler status check","isUpdating":false,"lastUpdateTime":"2025-07-02T15:00:10.210Z","activeCategories":["NBA","MLB","KBO","NFL","MLS","K리그","J리그","세리에 A","브라질 세리에 A","아르헨티나 프리메라","중국 슈퍼리그","라리가","분데스리가"],"uptime":15729.159151417,"apiCallEstimate":"~26 calls per hour","memory":{"used":"130MB","total":"159MB"}}
{"timestamp":"2025-07-02T16:46:47.481Z","type":"monitor","status":"info","message":"Scheduler status check","isUpdating":false,"lastUpdateTime":"2025-07-02T15:00:10.210Z","activeCategories":["NBA","MLB","KBO","NFL","MLS","K리그","J리그","세리에 A","브라질 세리에 A","아르헨티나 프리메라","중국 슈퍼리그","라리가","분데스리가"],"uptime":16629.157419708,"apiCallEstimate":"~26 calls per hour","memory":{"used":"140MB","total":"162MB"}}
{"timestamp":"2025-07-02T17:00:00.738Z","type":"results","status":"start","message":"Starting cost-efficient game results update","categories":["NBA","MLB","KBO","NFL","MLS","K리그","J리그","세리에 A","브라질 세리에 A","아르헨티나 프리메라","중국 슈퍼리그","라리가","분데스리가"]}
{"timestamp":"2025-07-02T17:00:06.219Z","type":"bets","status":"start","message":"Starting bet results update after game results"}
{"timestamp":"2025-07-02T17:00:06.325Z","type":"results","status":"success","message":"Game results and bet results update completed","gameResultsUpdated":"N/A","betResultsUpdated":0,"categories":["NBA","MLB","KBO","NFL","MLS","K리그","J리그","세리에 A","브라질 세리에 A","아르헨티나 프리메라","중국 슈퍼리그","라리가","분데스리가"]}
{"timestamp":"2025-07-02T17:01:47.468Z","type":"monitor","status":"info","message":"Scheduler status check","isUpdating":false,"lastUpdateTime":"2025-07-02T17:00:06.325Z","activeCategories":["NBA","MLB","KBO","NFL","MLS","K리그","J리그","세리에 A","브라질 세리에 A","아르헨티나 프리메라","중국 슈퍼리그","라리가","분데스리가"],"uptime":17529.159414708,"apiCallEstimate":"~26 calls per hour","memory":{"used":"149MB","total":"171MB"}}
{"timestamp":"2025-07-02T17:16:47.461Z","type":"monitor","status":"info","message":"Scheduler status check","isUpdating":false,"lastUpdateTime":"2025-07-02T17:00:06.325Z","activeCategories":["NBA","MLB","KBO","NFL","MLS","K리그","J리그","세리에 A","브라질 세리에 A","아르헨티나 프리메라","중국 슈퍼리그","라리가","분데스리가"],"uptime":18429.161565833,"apiCallEstimate":"~26 calls per hour","memory":{"used":"158MB","total":"179MB"}}
{"timestamp":"2025-07-02T17:30:00.291Z","type":"bets","status":"start","message":"Starting scheduled bet results update"}
{"timestamp":"2025-07-02T17:30:00.405Z","type":"bets","status":"success","message":"Scheduled bet results update completed","updatedCount":0,"pendingCount":0}
{"timestamp":"2025-07-02T17:31:47.425Z","type":"monitor","status":"info","message":"Scheduler status check","isUpdating":false,"lastUpdateTime":"2025-07-02T17:00:06.325Z","activeCategories":["NBA","MLB","KBO","NFL","MLS","K리그","J리그","세리에 A","브라질 세리에 A","아르헨티나 프리메라","중국 슈퍼리그","라리가","분데스리가"],"uptime":19329.163935333,"apiCallEstimate":"~26 calls per hour","memory":{"used":"164MB","total":"190MB"}}
{"timestamp":"2025-07-02T17:46:47.410Z","type":"monitor","status":"info","message":"Scheduler status check","isUpdating":false,"lastUpdateTime":"2025-07-02T17:00:06.325Z","activeCategories":["NBA","MLB","KBO","NFL","MLS","K리그","J리그","세리에 A","브라질 세리에 A","아르헨티나 프리메라","중국 슈퍼리그","라리가","분데스리가"],"uptime":20229.164726375,"apiCallEstimate":"~26 calls per hour","memory":{"used":"165MB","total":"193MB"}}
{"timestamp":"2025-07-02T18:00:00.842Z","type":"odds","status":"start","message":"Starting high-priority leagues odds update","priority":"high","leagues":["NBA","MLB","KBO","NFL"]}
{"timestamp":"2025-07-02T18:00:03.351Z","type":"odds","status":"success","message":"High-priority odds update completed","priority":"medium","leagues":["NBA","MLB","KBO","NFL"],"dynamicPriority":"low"}
{"timestamp":"2025-07-02T18:01:47.394Z","type":"monitor","status":"info","message":"Scheduler status check","isUpdating":false,"lastUpdateTime":"2025-07-02T17:00:06.325Z","activeCategories":["NBA","MLB","KBO","NFL","MLS","K리그","J리그","세리에 A","브라질 세리에 A","아르헨티나 프리메라","중국 슈퍼리그","라리가","분데스리가"],"uptime":21129.167782833,"apiCallEstimate":"~26 calls per hour","memory":{"used":"182MB","total":"215MB"}}
{"timestamp":"2025-07-02T18:16:47.376Z","type":"monitor","status":"info","message":"Scheduler status check","isUpdating":false,"lastUpdateTime":"2025-07-02T17:00:06.325Z","activeCategories":["NBA","MLB","KBO","NFL","MLS","K리그","J리그","세리에 A","브라질 세리에 A","아르헨티나 프리메라","중국 슈퍼리그","라리가","분데스리가"],"uptime":22029.167308875,"apiCallEstimate":"~26 calls per hour","memory":{"used":"182MB","total":"208MB"}}
{"timestamp":"2025-07-02T18:30:00.348Z","type":"bets","status":"start","message":"Starting scheduled bet results update"}
{"timestamp":"2025-07-02T18:30:00.458Z","type":"bets","status":"success","message":"Scheduled bet results update completed","updatedCount":0,"pendingCount":0}
{"timestamp":"2025-07-02T18:31:47.364Z","type":"monitor","status":"info","message":"Scheduler status check","isUpdating":false,"lastUpdateTime":"2025-07-02T17:00:06.325Z","activeCategories":["NBA","MLB","KBO","NFL","MLS","K리그","J리그","세리에 A","브라질 세리에 A","아르헨티나 프리메라","중국 슈퍼리그","라리가","분데스리가"],"uptime":22929.170410417,"apiCallEstimate":"~26 calls per hour","memory":{"used":"200MB","total":"222MB"}}
{"timestamp":"2025-07-02T18:46:47.347Z","type":"monitor","status":"info","message":"Scheduler status check","isUpdating":false,"lastUpdateTime":"2025-07-02T17:00:06.325Z","activeCategories":["NBA","MLB","KBO","NFL","MLS","K리그","J리그","세리에 A","브라질 세리에 A","아르헨티나 프리메라","중국 슈퍼리그","라리가","분데스리가"],"uptime":23829.171000583,"apiCallEstimate":"~26 calls per hour","memory":{"used":"200MB","total":"229MB"}}
{"timestamp":"2025-07-02T19:09:45.810Z","type":"monitor","status":"info","message":"Scheduler status check","isUpdating":false,"lastUpdateTime":"2025-07-02T17:00:06.325Z","activeCategories":["NBA","MLB","KBO","NFL","MLS","K리그","J리그","세리에 A","브라질 세리에 A","아르헨티나 프리메라","중국 슈퍼리그","라리가","분데스리가"],"uptime":25207.658348083,"apiCallEstimate":"~26 calls per hour","memory":{"used":"205MB","total":"230MB"}}
{"timestamp":"2025-07-02T19:26:15.092Z","type":"monitor","status":"info","message":"Scheduler status check","isUpdating":false,"lastUpdateTime":"2025-07-02T17:00:06.325Z","activeCategories":["NBA","MLB","KBO","NFL","MLS","K리그","J리그","세리에 A","브라질 세리에 A","아르헨티나 프리메라","중국 슈퍼리그","라리가","분데스리가"],"uptime":26196.992941542,"apiCallEstimate":"~26 calls per hour","memory":{"used":"189MB","total":"193MB"}}
{"timestamp":"2025-07-02T19:30:00.499Z","type":"bets","status":"start","message":"Starting scheduled bet results update"}
{"timestamp":"2025-07-02T19:30:00.627Z","type":"bets","status":"success","message":"Scheduled bet results update completed","updatedCount":0,"pendingCount":0}
{"timestamp":"2025-07-02T19:41:15.101Z","type":"monitor","status":"info","message":"Scheduler status check","isUpdating":false,"lastUpdateTime":"2025-07-02T17:00:06.325Z","activeCategories":["NBA","MLB","KBO","NFL","MLS","K리그","J리그","세리에 A","브라질 세리에 A","아르헨티나 프리메라","중국 슈퍼리그","라리가","분데스리가"],"uptime":27096.994174125,"apiCallEstimate":"~26 calls per hour","memory":{"used":"203MB","total":"240MB"}}
{"timestamp":"2025-07-02T19:56:15.145Z","type":"monitor","status":"info","message":"Scheduler status check","isUpdating":false,"lastUpdateTime":"2025-07-02T17:00:06.325Z","activeCategories":["NBA","MLB","KBO","NFL","MLS","K리그","J리그","세리에 A","브라질 세리에 A","아르헨티나 프리메라","중국 슈퍼리그","라리가","분데스리가"],"uptime":27997.055890083,"apiCallEstimate":"~26 calls per hour","memory":{"used":"214MB","total":"219MB"}}
{"timestamp":"2025-07-02T20:11:15.103Z","type":"monitor","status":"info","message":"Scheduler status check","isUpdating":false,"lastUpdateTime":"2025-07-02T17:00:06.325Z","activeCategories":["NBA","MLB","KBO","NFL","MLS","K리그","J리그","세리에 A","브라질 세리에 A","아르헨티나 프리메라","중국 슈퍼리그","라리가","분데스리가"],"uptime":28897.056983167,"apiCallEstimate":"~26 calls per hour","memory":{"used":"225MB","total":"234MB"}}
{"timestamp":"2025-07-02T20:26:15.090Z","type":"monitor","status":"info","message":"Scheduler status check","isUpdating":false,"lastUpdateTime":"2025-07-02T17:00:06.325Z","activeCategories":["NBA","MLB","KBO","NFL","MLS","K리그","J리그","세리에 A","브라질 세리에 A","아르헨티나 프리메라","중국 슈퍼리그","라리가","분데스리가"],"uptime":29797.069322375,"apiCallEstimate":"~26 calls per hour","memory":{"used":"233MB","total":"241MB"}}
{"timestamp":"2025-07-02T20:30:00.618Z","type":"bets","status":"start","message":"Starting scheduled bet results update"}
{"timestamp":"2025-07-02T20:30:00.737Z","type":"bets","status":"success","message":"Scheduled bet results update completed","updatedCount":0,"pendingCount":0}
{"timestamp":"2025-07-02T20:41:15.065Z","type":"monitor","status":"info","message":"Scheduler status check","isUpdating":false,"lastUpdateTime":"2025-07-02T17:00:06.325Z","activeCategories":["NBA","MLB","KBO","NFL","MLS","K리그","J리그","세리에 A","브라질 세리에 A","아르헨티나 프리메라","중국 슈퍼리그","라리가","분데스리가"],"uptime":30697.070229833,"apiCallEstimate":"~26 calls per hour","memory":{"used":"241MB","total":"250MB"}}
{"timestamp":"2025-07-02T20:56:15.092Z","type":"monitor","status":"info","message":"Scheduler status check","isUpdating":false,"lastUpdateTime":"2025-07-02T17:00:06.325Z","activeCategories":["NBA","MLB","KBO","NFL","MLS","K리그","J리그","세리에 A","브라질 세리에 A","아르헨티나 프리메라","중국 슈퍼리그","라리가","분데스리가"],"uptime":31597.070151125,"apiCallEstimate":"~26 calls per hour","memory":{"used":"247MB","total":"255MB"}}
{"timestamp":"2025-07-02T21:00:00.218Z","type":"odds","status":"start","message":"Starting high-priority leagues odds update","priority":"high","leagues":["NBA","MLB","KBO","NFL"]}
{"timestamp":"2025-07-02T21:00:00.220Z","type":"odds","status":"start","message":"Starting medium-priority leagues odds update","priority":"medium","leagues":["MLS","K리그","J리그","세리에 A"]}
{"timestamp":"2025-07-02T21:00:00.221Z","type":"full","status":"start","message":"Starting daily full data update","includesOdds":true,"includesResults":true,"includesBets":true}
{"timestamp":"2025-07-02T21:00:00.223Z","type":"results","status":"start","message":"Starting cost-efficient game results update","categories":["NBA","MLB","KBO","NFL","MLS","K리그","J리그","세리에 A","브라질 세리에 A","아르헨티나 프리메라","중국 슈퍼리그","라리가","분데스리가"]}
{"timestamp":"2025-07-02T21:00:01.618Z","type":"odds","status":"success","message":"Medium-priority odds update completed","priority":"medium","leagues":["MLS","K리그","J리그","세리에 A"],"dynamicPriority":"low"}
{"timestamp":"2025-07-02T21:00:01.995Z","type":"odds","status":"success","message":"High-priority odds update completed","priority":"medium","leagues":["NBA","MLB","KBO","NFL"],"dynamicPriority":"low"}
{"timestamp":"2025-07-02T21:00:04.812Z","type":"full","status":"success","message":"Daily full update completed","oddsUpdated":"All categories","resultsUpdated":"N/A","betsUpdated":0}
{"timestamp":"2025-07-02T21:00:05.486Z","type":"bets","status":"start","message":"Starting bet results update after game results"}
{"timestamp":"2025-07-02T21:00:05.585Z","type":"results","status":"success","message":"Game results and bet results update completed","gameResultsUpdated":"N/A","betResultsUpdated":0,"categories":["NBA","MLB","KBO","NFL","MLS","K리그","J리그","세리에 A","브라질 세리에 A","아르헨티나 프리메라","중국 슈퍼리그","라리가","분데스리가"]}
{"timestamp":"2025-07-02T21:11:15.096Z","type":"monitor","status":"info","message":"Scheduler status check","isUpdating":false,"lastUpdateTime":"2025-07-02T21:00:05.585Z","activeCategories":["NBA","MLB","KBO","NFL","MLS","K리그","J리그","세리에 A","브라질 세리에 A","아르헨티나 프리메라","중국 슈퍼리그","라리가","분데스리가"],"uptime":32497.088993,"apiCallEstimate":"~26 calls per hour","memory":{"used":"257MB","total":"266MB"}}
{"timestamp":"2025-07-02T21:26:15.035Z","type":"monitor","status":"info","message":"Scheduler status check","isUpdating":false,"lastUpdateTime":"2025-07-02T21:00:05.585Z","activeCategories":["NBA","MLB","KBO","NFL","MLS","K리그","J리그","세리에 A","브라질 세리에 A","아르헨티나 프리메라","중국 슈퍼리그","라리가","분데스리가"],"uptime":33397.085629792,"apiCallEstimate":"~26 calls per hour","memory":{"used":"265MB","total":"275MB"}}
{"timestamp":"2025-07-02T21:30:00.746Z","type":"bets","status":"start","message":"Starting scheduled bet results update"}
{"timestamp":"2025-07-02T21:30:00.880Z","type":"bets","status":"success","message":"Scheduled bet results update completed","updatedCount":0,"pendingCount":0}
{"timestamp":"2025-07-02T21:41:15.025Z","type":"monitor","status":"info","message":"Scheduler status check","isUpdating":false,"lastUpdateTime":"2025-07-02T21:00:05.585Z","activeCategories":["NBA","MLB","KBO","NFL","MLS","K리그","J리그","세리에 A","브라질 세리에 A","아르헨티나 프리메라","중국 슈퍼리그","라리가","분데스리가"],"uptime":34297.103780792,"apiCallEstimate":"~26 calls per hour","memory":{"used":"278MB","total":"287MB"}}
{"timestamp":"2025-07-02T21:56:14.999Z","type":"monitor","status":"info","message":"Scheduler status check","isUpdating":false,"lastUpdateTime":"2025-07-02T21:00:05.585Z","activeCategories":["NBA","MLB","KBO","NFL","MLS","K리그","J리그","세리에 A","브라질 세리에 A","아르헨티나 프리메라","중국 슈퍼리그","라리가","분데스리가"],"uptime":35197.103377,"apiCallEstimate":"~26 calls per hour","memory":{"used":"302MB","total":"318MB"}}
{"timestamp":"2025-07-02T22:11:14.995Z","type":"monitor","status":"info","message":"Scheduler status check","isUpdating":false,"lastUpdateTime":"2025-07-02T21:00:05.585Z","activeCategories":["NBA","MLB","KBO","NFL","MLS","K리그","J리그","세리에 A","브라질 세리에 A","아르헨티나 프리메라","중국 슈퍼리그","라리가","분데스리가"],"uptime":36097.11474525,"apiCallEstimate":"~26 calls per hour","memory":{"used":"293MB","total":"296MB"}}
{"timestamp":"2025-07-02T22:26:14.978Z","type":"monitor","status":"info","message":"Scheduler status check","isUpdating":false,"lastUpdateTime":"2025-07-02T21:00:05.585Z","activeCategories":["NBA","MLB","KBO","NFL","MLS","K리그","J리그","세리에 A","브라질 세리에 A","아르헨티나 프리메라","중국 슈퍼리그","라리가","분데스리가"],"uptime":36997.114217,"apiCallEstimate":"~26 calls per hour","memory":{"used":"320MB","total":"336MB"}}
{"timestamp":"2025-07-02T22:30:00.847Z","type":"bets","status":"start","message":"Starting scheduled bet results update"}
{"timestamp":"2025-07-02T22:30:00.956Z","type":"bets","status":"success","message":"Scheduled bet results update completed","updatedCount":0,"pendingCount":0}
{"timestamp":"2025-07-02T22:41:14.962Z","type":"monitor","status":"info","message":"Scheduler status check","isUpdating":false,"lastUpdateTime":"2025-07-02T21:00:05.585Z","activeCategories":["NBA","MLB","KBO","NFL","MLS","K리그","J리그","세리에 A","브라질 세리에 A","아르헨티나 프리메라","중국 슈퍼리그","라리가","분데스리가"],"uptime":37897.119919333,"apiCallEstimate":"~26 calls per hour","memory":{"used":"338MB","total":"353MB"}}
{"timestamp":"2025-07-02T22:56:14.996Z","type":"monitor","status":"info","message":"Scheduler status check","isUpdating":false,"lastUpdateTime":"2025-07-02T21:00:05.585Z","activeCategories":["NBA","MLB","KBO","NFL","MLS","K리그","J리그","세리에 A","브라질 세리에 A","아르헨티나 프리메라","중국 슈퍼리그","라리가","분데스리가"],"uptime":38797.136605958,"apiCallEstimate":"~26 calls per hour","memory":{"used":"343MB","total":"350MB"}}
{"timestamp":"2025-07-02T23:00:00.451Z","type":"results","status":"start","message":"Starting cost-efficient game results update","categories":["NBA","MLB","KBO","NFL","MLS","K리그","J리그","세리에 A","브라질 세리에 A","아르헨티나 프리메라","중국 슈퍼리그","라리가","분데스리가"]}
{"timestamp":"2025-07-02T23:00:07.064Z","type":"bets","status":"start","message":"Starting bet results update after game results"}
{"timestamp":"2025-07-02T23:00:07.164Z","type":"results","status":"success","message":"Game results and bet results update completed","gameResultsUpdated":"N/A","betResultsUpdated":0,"categories":["NBA","MLB","KBO","NFL","MLS","K리그","J리그","세리에 A","브라질 세리에 A","아르헨티나 프리메라","중국 슈퍼리그","라리가","분데스리가"]}
{"timestamp":"2025-07-02T23:11:14.984Z","type":"monitor","status":"info","message":"Scheduler status check","isUpdating":false,"lastUpdateTime":"2025-07-02T23:00:07.164Z","activeCategories":["NBA","MLB","KBO","NFL","MLS","K리그","J리그","세리에 A","브라질 세리에 A","아르헨티나 프리메라","중국 슈퍼리그","라리가","분데스리가"],"uptime":39697.138945042,"apiCallEstimate":"~26 calls per hour","memory":{"used":"355MB","total":"371MB"}}
{"timestamp":"2025-07-02T23:26:15.011Z","type":"monitor","status":"info","message":"Scheduler status check","isUpdating":false,"lastUpdateTime":"2025-07-02T23:00:07.164Z","activeCategories":["NBA","MLB","KBO","NFL","MLS","K리그","J리그","세리에 A","브라질 세리에 A","아르헨티나 프리메라","중국 슈퍼리그","라리가","분데스리가"],"uptime":40597.138143167,"apiCallEstimate":"~26 calls per hour","memory":{"used":"362MB","total":"368MB"}}
{"timestamp":"2025-07-02T23:30:00.999Z","type":"bets","status":"start","message":"Starting scheduled bet results update"}
{"timestamp":"2025-07-02T23:30:01.105Z","type":"bets","status":"success","message":"Scheduled bet results update completed","updatedCount":0,"pendingCount":0}
{"timestamp":"2025-07-02T23:41:15.014Z","type":"monitor","status":"info","message":"Scheduler status check","isUpdating":false,"lastUpdateTime":"2025-07-02T23:00:07.164Z","activeCategories":["NBA","MLB","KBO","NFL","MLS","K리그","J리그","세리에 A","브라질 세리에 A","아르헨티나 프리메라","중국 슈퍼리그","라리가","분데스리가"],"uptime":41497.142416083,"apiCallEstimate":"~26 calls per hour","memory":{"used":"343MB","total":"391MB"}}
{"timestamp":"2025-07-02T23:56:14.991Z","type":"monitor","status":"info","message":"Scheduler status check","isUpdating":false,"lastUpdateTime":"2025-07-02T23:00:07.164Z","activeCategories":["NBA","MLB","KBO","NFL","MLS","K리그","J리그","세리에 A","브라질 세리에 A","아르헨티나 프리메라","중국 슈퍼리그","라리가","분데스리가"],"uptime":42397.1525185,"apiCallEstimate":"~26 calls per hour","memory":{"used":"381MB","total":"387MB"}}
