{"timestamp":"2025-08-08T04:15:04.548Z","type":"init","status":"start","message":"Starting initial data caching for active categories","categoryCount":14}
{"timestamp":"2025-08-08T04:15:11.104Z","type":"init","status":"success","message":"Initial data cached successfully for active categories","oddsUpdated":130,"resultsUpdated":"N/A","betsUpdated":0,"categoryCount":14}
{"timestamp":"2025-08-08T04:20:00.873Z","type":"results","status":"start","message":"Starting cost-efficient game results update","categoryCount":14}
{"timestamp":"2025-08-08T04:20:06.774Z","type":"bets","status":"start","message":"Starting bet results update after game results"}
{"timestamp":"2025-08-08T04:20:06.796Z","type":"results","status":"success","message":"Game results and bet results update completed","gameResultsUpdated":0,"gameResultsDetail":{"totalUpdated":0,"newGames":0,"existingGamesUpdated":0,"skippedGames":0,"categoriesProcessed":13},"betResultsUpdated":0,"categoryCount":14}
{"timestamp":"2025-08-08T04:30:00.755Z","type":"results","status":"start","message":"Starting cost-efficient game results update","categoryCount":14}
{"timestamp":"2025-08-08T04:30:00.763Z","type":"odds","status":"start","message":"Starting high-priority leagues odds update (30min interval)","priority":"high","leagues":["NBA","MLB","KBO","NFL","프리미어리그"]}
{"timestamp":"2025-08-08T04:30:00.766Z","type":"epl","status":"start","message":"EPL 프리미어리그 데이터 강제 업데이트"}
{"timestamp":"2025-08-08T04:30:01.544Z","type":"epl","status":"success","message":"EPL 프리미어리그 데이터 업데이트 완료"}
{"timestamp":"2025-08-08T04:30:05.004Z","type":"odds","status":"success","message":"High-priority odds update completed (30min interval)","priority":"medium","leagues":["NBA","MLB","KBO","NFL","프리미어리그"],"dynamicPriority":"low","oddsUpdated":19,"oddsDetail":{"totalUpdated":19,"newOdds":0,"existingOddsUpdated":19,"skippedOdds":1,"apiCalls":5,"categoriesProcessed":5}}
{"timestamp":"2025-08-08T04:30:05.878Z","type":"bets","status":"start","message":"Starting bet results update after game results"}
{"timestamp":"2025-08-08T04:30:05.895Z","type":"results","status":"success","message":"Game results and bet results update completed","gameResultsUpdated":0,"gameResultsDetail":{"totalUpdated":0,"newGames":0,"existingGamesUpdated":0,"skippedGames":0,"categoriesProcessed":13},"betResultsUpdated":0,"categoryCount":14}
{"timestamp":"2025-08-08T04:40:00.418Z","type":"results","status":"start","message":"Starting cost-efficient game results update","categoryCount":14}
{"timestamp":"2025-08-08T04:40:05.149Z","type":"bets","status":"start","message":"Starting bet results update after game results"}
{"timestamp":"2025-08-08T04:40:05.166Z","type":"results","status":"success","message":"Game results and bet results update completed","gameResultsUpdated":0,"gameResultsDetail":{"totalUpdated":0,"newGames":0,"existingGamesUpdated":0,"skippedGames":0,"categoriesProcessed":13},"betResultsUpdated":0,"categoryCount":14}
{"timestamp":"2025-08-08T04:50:00.064Z","type":"results","status":"start","message":"Starting cost-efficient game results update","categoryCount":14}
{"timestamp":"2025-08-08T04:50:04.634Z","type":"bets","status":"start","message":"Starting bet results update after game results"}
{"timestamp":"2025-08-08T04:50:04.649Z","type":"results","status":"success","message":"Game results and bet results update completed","gameResultsUpdated":0,"gameResultsDetail":{"totalUpdated":0,"newGames":0,"existingGamesUpdated":0,"skippedGames":0,"categoriesProcessed":13},"betResultsUpdated":0,"categoryCount":14}
{"timestamp":"2025-08-08T05:00:00.703Z","type":"results","status":"start","message":"Starting cost-efficient game results update","categoryCount":14}
{"timestamp":"2025-08-08T05:00:00.708Z","type":"odds","status":"start","message":"Starting high-priority leagues odds update (30min interval)","priority":"high","leagues":["NBA","MLB","KBO","NFL","프리미어리그"]}
{"timestamp":"2025-08-08T05:00:00.711Z","type":"odds","status":"start","message":"Starting medium-priority leagues odds update (2hour interval)","priority":"medium","leagues":["MLS","KLEAGUE","JLEAGUE","SERIEA"]}
{"timestamp":"2025-08-08T05:00:00.713Z","type":"epl","status":"start","message":"EPL 프리미어리그 데이터 강제 업데이트"}
{"timestamp":"2025-08-08T05:00:02.395Z","type":"epl","status":"success","message":"EPL 프리미어리그 데이터 업데이트 완료"}
{"timestamp":"2025-08-08T05:00:03.396Z","type":"odds","status":"success","message":"Medium-priority odds update completed (2hour interval)","priority":"medium","leagues":["MLS","KLEAGUE","JLEAGUE","SERIEA"],"dynamicPriority":"low","oddsUpdated":46,"oddsDetail":{"totalUpdated":46,"newOdds":0,"existingOddsUpdated":46,"skippedOdds":0,"apiCalls":4,"categoriesProcessed":4}}
{"timestamp":"2025-08-08T05:00:07.160Z","type":"odds","status":"success","message":"High-priority odds update completed (30min interval)","priority":"medium","leagues":["NBA","MLB","KBO","NFL","프리미어리그"],"dynamicPriority":"low","oddsUpdated":19,"oddsDetail":{"totalUpdated":19,"newOdds":0,"existingOddsUpdated":19,"skippedOdds":1,"apiCalls":5,"categoriesProcessed":5}}
{"timestamp":"2025-08-08T05:00:10.871Z","type":"bets","status":"start","message":"Starting bet results update after game results"}
{"timestamp":"2025-08-08T05:00:10.887Z","type":"results","status":"success","message":"Game results and bet results update completed","gameResultsUpdated":0,"gameResultsDetail":{"totalUpdated":0,"newGames":0,"existingGamesUpdated":0,"skippedGames":0,"categoriesProcessed":13},"betResultsUpdated":0,"categoryCount":14}
