{"timestamp":"2025-07-18T00:00:00.820Z","type":"results","status":"start","message":"Starting cost-efficient game results update","categories":["NBA","MLB","KBO","NFL","프리미어리그","MLS","K리그","J리그","세리에 A","브라질 세리에 A","아르헨티나 프리메라","중국 슈퍼리그","라리가","분데스리가"]}
{"timestamp":"2025-07-18T00:00:00.921Z","type":"odds","status":"start","message":"Starting high-priority leagues odds update (10min interval)","priority":"high","leagues":["NBA","MLB","KBO","NFL","프리미어리그"]}
{"timestamp":"2025-07-18T00:00:00.930Z","type":"odds","status":"start","message":"Starting medium-priority leagues odds update (1hour interval)","priority":"medium","leagues":["MLS","K리그","J리그","세리에 A"]}
{"timestamp":"2025-07-18T00:00:00.932Z","type":"epl","status":"start","message":"EPL 프리미어리그 데이터 강제 업데이트"}
{"timestamp":"2025-07-18T00:00:01.362Z","type":"odds","status":"success","message":"High-priority odds update completed (10min interval)","priority":"medium","leagues":["NBA","MLB","KBO","NFL","프리미어리그"],"dynamicPriority":"low","oddsUpdated":0,"oddsDetail":{"totalUpdated":0,"newOdds":0,"existingOddsUpdated":0,"skippedOdds":0,"apiCalls":0,"categoriesProcessed":5}}
{"timestamp":"2025-07-18T00:00:01.363Z","type":"odds","status":"success","message":"Medium-priority odds update completed (1hour interval)","priority":"medium","leagues":["MLS","K리그","J리그","세리에 A"],"dynamicPriority":"low","oddsUpdated":0,"oddsDetail":{"totalUpdated":0,"newOdds":0,"existingOddsUpdated":0,"skippedOdds":0,"apiCalls":0,"categoriesProcessed":4}}
{"timestamp":"2025-07-18T00:00:02.696Z","type":"epl","status":"success","message":"EPL 프리미어리그 데이터 업데이트 완료"}
{"timestamp":"2025-07-18T00:00:43.092Z","type":"bets","status":"start","message":"Starting bet results update after game results"}
{"timestamp":"2025-07-18T00:00:43.164Z","type":"results","status":"success","message":"Game results and bet results update completed","gameResultsUpdated":80,"gameResultsDetail":{"totalUpdated":80,"newGames":0,"existingGamesUpdated":80,"skippedGames":0,"categoriesProcessed":11},"betResultsUpdated":0,"categories":["NBA","MLB","KBO","NFL","프리미어리그","MLS","K리그","J리그","세리에 A","브라질 세리에 A","아르헨티나 프리메라","중국 슈퍼리그","라리가","분데스리가"]}
{"timestamp":"2025-07-18T00:07:39.079Z","type":"monitor","status":"info","message":"Scheduler status check","isUpdating":false,"lastUpdateTime":"2025-07-18T00:00:43.164Z","activeCategories":["NBA","MLB","KBO","NFL","프리미어리그","MLS","K리그","J리그","세리에 A","브라질 세리에 A","아르헨티나 프리메라","중국 슈퍼리그","라리가","분데스리가"],"uptime":15300.632114291,"apiCallEstimate":"~28 calls per hour","memory":{"used":"38MB","total":"39MB"}}
{"timestamp":"2025-07-18T00:10:00.839Z","type":"results","status":"start","message":"Starting cost-efficient game results update","categories":["NBA","MLB","KBO","NFL","프리미어리그","MLS","K리그","J리그","세리에 A","브라질 세리에 A","아르헨티나 프리메라","중국 슈퍼리그","라리가","분데스리가"]}
{"timestamp":"2025-07-18T00:10:00.928Z","type":"odds","status":"start","message":"Starting high-priority leagues odds update (10min interval)","priority":"high","leagues":["NBA","MLB","KBO","NFL","프리미어리그"]}
{"timestamp":"2025-07-18T00:10:00.936Z","type":"epl","status":"start","message":"EPL 프리미어리그 데이터 강제 업데이트"}
{"timestamp":"2025-07-18T00:10:00.996Z","type":"odds","status":"success","message":"High-priority odds update completed (10min interval)","priority":"medium","leagues":["NBA","MLB","KBO","NFL","프리미어리그"],"dynamicPriority":"low","oddsUpdated":0,"oddsDetail":{"totalUpdated":0,"newOdds":0,"existingOddsUpdated":0,"skippedOdds":0,"apiCalls":0,"categoriesProcessed":5}}
{"timestamp":"2025-07-18T00:10:03.929Z","type":"epl","status":"success","message":"EPL 프리미어리그 데이터 업데이트 완료"}
{"timestamp":"2025-07-18T00:10:56.026Z","type":"bets","status":"start","message":"Starting bet results update after game results"}
{"timestamp":"2025-07-18T00:10:56.072Z","type":"results","status":"success","message":"Game results and bet results update completed","gameResultsUpdated":80,"gameResultsDetail":{"totalUpdated":80,"newGames":0,"existingGamesUpdated":80,"skippedGames":0,"categoriesProcessed":11},"betResultsUpdated":0,"categories":["NBA","MLB","KBO","NFL","프리미어리그","MLS","K리그","J리그","세리에 A","브라질 세리에 A","아르헨티나 프리메라","중국 슈퍼리그","라리가","분데스리가"]}
{"timestamp":"2025-07-18T00:20:00.559Z","type":"results","status":"start","message":"Starting cost-efficient game results update","categories":["NBA","MLB","KBO","NFL","프리미어리그","MLS","K리그","J리그","세리에 A","브라질 세리에 A","아르헨티나 프리메라","중국 슈퍼리그","라리가","분데스리가"]}
{"timestamp":"2025-07-18T00:20:00.619Z","type":"odds","status":"start","message":"Starting high-priority leagues odds update (10min interval)","priority":"high","leagues":["NBA","MLB","KBO","NFL","프리미어리그"]}
{"timestamp":"2025-07-18T00:20:00.630Z","type":"epl","status":"start","message":"EPL 프리미어리그 데이터 강제 업데이트"}
{"timestamp":"2025-07-18T00:20:00.713Z","type":"odds","status":"success","message":"High-priority odds update completed (10min interval)","priority":"medium","leagues":["NBA","MLB","KBO","NFL","프리미어리그"],"dynamicPriority":"low","oddsUpdated":0,"oddsDetail":{"totalUpdated":0,"newOdds":0,"existingOddsUpdated":0,"skippedOdds":0,"apiCalls":0,"categoriesProcessed":5}}
{"timestamp":"2025-07-18T00:20:02.369Z","type":"epl","status":"success","message":"EPL 프리미어리그 데이터 업데이트 완료"}
{"timestamp":"2025-07-18T00:20:50.713Z","type":"bets","status":"start","message":"Starting bet results update after game results"}
{"timestamp":"2025-07-18T00:20:50.763Z","type":"results","status":"success","message":"Game results and bet results update completed","gameResultsUpdated":80,"gameResultsDetail":{"totalUpdated":80,"newGames":0,"existingGamesUpdated":80,"skippedGames":0,"categoriesProcessed":11},"betResultsUpdated":0,"categories":["NBA","MLB","KBO","NFL","프리미어리그","MLS","K리그","J리그","세리에 A","브라질 세리에 A","아르헨티나 프리메라","중국 슈퍼리그","라리가","분데스리가"]}
{"timestamp":"2025-07-18T00:22:39.183Z","type":"monitor","status":"info","message":"Scheduler status check","isUpdating":false,"lastUpdateTime":"2025-07-18T00:20:50.763Z","activeCategories":["NBA","MLB","KBO","NFL","프리미어리그","MLS","K리그","J리그","세리에 A","브라질 세리에 A","아르헨티나 프리메라","중국 슈퍼리그","라리가","분데스리가"],"uptime":16200.722158666,"apiCallEstimate":"~28 calls per hour","memory":{"used":"26MB","total":"31MB"}}
{"timestamp":"2025-07-18T00:30:00.983Z","type":"results","status":"start","message":"Starting cost-efficient game results update","categories":["NBA","MLB","KBO","NFL","프리미어리그","MLS","K리그","J리그","세리에 A","브라질 세리에 A","아르헨티나 프리메라","중국 슈퍼리그","라리가","분데스리가"]}
{"timestamp":"2025-07-18T00:30:57.722Z","type":"bets","status":"start","message":"Starting bet results update after game results"}
{"timestamp":"2025-07-18T00:30:57.766Z","type":"results","status":"success","message":"Game results and bet results update completed","gameResultsUpdated":85,"gameResultsDetail":{"totalUpdated":85,"newGames":5,"existingGamesUpdated":80,"skippedGames":0,"categoriesProcessed":11},"betResultsUpdated":0,"categories":["NBA","MLB","KBO","NFL","프리미어리그","MLS","K리그","J리그","세리에 A","브라질 세리에 A","아르헨티나 프리메라","중국 슈퍼리그","라리가","분데스리가"]}
{"timestamp":"2025-07-18T00:37:39.081Z","type":"monitor","status":"info","message":"Scheduler status check","isUpdating":false,"lastUpdateTime":"2025-07-18T00:30:57.766Z","activeCategories":["NBA","MLB","KBO","NFL","프리미어리그","MLS","K리그","J리그","세리에 A","브라질 세리에 A","아르헨티나 프리메라","중국 슈퍼리그","라리가","분데스리가"],"uptime":17100.631867416,"apiCallEstimate":"~28 calls per hour","memory":{"used":"26MB","total":"31MB"}}
{"timestamp":"2025-07-18T00:40:00.694Z","type":"results","status":"start","message":"Starting cost-efficient game results update","categories":["NBA","MLB","KBO","NFL","프리미어리그","MLS","K리그","J리그","세리에 A","브라질 세리에 A","아르헨티나 프리메라","중국 슈퍼리그","라리가","분데스리가"]}
{"timestamp":"2025-07-18T00:40:00.876Z","type":"odds","status":"start","message":"Starting high-priority leagues odds update (10min interval)","priority":"high","leagues":["NBA","MLB","KBO","NFL","프리미어리그"]}
{"timestamp":"2025-07-18T00:40:00.886Z","type":"epl","status":"start","message":"EPL 프리미어리그 데이터 강제 업데이트"}
{"timestamp":"2025-07-18T00:40:01.132Z","type":"odds","status":"success","message":"High-priority odds update completed (10min interval)","priority":"medium","leagues":["NBA","MLB","KBO","NFL","프리미어리그"],"dynamicPriority":"low","oddsUpdated":0,"oddsDetail":{"totalUpdated":0,"newOdds":0,"existingOddsUpdated":0,"skippedOdds":0,"apiCalls":0,"categoriesProcessed":5}}
{"timestamp":"2025-07-18T00:40:04.836Z","type":"epl","status":"success","message":"EPL 프리미어리그 데이터 업데이트 완료"}
{"timestamp":"2025-07-18T00:40:45.820Z","type":"bets","status":"start","message":"Starting bet results update after game results"}
{"timestamp":"2025-07-18T00:40:45.862Z","type":"results","status":"success","message":"Game results and bet results update completed","gameResultsUpdated":85,"gameResultsDetail":{"totalUpdated":85,"newGames":0,"existingGamesUpdated":85,"skippedGames":0,"categoriesProcessed":11},"betResultsUpdated":0,"categories":["NBA","MLB","KBO","NFL","프리미어리그","MLS","K리그","J리그","세리에 A","브라질 세리에 A","아르헨티나 프리메라","중국 슈퍼리그","라리가","분데스리가"]}
{"timestamp":"2025-07-18T00:50:00.214Z","type":"results","status":"start","message":"Starting cost-efficient game results update","categories":["NBA","MLB","KBO","NFL","프리미어리그","MLS","K리그","J리그","세리에 A","브라질 세리에 A","아르헨티나 프리메라","중국 슈퍼리그","라리가","분데스리가"]}
{"timestamp":"2025-07-18T00:50:00.295Z","type":"odds","status":"start","message":"Starting high-priority leagues odds update (10min interval)","priority":"high","leagues":["NBA","MLB","KBO","NFL","프리미어리그"]}
{"timestamp":"2025-07-18T00:50:00.302Z","type":"epl","status":"start","message":"EPL 프리미어리그 데이터 강제 업데이트"}
{"timestamp":"2025-07-18T00:50:00.372Z","type":"odds","status":"success","message":"High-priority odds update completed (10min interval)","priority":"medium","leagues":["NBA","MLB","KBO","NFL","프리미어리그"],"dynamicPriority":"low","oddsUpdated":0,"oddsDetail":{"totalUpdated":0,"newOdds":0,"existingOddsUpdated":0,"skippedOdds":0,"apiCalls":0,"categoriesProcessed":5}}
{"timestamp":"2025-07-18T00:50:02.068Z","type":"epl","status":"success","message":"EPL 프리미어리그 데이터 업데이트 완료"}
{"timestamp":"2025-07-18T00:50:58.083Z","type":"bets","status":"start","message":"Starting bet results update after game results"}
{"timestamp":"2025-07-18T00:50:58.142Z","type":"results","status":"success","message":"Game results and bet results update completed","gameResultsUpdated":85,"gameResultsDetail":{"totalUpdated":85,"newGames":0,"existingGamesUpdated":85,"skippedGames":0,"categoriesProcessed":11},"betResultsUpdated":0,"categories":["NBA","MLB","KBO","NFL","프리미어리그","MLS","K리그","J리그","세리에 A","브라질 세리에 A","아르헨티나 프리메라","중국 슈퍼리그","라리가","분데스리가"]}
{"timestamp":"2025-07-18T00:52:39.127Z","type":"monitor","status":"info","message":"Scheduler status check","isUpdating":false,"lastUpdateTime":"2025-07-18T00:50:58.142Z","activeCategories":["NBA","MLB","KBO","NFL","프리미어리그","MLS","K리그","J리그","세리에 A","브라질 세리에 A","아르헨티나 프리메라","중국 슈퍼리그","라리가","분데스리가"],"uptime":18000.639709625,"apiCallEstimate":"~28 calls per hour","memory":{"used":"26MB","total":"31MB"}}
{"timestamp":"2025-07-18T01:00:00.772Z","type":"results","status":"start","message":"Starting cost-efficient game results update","categories":["NBA","MLB","KBO","NFL","프리미어리그","MLS","K리그","J리그","세리에 A","브라질 세리에 A","아르헨티나 프리메라","중국 슈퍼리그","라리가","분데스리가"]}
{"timestamp":"2025-07-18T01:00:00.970Z","type":"odds","status":"start","message":"Starting high-priority leagues odds update (10min interval)","priority":"high","leagues":["NBA","MLB","KBO","NFL","프리미어리그"]}
{"timestamp":"2025-07-18T01:00:00.982Z","type":"odds","status":"start","message":"Starting medium-priority leagues odds update (1hour interval)","priority":"medium","leagues":["MLS","K리그","J리그","세리에 A"]}
{"timestamp":"2025-07-18T01:00:00.983Z","type":"epl","status":"start","message":"EPL 프리미어리그 데이터 강제 업데이트"}
{"timestamp":"2025-07-18T01:00:01.057Z","type":"odds","status":"success","message":"Medium-priority odds update completed (1hour interval)","priority":"medium","leagues":["MLS","K리그","J리그","세리에 A"],"dynamicPriority":"low","oddsUpdated":0,"oddsDetail":{"totalUpdated":0,"newOdds":0,"existingOddsUpdated":0,"skippedOdds":0,"apiCalls":0,"categoriesProcessed":4}}
{"timestamp":"2025-07-18T01:00:01.058Z","type":"odds","status":"success","message":"High-priority odds update completed (10min interval)","priority":"medium","leagues":["NBA","MLB","KBO","NFL","프리미어리그"],"dynamicPriority":"low","oddsUpdated":0,"oddsDetail":{"totalUpdated":0,"newOdds":0,"existingOddsUpdated":0,"skippedOdds":0,"apiCalls":0,"categoriesProcessed":5}}
{"timestamp":"2025-07-18T01:00:04.965Z","type":"epl","status":"success","message":"EPL 프리미어리그 데이터 업데이트 완료"}
{"timestamp":"2025-07-18T01:00:46.086Z","type":"bets","status":"start","message":"Starting bet results update after game results"}
{"timestamp":"2025-07-18T01:00:46.136Z","type":"results","status":"success","message":"Game results and bet results update completed","gameResultsUpdated":85,"gameResultsDetail":{"totalUpdated":85,"newGames":0,"existingGamesUpdated":85,"skippedGames":0,"categoriesProcessed":11},"betResultsUpdated":0,"categories":["NBA","MLB","KBO","NFL","프리미어리그","MLS","K리그","J리그","세리에 A","브라질 세리에 A","아르헨티나 프리메라","중국 슈퍼리그","라리가","분데스리가"]}
{"timestamp":"2025-07-18T01:07:39.152Z","type":"monitor","status":"info","message":"Scheduler status check","isUpdating":false,"lastUpdateTime":"2025-07-18T01:00:46.136Z","activeCategories":["NBA","MLB","KBO","NFL","프리미어리그","MLS","K리그","J리그","세리에 A","브라질 세리에 A","아르헨티나 프리메라","중국 슈퍼리그","라리가","분데스리가"],"uptime":18900.650624708,"apiCallEstimate":"~28 calls per hour","memory":{"used":"27MB","total":"31MB"}}
{"timestamp":"2025-07-18T01:10:00.547Z","type":"results","status":"start","message":"Starting cost-efficient game results update","categories":["NBA","MLB","KBO","NFL","프리미어리그","MLS","K리그","J리그","세리에 A","브라질 세리에 A","아르헨티나 프리메라","중국 슈퍼리그","라리가","분데스리가"]}
{"timestamp":"2025-07-18T01:10:00.610Z","type":"odds","status":"start","message":"Starting high-priority leagues odds update (10min interval)","priority":"high","leagues":["NBA","MLB","KBO","NFL","프리미어리그"]}
{"timestamp":"2025-07-18T01:10:00.616Z","type":"epl","status":"start","message":"EPL 프리미어리그 데이터 강제 업데이트"}
{"timestamp":"2025-07-18T01:10:00.682Z","type":"odds","status":"success","message":"High-priority odds update completed (10min interval)","priority":"medium","leagues":["NBA","MLB","KBO","NFL","프리미어리그"],"dynamicPriority":"low","oddsUpdated":0,"oddsDetail":{"totalUpdated":0,"newOdds":0,"existingOddsUpdated":0,"skippedOdds":0,"apiCalls":0,"categoriesProcessed":5}}
{"timestamp":"2025-07-18T01:10:03.807Z","type":"epl","status":"success","message":"EPL 프리미어리그 데이터 업데이트 완료"}
{"timestamp":"2025-07-18T01:10:55.505Z","type":"bets","status":"start","message":"Starting bet results update after game results"}
{"timestamp":"2025-07-18T01:10:55.562Z","type":"results","status":"success","message":"Game results and bet results update completed","gameResultsUpdated":85,"gameResultsDetail":{"totalUpdated":85,"newGames":0,"existingGamesUpdated":85,"skippedGames":0,"categoriesProcessed":11},"betResultsUpdated":0,"categories":["NBA","MLB","KBO","NFL","프리미어리그","MLS","K리그","J리그","세리에 A","브라질 세리에 A","아르헨티나 프리메라","중국 슈퍼리그","라리가","분데스리가"]}
{"timestamp":"2025-07-18T01:20:00.661Z","type":"results","status":"start","message":"Starting cost-efficient game results update","categories":["NBA","MLB","KBO","NFL","프리미어리그","MLS","K리그","J리그","세리에 A","브라질 세리에 A","아르헨티나 프리메라","중국 슈퍼리그","라리가","분데스리가"]}
{"timestamp":"2025-07-18T01:20:00.724Z","type":"odds","status":"start","message":"Starting high-priority leagues odds update (10min interval)","priority":"high","leagues":["NBA","MLB","KBO","NFL","프리미어리그"]}
{"timestamp":"2025-07-18T01:20:00.732Z","type":"epl","status":"start","message":"EPL 프리미어리그 데이터 강제 업데이트"}
{"timestamp":"2025-07-18T01:20:00.792Z","type":"odds","status":"success","message":"High-priority odds update completed (10min interval)","priority":"medium","leagues":["NBA","MLB","KBO","NFL","프리미어리그"],"dynamicPriority":"low","oddsUpdated":0,"oddsDetail":{"totalUpdated":0,"newOdds":0,"existingOddsUpdated":0,"skippedOdds":0,"apiCalls":0,"categoriesProcessed":5}}
{"timestamp":"2025-07-18T01:20:02.504Z","type":"epl","status":"success","message":"EPL 프리미어리그 데이터 업데이트 완료"}
{"timestamp":"2025-07-18T01:20:48.781Z","type":"bets","status":"start","message":"Starting bet results update after game results"}
{"timestamp":"2025-07-18T01:20:48.832Z","type":"results","status":"success","message":"Game results and bet results update completed","gameResultsUpdated":85,"gameResultsDetail":{"totalUpdated":85,"newGames":0,"existingGamesUpdated":85,"skippedGames":0,"categoriesProcessed":11},"betResultsUpdated":0,"categories":["NBA","MLB","KBO","NFL","프리미어리그","MLS","K리그","J리그","세리에 A","브라질 세리에 A","아르헨티나 프리메라","중국 슈퍼리그","라리가","분데스리가"]}
{"timestamp":"2025-07-18T01:22:39.164Z","type":"monitor","status":"info","message":"Scheduler status check","isUpdating":false,"lastUpdateTime":"2025-07-18T01:20:48.832Z","activeCategories":["NBA","MLB","KBO","NFL","프리미어리그","MLS","K리그","J리그","세리에 A","브라질 세리에 A","아르헨티나 프리메라","중국 슈퍼리그","라리가","분데스리가"],"uptime":19800.656690958,"apiCallEstimate":"~28 calls per hour","memory":{"used":"26MB","total":"32MB"}}
{"timestamp":"2025-07-18T01:30:00.720Z","type":"results","status":"start","message":"Starting cost-efficient game results update","categories":["NBA","MLB","KBO","NFL","프리미어리그","MLS","K리그","J리그","세리에 A","브라질 세리에 A","아르헨티나 프리메라","중국 슈퍼리그","라리가","분데스리가"]}
{"timestamp":"2025-07-18T01:30:00.768Z","type":"odds","status":"start","message":"Starting high-priority leagues odds update (10min interval)","priority":"high","leagues":["NBA","MLB","KBO","NFL","프리미어리그"]}
{"timestamp":"2025-07-18T01:30:00.772Z","type":"epl","status":"start","message":"EPL 프리미어리그 데이터 강제 업데이트"}
{"timestamp":"2025-07-18T01:30:00.810Z","type":"odds","status":"success","message":"High-priority odds update completed (10min interval)","priority":"medium","leagues":["NBA","MLB","KBO","NFL","프리미어리그"],"dynamicPriority":"low","oddsUpdated":0,"oddsDetail":{"totalUpdated":0,"newOdds":0,"existingOddsUpdated":0,"skippedOdds":0,"apiCalls":0,"categoriesProcessed":5}}
{"timestamp":"2025-07-18T01:30:02.562Z","type":"epl","status":"success","message":"EPL 프리미어리그 데이터 업데이트 완료"}
{"timestamp":"2025-07-18T01:30:46.500Z","type":"bets","status":"start","message":"Starting bet results update after game results"}
{"timestamp":"2025-07-18T01:30:46.548Z","type":"results","status":"success","message":"Game results and bet results update completed","gameResultsUpdated":85,"gameResultsDetail":{"totalUpdated":85,"newGames":0,"existingGamesUpdated":85,"skippedGames":0,"categoriesProcessed":11},"betResultsUpdated":0,"categories":["NBA","MLB","KBO","NFL","프리미어리그","MLS","K리그","J리그","세리에 A","브라질 세리에 A","아르헨티나 프리메라","중국 슈퍼리그","라리가","분데스리가"]}
{"timestamp":"2025-07-18T01:37:39.167Z","type":"monitor","status":"info","message":"Scheduler status check","isUpdating":false,"lastUpdateTime":"2025-07-18T01:30:46.548Z","activeCategories":["NBA","MLB","KBO","NFL","프리미어리그","MLS","K리그","J리그","세리에 A","브라질 세리에 A","아르헨티나 프리메라","중국 슈퍼리그","라리가","분데스리가"],"uptime":20700.65094775,"apiCallEstimate":"~28 calls per hour","memory":{"used":"26MB","total":"28MB"}}
{"timestamp":"2025-07-18T01:40:00.969Z","type":"results","status":"start","message":"Starting cost-efficient game results update","categories":["NBA","MLB","KBO","NFL","프리미어리그","MLS","K리그","J리그","세리에 A","브라질 세리에 A","아르헨티나 프리메라","중국 슈퍼리그","라리가","분데스리가"]}
{"timestamp":"2025-07-18T01:40:42.317Z","type":"bets","status":"start","message":"Starting bet results update after game results"}
{"timestamp":"2025-07-18T01:40:42.352Z","type":"results","status":"success","message":"Game results and bet results update completed","gameResultsUpdated":85,"gameResultsDetail":{"totalUpdated":85,"newGames":0,"existingGamesUpdated":85,"skippedGames":0,"categoriesProcessed":11},"betResultsUpdated":0,"categories":["NBA","MLB","KBO","NFL","프리미어리그","MLS","K리그","J리그","세리에 A","브라질 세리에 A","아르헨티나 프리메라","중국 슈퍼리그","라리가","분데스리가"]}
{"timestamp":"2025-07-18T01:50:00.279Z","type":"results","status":"start","message":"Starting cost-efficient game results update","categories":["NBA","MLB","KBO","NFL","프리미어리그","MLS","K리그","J리그","세리에 A","브라질 세리에 A","아르헨티나 프리메라","중국 슈퍼리그","라리가","분데스리가"]}
{"timestamp":"2025-07-18T01:50:00.316Z","type":"odds","status":"start","message":"Starting high-priority leagues odds update (10min interval)","priority":"high","leagues":["NBA","MLB","KBO","NFL","프리미어리그"]}
{"timestamp":"2025-07-18T01:50:00.320Z","type":"epl","status":"start","message":"EPL 프리미어리그 데이터 강제 업데이트"}
{"timestamp":"2025-07-18T01:50:00.365Z","type":"odds","status":"success","message":"High-priority odds update completed (10min interval)","priority":"medium","leagues":["NBA","MLB","KBO","NFL","프리미어리그"],"dynamicPriority":"low","oddsUpdated":0,"oddsDetail":{"totalUpdated":0,"newOdds":0,"existingOddsUpdated":0,"skippedOdds":0,"apiCalls":0,"categoriesProcessed":5}}
{"timestamp":"2025-07-18T01:50:02.127Z","type":"epl","status":"success","message":"EPL 프리미어리그 데이터 업데이트 완료"}
{"timestamp":"2025-07-18T01:50:49.666Z","type":"bets","status":"start","message":"Starting bet results update after game results"}
{"timestamp":"2025-07-18T01:50:49.709Z","type":"results","status":"success","message":"Game results and bet results update completed","gameResultsUpdated":85,"gameResultsDetail":{"totalUpdated":85,"newGames":0,"existingGamesUpdated":85,"skippedGames":0,"categoriesProcessed":11},"betResultsUpdated":0,"categories":["NBA","MLB","KBO","NFL","프리미어리그","MLS","K리그","J리그","세리에 A","브라질 세리에 A","아르헨티나 프리메라","중국 슈퍼리그","라리가","분데스리가"]}
{"timestamp":"2025-07-18T01:52:39.212Z","type":"monitor","status":"info","message":"Scheduler status check","isUpdating":false,"lastUpdateTime":"2025-07-18T01:50:49.709Z","activeCategories":["NBA","MLB","KBO","NFL","프리미어리그","MLS","K리그","J리그","세리에 A","브라질 세리에 A","아르헨티나 프리메라","중국 슈퍼리그","라리가","분데스리가"],"uptime":21600.643491208,"apiCallEstimate":"~28 calls per hour","memory":{"used":"27MB","total":"32MB"}}
{"timestamp":"2025-07-18T02:00:00.511Z","type":"results","status":"start","message":"Starting cost-efficient game results update","categories":["NBA","MLB","KBO","NFL","프리미어리그","MLS","K리그","J리그","세리에 A","브라질 세리에 A","아르헨티나 프리메라","중국 슈퍼리그","라리가","분데스리가"]}
{"timestamp":"2025-07-18T02:00:00.551Z","type":"odds","status":"start","message":"Starting high-priority leagues odds update (10min interval)","priority":"high","leagues":["NBA","MLB","KBO","NFL","프리미어리그"]}
{"timestamp":"2025-07-18T02:00:00.556Z","type":"odds","status":"start","message":"Starting medium-priority leagues odds update (1hour interval)","priority":"medium","leagues":["MLS","K리그","J리그","세리에 A"]}
{"timestamp":"2025-07-18T02:00:00.556Z","type":"epl","status":"start","message":"EPL 프리미어리그 데이터 강제 업데이트"}
{"timestamp":"2025-07-18T02:00:00.605Z","type":"odds","status":"success","message":"Medium-priority odds update completed (1hour interval)","priority":"medium","leagues":["MLS","K리그","J리그","세리에 A"],"dynamicPriority":"low","oddsUpdated":0,"oddsDetail":{"totalUpdated":0,"newOdds":0,"existingOddsUpdated":0,"skippedOdds":0,"apiCalls":0,"categoriesProcessed":4}}
{"timestamp":"2025-07-18T02:00:00.605Z","type":"odds","status":"success","message":"High-priority odds update completed (10min interval)","priority":"medium","leagues":["NBA","MLB","KBO","NFL","프리미어리그"],"dynamicPriority":"low","oddsUpdated":0,"oddsDetail":{"totalUpdated":0,"newOdds":0,"existingOddsUpdated":0,"skippedOdds":0,"apiCalls":0,"categoriesProcessed":5}}
{"timestamp":"2025-07-18T02:00:04.832Z","type":"epl","status":"success","message":"EPL 프리미어리그 데이터 업데이트 완료"}
{"timestamp":"2025-07-18T02:00:52.218Z","type":"bets","status":"start","message":"Starting bet results update after game results"}
{"timestamp":"2025-07-18T02:00:52.268Z","type":"results","status":"success","message":"Game results and bet results update completed","gameResultsUpdated":85,"gameResultsDetail":{"totalUpdated":85,"newGames":0,"existingGamesUpdated":85,"skippedGames":0,"categoriesProcessed":11},"betResultsUpdated":0,"categories":["NBA","MLB","KBO","NFL","프리미어리그","MLS","K리그","J리그","세리에 A","브라질 세리에 A","아르헨티나 프리메라","중국 슈퍼리그","라리가","분데스리가"]}
{"timestamp":"2025-07-18T02:07:39.240Z","type":"monitor","status":"info","message":"Scheduler status check","isUpdating":false,"lastUpdateTime":"2025-07-18T02:00:52.268Z","activeCategories":["NBA","MLB","KBO","NFL","프리미어리그","MLS","K리그","J리그","세리에 A","브라질 세리에 A","아르헨티나 프리메라","중국 슈퍼리그","라리가","분데스리가"],"uptime":22500.6508775,"apiCallEstimate":"~28 calls per hour","memory":{"used":"27MB","total":"32MB"}}
{"timestamp":"2025-07-18T02:10:00.494Z","type":"results","status":"start","message":"Starting cost-efficient game results update","categories":["NBA","MLB","KBO","NFL","프리미어리그","MLS","K리그","J리그","세리에 A","브라질 세리에 A","아르헨티나 프리메라","중국 슈퍼리그","라리가","분데스리가"]}
{"timestamp":"2025-07-18T02:10:00.552Z","type":"odds","status":"start","message":"Starting high-priority leagues odds update (10min interval)","priority":"high","leagues":["NBA","MLB","KBO","NFL","프리미어리그"]}
{"timestamp":"2025-07-18T02:10:00.555Z","type":"epl","status":"start","message":"EPL 프리미어리그 데이터 강제 업데이트"}
{"timestamp":"2025-07-18T02:10:00.628Z","type":"odds","status":"success","message":"High-priority odds update completed (10min interval)","priority":"medium","leagues":["NBA","MLB","KBO","NFL","프리미어리그"],"dynamicPriority":"low","oddsUpdated":0,"oddsDetail":{"totalUpdated":0,"newOdds":0,"existingOddsUpdated":0,"skippedOdds":0,"apiCalls":0,"categoriesProcessed":5}}
{"timestamp":"2025-07-18T02:10:01.752Z","type":"epl","status":"success","message":"EPL 프리미어리그 데이터 업데이트 완료"}
{"timestamp":"2025-07-18T02:10:32.952Z","type":"bets","status":"start","message":"Starting bet results update after game results"}
{"timestamp":"2025-07-18T02:10:32.990Z","type":"results","status":"success","message":"Game results and bet results update completed","gameResultsUpdated":85,"gameResultsDetail":{"totalUpdated":85,"newGames":0,"existingGamesUpdated":85,"skippedGames":0,"categoriesProcessed":11},"betResultsUpdated":0,"categories":["NBA","MLB","KBO","NFL","프리미어리그","MLS","K리그","J리그","세리에 A","브라질 세리에 A","아르헨티나 프리메라","중국 슈퍼리그","라리가","분데스리가"]}
{"timestamp":"2025-07-18T02:20:00.505Z","type":"results","status":"start","message":"Starting cost-efficient game results update","categories":["NBA","MLB","KBO","NFL","프리미어리그","MLS","K리그","J리그","세리에 A","브라질 세리에 A","아르헨티나 프리메라","중국 슈퍼리그","라리가","분데스리가"]}
{"timestamp":"2025-07-18T02:20:00.581Z","type":"odds","status":"start","message":"Starting high-priority leagues odds update (10min interval)","priority":"high","leagues":["NBA","MLB","KBO","NFL","프리미어리그"]}
{"timestamp":"2025-07-18T02:20:00.592Z","type":"epl","status":"start","message":"EPL 프리미어리그 데이터 강제 업데이트"}
{"timestamp":"2025-07-18T02:20:00.696Z","type":"odds","status":"success","message":"High-priority odds update completed (10min interval)","priority":"medium","leagues":["NBA","MLB","KBO","NFL","프리미어리그"],"dynamicPriority":"low","oddsUpdated":0,"oddsDetail":{"totalUpdated":0,"newOdds":0,"existingOddsUpdated":0,"skippedOdds":0,"apiCalls":0,"categoriesProcessed":5}}
{"timestamp":"2025-07-18T02:20:03.327Z","type":"epl","status":"success","message":"EPL 프리미어리그 데이터 업데이트 완료"}
{"timestamp":"2025-07-18T02:20:51.264Z","type":"bets","status":"start","message":"Starting bet results update after game results"}
{"timestamp":"2025-07-18T02:20:51.311Z","type":"results","status":"success","message":"Game results and bet results update completed","gameResultsUpdated":85,"gameResultsDetail":{"totalUpdated":85,"newGames":0,"existingGamesUpdated":85,"skippedGames":0,"categoriesProcessed":11},"betResultsUpdated":0,"categories":["NBA","MLB","KBO","NFL","프리미어리그","MLS","K리그","J리그","세리에 A","브라질 세리에 A","아르헨티나 프리메라","중국 슈퍼리그","라리가","분데스리가"]}
{"timestamp":"2025-07-18T02:22:39.171Z","type":"monitor","status":"info","message":"Scheduler status check","isUpdating":false,"lastUpdateTime":"2025-07-18T02:20:51.311Z","activeCategories":["NBA","MLB","KBO","NFL","프리미어리그","MLS","K리그","J리그","세리에 A","브라질 세리에 A","아르헨티나 프리메라","중국 슈퍼리그","라리가","분데스리가"],"uptime":23400.663380125,"apiCallEstimate":"~28 calls per hour","memory":{"used":"27MB","total":"31MB"}}
{"timestamp":"2025-07-18T02:30:00.837Z","type":"results","status":"start","message":"Starting cost-efficient game results update","categories":["NBA","MLB","KBO","NFL","프리미어리그","MLS","K리그","J리그","세리에 A","브라질 세리에 A","아르헨티나 프리메라","중국 슈퍼리그","라리가","분데스리가"]}
{"timestamp":"2025-07-18T02:30:00.905Z","type":"odds","status":"start","message":"Starting high-priority leagues odds update (10min interval)","priority":"high","leagues":["NBA","MLB","KBO","NFL","프리미어리그"]}
{"timestamp":"2025-07-18T02:30:00.909Z","type":"epl","status":"start","message":"EPL 프리미어리그 데이터 강제 업데이트"}
{"timestamp":"2025-07-18T02:30:00.973Z","type":"odds","status":"success","message":"High-priority odds update completed (10min interval)","priority":"medium","leagues":["NBA","MLB","KBO","NFL","프리미어리그"],"dynamicPriority":"low","oddsUpdated":0,"oddsDetail":{"totalUpdated":0,"newOdds":0,"existingOddsUpdated":0,"skippedOdds":0,"apiCalls":0,"categoriesProcessed":5}}
{"timestamp":"2025-07-18T02:30:05.356Z","type":"epl","status":"success","message":"EPL 프리미어리그 데이터 업데이트 완료"}
{"timestamp":"2025-07-18T02:30:56.153Z","type":"bets","status":"start","message":"Starting bet results update after game results"}
{"timestamp":"2025-07-18T02:30:56.204Z","type":"results","status":"success","message":"Game results and bet results update completed","gameResultsUpdated":85,"gameResultsDetail":{"totalUpdated":85,"newGames":0,"existingGamesUpdated":85,"skippedGames":0,"categoriesProcessed":11},"betResultsUpdated":0,"categories":["NBA","MLB","KBO","NFL","프리미어리그","MLS","K리그","J리그","세리에 A","브라질 세리에 A","아르헨티나 프리메라","중국 슈퍼리그","라리가","분데스리가"]}
{"timestamp":"2025-07-18T02:37:39.275Z","type":"monitor","status":"info","message":"Scheduler status check","isUpdating":false,"lastUpdateTime":"2025-07-18T02:30:56.204Z","activeCategories":["NBA","MLB","KBO","NFL","프리미어리그","MLS","K리그","J리그","세리에 A","브라질 세리에 A","아르헨티나 프리메라","중국 슈퍼리그","라리가","분데스리가"],"uptime":24300.725776916,"apiCallEstimate":"~28 calls per hour","memory":{"used":"31MB","total":"32MB"}}
{"timestamp":"2025-07-18T02:40:00.670Z","type":"results","status":"start","message":"Starting cost-efficient game results update","categories":["NBA","MLB","KBO","NFL","프리미어리그","MLS","K리그","J리그","세리에 A","브라질 세리에 A","아르헨티나 프리메라","중국 슈퍼리그","라리가","분데스리가"]}
{"timestamp":"2025-07-18T02:40:00.770Z","type":"odds","status":"start","message":"Starting high-priority leagues odds update (10min interval)","priority":"high","leagues":["NBA","MLB","KBO","NFL","프리미어리그"]}
{"timestamp":"2025-07-18T02:40:00.793Z","type":"epl","status":"start","message":"EPL 프리미어리그 데이터 강제 업데이트"}
{"timestamp":"2025-07-18T02:40:00.838Z","type":"odds","status":"success","message":"High-priority odds update completed (10min interval)","priority":"medium","leagues":["NBA","MLB","KBO","NFL","프리미어리그"],"dynamicPriority":"low","oddsUpdated":0,"oddsDetail":{"totalUpdated":0,"newOdds":0,"existingOddsUpdated":0,"skippedOdds":0,"apiCalls":0,"categoriesProcessed":5}}
{"timestamp":"2025-07-18T02:40:05.510Z","type":"epl","status":"success","message":"EPL 프리미어리그 데이터 업데이트 완료"}
{"timestamp":"2025-07-18T02:40:57.285Z","type":"bets","status":"start","message":"Starting bet results update after game results"}
{"timestamp":"2025-07-18T02:40:57.343Z","type":"results","status":"success","message":"Game results and bet results update completed","gameResultsUpdated":85,"gameResultsDetail":{"totalUpdated":85,"newGames":0,"existingGamesUpdated":85,"skippedGames":0,"categoriesProcessed":11},"betResultsUpdated":0,"categories":["NBA","MLB","KBO","NFL","프리미어리그","MLS","K리그","J리그","세리에 A","브라질 세리에 A","아르헨티나 프리메라","중국 슈퍼리그","라리가","분데스리가"]}
{"timestamp":"2025-07-18T02:50:00.825Z","type":"results","status":"start","message":"Starting cost-efficient game results update","categories":["NBA","MLB","KBO","NFL","프리미어리그","MLS","K리그","J리그","세리에 A","브라질 세리에 A","아르헨티나 프리메라","중국 슈퍼리그","라리가","분데스리가"]}
{"timestamp":"2025-07-18T02:50:00.890Z","type":"odds","status":"start","message":"Starting high-priority leagues odds update (10min interval)","priority":"high","leagues":["NBA","MLB","KBO","NFL","프리미어리그"]}
{"timestamp":"2025-07-18T02:50:00.901Z","type":"epl","status":"start","message":"EPL 프리미어리그 데이터 강제 업데이트"}
{"timestamp":"2025-07-18T02:50:00.954Z","type":"odds","status":"success","message":"High-priority odds update completed (10min interval)","priority":"medium","leagues":["NBA","MLB","KBO","NFL","프리미어리그"],"dynamicPriority":"low","oddsUpdated":0,"oddsDetail":{"totalUpdated":0,"newOdds":0,"existingOddsUpdated":0,"skippedOdds":0,"apiCalls":0,"categoriesProcessed":5}}
{"timestamp":"2025-07-18T02:50:03.478Z","type":"epl","status":"success","message":"EPL 프리미어리그 데이터 업데이트 완료"}
{"timestamp":"2025-07-18T02:50:54.530Z","type":"bets","status":"start","message":"Starting bet results update after game results"}
{"timestamp":"2025-07-18T02:50:54.576Z","type":"results","status":"success","message":"Game results and bet results update completed","gameResultsUpdated":85,"gameResultsDetail":{"totalUpdated":85,"newGames":0,"existingGamesUpdated":85,"skippedGames":0,"categoriesProcessed":11},"betResultsUpdated":0,"categories":["NBA","MLB","KBO","NFL","프리미어리그","MLS","K리그","J리그","세리에 A","브라질 세리에 A","아르헨티나 프리메라","중국 슈퍼리그","라리가","분데스리가"]}
{"timestamp":"2025-07-18T02:52:39.141Z","type":"monitor","status":"info","message":"Scheduler status check","isUpdating":false,"lastUpdateTime":"2025-07-18T02:50:54.576Z","activeCategories":["NBA","MLB","KBO","NFL","프리미어리그","MLS","K리그","J리그","세리에 A","브라질 세리에 A","아르헨티나 프리메라","중국 슈퍼리그","라리가","분데스리가"],"uptime":25200.648579166,"apiCallEstimate":"~28 calls per hour","memory":{"used":"27MB","total":"32MB"}}
{"timestamp":"2025-07-18T03:00:00.815Z","type":"results","status":"start","message":"Starting cost-efficient game results update","categories":["NBA","MLB","KBO","NFL","프리미어리그","MLS","K리그","J리그","세리에 A","브라질 세리에 A","아르헨티나 프리메라","중국 슈퍼리그","라리가","분데스리가"]}
{"timestamp":"2025-07-18T03:00:00.858Z","type":"odds","status":"start","message":"Starting high-priority leagues odds update (10min interval)","priority":"high","leagues":["NBA","MLB","KBO","NFL","프리미어리그"]}
{"timestamp":"2025-07-18T03:00:00.863Z","type":"odds","status":"start","message":"Starting medium-priority leagues odds update (1hour interval)","priority":"medium","leagues":["MLS","K리그","J리그","세리에 A"]}
{"timestamp":"2025-07-18T03:00:00.864Z","type":"epl","status":"start","message":"EPL 프리미어리그 데이터 강제 업데이트"}
{"timestamp":"2025-07-18T03:00:00.902Z","type":"odds","status":"success","message":"High-priority odds update completed (10min interval)","priority":"medium","leagues":["NBA","MLB","KBO","NFL","프리미어리그"],"dynamicPriority":"low","oddsUpdated":0,"oddsDetail":{"totalUpdated":0,"newOdds":0,"existingOddsUpdated":0,"skippedOdds":0,"apiCalls":0,"categoriesProcessed":5}}
{"timestamp":"2025-07-18T03:00:00.902Z","type":"odds","status":"success","message":"Medium-priority odds update completed (1hour interval)","priority":"medium","leagues":["MLS","K리그","J리그","세리에 A"],"dynamicPriority":"low","oddsUpdated":0,"oddsDetail":{"totalUpdated":0,"newOdds":0,"existingOddsUpdated":0,"skippedOdds":0,"apiCalls":0,"categoriesProcessed":4}}
{"timestamp":"2025-07-18T03:00:04.846Z","type":"epl","status":"success","message":"EPL 프리미어리그 데이터 업데이트 완료"}
{"timestamp":"2025-07-18T03:00:43.641Z","type":"bets","status":"start","message":"Starting bet results update after game results"}
{"timestamp":"2025-07-18T03:00:43.693Z","type":"results","status":"success","message":"Game results and bet results update completed","gameResultsUpdated":85,"gameResultsDetail":{"totalUpdated":85,"newGames":0,"existingGamesUpdated":85,"skippedGames":0,"categoriesProcessed":11},"betResultsUpdated":0,"categories":["NBA","MLB","KBO","NFL","프리미어리그","MLS","K리그","J리그","세리에 A","브라질 세리에 A","아르헨티나 프리메라","중국 슈퍼리그","라리가","분데스리가"]}
{"timestamp":"2025-07-18T03:07:39.144Z","type":"monitor","status":"info","message":"Scheduler status check","isUpdating":false,"lastUpdateTime":"2025-07-18T03:00:43.693Z","activeCategories":["NBA","MLB","KBO","NFL","프리미어리그","MLS","K리그","J리그","세리에 A","브라질 세리에 A","아르헨티나 프리메라","중국 슈퍼리그","라리가","분데스리가"],"uptime":26100.6544985,"apiCallEstimate":"~28 calls per hour","memory":{"used":"27MB","total":"29MB"}}
{"timestamp":"2025-07-18T03:10:00.669Z","type":"results","status":"start","message":"Starting cost-efficient game results update","categories":["NBA","MLB","KBO","NFL","프리미어리그","MLS","K리그","J리그","세리에 A","브라질 세리에 A","아르헨티나 프리메라","중국 슈퍼리그","라리가","분데스리가"]}
{"timestamp":"2025-07-18T03:10:00.733Z","type":"odds","status":"start","message":"Starting high-priority leagues odds update (10min interval)","priority":"high","leagues":["NBA","MLB","KBO","NFL","프리미어리그"]}
{"timestamp":"2025-07-18T03:10:00.739Z","type":"epl","status":"start","message":"EPL 프리미어리그 데이터 강제 업데이트"}
{"timestamp":"2025-07-18T03:10:00.783Z","type":"odds","status":"success","message":"High-priority odds update completed (10min interval)","priority":"medium","leagues":["NBA","MLB","KBO","NFL","프리미어리그"],"dynamicPriority":"low","oddsUpdated":0,"oddsDetail":{"totalUpdated":0,"newOdds":0,"existingOddsUpdated":0,"skippedOdds":0,"apiCalls":0,"categoriesProcessed":5}}
{"timestamp":"2025-07-18T03:10:02.573Z","type":"epl","status":"success","message":"EPL 프리미어리그 데이터 업데이트 완료"}
{"timestamp":"2025-07-18T03:10:48.723Z","type":"bets","status":"start","message":"Starting bet results update after game results"}
{"timestamp":"2025-07-18T03:10:48.771Z","type":"results","status":"success","message":"Game results and bet results update completed","gameResultsUpdated":85,"gameResultsDetail":{"totalUpdated":85,"newGames":0,"existingGamesUpdated":85,"skippedGames":0,"categoriesProcessed":11},"betResultsUpdated":0,"categories":["NBA","MLB","KBO","NFL","프리미어리그","MLS","K리그","J리그","세리에 A","브라질 세리에 A","아르헨티나 프리메라","중국 슈퍼리그","라리가","분데스리가"]}
{"timestamp":"2025-07-18T03:20:00.162Z","type":"results","status":"start","message":"Starting cost-efficient game results update","categories":["NBA","MLB","KBO","NFL","프리미어리그","MLS","K리그","J리그","세리에 A","브라질 세리에 A","아르헨티나 프리메라","중국 슈퍼리그","라리가","분데스리가"]}
{"timestamp":"2025-07-18T03:20:00.208Z","type":"odds","status":"start","message":"Starting high-priority leagues odds update (10min interval)","priority":"high","leagues":["NBA","MLB","KBO","NFL","프리미어리그"]}
{"timestamp":"2025-07-18T03:20:00.212Z","type":"epl","status":"start","message":"EPL 프리미어리그 데이터 강제 업데이트"}
{"timestamp":"2025-07-18T03:20:00.255Z","type":"odds","status":"success","message":"High-priority odds update completed (10min interval)","priority":"medium","leagues":["NBA","MLB","KBO","NFL","프리미어리그"],"dynamicPriority":"low","oddsUpdated":0,"oddsDetail":{"totalUpdated":0,"newOdds":0,"existingOddsUpdated":0,"skippedOdds":0,"apiCalls":0,"categoriesProcessed":5}}
{"timestamp":"2025-07-18T03:20:03.007Z","type":"epl","status":"success","message":"EPL 프리미어리그 데이터 업데이트 완료"}
{"timestamp":"2025-07-18T03:20:45.792Z","type":"bets","status":"start","message":"Starting bet results update after game results"}
{"timestamp":"2025-07-18T03:20:45.827Z","type":"results","status":"success","message":"Game results and bet results update completed","gameResultsUpdated":85,"gameResultsDetail":{"totalUpdated":85,"newGames":0,"existingGamesUpdated":85,"skippedGames":0,"categoriesProcessed":11},"betResultsUpdated":0,"categories":["NBA","MLB","KBO","NFL","프리미어리그","MLS","K리그","J리그","세리에 A","브라질 세리에 A","아르헨티나 프리메라","중국 슈퍼리그","라리가","분데스리가"]}
{"timestamp":"2025-07-18T03:22:39.181Z","type":"monitor","status":"info","message":"Scheduler status check","isUpdating":false,"lastUpdateTime":"2025-07-18T03:20:45.827Z","activeCategories":["NBA","MLB","KBO","NFL","프리미어리그","MLS","K리그","J리그","세리에 A","브라질 세리에 A","아르헨티나 프리메라","중국 슈퍼리그","라리가","분데스리가"],"uptime":27000.66583625,"apiCallEstimate":"~28 calls per hour","memory":{"used":"27MB","total":"31MB"}}
{"timestamp":"2025-07-18T03:30:00.799Z","type":"results","status":"start","message":"Starting cost-efficient game results update","categories":["NBA","MLB","KBO","NFL","프리미어리그","MLS","K리그","J리그","세리에 A","브라질 세리에 A","아르헨티나 프리메라","중국 슈퍼리그","라리가","분데스리가"]}
{"timestamp":"2025-07-18T03:30:00.854Z","type":"odds","status":"start","message":"Starting high-priority leagues odds update (10min interval)","priority":"high","leagues":["NBA","MLB","KBO","NFL","프리미어리그"]}
{"timestamp":"2025-07-18T03:30:00.858Z","type":"epl","status":"start","message":"EPL 프리미어리그 데이터 강제 업데이트"}
{"timestamp":"2025-07-18T03:30:00.910Z","type":"odds","status":"success","message":"High-priority odds update completed (10min interval)","priority":"medium","leagues":["NBA","MLB","KBO","NFL","프리미어리그"],"dynamicPriority":"low","oddsUpdated":0,"oddsDetail":{"totalUpdated":0,"newOdds":0,"existingOddsUpdated":0,"skippedOdds":0,"apiCalls":0,"categoriesProcessed":5}}
{"timestamp":"2025-07-18T03:30:02.742Z","type":"epl","status":"success","message":"EPL 프리미어리그 데이터 업데이트 완료"}
{"timestamp":"2025-07-18T03:30:39.360Z","type":"bets","status":"start","message":"Starting bet results update after game results"}
{"timestamp":"2025-07-18T03:30:39.397Z","type":"results","status":"success","message":"Game results and bet results update completed","gameResultsUpdated":85,"gameResultsDetail":{"totalUpdated":85,"newGames":0,"existingGamesUpdated":85,"skippedGames":0,"categoriesProcessed":11},"betResultsUpdated":0,"categories":["NBA","MLB","KBO","NFL","프리미어리그","MLS","K리그","J리그","세리에 A","브라질 세리에 A","아르헨티나 프리메라","중국 슈퍼리그","라리가","분데스리가"]}
{"timestamp":"2025-07-18T03:37:39.167Z","type":"monitor","status":"info","message":"Scheduler status check","isUpdating":false,"lastUpdateTime":"2025-07-18T03:30:39.397Z","activeCategories":["NBA","MLB","KBO","NFL","프리미어리그","MLS","K리그","J리그","세리에 A","브라질 세리에 A","아르헨티나 프리메라","중국 슈퍼리그","라리가","분데스리가"],"uptime":27900.657929375,"apiCallEstimate":"~28 calls per hour","memory":{"used":"30MB","total":"32MB"}}
{"timestamp":"2025-07-18T03:40:00.873Z","type":"results","status":"start","message":"Starting cost-efficient game results update","categories":["NBA","MLB","KBO","NFL","프리미어리그","MLS","K리그","J리그","세리에 A","브라질 세리에 A","아르헨티나 프리메라","중국 슈퍼리그","라리가","분데스리가"]}
{"timestamp":"2025-07-18T03:40:00.936Z","type":"odds","status":"start","message":"Starting high-priority leagues odds update (10min interval)","priority":"high","leagues":["NBA","MLB","KBO","NFL","프리미어리그"]}
{"timestamp":"2025-07-18T03:40:00.942Z","type":"epl","status":"start","message":"EPL 프리미어리그 데이터 강제 업데이트"}
{"timestamp":"2025-07-18T03:40:00.987Z","type":"odds","status":"success","message":"High-priority odds update completed (10min interval)","priority":"medium","leagues":["NBA","MLB","KBO","NFL","프리미어리그"],"dynamicPriority":"low","oddsUpdated":0,"oddsDetail":{"totalUpdated":0,"newOdds":0,"existingOddsUpdated":0,"skippedOdds":0,"apiCalls":0,"categoriesProcessed":5}}
{"timestamp":"2025-07-18T03:40:04.648Z","type":"epl","status":"success","message":"EPL 프리미어리그 데이터 업데이트 완료"}
{"timestamp":"2025-07-18T03:40:50.565Z","type":"bets","status":"start","message":"Starting bet results update after game results"}
{"timestamp":"2025-07-18T03:40:50.628Z","type":"results","status":"success","message":"Game results and bet results update completed","gameResultsUpdated":85,"gameResultsDetail":{"totalUpdated":85,"newGames":0,"existingGamesUpdated":85,"skippedGames":0,"categoriesProcessed":11},"betResultsUpdated":0,"categories":["NBA","MLB","KBO","NFL","프리미어리그","MLS","K리그","J리그","세리에 A","브라질 세리에 A","아르헨티나 프리메라","중국 슈퍼리그","라리가","분데스리가"]}
{"timestamp":"2025-07-18T03:50:00.385Z","type":"results","status":"start","message":"Starting cost-efficient game results update","categories":["NBA","MLB","KBO","NFL","프리미어리그","MLS","K리그","J리그","세리에 A","브라질 세리에 A","아르헨티나 프리메라","중국 슈퍼리그","라리가","분데스리가"]}
{"timestamp":"2025-07-18T03:50:00.433Z","type":"odds","status":"start","message":"Starting high-priority leagues odds update (10min interval)","priority":"high","leagues":["NBA","MLB","KBO","NFL","프리미어리그"]}
{"timestamp":"2025-07-18T03:50:00.437Z","type":"epl","status":"start","message":"EPL 프리미어리그 데이터 강제 업데이트"}
{"timestamp":"2025-07-18T03:50:00.477Z","type":"odds","status":"success","message":"High-priority odds update completed (10min interval)","priority":"medium","leagues":["NBA","MLB","KBO","NFL","프리미어리그"],"dynamicPriority":"low","oddsUpdated":0,"oddsDetail":{"totalUpdated":0,"newOdds":0,"existingOddsUpdated":0,"skippedOdds":0,"apiCalls":0,"categoriesProcessed":5}}
{"timestamp":"2025-07-18T03:50:02.204Z","type":"epl","status":"success","message":"EPL 프리미어리그 데이터 업데이트 완료"}
{"timestamp":"2025-07-18T03:50:29.064Z","type":"bets","status":"start","message":"Starting bet results update after game results"}
{"timestamp":"2025-07-18T03:50:29.099Z","type":"results","status":"success","message":"Game results and bet results update completed","gameResultsUpdated":85,"gameResultsDetail":{"totalUpdated":85,"newGames":0,"existingGamesUpdated":85,"skippedGames":0,"categoriesProcessed":11},"betResultsUpdated":0,"categories":["NBA","MLB","KBO","NFL","프리미어리그","MLS","K리그","J리그","세리에 A","브라질 세리에 A","아르헨티나 프리메라","중국 슈퍼리그","라리가","분데스리가"]}
{"timestamp":"2025-07-18T03:52:39.157Z","type":"monitor","status":"info","message":"Scheduler status check","isUpdating":false,"lastUpdateTime":"2025-07-18T03:50:29.099Z","activeCategories":["NBA","MLB","KBO","NFL","프리미어리그","MLS","K리그","J리그","세리에 A","브라질 세리에 A","아르헨티나 프리메라","중국 슈퍼리그","라리가","분데스리가"],"uptime":28800.650680208,"apiCallEstimate":"~28 calls per hour","memory":{"used":"26MB","total":"31MB"}}
{"timestamp":"2025-07-18T04:00:00.531Z","type":"results","status":"start","message":"Starting cost-efficient game results update","categories":["NBA","MLB","KBO","NFL","프리미어리그","MLS","K리그","J리그","세리에 A","브라질 세리에 A","아르헨티나 프리메라","중국 슈퍼리그","라리가","분데스리가"]}
{"timestamp":"2025-07-18T04:00:00.582Z","type":"odds","status":"start","message":"Starting high-priority leagues odds update (10min interval)","priority":"high","leagues":["NBA","MLB","KBO","NFL","프리미어리그"]}
{"timestamp":"2025-07-18T04:00:00.587Z","type":"odds","status":"start","message":"Starting medium-priority leagues odds update (1hour interval)","priority":"medium","leagues":["MLS","K리그","J리그","세리에 A"]}
{"timestamp":"2025-07-18T04:00:00.587Z","type":"epl","status":"start","message":"EPL 프리미어리그 데이터 강제 업데이트"}
{"timestamp":"2025-07-18T04:00:00.628Z","type":"odds","status":"success","message":"Medium-priority odds update completed (1hour interval)","priority":"medium","leagues":["MLS","K리그","J리그","세리에 A"],"dynamicPriority":"low","oddsUpdated":0,"oddsDetail":{"totalUpdated":0,"newOdds":0,"existingOddsUpdated":0,"skippedOdds":0,"apiCalls":0,"categoriesProcessed":4}}
{"timestamp":"2025-07-18T04:00:00.629Z","type":"odds","status":"success","message":"High-priority odds update completed (10min interval)","priority":"medium","leagues":["NBA","MLB","KBO","NFL","프리미어리그"],"dynamicPriority":"low","oddsUpdated":0,"oddsDetail":{"totalUpdated":0,"newOdds":0,"existingOddsUpdated":0,"skippedOdds":0,"apiCalls":0,"categoriesProcessed":5}}
{"timestamp":"2025-07-18T04:00:04.017Z","type":"epl","status":"success","message":"EPL 프리미어리그 데이터 업데이트 완료"}
{"timestamp":"2025-07-18T04:00:32.275Z","type":"bets","status":"start","message":"Starting bet results update after game results"}
{"timestamp":"2025-07-18T04:00:32.319Z","type":"results","status":"success","message":"Game results and bet results update completed","gameResultsUpdated":85,"gameResultsDetail":{"totalUpdated":85,"newGames":0,"existingGamesUpdated":85,"skippedGames":0,"categoriesProcessed":11},"betResultsUpdated":0,"categories":["NBA","MLB","KBO","NFL","프리미어리그","MLS","K리그","J리그","세리에 A","브라질 세리에 A","아르헨티나 프리메라","중국 슈퍼리그","라리가","분데스리가"]}
{"timestamp":"2025-07-18T04:07:39.166Z","type":"monitor","status":"info","message":"Scheduler status check","isUpdating":false,"lastUpdateTime":"2025-07-18T04:00:32.319Z","activeCategories":["NBA","MLB","KBO","NFL","프리미어리그","MLS","K리그","J리그","세리에 A","브라질 세리에 A","아르헨티나 프리메라","중국 슈퍼리그","라리가","분데스리가"],"uptime":29700.656502041,"apiCallEstimate":"~28 calls per hour","memory":{"used":"29MB","total":"32MB"}}
{"timestamp":"2025-07-18T04:10:00.476Z","type":"results","status":"start","message":"Starting cost-efficient game results update","categories":["NBA","MLB","KBO","NFL","프리미어리그","MLS","K리그","J리그","세리에 A","브라질 세리에 A","아르헨티나 프리메라","중국 슈퍼리그","라리가","분데스리가"]}
{"timestamp":"2025-07-18T04:10:00.519Z","type":"odds","status":"start","message":"Starting high-priority leagues odds update (10min interval)","priority":"high","leagues":["NBA","MLB","KBO","NFL","프리미어리그"]}
{"timestamp":"2025-07-18T04:10:00.523Z","type":"epl","status":"start","message":"EPL 프리미어리그 데이터 강제 업데이트"}
{"timestamp":"2025-07-18T04:10:00.565Z","type":"odds","status":"success","message":"High-priority odds update completed (10min interval)","priority":"medium","leagues":["NBA","MLB","KBO","NFL","프리미어리그"],"dynamicPriority":"low","oddsUpdated":0,"oddsDetail":{"totalUpdated":0,"newOdds":0,"existingOddsUpdated":0,"skippedOdds":0,"apiCalls":0,"categoriesProcessed":5}}
{"timestamp":"2025-07-18T04:10:03.839Z","type":"epl","status":"success","message":"EPL 프리미어리그 데이터 업데이트 완료"}
{"timestamp":"2025-07-18T04:10:57.240Z","type":"bets","status":"start","message":"Starting bet results update after game results"}
{"timestamp":"2025-07-18T04:10:57.320Z","type":"results","status":"success","message":"Game results and bet results update completed","gameResultsUpdated":85,"gameResultsDetail":{"totalUpdated":85,"newGames":0,"existingGamesUpdated":85,"skippedGames":0,"categoriesProcessed":11},"betResultsUpdated":0,"categories":["NBA","MLB","KBO","NFL","프리미어리그","MLS","K리그","J리그","세리에 A","브라질 세리에 A","아르헨티나 프리메라","중국 슈퍼리그","라리가","분데스리가"]}
{"timestamp":"2025-07-18T04:20:00.324Z","type":"results","status":"start","message":"Starting cost-efficient game results update","categories":["NBA","MLB","KBO","NFL","프리미어리그","MLS","K리그","J리그","세리에 A","브라질 세리에 A","아르헨티나 프리메라","중국 슈퍼리그","라리가","분데스리가"]}
{"timestamp":"2025-07-18T04:20:00.411Z","type":"odds","status":"start","message":"Starting high-priority leagues odds update (10min interval)","priority":"high","leagues":["NBA","MLB","KBO","NFL","프리미어리그"]}
{"timestamp":"2025-07-18T04:20:00.417Z","type":"epl","status":"start","message":"EPL 프리미어리그 데이터 강제 업데이트"}
{"timestamp":"2025-07-18T04:20:00.472Z","type":"odds","status":"success","message":"High-priority odds update completed (10min interval)","priority":"medium","leagues":["NBA","MLB","KBO","NFL","프리미어리그"],"dynamicPriority":"low","oddsUpdated":0,"oddsDetail":{"totalUpdated":0,"newOdds":0,"existingOddsUpdated":0,"skippedOdds":0,"apiCalls":0,"categoriesProcessed":5}}
{"timestamp":"2025-07-18T04:20:01.918Z","type":"epl","status":"success","message":"EPL 프리미어리그 데이터 업데이트 완료"}
{"timestamp":"2025-07-18T04:20:40.207Z","type":"bets","status":"start","message":"Starting bet results update after game results"}
{"timestamp":"2025-07-18T04:20:40.254Z","type":"results","status":"success","message":"Game results and bet results update completed","gameResultsUpdated":85,"gameResultsDetail":{"totalUpdated":85,"newGames":0,"existingGamesUpdated":85,"skippedGames":0,"categoriesProcessed":11},"betResultsUpdated":0,"categories":["NBA","MLB","KBO","NFL","프리미어리그","MLS","K리그","J리그","세리에 A","브라질 세리에 A","아르헨티나 프리메라","중국 슈퍼리그","라리가","분데스리가"]}
{"timestamp":"2025-07-18T04:22:39.173Z","type":"monitor","status":"info","message":"Scheduler status check","isUpdating":false,"lastUpdateTime":"2025-07-18T04:20:40.254Z","activeCategories":["NBA","MLB","KBO","NFL","프리미어리그","MLS","K리그","J리그","세리에 A","브라질 세리에 A","아르헨티나 프리메라","중국 슈퍼리그","라리가","분데스리가"],"uptime":30600.660977125,"apiCallEstimate":"~28 calls per hour","memory":{"used":"27MB","total":"31MB"}}
{"timestamp":"2025-07-18T04:30:00.370Z","type":"results","status":"start","message":"Starting cost-efficient game results update","categories":["NBA","MLB","KBO","NFL","프리미어리그","MLS","K리그","J리그","세리에 A","브라질 세리에 A","아르헨티나 프리메라","중국 슈퍼리그","라리가","분데스리가"]}
{"timestamp":"2025-07-18T04:30:00.438Z","type":"odds","status":"start","message":"Starting high-priority leagues odds update (10min interval)","priority":"high","leagues":["NBA","MLB","KBO","NFL","프리미어리그"]}
{"timestamp":"2025-07-18T04:30:00.443Z","type":"epl","status":"start","message":"EPL 프리미어리그 데이터 강제 업데이트"}
{"timestamp":"2025-07-18T04:30:00.479Z","type":"odds","status":"success","message":"High-priority odds update completed (10min interval)","priority":"medium","leagues":["NBA","MLB","KBO","NFL","프리미어리그"],"dynamicPriority":"low","oddsUpdated":0,"oddsDetail":{"totalUpdated":0,"newOdds":0,"existingOddsUpdated":0,"skippedOdds":0,"apiCalls":0,"categoriesProcessed":5}}
{"timestamp":"2025-07-18T04:30:03.301Z","type":"epl","status":"success","message":"EPL 프리미어리그 데이터 업데이트 완료"}
{"timestamp":"2025-07-18T04:30:48.067Z","type":"bets","status":"start","message":"Starting bet results update after game results"}
{"timestamp":"2025-07-18T04:30:48.123Z","type":"results","status":"success","message":"Game results and bet results update completed","gameResultsUpdated":85,"gameResultsDetail":{"totalUpdated":85,"newGames":0,"existingGamesUpdated":85,"skippedGames":0,"categoriesProcessed":11},"betResultsUpdated":0,"categories":["NBA","MLB","KBO","NFL","프리미어리그","MLS","K리그","J리그","세리에 A","브라질 세리에 A","아르헨티나 프리메라","중국 슈퍼리그","라리가","분데스리가"]}
{"timestamp":"2025-07-18T04:37:39.150Z","type":"monitor","status":"info","message":"Scheduler status check","isUpdating":false,"lastUpdateTime":"2025-07-18T04:30:48.123Z","activeCategories":["NBA","MLB","KBO","NFL","프리미어리그","MLS","K리그","J리그","세리에 A","브라질 세리에 A","아르헨티나 프리메라","중국 슈퍼리그","라리가","분데스리가"],"uptime":31500.664245583,"apiCallEstimate":"~28 calls per hour","memory":{"used":"27MB","total":"31MB"}}
{"timestamp":"2025-07-18T04:40:00.928Z","type":"results","status":"start","message":"Starting cost-efficient game results update","categories":["NBA","MLB","KBO","NFL","프리미어리그","MLS","K리그","J리그","세리에 A","브라질 세리에 A","아르헨티나 프리메라","중국 슈퍼리그","라리가","분데스리가"]}
{"timestamp":"2025-07-18T04:40:00.983Z","type":"odds","status":"start","message":"Starting high-priority leagues odds update (10min interval)","priority":"high","leagues":["NBA","MLB","KBO","NFL","프리미어리그"]}
{"timestamp":"2025-07-18T04:40:00.988Z","type":"epl","status":"start","message":"EPL 프리미어리그 데이터 강제 업데이트"}
{"timestamp":"2025-07-18T04:40:01.042Z","type":"odds","status":"success","message":"High-priority odds update completed (10min interval)","priority":"medium","leagues":["NBA","MLB","KBO","NFL","프리미어리그"],"dynamicPriority":"low","oddsUpdated":0,"oddsDetail":{"totalUpdated":0,"newOdds":0,"existingOddsUpdated":0,"skippedOdds":0,"apiCalls":0,"categoriesProcessed":5}}
{"timestamp":"2025-07-18T04:40:02.885Z","type":"epl","status":"success","message":"EPL 프리미어리그 데이터 업데이트 완료"}
{"timestamp":"2025-07-18T04:40:48.920Z","type":"bets","status":"start","message":"Starting bet results update after game results"}
{"timestamp":"2025-07-18T04:40:48.972Z","type":"results","status":"success","message":"Game results and bet results update completed","gameResultsUpdated":85,"gameResultsDetail":{"totalUpdated":85,"newGames":0,"existingGamesUpdated":85,"skippedGames":0,"categoriesProcessed":11},"betResultsUpdated":0,"categories":["NBA","MLB","KBO","NFL","프리미어리그","MLS","K리그","J리그","세리에 A","브라질 세리에 A","아르헨티나 프리메라","중국 슈퍼리그","라리가","분데스리가"]}
{"timestamp":"2025-07-18T04:50:00.993Z","type":"results","status":"start","message":"Starting cost-efficient game results update","categories":["NBA","MLB","KBO","NFL","프리미어리그","MLS","K리그","J리그","세리에 A","브라질 세리에 A","아르헨티나 프리메라","중국 슈퍼리그","라리가","분데스리가"]}
{"timestamp":"2025-07-18T04:50:33.308Z","type":"bets","status":"start","message":"Starting bet results update after game results"}
{"timestamp":"2025-07-18T04:50:33.346Z","type":"results","status":"success","message":"Game results and bet results update completed","gameResultsUpdated":85,"gameResultsDetail":{"totalUpdated":85,"newGames":0,"existingGamesUpdated":85,"skippedGames":0,"categoriesProcessed":11},"betResultsUpdated":0,"categories":["NBA","MLB","KBO","NFL","프리미어리그","MLS","K리그","J리그","세리에 A","브라질 세리에 A","아르헨티나 프리메라","중국 슈퍼리그","라리가","분데스리가"]}
{"timestamp":"2025-07-18T04:52:39.324Z","type":"monitor","status":"info","message":"Scheduler status check","isUpdating":false,"lastUpdateTime":"2025-07-18T04:50:33.346Z","activeCategories":["NBA","MLB","KBO","NFL","프리미어리그","MLS","K리그","J리그","세리에 A","브라질 세리에 A","아르헨티나 프리메라","중국 슈퍼리그","라리가","분데스리가"],"uptime":32400.748354291,"apiCallEstimate":"~28 calls per hour","memory":{"used":"38MB","total":"39MB"}}
{"timestamp":"2025-07-18T05:00:00.617Z","type":"results","status":"start","message":"Starting cost-efficient game results update","categories":["NBA","MLB","KBO","NFL","프리미어리그","MLS","K리그","J리그","세리에 A","브라질 세리에 A","아르헨티나 프리메라","중국 슈퍼리그","라리가","분데스리가"]}
{"timestamp":"2025-07-18T05:00:00.664Z","type":"odds","status":"start","message":"Starting high-priority leagues odds update (10min interval)","priority":"high","leagues":["NBA","MLB","KBO","NFL","프리미어리그"]}
{"timestamp":"2025-07-18T05:00:00.668Z","type":"odds","status":"start","message":"Starting medium-priority leagues odds update (1hour interval)","priority":"medium","leagues":["MLS","K리그","J리그","세리에 A"]}
{"timestamp":"2025-07-18T05:00:00.669Z","type":"epl","status":"start","message":"EPL 프리미어리그 데이터 강제 업데이트"}
{"timestamp":"2025-07-18T05:00:00.711Z","type":"odds","status":"success","message":"High-priority odds update completed (10min interval)","priority":"medium","leagues":["NBA","MLB","KBO","NFL","프리미어리그"],"dynamicPriority":"low","oddsUpdated":0,"oddsDetail":{"totalUpdated":0,"newOdds":0,"existingOddsUpdated":0,"skippedOdds":0,"apiCalls":0,"categoriesProcessed":5}}
{"timestamp":"2025-07-18T05:00:00.711Z","type":"odds","status":"success","message":"Medium-priority odds update completed (1hour interval)","priority":"medium","leagues":["MLS","K리그","J리그","세리에 A"],"dynamicPriority":"low","oddsUpdated":0,"oddsDetail":{"totalUpdated":0,"newOdds":0,"existingOddsUpdated":0,"skippedOdds":0,"apiCalls":0,"categoriesProcessed":4}}
{"timestamp":"2025-07-18T05:00:02.412Z","type":"epl","status":"success","message":"EPL 프리미어리그 데이터 업데이트 완료"}
{"timestamp":"2025-07-18T05:00:38.866Z","type":"bets","status":"start","message":"Starting bet results update after game results"}
{"timestamp":"2025-07-18T05:00:38.936Z","type":"results","status":"success","message":"Game results and bet results update completed","gameResultsUpdated":85,"gameResultsDetail":{"totalUpdated":85,"newGames":0,"existingGamesUpdated":85,"skippedGames":0,"categoriesProcessed":11},"betResultsUpdated":0,"categories":["NBA","MLB","KBO","NFL","프리미어리그","MLS","K리그","J리그","세리에 A","브라질 세리에 A","아르헨티나 프리메라","중국 슈퍼리그","라리가","분데스리가"]}
{"timestamp":"2025-07-18T05:07:39.372Z","type":"monitor","status":"info","message":"Scheduler status check","isUpdating":false,"lastUpdateTime":"2025-07-18T05:00:38.936Z","activeCategories":["NBA","MLB","KBO","NFL","프리미어리그","MLS","K리그","J리그","세리에 A","브라질 세리에 A","아르헨티나 프리메라","중국 슈퍼리그","라리가","분데스리가"],"uptime":33300.777742458,"apiCallEstimate":"~28 calls per hour","memory":{"used":"26MB","total":"29MB"}}
{"timestamp":"2025-07-18T05:10:00.014Z","type":"results","status":"start","message":"Starting cost-efficient game results update","categories":["NBA","MLB","KBO","NFL","프리미어리그","MLS","K리그","J리그","세리에 A","브라질 세리에 A","아르헨티나 프리메라","중국 슈퍼리그","라리가","분데스리가"]}
{"timestamp":"2025-07-18T05:10:00.122Z","type":"odds","status":"start","message":"Starting high-priority leagues odds update (10min interval)","priority":"high","leagues":["NBA","MLB","KBO","NFL","프리미어리그"]}
{"timestamp":"2025-07-18T05:10:00.126Z","type":"epl","status":"start","message":"EPL 프리미어리그 데이터 강제 업데이트"}
{"timestamp":"2025-07-18T05:10:00.191Z","type":"odds","status":"success","message":"High-priority odds update completed (10min interval)","priority":"medium","leagues":["NBA","MLB","KBO","NFL","프리미어리그"],"dynamicPriority":"low","oddsUpdated":0,"oddsDetail":{"totalUpdated":0,"newOdds":0,"existingOddsUpdated":0,"skippedOdds":0,"apiCalls":0,"categoriesProcessed":5}}
{"timestamp":"2025-07-18T05:10:01.993Z","type":"epl","status":"success","message":"EPL 프리미어리그 데이터 업데이트 완료"}
{"timestamp":"2025-07-18T05:10:42.062Z","type":"bets","status":"start","message":"Starting bet results update after game results"}
{"timestamp":"2025-07-18T05:10:42.107Z","type":"results","status":"success","message":"Game results and bet results update completed","gameResultsUpdated":85,"gameResultsDetail":{"totalUpdated":85,"newGames":0,"existingGamesUpdated":85,"skippedGames":0,"categoriesProcessed":11},"betResultsUpdated":0,"categories":["NBA","MLB","KBO","NFL","프리미어리그","MLS","K리그","J리그","세리에 A","브라질 세리에 A","아르헨티나 프리메라","중국 슈퍼리그","라리가","분데스리가"]}
{"timestamp":"2025-07-18T05:20:00.361Z","type":"results","status":"start","message":"Starting cost-efficient game results update","categories":["NBA","MLB","KBO","NFL","프리미어리그","MLS","K리그","J리그","세리에 A","브라질 세리에 A","아르헨티나 프리메라","중국 슈퍼리그","라리가","분데스리가"]}
{"timestamp":"2025-07-18T05:20:00.407Z","type":"odds","status":"start","message":"Starting high-priority leagues odds update (10min interval)","priority":"high","leagues":["NBA","MLB","KBO","NFL","프리미어리그"]}
{"timestamp":"2025-07-18T05:20:00.416Z","type":"epl","status":"start","message":"EPL 프리미어리그 데이터 강제 업데이트"}
{"timestamp":"2025-07-18T05:20:00.452Z","type":"odds","status":"success","message":"High-priority odds update completed (10min interval)","priority":"medium","leagues":["NBA","MLB","KBO","NFL","프리미어리그"],"dynamicPriority":"low","oddsUpdated":0,"oddsDetail":{"totalUpdated":0,"newOdds":0,"existingOddsUpdated":0,"skippedOdds":0,"apiCalls":0,"categoriesProcessed":5}}
{"timestamp":"2025-07-18T05:20:02.526Z","type":"epl","status":"success","message":"EPL 프리미어리그 데이터 업데이트 완료"}
{"timestamp":"2025-07-18T05:20:35.428Z","type":"bets","status":"start","message":"Starting bet results update after game results"}
{"timestamp":"2025-07-18T05:20:35.465Z","type":"results","status":"success","message":"Game results and bet results update completed","gameResultsUpdated":85,"gameResultsDetail":{"totalUpdated":85,"newGames":0,"existingGamesUpdated":85,"skippedGames":0,"categoriesProcessed":11},"betResultsUpdated":0,"categories":["NBA","MLB","KBO","NFL","프리미어리그","MLS","K리그","J리그","세리에 A","브라질 세리에 A","아르헨티나 프리메라","중국 슈퍼리그","라리가","분데스리가"]}
{"timestamp":"2025-07-18T05:22:39.381Z","type":"monitor","status":"info","message":"Scheduler status check","isUpdating":false,"lastUpdateTime":"2025-07-18T05:20:35.465Z","activeCategories":["NBA","MLB","KBO","NFL","프리미어리그","MLS","K리그","J리그","세리에 A","브라질 세리에 A","아르헨티나 프리메라","중국 슈퍼리그","라리가","분데스리가"],"uptime":34200.765072041,"apiCallEstimate":"~28 calls per hour","memory":{"used":"29MB","total":"33MB"}}
{"timestamp":"2025-07-18T05:30:00.122Z","type":"results","status":"start","message":"Starting cost-efficient game results update","categories":["NBA","MLB","KBO","NFL","프리미어리그","MLS","K리그","J리그","세리에 A","브라질 세리에 A","아르헨티나 프리메라","중국 슈퍼리그","라리가","분데스리가"]}
{"timestamp":"2025-07-18T05:30:00.171Z","type":"odds","status":"start","message":"Starting high-priority leagues odds update (10min interval)","priority":"high","leagues":["NBA","MLB","KBO","NFL","프리미어리그"]}
{"timestamp":"2025-07-18T05:30:00.174Z","type":"epl","status":"start","message":"EPL 프리미어리그 데이터 강제 업데이트"}
{"timestamp":"2025-07-18T05:30:00.223Z","type":"odds","status":"success","message":"High-priority odds update completed (10min interval)","priority":"medium","leagues":["NBA","MLB","KBO","NFL","프리미어리그"],"dynamicPriority":"low","oddsUpdated":0,"oddsDetail":{"totalUpdated":0,"newOdds":0,"existingOddsUpdated":0,"skippedOdds":0,"apiCalls":0,"categoriesProcessed":5}}
{"timestamp":"2025-07-18T05:30:01.890Z","type":"epl","status":"success","message":"EPL 프리미어리그 데이터 업데이트 완료"}
{"timestamp":"2025-07-18T05:30:34.347Z","type":"bets","status":"start","message":"Starting bet results update after game results"}
{"timestamp":"2025-07-18T05:30:34.377Z","type":"results","status":"success","message":"Game results and bet results update completed","gameResultsUpdated":85,"gameResultsDetail":{"totalUpdated":85,"newGames":0,"existingGamesUpdated":85,"skippedGames":0,"categoriesProcessed":11},"betResultsUpdated":0,"categories":["NBA","MLB","KBO","NFL","프리미어리그","MLS","K리그","J리그","세리에 A","브라질 세리에 A","아르헨티나 프리메라","중국 슈퍼리그","라리가","분데스리가"]}
{"timestamp":"2025-07-18T05:37:39.384Z","type":"monitor","status":"info","message":"Scheduler status check","isUpdating":false,"lastUpdateTime":"2025-07-18T05:30:34.377Z","activeCategories":["NBA","MLB","KBO","NFL","프리미어리그","MLS","K리그","J리그","세리에 A","브라질 세리에 A","아르헨티나 프리메라","중국 슈퍼리그","라리가","분데스리가"],"uptime":35100.762705166,"apiCallEstimate":"~28 calls per hour","memory":{"used":"27MB","total":"31MB"}}
{"timestamp":"2025-07-18T05:40:00.417Z","type":"results","status":"start","message":"Starting cost-efficient game results update","categories":["NBA","MLB","KBO","NFL","프리미어리그","MLS","K리그","J리그","세리에 A","브라질 세리에 A","아르헨티나 프리메라","중국 슈퍼리그","라리가","분데스리가"]}
{"timestamp":"2025-07-18T05:40:00.505Z","type":"odds","status":"start","message":"Starting high-priority leagues odds update (10min interval)","priority":"high","leagues":["NBA","MLB","KBO","NFL","프리미어리그"]}
{"timestamp":"2025-07-18T05:40:00.510Z","type":"epl","status":"start","message":"EPL 프리미어리그 데이터 강제 업데이트"}
{"timestamp":"2025-07-18T05:40:00.571Z","type":"odds","status":"success","message":"High-priority odds update completed (10min interval)","priority":"medium","leagues":["NBA","MLB","KBO","NFL","프리미어리그"],"dynamicPriority":"low","oddsUpdated":0,"oddsDetail":{"totalUpdated":0,"newOdds":0,"existingOddsUpdated":0,"skippedOdds":0,"apiCalls":0,"categoriesProcessed":5}}
{"timestamp":"2025-07-18T05:40:03.119Z","type":"epl","status":"success","message":"EPL 프리미어리그 데이터 업데이트 완료"}
{"timestamp":"2025-07-18T05:40:47.810Z","type":"bets","status":"start","message":"Starting bet results update after game results"}
{"timestamp":"2025-07-18T05:40:47.866Z","type":"results","status":"success","message":"Game results and bet results update completed","gameResultsUpdated":85,"gameResultsDetail":{"totalUpdated":85,"newGames":0,"existingGamesUpdated":85,"skippedGames":0,"categoriesProcessed":11},"betResultsUpdated":0,"categories":["NBA","MLB","KBO","NFL","프리미어리그","MLS","K리그","J리그","세리에 A","브라질 세리에 A","아르헨티나 프리메라","중국 슈퍼리그","라리가","분데스리가"]}
{"timestamp":"2025-07-18T05:50:00.006Z","type":"results","status":"start","message":"Starting cost-efficient game results update","categories":["NBA","MLB","KBO","NFL","프리미어리그","MLS","K리그","J리그","세리에 A","브라질 세리에 A","아르헨티나 프리메라","중국 슈퍼리그","라리가","분데스리가"]}
{"timestamp":"2025-07-18T05:50:00.061Z","type":"odds","status":"start","message":"Starting high-priority leagues odds update (10min interval)","priority":"high","leagues":["NBA","MLB","KBO","NFL","프리미어리그"]}
{"timestamp":"2025-07-18T05:50:00.069Z","type":"epl","status":"start","message":"EPL 프리미어리그 데이터 강제 업데이트"}
{"timestamp":"2025-07-18T05:50:00.112Z","type":"odds","status":"success","message":"High-priority odds update completed (10min interval)","priority":"medium","leagues":["NBA","MLB","KBO","NFL","프리미어리그"],"dynamicPriority":"low","oddsUpdated":0,"oddsDetail":{"totalUpdated":0,"newOdds":0,"existingOddsUpdated":0,"skippedOdds":0,"apiCalls":0,"categoriesProcessed":5}}
{"timestamp":"2025-07-18T05:50:01.072Z","type":"epl","status":"success","message":"EPL 프리미어리그 데이터 업데이트 완료"}
{"timestamp":"2025-07-18T05:50:26.518Z","type":"bets","status":"start","message":"Starting bet results update after game results"}
{"timestamp":"2025-07-18T05:50:26.825Z","type":"results","status":"success","message":"Game results and bet results update completed","gameResultsUpdated":85,"gameResultsDetail":{"totalUpdated":85,"newGames":0,"existingGamesUpdated":85,"skippedGames":0,"categoriesProcessed":11},"betResultsUpdated":0,"categories":["NBA","MLB","KBO","NFL","프리미어리그","MLS","K리그","J리그","세리에 A","브라질 세리에 A","아르헨티나 프리메라","중국 슈퍼리그","라리가","분데스리가"]}
{"timestamp":"2025-07-18T05:52:39.379Z","type":"monitor","status":"info","message":"Scheduler status check","isUpdating":false,"lastUpdateTime":"2025-07-18T05:50:26.825Z","activeCategories":["NBA","MLB","KBO","NFL","프리미어리그","MLS","K리그","J리그","세리에 A","브라질 세리에 A","아르헨티나 프리메라","중국 슈퍼리그","라리가","분데스리가"],"uptime":36000.7520625,"apiCallEstimate":"~28 calls per hour","memory":{"used":"39MB","total":"45MB"}}
