{"timestamp":"2025-08-12T00:00:00.366Z","type":"results","status":"start","message":"Starting cost-efficient game results update","categoryCount":14}
{"timestamp":"2025-08-12T00:00:00.370Z","type":"odds","status":"start","message":"Starting high-priority leagues odds update (30min interval)","priority":"high","leagues":["NBA","MLB","KBO","NFL","프리미어리그"]}
{"timestamp":"2025-08-12T00:00:00.372Z","type":"epl","status":"start","message":"EPL 프리미어리그 데이터 강제 업데이트"}
{"timestamp":"2025-08-12T00:00:02.454Z","type":"epl","status":"success","message":"EPL 프리미어리그 데이터 업데이트 완료"}
{"timestamp":"2025-08-12T00:00:04.644Z","type":"odds","status":"success","message":"High-priority odds update completed (30min interval)","priority":"medium","leagues":["NBA","MLB","KBO","NFL","프리미어리그"],"dynamicPriority":"low","oddsUpdated":29,"oddsDetail":{"totalUpdated":29,"newOdds":1,"existingOddsUpdated":28,"skippedOdds":1,"apiCalls":5,"categoriesProcessed":5}}
{"timestamp":"2025-08-12T00:00:05.731Z","type":"bets","status":"start","message":"Starting bet results update after game results"}
{"timestamp":"2025-08-12T00:00:05.746Z","type":"results","status":"success","message":"Game results and bet results update completed","gameResultsUpdated":0,"gameResultsDetail":{"totalUpdated":0,"newGames":0,"existingGamesUpdated":0,"skippedGames":0,"categoriesProcessed":13},"betResultsUpdated":0,"categoryCount":14}
{"timestamp":"2025-08-12T00:10:00.526Z","type":"results","status":"start","message":"Starting cost-efficient game results update","categoryCount":14}
{"timestamp":"2025-08-12T00:10:08.626Z","type":"bets","status":"start","message":"Starting bet results update after game results"}
{"timestamp":"2025-08-12T00:10:08.636Z","type":"results","status":"success","message":"Game results and bet results update completed","gameResultsUpdated":0,"gameResultsDetail":{"totalUpdated":0,"newGames":0,"existingGamesUpdated":0,"skippedGames":0,"categoriesProcessed":13},"betResultsUpdated":0,"categoryCount":14}
{"timestamp":"2025-08-12T00:20:00.688Z","type":"results","status":"start","message":"Starting cost-efficient game results update","categoryCount":14}
{"timestamp":"2025-08-12T00:20:07.365Z","type":"bets","status":"start","message":"Starting bet results update after game results"}
{"timestamp":"2025-08-12T00:20:07.376Z","type":"results","status":"success","message":"Game results and bet results update completed","gameResultsUpdated":0,"gameResultsDetail":{"totalUpdated":0,"newGames":0,"existingGamesUpdated":0,"skippedGames":0,"categoriesProcessed":13},"betResultsUpdated":0,"categoryCount":14}
{"timestamp":"2025-08-12T00:22:06.292Z","type":"monitor","status":"info","message":"Scheduler status check","isUpdatingResults":false,"isUpdatingOdds":false,"lastUpdateTime":"2025-08-12T00:20:07.376Z","activeCategories":["NBA","MLB","KBO","NFL","프리미어리그","MLS","KLEAGUE","JLEAGUE","SERIEA","BRASILEIRAO","ARGENTINA_PRIMERA","CSL","LALIGA","BUNDESLIGA"],"uptime":61200.276504166,"apiCallEstimate":"~28 calls per hour","memory":{"used":"90MB","total":"96MB"}}
{"timestamp":"2025-08-12T00:30:00.839Z","type":"results","status":"start","message":"Starting cost-efficient game results update","categoryCount":14}
{"timestamp":"2025-08-12T00:30:00.841Z","type":"odds","status":"start","message":"Starting high-priority leagues odds update (30min interval)","priority":"high","leagues":["NBA","MLB","KBO","NFL","프리미어리그"]}
{"timestamp":"2025-08-12T00:30:00.843Z","type":"epl","status":"start","message":"EPL 프리미어리그 데이터 강제 업데이트"}
{"timestamp":"2025-08-12T00:30:03.668Z","type":"odds","status":"success","message":"High-priority odds update completed (30min interval)","priority":"medium","leagues":["NBA","MLB","KBO","NFL","프리미어리그"],"dynamicPriority":"low","oddsUpdated":29,"oddsDetail":{"totalUpdated":29,"newOdds":1,"existingOddsUpdated":28,"skippedOdds":1,"apiCalls":5,"categoriesProcessed":5}}
{"timestamp":"2025-08-12T00:30:03.802Z","type":"epl","status":"success","message":"EPL 프리미어리그 데이터 업데이트 완료"}
{"timestamp":"2025-08-12T00:30:07.541Z","type":"bets","status":"start","message":"Starting bet results update after game results"}
{"timestamp":"2025-08-12T00:30:07.554Z","type":"results","status":"success","message":"Game results and bet results update completed","gameResultsUpdated":0,"gameResultsDetail":{"totalUpdated":0,"newGames":0,"existingGamesUpdated":0,"skippedGames":0,"categoriesProcessed":13},"betResultsUpdated":0,"categoryCount":14}
{"timestamp":"2025-08-12T00:40:00.980Z","type":"results","status":"start","message":"Starting cost-efficient game results update","categoryCount":14}
{"timestamp":"2025-08-12T00:40:05.433Z","type":"bets","status":"start","message":"Starting bet results update after game results"}
{"timestamp":"2025-08-12T00:40:05.449Z","type":"results","status":"success","message":"Game results and bet results update completed","gameResultsUpdated":0,"gameResultsDetail":{"totalUpdated":0,"newGames":0,"existingGamesUpdated":0,"skippedGames":0,"categoriesProcessed":13},"betResultsUpdated":0,"categoryCount":14}
{"timestamp":"2025-08-12T00:50:00.105Z","type":"results","status":"start","message":"Starting cost-efficient game results update","categoryCount":14}
{"timestamp":"2025-08-12T00:50:05.091Z","type":"bets","status":"start","message":"Starting bet results update after game results"}
{"timestamp":"2025-08-12T00:50:05.107Z","type":"results","status":"success","message":"Game results and bet results update completed","gameResultsUpdated":0,"gameResultsDetail":{"totalUpdated":0,"newGames":0,"existingGamesUpdated":0,"skippedGames":0,"categoriesProcessed":13},"betResultsUpdated":0,"categoryCount":14}
{"timestamp":"2025-08-12T01:27:44.009Z","type":"monitor","status":"info","message":"Scheduler status check","isUpdatingResults":false,"isUpdatingOdds":false,"lastUpdateTime":"2025-08-12T00:50:05.107Z","activeCategories":["NBA","MLB","KBO","NFL","프리미어리그","MLS","KLEAGUE","JLEAGUE","SERIEA","BRASILEIRAO","ARGENTINA_PRIMERA","CSL","LALIGA","BUNDESLIGA"],"uptime":65137.792112958,"apiCallEstimate":"~28 calls per hour","memory":{"used":"90MB","total":"94MB"}}
{"timestamp":"2025-08-12T01:50:00.358Z","type":"results","status":"start","message":"Starting cost-efficient game results update","categoryCount":14}
{"timestamp":"2025-08-12T01:50:05.851Z","type":"bets","status":"start","message":"Starting bet results update after game results"}
{"timestamp":"2025-08-12T01:50:05.862Z","type":"results","status":"success","message":"Game results and bet results update completed","gameResultsUpdated":0,"gameResultsDetail":{"totalUpdated":0,"newGames":0,"existingGamesUpdated":0,"skippedGames":0,"categoriesProcessed":13},"betResultsUpdated":0,"categoryCount":14}
{"timestamp":"2025-08-12T02:00:00.510Z","type":"results","status":"start","message":"Starting cost-efficient game results update","categoryCount":14}
{"timestamp":"2025-08-12T02:00:00.514Z","type":"odds","status":"start","message":"Starting high-priority leagues odds update (30min interval)","priority":"high","leagues":["NBA","MLB","KBO","NFL","프리미어리그"]}
{"timestamp":"2025-08-12T02:00:00.516Z","type":"epl","status":"start","message":"EPL 프리미어리그 데이터 강제 업데이트"}
{"timestamp":"2025-08-12T02:00:03.326Z","type":"odds","status":"success","message":"High-priority odds update completed (30min interval)","priority":"medium","leagues":["NBA","MLB","KBO","NFL","프리미어리그"],"dynamicPriority":"low","oddsUpdated":27,"oddsDetail":{"totalUpdated":27,"newOdds":1,"existingOddsUpdated":26,"skippedOdds":1,"apiCalls":5,"categoriesProcessed":5}}
{"timestamp":"2025-08-12T02:00:04.342Z","type":"epl","status":"success","message":"EPL 프리미어리그 데이터 업데이트 완료"}
{"timestamp":"2025-08-12T02:00:05.838Z","type":"bets","status":"start","message":"Starting bet results update after game results"}
{"timestamp":"2025-08-12T02:00:05.851Z","type":"results","status":"success","message":"Game results and bet results update completed","gameResultsUpdated":0,"gameResultsDetail":{"totalUpdated":0,"newGames":0,"existingGamesUpdated":0,"skippedGames":0,"categoriesProcessed":13},"betResultsUpdated":0,"categoryCount":14}
{"timestamp":"2025-08-12T02:10:00.691Z","type":"results","status":"start","message":"Starting cost-efficient game results update","categoryCount":14}
{"timestamp":"2025-08-12T02:10:06.495Z","type":"bets","status":"start","message":"Starting bet results update after game results"}
{"timestamp":"2025-08-12T02:10:06.511Z","type":"results","status":"success","message":"Game results and bet results update completed","gameResultsUpdated":0,"gameResultsDetail":{"totalUpdated":0,"newGames":0,"existingGamesUpdated":0,"skippedGames":0,"categoriesProcessed":13},"betResultsUpdated":0,"categoryCount":14}
{"timestamp":"2025-08-12T02:20:00.879Z","type":"results","status":"start","message":"Starting cost-efficient game results update","categoryCount":14}
{"timestamp":"2025-08-12T02:20:07.740Z","type":"bets","status":"start","message":"Starting bet results update after game results"}
{"timestamp":"2025-08-12T02:20:07.755Z","type":"results","status":"success","message":"Game results and bet results update completed","gameResultsUpdated":0,"gameResultsDetail":{"totalUpdated":0,"newGames":0,"existingGamesUpdated":0,"skippedGames":0,"categoriesProcessed":13},"betResultsUpdated":0,"categoryCount":14}
{"timestamp":"2025-08-12T02:27:43.720Z","type":"monitor","status":"info","message":"Scheduler status check","isUpdatingResults":false,"isUpdatingOdds":false,"lastUpdateTime":"2025-08-12T02:20:07.755Z","activeCategories":["NBA","MLB","KBO","NFL","프리미어리그","MLS","KLEAGUE","JLEAGUE","SERIEA","BRASILEIRAO","ARGENTINA_PRIMERA","CSL","LALIGA","BUNDESLIGA"],"uptime":68737.79479,"apiCallEstimate":"~28 calls per hour","memory":{"used":"88MB","total":"92MB"}}
{"timestamp":"2025-08-12T02:30:00.763Z","type":"results","status":"start","message":"Starting cost-efficient game results update","categoryCount":14}
{"timestamp":"2025-08-12T02:30:00.766Z","type":"odds","status":"start","message":"Starting high-priority leagues odds update (30min interval)","priority":"high","leagues":["NBA","MLB","KBO","NFL","프리미어리그"]}
{"timestamp":"2025-08-12T02:30:00.768Z","type":"epl","status":"start","message":"EPL 프리미어리그 데이터 강제 업데이트"}
{"timestamp":"2025-08-12T02:30:02.408Z","type":"epl","status":"success","message":"EPL 프리미어리그 데이터 업데이트 완료"}
{"timestamp":"2025-08-12T02:30:03.648Z","type":"odds","status":"success","message":"High-priority odds update completed (30min interval)","priority":"medium","leagues":["NBA","MLB","KBO","NFL","프리미어리그"],"dynamicPriority":"low","oddsUpdated":25,"oddsDetail":{"totalUpdated":25,"newOdds":2,"existingOddsUpdated":23,"skippedOdds":1,"apiCalls":5,"categoriesProcessed":5}}
{"timestamp":"2025-08-12T02:30:05.396Z","type":"bets","status":"start","message":"Starting bet results update after game results"}
{"timestamp":"2025-08-12T02:30:05.412Z","type":"results","status":"success","message":"Game results and bet results update completed","gameResultsUpdated":0,"gameResultsDetail":{"totalUpdated":0,"newGames":0,"existingGamesUpdated":0,"skippedGames":0,"categoriesProcessed":13},"betResultsUpdated":0,"categoryCount":14}
{"timestamp":"2025-08-12T02:40:00.927Z","type":"results","status":"start","message":"Starting cost-efficient game results update","categoryCount":14}
{"timestamp":"2025-08-12T02:40:06.144Z","type":"bets","status":"start","message":"Starting bet results update after game results"}
{"timestamp":"2025-08-12T02:40:06.160Z","type":"results","status":"success","message":"Game results and bet results update completed","gameResultsUpdated":0,"gameResultsDetail":{"totalUpdated":0,"newGames":0,"existingGamesUpdated":0,"skippedGames":0,"categoriesProcessed":13},"betResultsUpdated":0,"categoryCount":14}
{"timestamp":"2025-08-12T03:27:44.013Z","type":"monitor","status":"info","message":"Scheduler status check","isUpdatingResults":false,"isUpdatingOdds":false,"lastUpdateTime":"2025-08-12T02:40:06.160Z","activeCategories":["NBA","MLB","KBO","NFL","프리미어리그","MLS","KLEAGUE","JLEAGUE","SERIEA","BRASILEIRAO","ARGENTINA_PRIMERA","CSL","LALIGA","BUNDESLIGA"],"uptime":72337.801322125,"apiCallEstimate":"~28 calls per hour","memory":{"used":"90MB","total":"94MB"}}
{"timestamp":"2025-08-12T03:30:00.280Z","type":"results","status":"start","message":"Starting cost-efficient game results update","categoryCount":14}
{"timestamp":"2025-08-12T03:30:00.285Z","type":"odds","status":"start","message":"Starting high-priority leagues odds update (30min interval)","priority":"high","leagues":["NBA","MLB","KBO","NFL","프리미어리그"]}
{"timestamp":"2025-08-12T03:30:00.287Z","type":"epl","status":"start","message":"EPL 프리미어리그 데이터 강제 업데이트"}
{"timestamp":"2025-08-12T03:30:01.954Z","type":"epl","status":"success","message":"EPL 프리미어리그 데이터 업데이트 완료"}
{"timestamp":"2025-08-12T03:30:02.837Z","type":"odds","status":"success","message":"High-priority odds update completed (30min interval)","priority":"medium","leagues":["NBA","MLB","KBO","NFL","프리미어리그"],"dynamicPriority":"low","oddsUpdated":21,"oddsDetail":{"totalUpdated":21,"newOdds":0,"existingOddsUpdated":21,"skippedOdds":1,"apiCalls":5,"categoriesProcessed":5}}
{"timestamp":"2025-08-12T03:30:04.750Z","type":"bets","status":"start","message":"Starting bet results update after game results"}
{"timestamp":"2025-08-12T03:30:04.759Z","type":"results","status":"success","message":"Game results and bet results update completed","gameResultsUpdated":0,"gameResultsDetail":{"totalUpdated":0,"newGames":0,"existingGamesUpdated":0,"skippedGames":0,"categoriesProcessed":13},"betResultsUpdated":0,"categoryCount":14}
{"timestamp":"2025-08-12T03:40:00.921Z","type":"results","status":"start","message":"Starting cost-efficient game results update","categoryCount":14}
{"timestamp":"2025-08-12T03:40:06.117Z","type":"bets","status":"start","message":"Starting bet results update after game results"}
{"timestamp":"2025-08-12T03:40:06.131Z","type":"results","status":"success","message":"Game results and bet results update completed","gameResultsUpdated":0,"gameResultsDetail":{"totalUpdated":0,"newGames":0,"existingGamesUpdated":0,"skippedGames":0,"categoriesProcessed":13},"betResultsUpdated":0,"categoryCount":14}
{"timestamp":"2025-08-12T03:50:00.524Z","type":"results","status":"start","message":"Starting cost-efficient game results update","categoryCount":14}
{"timestamp":"2025-08-12T03:50:05.339Z","type":"bets","status":"start","message":"Starting bet results update after game results"}
{"timestamp":"2025-08-12T03:50:05.350Z","type":"results","status":"success","message":"Game results and bet results update completed","gameResultsUpdated":0,"gameResultsDetail":{"totalUpdated":0,"newGames":0,"existingGamesUpdated":0,"skippedGames":0,"categoriesProcessed":13},"betResultsUpdated":0,"categoryCount":14}
{"timestamp":"2025-08-12T04:00:00.167Z","type":"results","status":"start","message":"Starting cost-efficient game results update","categoryCount":14}
{"timestamp":"2025-08-12T04:00:00.172Z","type":"odds","status":"start","message":"Starting high-priority leagues odds update (30min interval)","priority":"high","leagues":["NBA","MLB","KBO","NFL","프리미어리그"]}
{"timestamp":"2025-08-12T04:00:00.179Z","type":"epl","status":"start","message":"EPL 프리미어리그 데이터 강제 업데이트"}
{"timestamp":"2025-08-12T04:00:02.907Z","type":"epl","status":"success","message":"EPL 프리미어리그 데이터 업데이트 완료"}
{"timestamp":"2025-08-12T04:00:03.828Z","type":"odds","status":"success","message":"High-priority odds update completed (30min interval)","priority":"medium","leagues":["NBA","MLB","KBO","NFL","프리미어리그"],"dynamicPriority":"low","oddsUpdated":21,"oddsDetail":{"totalUpdated":21,"newOdds":0,"existingOddsUpdated":21,"skippedOdds":1,"apiCalls":5,"categoriesProcessed":5}}
{"timestamp":"2025-08-12T04:00:05.545Z","type":"bets","status":"start","message":"Starting bet results update after game results"}
{"timestamp":"2025-08-12T04:00:05.557Z","type":"results","status":"success","message":"Game results and bet results update completed","gameResultsUpdated":0,"gameResultsDetail":{"totalUpdated":0,"newGames":0,"existingGamesUpdated":0,"skippedGames":0,"categoriesProcessed":13},"betResultsUpdated":0,"categoryCount":14}
{"timestamp":"2025-08-12T04:07:11.281Z","type":"init","status":"start","message":"Starting initial data caching for active categories","categoryCount":14}
{"timestamp":"2025-08-12T04:07:20.153Z","type":"init","status":"success","message":"Initial data cached successfully for active categories","oddsUpdated":167,"resultsUpdated":"N/A","betsUpdated":0,"categoryCount":14}
{"timestamp":"2025-08-12T04:10:00.453Z","type":"results","status":"start","message":"Starting cost-efficient game results update","categoryCount":14}
{"timestamp":"2025-08-12T04:10:00.630Z","type":"exchange_order_expiry","status":"error","message":"Exchange 주문 자동 만료 처리 실패","error":"Command failed: node -e \"import ExchangeSettlementService from './services/exchangeSettlementService.js'; const service = new ExchangeSettlementService(); service.cancelUnmatchedOrdersAtKickoff().then(() => console.log('완료')).catch(e => console.error('실패:', e.message));\"\n(node:36508) [MODULE_TYPELESS_PACKAGE_JSON] Warning: Module type of file:///Users/inyeoppark/Documents/MyGemeProject/LikeBetFair/server/services/exchangeSettlementService.js is not specified and it doesn't parse as CommonJS.\nReparsing as ES module because module syntax was detected. This incurs a performance overhead.\nTo eliminate this warning, add \"type\": \"module\" to /Users/inyeoppark/Documents/MyGemeProject/LikeBetFair/server/package.json.\n(Use `node --trace-warnings ...` to show where the warning was created)\nfile:///Users/inyeoppark/Documents/MyGemeProject/LikeBetFair/server/[eval1]:1\nimport ExchangeSettlementService from './services/exchangeSettlementService.js'; const service = new ExchangeSettlementService(); service.cancelUnmatchedOrdersAtKickoff().then(() => console.log('완료')).catch(e => console.error('실패:', e.message));\n                                                                                                 ^\n\nTypeError: ExchangeSettlementService is not a constructor\n    at file:///Users/inyeoppark/Documents/MyGemeProject/LikeBetFair/server/[eval1]:1:98\n    at ModuleJob.run (node:internal/modules/esm/module_job:274:25)\n    at async onImport.tracePromise.__proto__ (node:internal/modules/esm/loader:268:26)\n    at async ModuleLoader.executeModuleJob (node:internal/modules/esm/loader:264:20)\n    at async asyncRunEntryPointWithESMLoader (node:internal/modules/run_main:98:5)\n\nNode.js v23.11.0\n"}
{"timestamp":"2025-08-12T04:10:06.968Z","type":"bets","status":"start","message":"Starting bet results update after game results"}
{"timestamp":"2025-08-12T04:10:06.985Z","type":"results","status":"success","message":"Game results and bet results update completed","gameResultsUpdated":0,"gameResultsDetail":{"totalUpdated":0,"newGames":0,"existingGamesUpdated":0,"skippedGames":0,"categoriesProcessed":13},"betResultsUpdated":0,"categoryCount":14}
{"timestamp":"2025-08-12T04:20:00.040Z","type":"results","status":"start","message":"Starting cost-efficient game results update","categoryCount":14}
{"timestamp":"2025-08-12T04:20:05.323Z","type":"bets","status":"start","message":"Starting bet results update after game results"}
{"timestamp":"2025-08-12T04:20:05.335Z","type":"results","status":"success","message":"Game results and bet results update completed","gameResultsUpdated":0,"gameResultsDetail":{"totalUpdated":0,"newGames":0,"existingGamesUpdated":0,"skippedGames":0,"categoriesProcessed":13},"betResultsUpdated":0,"categoryCount":14}
{"timestamp":"2025-08-12T04:22:40.431Z","type":"init","status":"start","message":"Starting initial data caching for active categories","categoryCount":14}
{"timestamp":"2025-08-12T04:22:52.429Z","type":"init","status":"success","message":"Initial data cached successfully for active categories","oddsUpdated":167,"resultsUpdated":"N/A","betsUpdated":0,"categoryCount":14}
{"timestamp":"2025-08-12T04:30:00.767Z","type":"results","status":"start","message":"Starting cost-efficient game results update","categoryCount":14}
{"timestamp":"2025-08-12T04:30:00.772Z","type":"odds","status":"start","message":"Starting high-priority leagues odds update (30min interval)","priority":"high","leagues":["NBA","MLB","KBO","NFL","프리미어리그"]}
{"timestamp":"2025-08-12T04:30:00.777Z","type":"epl","status":"start","message":"EPL 프리미어리그 데이터 강제 업데이트"}
{"timestamp":"2025-08-12T04:30:02.456Z","type":"epl","status":"success","message":"EPL 프리미어리그 데이터 업데이트 완료"}
{"timestamp":"2025-08-12T04:30:03.995Z","type":"odds","status":"success","message":"High-priority odds update completed (30min interval)","priority":"medium","leagues":["NBA","MLB","KBO","NFL","프리미어리그"],"dynamicPriority":"low","oddsUpdated":20,"oddsDetail":{"totalUpdated":20,"newOdds":0,"existingOddsUpdated":20,"skippedOdds":1,"apiCalls":5,"categoriesProcessed":5}}
{"timestamp":"2025-08-12T04:30:07.696Z","type":"bets","status":"start","message":"Starting bet results update after game results"}
{"timestamp":"2025-08-12T04:30:07.708Z","type":"results","status":"success","message":"Game results and bet results update completed","gameResultsUpdated":0,"gameResultsDetail":{"totalUpdated":0,"newGames":0,"existingGamesUpdated":0,"skippedGames":0,"categoriesProcessed":13},"betResultsUpdated":0,"categoryCount":14}
{"timestamp":"2025-08-12T04:40:00.333Z","type":"results","status":"start","message":"Starting cost-efficient game results update","categoryCount":14}
{"timestamp":"2025-08-12T04:40:05.365Z","type":"bets","status":"start","message":"Starting bet results update after game results"}
{"timestamp":"2025-08-12T04:40:05.379Z","type":"results","status":"success","message":"Game results and bet results update completed","gameResultsUpdated":0,"gameResultsDetail":{"totalUpdated":0,"newGames":0,"existingGamesUpdated":0,"skippedGames":0,"categoriesProcessed":13},"betResultsUpdated":0,"categoryCount":14}
{"timestamp":"2025-08-12T04:50:00.928Z","type":"results","status":"start","message":"Starting cost-efficient game results update","categoryCount":14}
{"timestamp":"2025-08-12T04:50:05.276Z","type":"bets","status":"start","message":"Starting bet results update after game results"}
{"timestamp":"2025-08-12T04:50:05.284Z","type":"results","status":"success","message":"Game results and bet results update completed","gameResultsUpdated":0,"gameResultsDetail":{"totalUpdated":0,"newGames":0,"existingGamesUpdated":0,"skippedGames":0,"categoriesProcessed":13},"betResultsUpdated":0,"categoryCount":14}
{"timestamp":"2025-08-12T05:00:00.572Z","type":"results","status":"start","message":"Starting cost-efficient game results update","categoryCount":14}
{"timestamp":"2025-08-12T05:00:00.576Z","type":"odds","status":"start","message":"Starting high-priority leagues odds update (30min interval)","priority":"high","leagues":["NBA","MLB","KBO","NFL","프리미어리그"]}
{"timestamp":"2025-08-12T05:00:00.577Z","type":"odds","status":"start","message":"Starting medium-priority leagues odds update (2hour interval)","priority":"medium","leagues":["MLS","KLEAGUE","JLEAGUE","SERIEA"]}
{"timestamp":"2025-08-12T05:00:00.580Z","type":"epl","status":"start","message":"EPL 프리미어리그 데이터 강제 업데이트"}
{"timestamp":"2025-08-12T05:00:03.084Z","type":"odds","status":"success","message":"Medium-priority odds update completed (2hour interval)","priority":"medium","leagues":["MLS","KLEAGUE","JLEAGUE","SERIEA"],"dynamicPriority":"low","oddsUpdated":56,"oddsDetail":{"totalUpdated":56,"newOdds":0,"existingOddsUpdated":56,"skippedOdds":0,"apiCalls":4,"categoriesProcessed":4}}
{"timestamp":"2025-08-12T05:00:03.500Z","type":"odds","status":"success","message":"High-priority odds update completed (30min interval)","priority":"medium","leagues":["NBA","MLB","KBO","NFL","프리미어리그"],"dynamicPriority":"low","oddsUpdated":19,"oddsDetail":{"totalUpdated":19,"newOdds":0,"existingOddsUpdated":19,"skippedOdds":1,"apiCalls":5,"categoriesProcessed":5}}
{"timestamp":"2025-08-12T05:00:04.404Z","type":"epl","status":"success","message":"EPL 프리미어리그 데이터 업데이트 완료"}
{"timestamp":"2025-08-12T05:00:05.199Z","type":"bets","status":"start","message":"Starting bet results update after game results"}
{"timestamp":"2025-08-12T05:00:05.208Z","type":"results","status":"success","message":"Game results and bet results update completed","gameResultsUpdated":0,"gameResultsDetail":{"totalUpdated":0,"newGames":0,"existingGamesUpdated":0,"skippedGames":0,"categoriesProcessed":13},"betResultsUpdated":0,"categoryCount":14}
{"timestamp":"2025-08-12T05:10:00.161Z","type":"results","status":"start","message":"Starting cost-efficient game results update","categoryCount":14}
{"timestamp":"2025-08-12T05:10:05.551Z","type":"bets","status":"start","message":"Starting bet results update after game results"}
{"timestamp":"2025-08-12T05:10:05.563Z","type":"results","status":"success","message":"Game results and bet results update completed","gameResultsUpdated":0,"gameResultsDetail":{"totalUpdated":0,"newGames":0,"existingGamesUpdated":0,"skippedGames":0,"categoriesProcessed":13},"betResultsUpdated":0,"categoryCount":14}
{"timestamp":"2025-08-12T05:20:00.770Z","type":"results","status":"start","message":"Starting cost-efficient game results update","categoryCount":14}
{"timestamp":"2025-08-12T05:20:05.824Z","type":"bets","status":"start","message":"Starting bet results update after game results"}
{"timestamp":"2025-08-12T05:20:05.839Z","type":"results","status":"success","message":"Game results and bet results update completed","gameResultsUpdated":0,"gameResultsDetail":{"totalUpdated":0,"newGames":0,"existingGamesUpdated":0,"skippedGames":0,"categoriesProcessed":13},"betResultsUpdated":0,"categoryCount":14}
{"timestamp":"2025-08-12T05:22:40.312Z","type":"monitor","status":"info","message":"Scheduler status check","isUpdatingResults":false,"isUpdatingOdds":false,"lastUpdateTime":"2025-08-12T05:20:05.839Z","activeCategories":["NBA","MLB","KBO","NFL","프리미어리그","MLS","KLEAGUE","JLEAGUE","SERIEA","BRASILEIRAO","ARGENTINA_PRIMERA","CSL","LALIGA","BUNDESLIGA"],"uptime":3600.50679375,"apiCallEstimate":"~28 calls per hour","memory":{"used":"87MB","total":"93MB"}}
{"timestamp":"2025-08-12T05:30:00.350Z","type":"results","status":"start","message":"Starting cost-efficient game results update","categoryCount":14}
{"timestamp":"2025-08-12T05:30:00.354Z","type":"odds","status":"start","message":"Starting high-priority leagues odds update (30min interval)","priority":"high","leagues":["NBA","MLB","KBO","NFL","프리미어리그"]}
{"timestamp":"2025-08-12T05:30:00.357Z","type":"epl","status":"start","message":"EPL 프리미어리그 데이터 강제 업데이트"}
{"timestamp":"2025-08-12T05:30:01.963Z","type":"epl","status":"success","message":"EPL 프리미어리그 데이터 업데이트 완료"}
{"timestamp":"2025-08-12T05:30:03.356Z","type":"odds","status":"success","message":"High-priority odds update completed (30min interval)","priority":"medium","leagues":["NBA","MLB","KBO","NFL","프리미어리그"],"dynamicPriority":"low","oddsUpdated":18,"oddsDetail":{"totalUpdated":18,"newOdds":0,"existingOddsUpdated":18,"skippedOdds":1,"apiCalls":5,"categoriesProcessed":5}}
{"timestamp":"2025-08-12T05:30:05.391Z","type":"bets","status":"start","message":"Starting bet results update after game results"}
{"timestamp":"2025-08-12T05:30:05.403Z","type":"results","status":"success","message":"Game results and bet results update completed","gameResultsUpdated":0,"gameResultsDetail":{"totalUpdated":0,"newGames":0,"existingGamesUpdated":0,"skippedGames":0,"categoriesProcessed":13},"betResultsUpdated":0,"categoryCount":14}
{"timestamp":"2025-08-12T05:40:00.918Z","type":"results","status":"start","message":"Starting cost-efficient game results update","categoryCount":14}
{"timestamp":"2025-08-12T05:40:05.889Z","type":"bets","status":"start","message":"Starting bet results update after game results"}
{"timestamp":"2025-08-12T05:40:05.900Z","type":"results","status":"success","message":"Game results and bet results update completed","gameResultsUpdated":0,"gameResultsDetail":{"totalUpdated":0,"newGames":0,"existingGamesUpdated":0,"skippedGames":0,"categoriesProcessed":13},"betResultsUpdated":0,"categoryCount":14}
{"timestamp":"2025-08-12T05:50:00.626Z","type":"results","status":"start","message":"Starting cost-efficient game results update","categoryCount":14}
{"timestamp":"2025-08-12T05:50:05.427Z","type":"bets","status":"start","message":"Starting bet results update after game results"}
{"timestamp":"2025-08-12T05:50:05.440Z","type":"results","status":"success","message":"Game results and bet results update completed","gameResultsUpdated":0,"gameResultsDetail":{"totalUpdated":0,"newGames":0,"existingGamesUpdated":0,"skippedGames":0,"categoriesProcessed":13},"betResultsUpdated":0,"categoryCount":14}
{"timestamp":"2025-08-12T06:00:00.211Z","type":"results","status":"start","message":"Starting cost-efficient game results update","categoryCount":14}
{"timestamp":"2025-08-12T06:00:00.218Z","type":"odds","status":"start","message":"Starting high-priority leagues odds update (30min interval)","priority":"high","leagues":["NBA","MLB","KBO","NFL","프리미어리그"]}
{"timestamp":"2025-08-12T06:00:00.223Z","type":"epl","status":"start","message":"EPL 프리미어리그 데이터 강제 업데이트"}
{"timestamp":"2025-08-12T06:00:01.512Z","type":"epl","status":"success","message":"EPL 프리미어리그 데이터 업데이트 완료"}
{"timestamp":"2025-08-12T06:00:04.616Z","type":"odds","status":"success","message":"High-priority odds update completed (30min interval)","priority":"medium","leagues":["NBA","MLB","KBO","NFL","프리미어리그"],"dynamicPriority":"low","oddsUpdated":19,"oddsDetail":{"totalUpdated":19,"newOdds":1,"existingOddsUpdated":18,"skippedOdds":1,"apiCalls":5,"categoriesProcessed":5}}
{"timestamp":"2025-08-12T06:00:04.788Z","type":"bets","status":"start","message":"Starting bet results update after game results"}
{"timestamp":"2025-08-12T06:00:04.845Z","type":"results","status":"success","message":"Game results and bet results update completed","gameResultsUpdated":0,"gameResultsDetail":{"totalUpdated":0,"newGames":0,"existingGamesUpdated":0,"skippedGames":0,"categoriesProcessed":13},"betResultsUpdated":0,"categoryCount":14}
{"timestamp":"2025-08-12T06:10:00.819Z","type":"results","status":"start","message":"Starting cost-efficient game results update","categoryCount":14}
{"timestamp":"2025-08-12T06:10:05.284Z","type":"bets","status":"start","message":"Starting bet results update after game results"}
{"timestamp":"2025-08-12T06:10:05.296Z","type":"results","status":"success","message":"Game results and bet results update completed","gameResultsUpdated":0,"gameResultsDetail":{"totalUpdated":0,"newGames":0,"existingGamesUpdated":0,"skippedGames":0,"categoriesProcessed":13},"betResultsUpdated":0,"categoryCount":14}
{"timestamp":"2025-08-12T06:20:00.403Z","type":"results","status":"start","message":"Starting cost-efficient game results update","categoryCount":14}
{"timestamp":"2025-08-12T06:20:05.419Z","type":"bets","status":"start","message":"Starting bet results update after game results"}
{"timestamp":"2025-08-12T06:20:05.437Z","type":"results","status":"success","message":"Game results and bet results update completed","gameResultsUpdated":0,"gameResultsDetail":{"totalUpdated":0,"newGames":0,"existingGamesUpdated":0,"skippedGames":0,"categoriesProcessed":13},"betResultsUpdated":0,"categoryCount":14}
{"timestamp":"2025-08-12T06:22:40.431Z","type":"monitor","status":"info","message":"Scheduler status check","isUpdatingResults":false,"isUpdatingOdds":false,"lastUpdateTime":"2025-08-12T06:20:05.437Z","activeCategories":["NBA","MLB","KBO","NFL","프리미어리그","MLS","KLEAGUE","JLEAGUE","SERIEA","BRASILEIRAO","ARGENTINA_PRIMERA","CSL","LALIGA","BUNDESLIGA"],"uptime":7200.51263925,"apiCallEstimate":"~28 calls per hour","memory":{"used":"84MB","total":"96MB"}}
{"timestamp":"2025-08-12T06:30:00.044Z","type":"results","status":"start","message":"Starting cost-efficient game results update","categoryCount":14}
{"timestamp":"2025-08-12T06:30:00.048Z","type":"odds","status":"start","message":"Starting high-priority leagues odds update (30min interval)","priority":"high","leagues":["NBA","MLB","KBO","NFL","프리미어리그"]}
{"timestamp":"2025-08-12T06:30:00.052Z","type":"epl","status":"start","message":"EPL 프리미어리그 데이터 강제 업데이트"}
{"timestamp":"2025-08-12T06:30:02.426Z","type":"epl","status":"success","message":"EPL 프리미어리그 데이터 업데이트 완료"}
{"timestamp":"2025-08-12T06:30:02.772Z","type":"odds","status":"success","message":"High-priority odds update completed (30min interval)","priority":"medium","leagues":["NBA","MLB","KBO","NFL","프리미어리그"],"dynamicPriority":"low","oddsUpdated":19,"oddsDetail":{"totalUpdated":19,"newOdds":0,"existingOddsUpdated":19,"skippedOdds":1,"apiCalls":5,"categoriesProcessed":5}}
{"timestamp":"2025-08-12T06:30:04.451Z","type":"bets","status":"start","message":"Starting bet results update after game results"}
{"timestamp":"2025-08-12T06:30:04.461Z","type":"results","status":"success","message":"Game results and bet results update completed","gameResultsUpdated":0,"gameResultsDetail":{"totalUpdated":0,"newGames":0,"existingGamesUpdated":0,"skippedGames":0,"categoriesProcessed":13},"betResultsUpdated":0,"categoryCount":14}
{"timestamp":"2025-08-12T06:40:00.649Z","type":"results","status":"start","message":"Starting cost-efficient game results update","categoryCount":14}
{"timestamp":"2025-08-12T06:40:04.832Z","type":"bets","status":"start","message":"Starting bet results update after game results"}
{"timestamp":"2025-08-12T06:40:04.842Z","type":"results","status":"success","message":"Game results and bet results update completed","gameResultsUpdated":0,"gameResultsDetail":{"totalUpdated":0,"newGames":0,"existingGamesUpdated":0,"skippedGames":0,"categoriesProcessed":13},"betResultsUpdated":0,"categoryCount":14}
{"timestamp":"2025-08-12T06:50:00.244Z","type":"results","status":"start","message":"Starting cost-efficient game results update","categoryCount":14}
{"timestamp":"2025-08-12T06:50:05.044Z","type":"bets","status":"start","message":"Starting bet results update after game results"}
{"timestamp":"2025-08-12T06:50:05.058Z","type":"results","status":"success","message":"Game results and bet results update completed","gameResultsUpdated":0,"gameResultsDetail":{"totalUpdated":0,"newGames":0,"existingGamesUpdated":0,"skippedGames":0,"categoriesProcessed":13},"betResultsUpdated":0,"categoryCount":14}
{"timestamp":"2025-08-12T06:55:17.309Z","type":"init","status":"start","message":"Starting initial data caching for active categories","categoryCount":14}
{"timestamp":"2025-08-12T06:55:26.157Z","type":"init","status":"success","message":"Initial data cached successfully for active categories","oddsUpdated":164,"resultsUpdated":"N/A","betsUpdated":0,"categoryCount":14}
{"timestamp":"2025-08-12T07:00:00.589Z","type":"results","status":"start","message":"Starting cost-efficient game results update","categoryCount":14}
{"timestamp":"2025-08-12T07:00:00.594Z","type":"odds","status":"start","message":"Starting high-priority leagues odds update (30min interval)","priority":"high","leagues":["NBA","MLB","KBO","NFL","프리미어리그"]}
{"timestamp":"2025-08-12T07:00:00.596Z","type":"odds","status":"start","message":"Starting medium-priority leagues odds update (2hour interval)","priority":"medium","leagues":["MLS","KLEAGUE","JLEAGUE","SERIEA"]}
{"timestamp":"2025-08-12T07:00:00.600Z","type":"epl","status":"start","message":"EPL 프리미어리그 데이터 강제 업데이트"}
{"timestamp":"2025-08-12T07:00:02.138Z","type":"epl","status":"success","message":"EPL 프리미어리그 데이터 업데이트 완료"}
{"timestamp":"2025-08-12T07:00:02.907Z","type":"odds","status":"success","message":"Medium-priority odds update completed (2hour interval)","priority":"medium","leagues":["MLS","KLEAGUE","JLEAGUE","SERIEA"],"dynamicPriority":"low","oddsUpdated":56,"oddsDetail":{"totalUpdated":56,"newOdds":0,"existingOddsUpdated":56,"skippedOdds":0,"apiCalls":4,"categoriesProcessed":4}}
{"timestamp":"2025-08-12T07:00:03.364Z","type":"odds","status":"success","message":"High-priority odds update completed (30min interval)","priority":"medium","leagues":["NBA","MLB","KBO","NFL","프리미어리그"],"dynamicPriority":"low","oddsUpdated":19,"oddsDetail":{"totalUpdated":19,"newOdds":0,"existingOddsUpdated":19,"skippedOdds":1,"apiCalls":5,"categoriesProcessed":5}}
{"timestamp":"2025-08-12T07:00:06.040Z","type":"bets","status":"start","message":"Starting bet results update after game results"}
{"timestamp":"2025-08-12T07:00:06.051Z","type":"results","status":"success","message":"Game results and bet results update completed","gameResultsUpdated":0,"gameResultsDetail":{"totalUpdated":0,"newGames":0,"existingGamesUpdated":0,"skippedGames":0,"categoriesProcessed":13},"betResultsUpdated":0,"categoryCount":14}
{"timestamp":"2025-08-12T07:08:42.858Z","type":"init","status":"start","message":"Starting initial data caching for active categories","categoryCount":14}
{"timestamp":"2025-08-12T07:08:52.371Z","type":"init","status":"success","message":"Initial data cached successfully for active categories","oddsUpdated":165,"resultsUpdated":"N/A","betsUpdated":0,"categoryCount":14}
{"timestamp":"2025-08-12T07:10:00.934Z","type":"results","status":"start","message":"Starting cost-efficient game results update","categoryCount":14}
{"timestamp":"2025-08-12T07:10:05.915Z","type":"bets","status":"start","message":"Starting bet results update after game results"}
{"timestamp":"2025-08-12T07:10:05.930Z","type":"results","status":"success","message":"Game results and bet results update completed","gameResultsUpdated":0,"gameResultsDetail":{"totalUpdated":0,"newGames":0,"existingGamesUpdated":0,"skippedGames":0,"categoriesProcessed":13},"betResultsUpdated":0,"categoryCount":14}
{"timestamp":"2025-08-12T07:20:00.543Z","type":"results","status":"start","message":"Starting cost-efficient game results update","categoryCount":14}
{"timestamp":"2025-08-12T07:20:05.226Z","type":"bets","status":"start","message":"Starting bet results update after game results"}
{"timestamp":"2025-08-12T07:20:05.239Z","type":"results","status":"success","message":"Game results and bet results update completed","gameResultsUpdated":0,"gameResultsDetail":{"totalUpdated":0,"newGames":0,"existingGamesUpdated":0,"skippedGames":0,"categoriesProcessed":13},"betResultsUpdated":0,"categoryCount":14}
{"timestamp":"2025-08-12T07:30:00.136Z","type":"results","status":"start","message":"Starting cost-efficient game results update","categoryCount":14}
{"timestamp":"2025-08-12T07:30:00.141Z","type":"odds","status":"start","message":"Starting high-priority leagues odds update (30min interval)","priority":"high","leagues":["NBA","MLB","KBO","NFL","프리미어리그"]}
{"timestamp":"2025-08-12T07:30:00.144Z","type":"epl","status":"start","message":"EPL 프리미어리그 데이터 강제 업데이트"}
{"timestamp":"2025-08-12T07:30:01.509Z","type":"epl","status":"success","message":"EPL 프리미어리그 데이터 업데이트 완료"}
{"timestamp":"2025-08-12T07:30:03.064Z","type":"odds","status":"success","message":"High-priority odds update completed (30min interval)","priority":"medium","leagues":["NBA","MLB","KBO","NFL","프리미어리그"],"dynamicPriority":"low","oddsUpdated":20,"oddsDetail":{"totalUpdated":20,"newOdds":0,"existingOddsUpdated":20,"skippedOdds":1,"apiCalls":5,"categoriesProcessed":5}}
{"timestamp":"2025-08-12T07:30:06.122Z","type":"bets","status":"start","message":"Starting bet results update after game results"}
{"timestamp":"2025-08-12T07:30:06.133Z","type":"results","status":"success","message":"Game results and bet results update completed","gameResultsUpdated":0,"gameResultsDetail":{"totalUpdated":0,"newGames":0,"existingGamesUpdated":0,"skippedGames":0,"categoriesProcessed":13},"betResultsUpdated":0,"categoryCount":14}
{"timestamp":"2025-08-12T07:40:00.705Z","type":"results","status":"start","message":"Starting cost-efficient game results update","categoryCount":14}
{"timestamp":"2025-08-12T07:40:06.472Z","type":"bets","status":"start","message":"Starting bet results update after game results"}
{"timestamp":"2025-08-12T07:40:06.488Z","type":"results","status":"success","message":"Game results and bet results update completed","gameResultsUpdated":0,"gameResultsDetail":{"totalUpdated":0,"newGames":0,"existingGamesUpdated":0,"skippedGames":0,"categoriesProcessed":13},"betResultsUpdated":0,"categoryCount":14}
{"timestamp":"2025-08-12T07:50:00.274Z","type":"results","status":"start","message":"Starting cost-efficient game results update","categoryCount":14}
{"timestamp":"2025-08-12T07:50:07.178Z","type":"bets","status":"start","message":"Starting bet results update after game results"}
{"timestamp":"2025-08-12T07:50:07.193Z","type":"results","status":"success","message":"Game results and bet results update completed","gameResultsUpdated":0,"gameResultsDetail":{"totalUpdated":0,"newGames":0,"existingGamesUpdated":0,"skippedGames":0,"categoriesProcessed":13},"betResultsUpdated":0,"categoryCount":14}
{"timestamp":"2025-08-12T08:00:00.843Z","type":"results","status":"start","message":"Starting cost-efficient game results update","categoryCount":14}
{"timestamp":"2025-08-12T08:00:00.847Z","type":"odds","status":"start","message":"Starting high-priority leagues odds update (30min interval)","priority":"high","leagues":["NBA","MLB","KBO","NFL","프리미어리그"]}
{"timestamp":"2025-08-12T08:00:00.877Z","type":"epl","status":"start","message":"EPL 프리미어리그 데이터 강제 업데이트"}
{"timestamp":"2025-08-12T08:00:02.473Z","type":"epl","status":"success","message":"EPL 프리미어리그 데이터 업데이트 완료"}
{"timestamp":"2025-08-12T08:00:04.303Z","type":"odds","status":"success","message":"High-priority odds update completed (30min interval)","priority":"medium","leagues":["NBA","MLB","KBO","NFL","프리미어리그"],"dynamicPriority":"low","oddsUpdated":20,"oddsDetail":{"totalUpdated":20,"newOdds":0,"existingOddsUpdated":20,"skippedOdds":1,"apiCalls":5,"categoriesProcessed":5}}
{"timestamp":"2025-08-12T08:00:05.940Z","type":"bets","status":"start","message":"Starting bet results update after game results"}
{"timestamp":"2025-08-12T08:00:05.954Z","type":"results","status":"success","message":"Game results and bet results update completed","gameResultsUpdated":0,"gameResultsDetail":{"totalUpdated":0,"newGames":0,"existingGamesUpdated":0,"skippedGames":0,"categoriesProcessed":13},"betResultsUpdated":0,"categoryCount":14}
{"timestamp":"2025-08-12T08:08:42.734Z","type":"monitor","status":"info","message":"Scheduler status check","isUpdatingResults":false,"isUpdatingOdds":false,"lastUpdateTime":"2025-08-12T08:00:05.954Z","activeCategories":["NBA","MLB","KBO","NFL","프리미어리그","MLS","KLEAGUE","JLEAGUE","SERIEA","BRASILEIRAO","ARGENTINA_PRIMERA","CSL","LALIGA","BUNDESLIGA"],"uptime":3600.5632485,"apiCallEstimate":"~28 calls per hour","memory":{"used":"87MB","total":"94MB"}}
{"timestamp":"2025-08-12T08:10:00.404Z","type":"results","status":"start","message":"Starting cost-efficient game results update","categoryCount":14}
{"timestamp":"2025-08-12T08:10:05.046Z","type":"bets","status":"start","message":"Starting bet results update after game results"}
{"timestamp":"2025-08-12T08:10:05.060Z","type":"results","status":"success","message":"Game results and bet results update completed","gameResultsUpdated":0,"gameResultsDetail":{"totalUpdated":0,"newGames":0,"existingGamesUpdated":0,"skippedGames":0,"categoriesProcessed":13},"betResultsUpdated":0,"categoryCount":14}
{"timestamp":"2025-08-12T08:20:00.005Z","type":"results","status":"start","message":"Starting cost-efficient game results update","categoryCount":14}
{"timestamp":"2025-08-12T08:20:04.846Z","type":"bets","status":"start","message":"Starting bet results update after game results"}
{"timestamp":"2025-08-12T08:20:04.859Z","type":"results","status":"success","message":"Game results and bet results update completed","gameResultsUpdated":0,"gameResultsDetail":{"totalUpdated":0,"newGames":0,"existingGamesUpdated":0,"skippedGames":0,"categoriesProcessed":13},"betResultsUpdated":0,"categoryCount":14}
{"timestamp":"2025-08-12T08:30:00.598Z","type":"results","status":"start","message":"Starting cost-efficient game results update","categoryCount":14}
{"timestamp":"2025-08-12T08:30:00.601Z","type":"odds","status":"start","message":"Starting high-priority leagues odds update (30min interval)","priority":"high","leagues":["NBA","MLB","KBO","NFL","프리미어리그"]}
{"timestamp":"2025-08-12T08:30:00.604Z","type":"epl","status":"start","message":"EPL 프리미어리그 데이터 강제 업데이트"}
{"timestamp":"2025-08-12T08:30:02.860Z","type":"epl","status":"success","message":"EPL 프리미어리그 데이터 업데이트 완료"}
{"timestamp":"2025-08-12T08:30:03.379Z","type":"odds","status":"success","message":"High-priority odds update completed (30min interval)","priority":"medium","leagues":["NBA","MLB","KBO","NFL","프리미어리그"],"dynamicPriority":"low","oddsUpdated":20,"oddsDetail":{"totalUpdated":20,"newOdds":0,"existingOddsUpdated":20,"skippedOdds":1,"apiCalls":5,"categoriesProcessed":5}}
{"timestamp":"2025-08-12T08:30:05.821Z","type":"bets","status":"start","message":"Starting bet results update after game results"}
{"timestamp":"2025-08-12T08:30:05.829Z","type":"results","status":"success","message":"Game results and bet results update completed","gameResultsUpdated":0,"gameResultsDetail":{"totalUpdated":0,"newGames":0,"existingGamesUpdated":0,"skippedGames":0,"categoriesProcessed":13},"betResultsUpdated":0,"categoryCount":14}
{"timestamp":"2025-08-12T08:40:00.171Z","type":"results","status":"start","message":"Starting cost-efficient game results update","categoryCount":14}
{"timestamp":"2025-08-12T08:40:04.988Z","type":"bets","status":"start","message":"Starting bet results update after game results"}
{"timestamp":"2025-08-12T08:40:04.999Z","type":"results","status":"success","message":"Game results and bet results update completed","gameResultsUpdated":0,"gameResultsDetail":{"totalUpdated":0,"newGames":0,"existingGamesUpdated":0,"skippedGames":0,"categoriesProcessed":13},"betResultsUpdated":0,"categoryCount":14}
{"timestamp":"2025-08-12T08:50:00.752Z","type":"results","status":"start","message":"Starting cost-efficient game results update","categoryCount":14}
{"timestamp":"2025-08-12T08:50:07.026Z","type":"bets","status":"start","message":"Starting bet results update after game results"}
{"timestamp":"2025-08-12T08:50:07.035Z","type":"results","status":"success","message":"Game results and bet results update completed","gameResultsUpdated":0,"gameResultsDetail":{"totalUpdated":0,"newGames":0,"existingGamesUpdated":0,"skippedGames":0,"categoriesProcessed":13},"betResultsUpdated":0,"categoryCount":14}
{"timestamp":"2025-08-12T09:00:00.455Z","type":"results","status":"start","message":"Starting cost-efficient game results update","categoryCount":14}
{"timestamp":"2025-08-12T09:00:00.460Z","type":"odds","status":"start","message":"Starting high-priority leagues odds update (30min interval)","priority":"high","leagues":["NBA","MLB","KBO","NFL","프리미어리그"]}
{"timestamp":"2025-08-12T09:00:00.462Z","type":"odds","status":"start","message":"Starting medium-priority leagues odds update (2hour interval)","priority":"medium","leagues":["MLS","KLEAGUE","JLEAGUE","SERIEA"]}
{"timestamp":"2025-08-12T09:00:00.467Z","type":"epl","status":"start","message":"EPL 프리미어리그 데이터 강제 업데이트"}
{"timestamp":"2025-08-12T09:00:02.670Z","type":"odds","status":"success","message":"Medium-priority odds update completed (2hour interval)","priority":"medium","leagues":["MLS","KLEAGUE","JLEAGUE","SERIEA"],"dynamicPriority":"low","oddsUpdated":56,"oddsDetail":{"totalUpdated":56,"newOdds":0,"existingOddsUpdated":56,"skippedOdds":0,"apiCalls":4,"categoriesProcessed":4}}
{"timestamp":"2025-08-12T09:00:03.547Z","type":"odds","status":"success","message":"High-priority odds update completed (30min interval)","priority":"medium","leagues":["NBA","MLB","KBO","NFL","프리미어리그"],"dynamicPriority":"low","oddsUpdated":20,"oddsDetail":{"totalUpdated":20,"newOdds":0,"existingOddsUpdated":20,"skippedOdds":1,"apiCalls":5,"categoriesProcessed":5}}
{"timestamp":"2025-08-12T09:00:05.794Z","type":"bets","status":"start","message":"Starting bet results update after game results"}
{"timestamp":"2025-08-12T09:00:05.805Z","type":"results","status":"success","message":"Game results and bet results update completed","gameResultsUpdated":0,"gameResultsDetail":{"totalUpdated":0,"newGames":0,"existingGamesUpdated":0,"skippedGames":0,"categoriesProcessed":13},"betResultsUpdated":0,"categoryCount":14}
{"timestamp":"2025-08-12T09:00:08.086Z","type":"epl","status":"success","message":"EPL 프리미어리그 데이터 업데이트 완료"}
{"timestamp":"2025-08-12T09:08:42.799Z","type":"monitor","status":"info","message":"Scheduler status check","isUpdatingResults":false,"isUpdatingOdds":false,"lastUpdateTime":"2025-08-12T09:00:05.805Z","activeCategories":["NBA","MLB","KBO","NFL","프리미어리그","MLS","KLEAGUE","JLEAGUE","SERIEA","BRASILEIRAO","ARGENTINA_PRIMERA","CSL","LALIGA","BUNDESLIGA"],"uptime":7200.566726084,"apiCallEstimate":"~28 calls per hour","memory":{"used":"86MB","total":"94MB"}}
{"timestamp":"2025-08-12T09:10:00.040Z","type":"results","status":"start","message":"Starting cost-efficient game results update","categoryCount":14}
{"timestamp":"2025-08-12T09:10:04.375Z","type":"bets","status":"start","message":"Starting bet results update after game results"}
{"timestamp":"2025-08-12T09:10:04.388Z","type":"results","status":"success","message":"Game results and bet results update completed","gameResultsUpdated":0,"gameResultsDetail":{"totalUpdated":0,"newGames":0,"existingGamesUpdated":0,"skippedGames":0,"categoriesProcessed":13},"betResultsUpdated":0,"categoryCount":14}
{"timestamp":"2025-08-12T09:20:00.617Z","type":"results","status":"start","message":"Starting cost-efficient game results update","categoryCount":14}
{"timestamp":"2025-08-12T09:20:04.887Z","type":"bets","status":"start","message":"Starting bet results update after game results"}
{"timestamp":"2025-08-12T09:20:04.899Z","type":"results","status":"success","message":"Game results and bet results update completed","gameResultsUpdated":0,"gameResultsDetail":{"totalUpdated":0,"newGames":0,"existingGamesUpdated":0,"skippedGames":0,"categoriesProcessed":13},"betResultsUpdated":0,"categoryCount":14}
{"timestamp":"2025-08-12T09:30:00.261Z","type":"results","status":"start","message":"Starting cost-efficient game results update","categoryCount":14}
{"timestamp":"2025-08-12T09:30:00.263Z","type":"odds","status":"start","message":"Starting high-priority leagues odds update (30min interval)","priority":"high","leagues":["NBA","MLB","KBO","NFL","프리미어리그"]}
{"timestamp":"2025-08-12T09:30:00.264Z","type":"epl","status":"start","message":"EPL 프리미어리그 데이터 강제 업데이트"}
{"timestamp":"2025-08-12T09:30:02.692Z","type":"odds","status":"success","message":"High-priority odds update completed (30min interval)","priority":"medium","leagues":["NBA","MLB","KBO","NFL","프리미어리그"],"dynamicPriority":"low","oddsUpdated":20,"oddsDetail":{"totalUpdated":20,"newOdds":0,"existingOddsUpdated":20,"skippedOdds":1,"apiCalls":5,"categoriesProcessed":5}}
{"timestamp":"2025-08-12T09:30:03.474Z","type":"epl","status":"success","message":"EPL 프리미어리그 데이터 업데이트 완료"}
{"timestamp":"2025-08-12T09:30:07.596Z","type":"bets","status":"start","message":"Starting bet results update after game results"}
{"timestamp":"2025-08-12T09:30:07.611Z","type":"results","status":"success","message":"Game results and bet results update completed","gameResultsUpdated":0,"gameResultsDetail":{"totalUpdated":0,"newGames":0,"existingGamesUpdated":0,"skippedGames":0,"categoriesProcessed":13},"betResultsUpdated":0,"categoryCount":14}
{"timestamp":"2025-08-12T09:40:00.901Z","type":"results","status":"start","message":"Starting cost-efficient game results update","categoryCount":14}
{"timestamp":"2025-08-12T09:40:07.001Z","type":"bets","status":"start","message":"Starting bet results update after game results"}
{"timestamp":"2025-08-12T09:40:07.012Z","type":"results","status":"success","message":"Game results and bet results update completed","gameResultsUpdated":0,"gameResultsDetail":{"totalUpdated":0,"newGames":0,"existingGamesUpdated":0,"skippedGames":0,"categoriesProcessed":13},"betResultsUpdated":0,"categoryCount":14}
{"timestamp":"2025-08-12T10:09:03.025Z","type":"monitor","status":"info","message":"Scheduler status check","isUpdatingResults":false,"isUpdatingOdds":false,"lastUpdateTime":"2025-08-12T09:40:07.012Z","activeCategories":["NBA","MLB","KBO","NFL","프리미어리그","MLS","KLEAGUE","JLEAGUE","SERIEA","BRASILEIRAO","ARGENTINA_PRIMERA","CSL","LALIGA","BUNDESLIGA"],"uptime":10820.715377125,"apiCallEstimate":"~28 calls per hour","memory":{"used":"85MB","total":"94MB"}}
{"timestamp":"2025-08-12T10:10:00.130Z","type":"results","status":"start","message":"Starting cost-efficient game results update","categoryCount":14}
{"timestamp":"2025-08-12T10:10:06.157Z","type":"bets","status":"start","message":"Starting bet results update after game results"}
{"timestamp":"2025-08-12T10:10:06.171Z","type":"results","status":"success","message":"Game results and bet results update completed","gameResultsUpdated":0,"gameResultsDetail":{"totalUpdated":0,"newGames":0,"existingGamesUpdated":0,"skippedGames":0,"categoriesProcessed":13},"betResultsUpdated":0,"categoryCount":14}
{"timestamp":"2025-08-12T10:20:00.285Z","type":"results","status":"start","message":"Starting cost-efficient game results update","categoryCount":14}
{"timestamp":"2025-08-12T10:20:09.130Z","type":"bets","status":"start","message":"Starting bet results update after game results"}
{"timestamp":"2025-08-12T10:20:09.147Z","type":"results","status":"success","message":"Game results and bet results update completed","gameResultsUpdated":0,"gameResultsDetail":{"totalUpdated":0,"newGames":0,"existingGamesUpdated":0,"skippedGames":0,"categoriesProcessed":13},"betResultsUpdated":0,"categoryCount":14}
{"timestamp":"2025-08-12T10:30:00.445Z","type":"results","status":"start","message":"Starting cost-efficient game results update","categoryCount":14}
{"timestamp":"2025-08-12T10:30:00.449Z","type":"odds","status":"start","message":"Starting high-priority leagues odds update (30min interval)","priority":"high","leagues":["NBA","MLB","KBO","NFL","프리미어리그"]}
{"timestamp":"2025-08-12T10:30:00.454Z","type":"epl","status":"start","message":"EPL 프리미어리그 데이터 강제 업데이트"}
{"timestamp":"2025-08-12T10:30:02.038Z","type":"epl","status":"success","message":"EPL 프리미어리그 데이터 업데이트 완료"}
{"timestamp":"2025-08-12T10:30:03.155Z","type":"odds","status":"success","message":"High-priority odds update completed (30min interval)","priority":"medium","leagues":["NBA","MLB","KBO","NFL","프리미어리그"],"dynamicPriority":"low","oddsUpdated":20,"oddsDetail":{"totalUpdated":20,"newOdds":2,"existingOddsUpdated":18,"skippedOdds":1,"apiCalls":5,"categoriesProcessed":5}}
{"timestamp":"2025-08-12T10:30:06.660Z","type":"bets","status":"start","message":"Starting bet results update after game results"}
{"timestamp":"2025-08-12T10:30:06.675Z","type":"results","status":"success","message":"Game results and bet results update completed","gameResultsUpdated":0,"gameResultsDetail":{"totalUpdated":0,"newGames":0,"existingGamesUpdated":0,"skippedGames":0,"categoriesProcessed":13},"betResultsUpdated":0,"categoryCount":14}
{"timestamp":"2025-08-12T10:40:00.631Z","type":"results","status":"start","message":"Starting cost-efficient game results update","categoryCount":14}
{"timestamp":"2025-08-12T10:40:05.774Z","type":"bets","status":"start","message":"Starting bet results update after game results"}
{"timestamp":"2025-08-12T10:40:05.789Z","type":"results","status":"success","message":"Game results and bet results update completed","gameResultsUpdated":0,"gameResultsDetail":{"totalUpdated":0,"newGames":0,"existingGamesUpdated":0,"skippedGames":0,"categoriesProcessed":13},"betResultsUpdated":0,"categoryCount":14}
{"timestamp":"2025-08-12T10:50:00.784Z","type":"results","status":"start","message":"Starting cost-efficient game results update","categoryCount":14}
{"timestamp":"2025-08-12T10:50:06.360Z","type":"bets","status":"start","message":"Starting bet results update after game results"}
{"timestamp":"2025-08-12T10:50:06.370Z","type":"results","status":"success","message":"Game results and bet results update completed","gameResultsUpdated":0,"gameResultsDetail":{"totalUpdated":0,"newGames":0,"existingGamesUpdated":0,"skippedGames":0,"categoriesProcessed":13},"betResultsUpdated":0,"categoryCount":14}
{"timestamp":"2025-08-12T11:00:00.919Z","type":"results","status":"start","message":"Starting cost-efficient game results update","categoryCount":14}
{"timestamp":"2025-08-12T11:00:00.924Z","type":"odds","status":"start","message":"Starting high-priority leagues odds update (30min interval)","priority":"high","leagues":["NBA","MLB","KBO","NFL","프리미어리그"]}
{"timestamp":"2025-08-12T11:00:00.925Z","type":"odds","status":"start","message":"Starting medium-priority leagues odds update (2hour interval)","priority":"medium","leagues":["MLS","KLEAGUE","JLEAGUE","SERIEA"]}
{"timestamp":"2025-08-12T11:00:00.929Z","type":"epl","status":"start","message":"EPL 프리미어리그 데이터 강제 업데이트"}
{"timestamp":"2025-08-12T11:00:03.259Z","type":"odds","status":"success","message":"Medium-priority odds update completed (2hour interval)","priority":"medium","leagues":["MLS","KLEAGUE","JLEAGUE","SERIEA"],"dynamicPriority":"low","oddsUpdated":56,"oddsDetail":{"totalUpdated":56,"newOdds":0,"existingOddsUpdated":56,"skippedOdds":0,"apiCalls":4,"categoriesProcessed":4}}
{"timestamp":"2025-08-12T11:00:03.402Z","type":"odds","status":"success","message":"High-priority odds update completed (30min interval)","priority":"medium","leagues":["NBA","MLB","KBO","NFL","프리미어리그"],"dynamicPriority":"low","oddsUpdated":20,"oddsDetail":{"totalUpdated":20,"newOdds":0,"existingOddsUpdated":20,"skippedOdds":1,"apiCalls":5,"categoriesProcessed":5}}
{"timestamp":"2025-08-12T11:00:04.015Z","type":"epl","status":"success","message":"EPL 프리미어리그 데이터 업데이트 완료"}
{"timestamp":"2025-08-12T11:00:05.969Z","type":"bets","status":"start","message":"Starting bet results update after game results"}
{"timestamp":"2025-08-12T11:00:05.983Z","type":"results","status":"success","message":"Game results and bet results update completed","gameResultsUpdated":0,"gameResultsDetail":{"totalUpdated":0,"newGames":0,"existingGamesUpdated":0,"skippedGames":0,"categoriesProcessed":13},"betResultsUpdated":0,"categoryCount":14}
{"timestamp":"2025-08-12T11:09:03.006Z","type":"monitor","status":"info","message":"Scheduler status check","isUpdatingResults":false,"isUpdatingOdds":false,"lastUpdateTime":"2025-08-12T11:00:05.983Z","activeCategories":["NBA","MLB","KBO","NFL","프리미어리그","MLS","KLEAGUE","JLEAGUE","SERIEA","BRASILEIRAO","ARGENTINA_PRIMERA","CSL","LALIGA","BUNDESLIGA"],"uptime":14420.717730292,"apiCallEstimate":"~28 calls per hour","memory":{"used":"89MB","total":"98MB"}}
{"timestamp":"2025-08-12T11:10:00.058Z","type":"results","status":"start","message":"Starting cost-efficient game results update","categoryCount":14}
{"timestamp":"2025-08-12T11:10:05.572Z","type":"bets","status":"start","message":"Starting bet results update after game results"}
{"timestamp":"2025-08-12T11:10:05.580Z","type":"results","status":"success","message":"Game results and bet results update completed","gameResultsUpdated":0,"gameResultsDetail":{"totalUpdated":0,"newGames":0,"existingGamesUpdated":0,"skippedGames":0,"categoriesProcessed":13},"betResultsUpdated":0,"categoryCount":14}
{"timestamp":"2025-08-12T12:09:24.901Z","type":"monitor","status":"info","message":"Scheduler status check","isUpdatingResults":false,"isUpdatingOdds":false,"lastUpdateTime":"2025-08-12T11:10:05.580Z","activeCategories":["NBA","MLB","KBO","NFL","프리미어리그","MLS","KLEAGUE","JLEAGUE","SERIEA","BRASILEIRAO","ARGENTINA_PRIMERA","CSL","LALIGA","BUNDESLIGA"],"uptime":18042.71070925,"apiCallEstimate":"~28 calls per hour","memory":{"used":"91MB","total":"97MB"}}
{"timestamp":"2025-08-12T12:10:00.969Z","type":"results","status":"start","message":"Starting cost-efficient game results update","categoryCount":14}
{"timestamp":"2025-08-12T12:10:06.098Z","type":"bets","status":"start","message":"Starting bet results update after game results"}
{"timestamp":"2025-08-12T12:10:06.108Z","type":"results","status":"success","message":"Game results and bet results update completed","gameResultsUpdated":0,"gameResultsDetail":{"totalUpdated":0,"newGames":0,"existingGamesUpdated":0,"skippedGames":0,"categoriesProcessed":13},"betResultsUpdated":0,"categoryCount":14}
{"timestamp":"2025-08-12T12:20:00.126Z","type":"results","status":"start","message":"Starting cost-efficient game results update","categoryCount":14}
{"timestamp":"2025-08-12T12:20:06.043Z","type":"bets","status":"start","message":"Starting bet results update after game results"}
{"timestamp":"2025-08-12T12:20:06.055Z","type":"results","status":"success","message":"Game results and bet results update completed","gameResultsUpdated":0,"gameResultsDetail":{"totalUpdated":0,"newGames":0,"existingGamesUpdated":0,"skippedGames":0,"categoriesProcessed":13},"betResultsUpdated":0,"categoryCount":14}
{"timestamp":"2025-08-12T12:30:00.295Z","type":"results","status":"start","message":"Starting cost-efficient game results update","categoryCount":14}
{"timestamp":"2025-08-12T12:30:00.297Z","type":"odds","status":"start","message":"Starting high-priority leagues odds update (30min interval)","priority":"high","leagues":["NBA","MLB","KBO","NFL","프리미어리그"]}
{"timestamp":"2025-08-12T12:30:00.301Z","type":"epl","status":"start","message":"EPL 프리미어리그 데이터 강제 업데이트"}
{"timestamp":"2025-08-12T12:30:01.885Z","type":"epl","status":"success","message":"EPL 프리미어리그 데이터 업데이트 완료"}
{"timestamp":"2025-08-12T12:30:03.107Z","type":"odds","status":"success","message":"High-priority odds update completed (30min interval)","priority":"medium","leagues":["NBA","MLB","KBO","NFL","프리미어리그"],"dynamicPriority":"low","oddsUpdated":20,"oddsDetail":{"totalUpdated":20,"newOdds":1,"existingOddsUpdated":19,"skippedOdds":1,"apiCalls":5,"categoriesProcessed":5}}
{"timestamp":"2025-08-12T12:30:04.857Z","type":"bets","status":"start","message":"Starting bet results update after game results"}
{"timestamp":"2025-08-12T12:30:04.871Z","type":"results","status":"success","message":"Game results and bet results update completed","gameResultsUpdated":0,"gameResultsDetail":{"totalUpdated":0,"newGames":0,"existingGamesUpdated":0,"skippedGames":0,"categoriesProcessed":13},"betResultsUpdated":0,"categoryCount":14}
{"timestamp":"2025-08-12T12:40:00.441Z","type":"results","status":"start","message":"Starting cost-efficient game results update","categoryCount":14}
{"timestamp":"2025-08-12T12:40:06.457Z","type":"bets","status":"start","message":"Starting bet results update after game results"}
{"timestamp":"2025-08-12T12:40:06.469Z","type":"results","status":"success","message":"Game results and bet results update completed","gameResultsUpdated":0,"gameResultsDetail":{"totalUpdated":0,"newGames":0,"existingGamesUpdated":0,"skippedGames":0,"categoriesProcessed":13},"betResultsUpdated":0,"categoryCount":14}
{"timestamp":"2025-08-12T12:50:00.584Z","type":"results","status":"start","message":"Starting cost-efficient game results update","categoryCount":14}
{"timestamp":"2025-08-12T12:50:05.497Z","type":"bets","status":"start","message":"Starting bet results update after game results"}
{"timestamp":"2025-08-12T12:50:05.512Z","type":"results","status":"success","message":"Game results and bet results update completed","gameResultsUpdated":0,"gameResultsDetail":{"totalUpdated":0,"newGames":0,"existingGamesUpdated":0,"skippedGames":0,"categoriesProcessed":13},"betResultsUpdated":0,"categoryCount":14}
{"timestamp":"2025-08-12T13:00:00.753Z","type":"results","status":"start","message":"Starting cost-efficient game results update","categoryCount":14}
{"timestamp":"2025-08-12T13:00:00.758Z","type":"odds","status":"start","message":"Starting high-priority leagues odds update (30min interval)","priority":"high","leagues":["NBA","MLB","KBO","NFL","프리미어리그"]}
{"timestamp":"2025-08-12T13:00:00.759Z","type":"odds","status":"start","message":"Starting medium-priority leagues odds update (2hour interval)","priority":"medium","leagues":["MLS","KLEAGUE","JLEAGUE","SERIEA"]}
{"timestamp":"2025-08-12T13:00:00.763Z","type":"epl","status":"start","message":"EPL 프리미어리그 데이터 강제 업데이트"}
{"timestamp":"2025-08-12T13:00:03.254Z","type":"odds","status":"success","message":"Medium-priority odds update completed (2hour interval)","priority":"medium","leagues":["MLS","KLEAGUE","JLEAGUE","SERIEA"],"dynamicPriority":"low","oddsUpdated":56,"oddsDetail":{"totalUpdated":56,"newOdds":0,"existingOddsUpdated":56,"skippedOdds":0,"apiCalls":4,"categoriesProcessed":4}}
{"timestamp":"2025-08-12T13:00:03.668Z","type":"odds","status":"success","message":"High-priority odds update completed (30min interval)","priority":"medium","leagues":["NBA","MLB","KBO","NFL","프리미어리그"],"dynamicPriority":"low","oddsUpdated":15,"oddsDetail":{"totalUpdated":15,"newOdds":0,"existingOddsUpdated":15,"skippedOdds":1,"apiCalls":5,"categoriesProcessed":5}}
{"timestamp":"2025-08-12T13:00:04.327Z","type":"epl","status":"success","message":"EPL 프리미어리그 데이터 업데이트 완료"}
{"timestamp":"2025-08-12T13:00:05.067Z","type":"bets","status":"start","message":"Starting bet results update after game results"}
{"timestamp":"2025-08-12T13:00:05.081Z","type":"results","status":"success","message":"Game results and bet results update completed","gameResultsUpdated":0,"gameResultsDetail":{"totalUpdated":0,"newGames":0,"existingGamesUpdated":0,"skippedGames":0,"categoriesProcessed":13},"betResultsUpdated":0,"categoryCount":14}
{"timestamp":"2025-08-12T13:09:24.877Z","type":"monitor","status":"info","message":"Scheduler status check","isUpdatingResults":false,"isUpdatingOdds":false,"lastUpdateTime":"2025-08-12T13:00:05.081Z","activeCategories":["NBA","MLB","KBO","NFL","프리미어리그","MLS","KLEAGUE","JLEAGUE","SERIEA","BRASILEIRAO","ARGENTINA_PRIMERA","CSL","LALIGA","BUNDESLIGA"],"uptime":21642.713349875,"apiCallEstimate":"~28 calls per hour","memory":{"used":"87MB","total":"95MB"}}
{"timestamp":"2025-08-12T13:10:00.895Z","type":"results","status":"start","message":"Starting cost-efficient game results update","categoryCount":14}
{"timestamp":"2025-08-12T13:10:06.375Z","type":"bets","status":"start","message":"Starting bet results update after game results"}
{"timestamp":"2025-08-12T13:10:06.393Z","type":"results","status":"success","message":"Game results and bet results update completed","gameResultsUpdated":0,"gameResultsDetail":{"totalUpdated":0,"newGames":0,"existingGamesUpdated":0,"skippedGames":0,"categoriesProcessed":13},"betResultsUpdated":0,"categoryCount":14}
{"timestamp":"2025-08-12T13:30:00.909Z","type":"results","status":"start","message":"Starting cost-efficient game results update","categoryCount":14}
{"timestamp":"2025-08-12T13:30:00.912Z","type":"odds","status":"start","message":"Starting high-priority leagues odds update (30min interval)","priority":"high","leagues":["NBA","MLB","KBO","NFL","프리미어리그"]}
{"timestamp":"2025-08-12T13:30:00.916Z","type":"epl","status":"start","message":"EPL 프리미어리그 데이터 강제 업데이트"}
{"timestamp":"2025-08-12T13:30:02.465Z","type":"epl","status":"success","message":"EPL 프리미어리그 데이터 업데이트 완료"}
{"timestamp":"2025-08-12T13:30:03.742Z","type":"odds","status":"success","message":"High-priority odds update completed (30min interval)","priority":"medium","leagues":["NBA","MLB","KBO","NFL","프리미어리그"],"dynamicPriority":"low","oddsUpdated":15,"oddsDetail":{"totalUpdated":15,"newOdds":0,"existingOddsUpdated":15,"skippedOdds":1,"apiCalls":5,"categoriesProcessed":5}}
{"timestamp":"2025-08-12T13:30:06.313Z","type":"bets","status":"start","message":"Starting bet results update after game results"}
{"timestamp":"2025-08-12T13:30:06.324Z","type":"results","status":"success","message":"Game results and bet results update completed","gameResultsUpdated":0,"gameResultsDetail":{"totalUpdated":0,"newGames":0,"existingGamesUpdated":0,"skippedGames":0,"categoriesProcessed":13},"betResultsUpdated":0,"categoryCount":14}
{"timestamp":"2025-08-12T13:40:00.095Z","type":"results","status":"start","message":"Starting cost-efficient game results update","categoryCount":14}
{"timestamp":"2025-08-12T13:40:05.370Z","type":"bets","status":"start","message":"Starting bet results update after game results"}
{"timestamp":"2025-08-12T13:40:05.380Z","type":"results","status":"success","message":"Game results and bet results update completed","gameResultsUpdated":0,"gameResultsDetail":{"totalUpdated":0,"newGames":0,"existingGamesUpdated":0,"skippedGames":0,"categoriesProcessed":13},"betResultsUpdated":0,"categoryCount":14}
{"timestamp":"2025-08-12T13:50:00.278Z","type":"results","status":"start","message":"Starting cost-efficient game results update","categoryCount":14}
{"timestamp":"2025-08-12T13:50:05.557Z","type":"bets","status":"start","message":"Starting bet results update after game results"}
{"timestamp":"2025-08-12T13:50:05.572Z","type":"results","status":"success","message":"Game results and bet results update completed","gameResultsUpdated":0,"gameResultsDetail":{"totalUpdated":0,"newGames":0,"existingGamesUpdated":0,"skippedGames":0,"categoriesProcessed":13},"betResultsUpdated":0,"categoryCount":14}
{"timestamp":"2025-08-12T14:00:00.476Z","type":"results","status":"start","message":"Starting cost-efficient game results update","categoryCount":14}
{"timestamp":"2025-08-12T14:00:00.479Z","type":"odds","status":"start","message":"Starting high-priority leagues odds update (30min interval)","priority":"high","leagues":["NBA","MLB","KBO","NFL","프리미어리그"]}
{"timestamp":"2025-08-12T14:00:00.484Z","type":"epl","status":"start","message":"EPL 프리미어리그 데이터 강제 업데이트"}
{"timestamp":"2025-08-12T14:00:04.102Z","type":"epl","status":"success","message":"EPL 프리미어리그 데이터 업데이트 완료"}
{"timestamp":"2025-08-12T14:00:04.106Z","type":"odds","status":"success","message":"High-priority odds update completed (30min interval)","priority":"medium","leagues":["NBA","MLB","KBO","NFL","프리미어리그"],"dynamicPriority":"low","oddsUpdated":20,"oddsDetail":{"totalUpdated":20,"newOdds":5,"existingOddsUpdated":15,"skippedOdds":1,"apiCalls":5,"categoriesProcessed":5}}
{"timestamp":"2025-08-12T14:00:05.921Z","type":"bets","status":"start","message":"Starting bet results update after game results"}
{"timestamp":"2025-08-12T14:00:05.936Z","type":"results","status":"success","message":"Game results and bet results update completed","gameResultsUpdated":0,"gameResultsDetail":{"totalUpdated":0,"newGames":0,"existingGamesUpdated":0,"skippedGames":0,"categoriesProcessed":13},"betResultsUpdated":0,"categoryCount":14}
{"timestamp":"2025-08-12T14:09:24.989Z","type":"monitor","status":"info","message":"Scheduler status check","isUpdatingResults":false,"isUpdatingOdds":false,"lastUpdateTime":"2025-08-12T14:00:05.936Z","activeCategories":["NBA","MLB","KBO","NFL","프리미어리그","MLS","KLEAGUE","JLEAGUE","SERIEA","BRASILEIRAO","ARGENTINA_PRIMERA","CSL","LALIGA","BUNDESLIGA"],"uptime":25242.715052292,"apiCallEstimate":"~28 calls per hour","memory":{"used":"87MB","total":"97MB"}}
{"timestamp":"2025-08-12T14:10:00.644Z","type":"results","status":"start","message":"Starting cost-efficient game results update","categoryCount":14}
{"timestamp":"2025-08-12T14:10:05.679Z","type":"bets","status":"start","message":"Starting bet results update after game results"}
{"timestamp":"2025-08-12T14:10:05.689Z","type":"results","status":"success","message":"Game results and bet results update completed","gameResultsUpdated":0,"gameResultsDetail":{"totalUpdated":0,"newGames":0,"existingGamesUpdated":0,"skippedGames":0,"categoriesProcessed":13},"betResultsUpdated":0,"categoryCount":14}
{"timestamp":"2025-08-12T14:20:00.839Z","type":"results","status":"start","message":"Starting cost-efficient game results update","categoryCount":14}
{"timestamp":"2025-08-12T14:20:08.212Z","type":"bets","status":"start","message":"Starting bet results update after game results"}
{"timestamp":"2025-08-12T14:20:08.227Z","type":"results","status":"success","message":"Game results and bet results update completed","gameResultsUpdated":0,"gameResultsDetail":{"totalUpdated":0,"newGames":0,"existingGamesUpdated":0,"skippedGames":0,"categoriesProcessed":13},"betResultsUpdated":0,"categoryCount":14}
{"timestamp":"2025-08-12T15:16:59.826Z","type":"monitor","status":"info","message":"Scheduler status check","isUpdatingResults":false,"isUpdatingOdds":false,"lastUpdateTime":"2025-08-12T14:20:08.227Z","activeCategories":["NBA","MLB","KBO","NFL","프리미어리그","MLS","KLEAGUE","JLEAGUE","SERIEA","BRASILEIRAO","ARGENTINA_PRIMERA","CSL","LALIGA","BUNDESLIGA"],"uptime":29297.715430625,"apiCallEstimate":"~28 calls per hour","memory":{"used":"91MB","total":"97MB"}}
{"timestamp":"2025-08-12T15:40:00.615Z","type":"results","status":"start","message":"Starting cost-efficient game results update","categoryCount":14}
{"timestamp":"2025-08-12T15:40:05.282Z","type":"bets","status":"start","message":"Starting bet results update after game results"}
{"timestamp":"2025-08-12T15:40:05.297Z","type":"results","status":"success","message":"Game results and bet results update completed","gameResultsUpdated":0,"gameResultsDetail":{"totalUpdated":0,"newGames":0,"existingGamesUpdated":0,"skippedGames":0,"categoriesProcessed":13},"betResultsUpdated":0,"categoryCount":14}
{"timestamp":"2025-08-12T15:50:00.752Z","type":"results","status":"start","message":"Starting cost-efficient game results update","categoryCount":14}
{"timestamp":"2025-08-12T15:50:06.133Z","type":"bets","status":"start","message":"Starting bet results update after game results"}
{"timestamp":"2025-08-12T15:50:06.141Z","type":"results","status":"success","message":"Game results and bet results update completed","gameResultsUpdated":0,"gameResultsDetail":{"totalUpdated":0,"newGames":0,"existingGamesUpdated":0,"skippedGames":0,"categoriesProcessed":13},"betResultsUpdated":0,"categoryCount":14}
{"timestamp":"2025-08-12T16:00:00.889Z","type":"results","status":"start","message":"Starting cost-efficient game results update","categoryCount":14}
{"timestamp":"2025-08-12T16:00:00.893Z","type":"odds","status":"start","message":"Starting high-priority leagues odds update (30min interval)","priority":"high","leagues":["NBA","MLB","KBO","NFL","프리미어리그"]}
{"timestamp":"2025-08-12T16:00:00.896Z","type":"epl","status":"start","message":"EPL 프리미어리그 데이터 강제 업데이트"}
{"timestamp":"2025-08-12T16:00:02.501Z","type":"epl","status":"success","message":"EPL 프리미어리그 데이터 업데이트 완료"}
{"timestamp":"2025-08-12T16:00:04.485Z","type":"odds","status":"success","message":"High-priority odds update completed (30min interval)","priority":"medium","leagues":["NBA","MLB","KBO","NFL","프리미어리그"],"dynamicPriority":"low","oddsUpdated":20,"oddsDetail":{"totalUpdated":20,"newOdds":0,"existingOddsUpdated":20,"skippedOdds":1,"apiCalls":5,"categoriesProcessed":5}}
{"timestamp":"2025-08-12T16:00:05.898Z","type":"bets","status":"start","message":"Starting bet results update after game results"}
{"timestamp":"2025-08-12T16:00:05.911Z","type":"results","status":"success","message":"Game results and bet results update completed","gameResultsUpdated":0,"gameResultsDetail":{"totalUpdated":0,"newGames":0,"existingGamesUpdated":0,"skippedGames":0,"categoriesProcessed":13},"betResultsUpdated":0,"categoryCount":14}
{"timestamp":"2025-08-12T16:10:00.050Z","type":"results","status":"start","message":"Starting cost-efficient game results update","categoryCount":14}
{"timestamp":"2025-08-12T16:10:05.306Z","type":"bets","status":"start","message":"Starting bet results update after game results"}
{"timestamp":"2025-08-12T16:10:05.317Z","type":"results","status":"success","message":"Game results and bet results update completed","gameResultsUpdated":0,"gameResultsDetail":{"totalUpdated":0,"newGames":0,"existingGamesUpdated":0,"skippedGames":0,"categoriesProcessed":13},"betResultsUpdated":0,"categoryCount":14}
{"timestamp":"2025-08-12T16:16:59.871Z","type":"monitor","status":"info","message":"Scheduler status check","isUpdatingResults":false,"isUpdatingOdds":false,"lastUpdateTime":"2025-08-12T16:10:05.317Z","activeCategories":["NBA","MLB","KBO","NFL","프리미어리그","MLS","KLEAGUE","JLEAGUE","SERIEA","BRASILEIRAO","ARGENTINA_PRIMERA","CSL","LALIGA","BUNDESLIGA"],"uptime":32897.717977334,"apiCallEstimate":"~28 calls per hour","memory":{"used":"88MB","total":"95MB"}}
{"timestamp":"2025-08-12T16:20:00.172Z","type":"results","status":"start","message":"Starting cost-efficient game results update","categoryCount":14}
{"timestamp":"2025-08-12T16:20:05.589Z","type":"bets","status":"start","message":"Starting bet results update after game results"}
{"timestamp":"2025-08-12T16:20:05.607Z","type":"results","status":"success","message":"Game results and bet results update completed","gameResultsUpdated":0,"gameResultsDetail":{"totalUpdated":0,"newGames":0,"existingGamesUpdated":0,"skippedGames":0,"categoriesProcessed":13},"betResultsUpdated":0,"categoryCount":14}
{"timestamp":"2025-08-12T16:30:00.367Z","type":"results","status":"start","message":"Starting cost-efficient game results update","categoryCount":14}
{"timestamp":"2025-08-12T16:30:00.370Z","type":"odds","status":"start","message":"Starting high-priority leagues odds update (30min interval)","priority":"high","leagues":["NBA","MLB","KBO","NFL","프리미어리그"]}
{"timestamp":"2025-08-12T16:30:00.373Z","type":"epl","status":"start","message":"EPL 프리미어리그 데이터 강제 업데이트"}
{"timestamp":"2025-08-12T16:30:02.950Z","type":"epl","status":"success","message":"EPL 프리미어리그 데이터 업데이트 완료"}
{"timestamp":"2025-08-12T16:30:05.093Z","type":"bets","status":"start","message":"Starting bet results update after game results"}
{"timestamp":"2025-08-12T16:30:05.107Z","type":"results","status":"success","message":"Game results and bet results update completed","gameResultsUpdated":0,"gameResultsDetail":{"totalUpdated":0,"newGames":0,"existingGamesUpdated":0,"skippedGames":0,"categoriesProcessed":13},"betResultsUpdated":0,"categoryCount":14}
{"timestamp":"2025-08-12T16:30:05.277Z","type":"odds","status":"success","message":"High-priority odds update completed (30min interval)","priority":"medium","leagues":["NBA","MLB","KBO","NFL","프리미어리그"],"dynamicPriority":"low","oddsUpdated":20,"oddsDetail":{"totalUpdated":20,"newOdds":0,"existingOddsUpdated":20,"skippedOdds":1,"apiCalls":5,"categoriesProcessed":5}}
{"timestamp":"2025-08-12T17:24:37.876Z","type":"monitor","status":"info","message":"Scheduler status check","isUpdatingResults":false,"isUpdatingOdds":false,"lastUpdateTime":"2025-08-12T16:30:05.107Z","activeCategories":["NBA","MLB","KBO","NFL","프리미어리그","MLS","KLEAGUE","JLEAGUE","SERIEA","BRASILEIRAO","ARGENTINA_PRIMERA","CSL","LALIGA","BUNDESLIGA"],"uptime":36955.71728675,"apiCallEstimate":"~28 calls per hour","memory":{"used":"88MB","total":"96MB"}}
{"timestamp":"2025-08-12T18:33:46.208Z","type":"monitor","status":"info","message":"Scheduler status check","isUpdatingResults":false,"isUpdatingOdds":false,"lastUpdateTime":"2025-08-12T16:30:05.107Z","activeCategories":["NBA","MLB","KBO","NFL","프리미어리그","MLS","KLEAGUE","JLEAGUE","SERIEA","BRASILEIRAO","ARGENTINA_PRIMERA","CSL","LALIGA","BUNDESLIGA"],"uptime":41103.962525,"apiCallEstimate":"~28 calls per hour","memory":{"used":"89MB","total":"96MB"}}
{"timestamp":"2025-08-12T19:39:41.933Z","type":"monitor","status":"info","message":"Scheduler status check","isUpdatingResults":false,"isUpdatingOdds":false,"lastUpdateTime":"2025-08-12T16:30:05.107Z","activeCategories":["NBA","MLB","KBO","NFL","프리미어리그","MLS","KLEAGUE","JLEAGUE","SERIEA","BRASILEIRAO","ARGENTINA_PRIMERA","CSL","LALIGA","BUNDESLIGA"],"uptime":45059.710998959,"apiCallEstimate":"~28 calls per hour","memory":{"used":"90MB","total":"97MB"}}
{"timestamp":"2025-08-12T19:40:00.970Z","type":"results","status":"start","message":"Starting cost-efficient game results update","categoryCount":14}
{"timestamp":"2025-08-12T19:40:10.405Z","type":"bets","status":"start","message":"Starting bet results update after game results"}
{"timestamp":"2025-08-12T19:40:10.422Z","type":"results","status":"success","message":"Game results and bet results update completed","gameResultsUpdated":0,"gameResultsDetail":{"totalUpdated":0,"newGames":0,"existingGamesUpdated":0,"skippedGames":0,"categoriesProcessed":13},"betResultsUpdated":0,"categoryCount":14}
{"timestamp":"2025-08-12T20:47:51.935Z","type":"monitor","status":"info","message":"Scheduler status check","isUpdatingResults":false,"isUpdatingOdds":false,"lastUpdateTime":"2025-08-12T19:40:10.422Z","activeCategories":["NBA","MLB","KBO","NFL","프리미어리그","MLS","KLEAGUE","JLEAGUE","SERIEA","BRASILEIRAO","ARGENTINA_PRIMERA","CSL","LALIGA","BUNDESLIGA"],"uptime":49149.71142075,"apiCallEstimate":"~28 calls per hour","memory":{"used":"92MB","total":"97MB"}}
{"timestamp":"2025-08-12T21:47:51.924Z","type":"monitor","status":"info","message":"Scheduler status check","isUpdatingResults":false,"isUpdatingOdds":false,"lastUpdateTime":"2025-08-12T19:40:10.422Z","activeCategories":["NBA","MLB","KBO","NFL","프리미어리그","MLS","KLEAGUE","JLEAGUE","SERIEA","BRASILEIRAO","ARGENTINA_PRIMERA","CSL","LALIGA","BUNDESLIGA"],"uptime":52749.712494584,"apiCallEstimate":"~28 calls per hour","memory":{"used":"87MB","total":"98MB"}}
{"timestamp":"2025-08-12T21:50:00.024Z","type":"results","status":"start","message":"Starting cost-efficient game results update","categoryCount":14}
{"timestamp":"2025-08-12T21:50:04.821Z","type":"bets","status":"start","message":"Starting bet results update after game results"}
{"timestamp":"2025-08-12T21:50:04.833Z","type":"results","status":"success","message":"Game results and bet results update completed","gameResultsUpdated":0,"gameResultsDetail":{"totalUpdated":0,"newGames":0,"existingGamesUpdated":0,"skippedGames":0,"categoriesProcessed":13},"betResultsUpdated":0,"categoryCount":14}
{"timestamp":"2025-08-12T22:00:00.196Z","type":"results","status":"start","message":"Starting cost-efficient game results update","categoryCount":14}
{"timestamp":"2025-08-12T22:00:00.199Z","type":"odds","status":"start","message":"Starting high-priority leagues odds update (30min interval)","priority":"high","leagues":["NBA","MLB","KBO","NFL","프리미어리그"]}
{"timestamp":"2025-08-12T22:00:00.202Z","type":"epl","status":"start","message":"EPL 프리미어리그 데이터 강제 업데이트"}
{"timestamp":"2025-08-12T22:00:01.999Z","type":"epl","status":"success","message":"EPL 프리미어리그 데이터 업데이트 완료"}
{"timestamp":"2025-08-12T22:00:03.424Z","type":"odds","status":"success","message":"High-priority odds update completed (30min interval)","priority":"medium","leagues":["NBA","MLB","KBO","NFL","프리미어리그"],"dynamicPriority":"low","oddsUpdated":33,"oddsDetail":{"totalUpdated":33,"newOdds":13,"existingOddsUpdated":20,"skippedOdds":1,"apiCalls":5,"categoriesProcessed":5}}
{"timestamp":"2025-08-12T22:00:05.899Z","type":"bets","status":"start","message":"Starting bet results update after game results"}
{"timestamp":"2025-08-12T22:00:05.916Z","type":"results","status":"success","message":"Game results and bet results update completed","gameResultsUpdated":0,"gameResultsDetail":{"totalUpdated":0,"newGames":0,"existingGamesUpdated":0,"skippedGames":0,"categoriesProcessed":13},"betResultsUpdated":0,"categoryCount":14}
{"timestamp":"2025-08-12T22:10:00.348Z","type":"results","status":"start","message":"Starting cost-efficient game results update","categoryCount":14}
{"timestamp":"2025-08-12T22:10:05.477Z","type":"bets","status":"start","message":"Starting bet results update after game results"}
{"timestamp":"2025-08-12T22:10:05.491Z","type":"results","status":"success","message":"Game results and bet results update completed","gameResultsUpdated":0,"gameResultsDetail":{"totalUpdated":0,"newGames":0,"existingGamesUpdated":0,"skippedGames":0,"categoriesProcessed":13},"betResultsUpdated":0,"categoryCount":14}
{"timestamp":"2025-08-12T22:20:00.468Z","type":"results","status":"start","message":"Starting cost-efficient game results update","categoryCount":14}
{"timestamp":"2025-08-12T22:20:06.947Z","type":"bets","status":"start","message":"Starting bet results update after game results"}
{"timestamp":"2025-08-12T22:20:06.963Z","type":"results","status":"success","message":"Game results and bet results update completed","gameResultsUpdated":0,"gameResultsDetail":{"totalUpdated":0,"newGames":0,"existingGamesUpdated":0,"skippedGames":0,"categoriesProcessed":13},"betResultsUpdated":0,"categoryCount":14}
{"timestamp":"2025-08-12T22:30:00.646Z","type":"results","status":"start","message":"Starting cost-efficient game results update","categoryCount":14}
{"timestamp":"2025-08-12T22:30:00.650Z","type":"odds","status":"start","message":"Starting high-priority leagues odds update (30min interval)","priority":"high","leagues":["NBA","MLB","KBO","NFL","프리미어리그"]}
{"timestamp":"2025-08-12T22:30:00.654Z","type":"epl","status":"start","message":"EPL 프리미어리그 데이터 강제 업데이트"}
{"timestamp":"2025-08-12T22:30:03.285Z","type":"odds","status":"success","message":"High-priority odds update completed (30min interval)","priority":"medium","leagues":["NBA","MLB","KBO","NFL","프리미어리그"],"dynamicPriority":"low","oddsUpdated":33,"oddsDetail":{"totalUpdated":33,"newOdds":0,"existingOddsUpdated":33,"skippedOdds":1,"apiCalls":5,"categoriesProcessed":5}}
{"timestamp":"2025-08-12T22:30:03.719Z","type":"epl","status":"success","message":"EPL 프리미어리그 데이터 업데이트 완료"}
{"timestamp":"2025-08-12T22:30:05.258Z","type":"bets","status":"start","message":"Starting bet results update after game results"}
{"timestamp":"2025-08-12T22:30:05.274Z","type":"results","status":"success","message":"Game results and bet results update completed","gameResultsUpdated":0,"gameResultsDetail":{"totalUpdated":0,"newGames":0,"existingGamesUpdated":0,"skippedGames":0,"categoriesProcessed":13},"betResultsUpdated":0,"categoryCount":14}
{"timestamp":"2025-08-12T22:40:00.796Z","type":"results","status":"start","message":"Starting cost-efficient game results update","categoryCount":14}
{"timestamp":"2025-08-12T22:40:07.780Z","type":"bets","status":"start","message":"Starting bet results update after game results"}
{"timestamp":"2025-08-12T22:40:07.791Z","type":"results","status":"success","message":"Game results and bet results update completed","gameResultsUpdated":0,"gameResultsDetail":{"totalUpdated":0,"newGames":0,"existingGamesUpdated":0,"skippedGames":0,"categoriesProcessed":13},"betResultsUpdated":0,"categoryCount":14}
{"timestamp":"2025-08-12T22:57:52.879Z","type":"monitor","status":"info","message":"Scheduler status check","isUpdatingResults":false,"isUpdatingOdds":false,"lastUpdateTime":"2025-08-12T22:40:07.791Z","activeCategories":["NBA","MLB","KBO","NFL","프리미어리그","MLS","KLEAGUE","JLEAGUE","SERIEA","BRASILEIRAO","ARGENTINA_PRIMERA","CSL","LALIGA","BUNDESLIGA"],"uptime":56950.748152417,"apiCallEstimate":"~28 calls per hour","memory":{"used":"89MB","total":"98MB"}}
{"timestamp":"2025-08-12T23:40:00.070Z","type":"results","status":"start","message":"Starting cost-efficient game results update","categoryCount":14}
{"timestamp":"2025-08-12T23:40:06.110Z","type":"bets","status":"start","message":"Starting bet results update after game results"}
{"timestamp":"2025-08-12T23:40:06.123Z","type":"results","status":"success","message":"Game results and bet results update completed","gameResultsUpdated":0,"gameResultsDetail":{"totalUpdated":0,"newGames":0,"existingGamesUpdated":0,"skippedGames":0,"categoriesProcessed":13},"betResultsUpdated":0,"categoryCount":14}
{"timestamp":"2025-08-12T23:50:00.226Z","type":"results","status":"start","message":"Starting cost-efficient game results update","categoryCount":14}
{"timestamp":"2025-08-12T23:50:04.753Z","type":"bets","status":"start","message":"Starting bet results update after game results"}
{"timestamp":"2025-08-12T23:50:04.767Z","type":"results","status":"success","message":"Game results and bet results update completed","gameResultsUpdated":0,"gameResultsDetail":{"totalUpdated":0,"newGames":0,"existingGamesUpdated":0,"skippedGames":0,"categoriesProcessed":13},"betResultsUpdated":0,"categoryCount":14}
{"timestamp":"2025-08-12T23:57:52.953Z","type":"monitor","status":"info","message":"Scheduler status check","isUpdatingResults":false,"isUpdatingOdds":false,"lastUpdateTime":"2025-08-12T23:50:04.767Z","activeCategories":["NBA","MLB","KBO","NFL","프리미어리그","MLS","KLEAGUE","JLEAGUE","SERIEA","BRASILEIRAO","ARGENTINA_PRIMERA","CSL","LALIGA","BUNDESLIGA"],"uptime":60550.75092375,"apiCallEstimate":"~28 calls per hour","memory":{"used":"86MB","total":"99MB"}}
