{"timestamp":"2025-07-15T00:00:00.183Z","type":"results","status":"start","message":"Starting cost-efficient game results update","categories":["NBA","MLB","KBO","NFL","MLS","K리그","J리그","세리에 A","브라질 세리에 A","아르헨티나 프리메라","중국 슈퍼리그","라리가","분데스리가"]}
{"timestamp":"2025-07-15T00:00:00.205Z","type":"odds","status":"start","message":"Starting high-priority leagues odds update (10min interval)","priority":"high","leagues":["NBA","MLB","KBO","NFL"]}
{"timestamp":"2025-07-15T00:00:00.207Z","type":"odds","status":"start","message":"Starting medium-priority leagues odds update (1hour interval)","priority":"medium","leagues":["MLS","K리그","J리그","세리에 A"]}
{"timestamp":"2025-07-15T00:00:00.227Z","type":"odds","status":"success","message":"High-priority odds update completed (10min interval)","priority":"medium","leagues":["NBA","MLB","KBO","NFL"],"dynamicPriority":"low","oddsUpdated":0,"oddsDetail":{"totalUpdated":0,"newOdds":0,"existingOddsUpdated":0,"skippedOdds":0,"apiCalls":0,"categoriesProcessed":4}}
{"timestamp":"2025-07-15T00:00:00.227Z","type":"odds","status":"success","message":"Medium-priority odds update completed (1hour interval)","priority":"medium","leagues":["MLS","K리그","J리그","세리에 A"],"dynamicPriority":"low","oddsUpdated":0,"oddsDetail":{"totalUpdated":0,"newOdds":0,"existingOddsUpdated":0,"skippedOdds":0,"apiCalls":0,"categoriesProcessed":4}}
{"timestamp":"2025-07-15T00:00:46.336Z","type":"bets","status":"start","message":"Starting bet results update after game results"}
{"timestamp":"2025-07-15T00:00:46.388Z","type":"results","status":"success","message":"Game results and bet results update completed","gameResultsUpdated":117,"gameResultsDetail":{"totalUpdated":117,"newGames":0,"existingGamesUpdated":117,"skippedGames":0,"categoriesProcessed":11},"betResultsUpdated":0,"categories":["NBA","MLB","KBO","NFL","MLS","K리그","J리그","세리에 A","브라질 세리에 A","아르헨티나 프리메라","중국 슈퍼리그","라리가","분데스리가"]}
{"timestamp":"2025-07-15T00:07:15.872Z","type":"monitor","status":"info","message":"Scheduler status check","isUpdating":false,"lastUpdateTime":"2025-07-15T00:00:46.388Z","activeCategories":["NBA","MLB","KBO","NFL","MLS","K리그","J리그","세리에 A","브라질 세리에 A","아르헨티나 프리메라","중국 슈퍼리그","라리가","분데스리가"],"uptime":46398.813725625,"apiCallEstimate":"~26 calls per hour","memory":{"used":"27MB","total":"35MB"}}
{"timestamp":"2025-07-15T00:10:00.432Z","type":"results","status":"start","message":"Starting cost-efficient game results update","categories":["NBA","MLB","KBO","NFL","MLS","K리그","J리그","세리에 A","브라질 세리에 A","아르헨티나 프리메라","중국 슈퍼리그","라리가","분데스리가"]}
{"timestamp":"2025-07-15T00:10:00.450Z","type":"odds","status":"start","message":"Starting high-priority leagues odds update (10min interval)","priority":"high","leagues":["NBA","MLB","KBO","NFL"]}
{"timestamp":"2025-07-15T00:10:00.479Z","type":"odds","status":"success","message":"High-priority odds update completed (10min interval)","priority":"medium","leagues":["NBA","MLB","KBO","NFL"],"dynamicPriority":"low","oddsUpdated":0,"oddsDetail":{"totalUpdated":0,"newOdds":0,"existingOddsUpdated":0,"skippedOdds":0,"apiCalls":0,"categoriesProcessed":4}}
{"timestamp":"2025-07-15T00:10:57.949Z","type":"bets","status":"start","message":"Starting bet results update after game results"}
{"timestamp":"2025-07-15T00:10:57.967Z","type":"results","status":"success","message":"Game results and bet results update completed","gameResultsUpdated":117,"gameResultsDetail":{"totalUpdated":117,"newGames":0,"existingGamesUpdated":117,"skippedGames":0,"categoriesProcessed":11},"betResultsUpdated":0,"categories":["NBA","MLB","KBO","NFL","MLS","K리그","J리그","세리에 A","브라질 세리에 A","아르헨티나 프리메라","중국 슈퍼리그","라리가","분데스리가"]}
{"timestamp":"2025-07-15T00:20:00.715Z","type":"results","status":"start","message":"Starting cost-efficient game results update","categories":["NBA","MLB","KBO","NFL","MLS","K리그","J리그","세리에 A","브라질 세리에 A","아르헨티나 프리메라","중국 슈퍼리그","라리가","분데스리가"]}
{"timestamp":"2025-07-15T00:20:00.732Z","type":"odds","status":"start","message":"Starting high-priority leagues odds update (10min interval)","priority":"high","leagues":["NBA","MLB","KBO","NFL"]}
{"timestamp":"2025-07-15T00:20:00.743Z","type":"odds","status":"success","message":"High-priority odds update completed (10min interval)","priority":"medium","leagues":["NBA","MLB","KBO","NFL"],"dynamicPriority":"low","oddsUpdated":0,"oddsDetail":{"totalUpdated":0,"newOdds":0,"existingOddsUpdated":0,"skippedOdds":0,"apiCalls":0,"categoriesProcessed":4}}
{"timestamp":"2025-07-15T00:20:51.741Z","type":"bets","status":"start","message":"Starting bet results update after game results"}
{"timestamp":"2025-07-15T00:20:51.758Z","type":"results","status":"success","message":"Game results and bet results update completed","gameResultsUpdated":117,"gameResultsDetail":{"totalUpdated":117,"newGames":0,"existingGamesUpdated":117,"skippedGames":0,"categoriesProcessed":11},"betResultsUpdated":0,"categories":["NBA","MLB","KBO","NFL","MLS","K리그","J리그","세리에 A","브라질 세리에 A","아르헨티나 프리메라","중국 슈퍼리그","라리가","분데스리가"]}
{"timestamp":"2025-07-15T00:22:15.916Z","type":"monitor","status":"info","message":"Scheduler status check","isUpdating":false,"lastUpdateTime":"2025-07-15T00:20:51.758Z","activeCategories":["NBA","MLB","KBO","NFL","MLS","K리그","J리그","세리에 A","브라질 세리에 A","아르헨티나 프리메라","중국 슈퍼리그","라리가","분데스리가"],"uptime":47298.812195792,"apiCallEstimate":"~26 calls per hour","memory":{"used":"37MB","total":"40MB"}}
{"timestamp":"2025-07-15T00:30:00.924Z","type":"results","status":"start","message":"Starting cost-efficient game results update","categories":["NBA","MLB","KBO","NFL","MLS","K리그","J리그","세리에 A","브라질 세리에 A","아르헨티나 프리메라","중국 슈퍼리그","라리가","분데스리가"]}
{"timestamp":"2025-07-15T00:30:00.942Z","type":"odds","status":"start","message":"Starting high-priority leagues odds update (10min interval)","priority":"high","leagues":["NBA","MLB","KBO","NFL"]}
{"timestamp":"2025-07-15T00:30:00.959Z","type":"odds","status":"success","message":"High-priority odds update completed (10min interval)","priority":"medium","leagues":["NBA","MLB","KBO","NFL"],"dynamicPriority":"low","oddsUpdated":0,"oddsDetail":{"totalUpdated":0,"newOdds":0,"existingOddsUpdated":0,"skippedOdds":0,"apiCalls":0,"categoriesProcessed":4}}
{"timestamp":"2025-07-15T00:30:41.270Z","type":"bets","status":"start","message":"Starting bet results update after game results"}
{"timestamp":"2025-07-15T00:30:41.283Z","type":"results","status":"success","message":"Game results and bet results update completed","gameResultsUpdated":112,"gameResultsDetail":{"totalUpdated":112,"newGames":0,"existingGamesUpdated":112,"skippedGames":0,"categoriesProcessed":11},"betResultsUpdated":0,"categories":["NBA","MLB","KBO","NFL","MLS","K리그","J리그","세리에 A","브라질 세리에 A","아르헨티나 프리메라","중국 슈퍼리그","라리가","분데스리가"]}
{"timestamp":"2025-07-15T00:37:15.914Z","type":"monitor","status":"info","message":"Scheduler status check","isUpdating":false,"lastUpdateTime":"2025-07-15T00:30:41.283Z","activeCategories":["NBA","MLB","KBO","NFL","MLS","K리그","J리그","세리에 A","브라질 세리에 A","아르헨티나 프리메라","중국 슈퍼리그","라리가","분데스리가"],"uptime":48198.815825167,"apiCallEstimate":"~26 calls per hour","memory":{"used":"41MB","total":"43MB"}}
{"timestamp":"2025-07-15T00:40:00.164Z","type":"results","status":"start","message":"Starting cost-efficient game results update","categories":["NBA","MLB","KBO","NFL","MLS","K리그","J리그","세리에 A","브라질 세리에 A","아르헨티나 프리메라","중국 슈퍼리그","라리가","분데스리가"]}
{"timestamp":"2025-07-15T00:40:00.184Z","type":"odds","status":"start","message":"Starting high-priority leagues odds update (10min interval)","priority":"high","leagues":["NBA","MLB","KBO","NFL"]}
{"timestamp":"2025-07-15T00:40:00.198Z","type":"odds","status":"success","message":"High-priority odds update completed (10min interval)","priority":"medium","leagues":["NBA","MLB","KBO","NFL"],"dynamicPriority":"low","oddsUpdated":0,"oddsDetail":{"totalUpdated":0,"newOdds":0,"existingOddsUpdated":0,"skippedOdds":0,"apiCalls":0,"categoriesProcessed":4}}
{"timestamp":"2025-07-15T00:40:53.841Z","type":"bets","status":"start","message":"Starting bet results update after game results"}
{"timestamp":"2025-07-15T00:40:53.860Z","type":"results","status":"success","message":"Game results and bet results update completed","gameResultsUpdated":112,"gameResultsDetail":{"totalUpdated":112,"newGames":0,"existingGamesUpdated":112,"skippedGames":0,"categoriesProcessed":11},"betResultsUpdated":0,"categories":["NBA","MLB","KBO","NFL","MLS","K리그","J리그","세리에 A","브라질 세리에 A","아르헨티나 프리메라","중국 슈퍼리그","라리가","분데스리가"]}
{"timestamp":"2025-07-15T00:50:00.391Z","type":"results","status":"start","message":"Starting cost-efficient game results update","categories":["NBA","MLB","KBO","NFL","MLS","K리그","J리그","세리에 A","브라질 세리에 A","아르헨티나 프리메라","중국 슈퍼리그","라리가","분데스리가"]}
{"timestamp":"2025-07-15T00:50:00.408Z","type":"odds","status":"start","message":"Starting high-priority leagues odds update (10min interval)","priority":"high","leagues":["NBA","MLB","KBO","NFL"]}
{"timestamp":"2025-07-15T00:50:00.416Z","type":"odds","status":"success","message":"High-priority odds update completed (10min interval)","priority":"medium","leagues":["NBA","MLB","KBO","NFL"],"dynamicPriority":"low","oddsUpdated":0,"oddsDetail":{"totalUpdated":0,"newOdds":0,"existingOddsUpdated":0,"skippedOdds":0,"apiCalls":0,"categoriesProcessed":4}}
{"timestamp":"2025-07-15T00:50:57.707Z","type":"bets","status":"start","message":"Starting bet results update after game results"}
{"timestamp":"2025-07-15T00:50:57.724Z","type":"results","status":"success","message":"Game results and bet results update completed","gameResultsUpdated":112,"gameResultsDetail":{"totalUpdated":112,"newGames":0,"existingGamesUpdated":112,"skippedGames":0,"categoriesProcessed":11},"betResultsUpdated":0,"categories":["NBA","MLB","KBO","NFL","MLS","K리그","J리그","세리에 A","브라질 세리에 A","아르헨티나 프리메라","중국 슈퍼리그","라리가","분데스리가"]}
{"timestamp":"2025-07-15T00:52:15.909Z","type":"monitor","status":"info","message":"Scheduler status check","isUpdating":false,"lastUpdateTime":"2025-07-15T00:50:57.724Z","activeCategories":["NBA","MLB","KBO","NFL","MLS","K리그","J리그","세리에 A","브라질 세리에 A","아르헨티나 프리메라","중국 슈퍼리그","라리가","분데스리가"],"uptime":49098.821413625,"apiCallEstimate":"~26 calls per hour","memory":{"used":"28MB","total":"34MB"}}
{"timestamp":"2025-07-15T01:00:00.617Z","type":"results","status":"start","message":"Starting cost-efficient game results update","categories":["NBA","MLB","KBO","NFL","MLS","K리그","J리그","세리에 A","브라질 세리에 A","아르헨티나 프리메라","중국 슈퍼리그","라리가","분데스리가"]}
{"timestamp":"2025-07-15T01:00:00.633Z","type":"odds","status":"start","message":"Starting high-priority leagues odds update (10min interval)","priority":"high","leagues":["NBA","MLB","KBO","NFL"]}
{"timestamp":"2025-07-15T01:00:00.639Z","type":"odds","status":"start","message":"Starting medium-priority leagues odds update (1hour interval)","priority":"medium","leagues":["MLS","K리그","J리그","세리에 A"]}
{"timestamp":"2025-07-15T01:00:00.650Z","type":"odds","status":"success","message":"High-priority odds update completed (10min interval)","priority":"medium","leagues":["NBA","MLB","KBO","NFL"],"dynamicPriority":"low","oddsUpdated":0,"oddsDetail":{"totalUpdated":0,"newOdds":0,"existingOddsUpdated":0,"skippedOdds":0,"apiCalls":0,"categoriesProcessed":4}}
{"timestamp":"2025-07-15T01:00:00.651Z","type":"odds","status":"success","message":"Medium-priority odds update completed (1hour interval)","priority":"medium","leagues":["MLS","K리그","J리그","세리에 A"],"dynamicPriority":"low","oddsUpdated":0,"oddsDetail":{"totalUpdated":0,"newOdds":0,"existingOddsUpdated":0,"skippedOdds":0,"apiCalls":0,"categoriesProcessed":4}}
{"timestamp":"2025-07-15T01:00:46.002Z","type":"bets","status":"start","message":"Starting bet results update after game results"}
{"timestamp":"2025-07-15T01:00:46.018Z","type":"results","status":"success","message":"Game results and bet results update completed","gameResultsUpdated":112,"gameResultsDetail":{"totalUpdated":112,"newGames":0,"existingGamesUpdated":112,"skippedGames":0,"categoriesProcessed":11},"betResultsUpdated":0,"categories":["NBA","MLB","KBO","NFL","MLS","K리그","J리그","세리에 A","브라질 세리에 A","아르헨티나 프리메라","중국 슈퍼리그","라리가","분데스리가"]}
{"timestamp":"2025-07-15T01:07:15.897Z","type":"monitor","status":"info","message":"Scheduler status check","isUpdating":false,"lastUpdateTime":"2025-07-15T01:00:46.018Z","activeCategories":["NBA","MLB","KBO","NFL","MLS","K리그","J리그","세리에 A","브라질 세리에 A","아르헨티나 프리메라","중국 슈퍼리그","라리가","분데스리가"],"uptime":49998.8222245,"apiCallEstimate":"~26 calls per hour","memory":{"used":"28MB","total":"34MB"}}
{"timestamp":"2025-07-15T01:10:00.858Z","type":"results","status":"start","message":"Starting cost-efficient game results update","categories":["NBA","MLB","KBO","NFL","MLS","K리그","J리그","세리에 A","브라질 세리에 A","아르헨티나 프리메라","중국 슈퍼리그","라리가","분데스리가"]}
{"timestamp":"2025-07-15T01:10:00.881Z","type":"odds","status":"start","message":"Starting high-priority leagues odds update (10min interval)","priority":"high","leagues":["NBA","MLB","KBO","NFL"]}
{"timestamp":"2025-07-15T01:10:00.898Z","type":"odds","status":"success","message":"High-priority odds update completed (10min interval)","priority":"medium","leagues":["NBA","MLB","KBO","NFL"],"dynamicPriority":"low","oddsUpdated":0,"oddsDetail":{"totalUpdated":0,"newOdds":0,"existingOddsUpdated":0,"skippedOdds":0,"apiCalls":0,"categoriesProcessed":4}}
{"timestamp":"2025-07-15T01:11:01.439Z","type":"bets","status":"start","message":"Starting bet results update after game results"}
{"timestamp":"2025-07-15T01:11:01.454Z","type":"results","status":"success","message":"Game results and bet results update completed","gameResultsUpdated":112,"gameResultsDetail":{"totalUpdated":112,"newGames":0,"existingGamesUpdated":112,"skippedGames":0,"categoriesProcessed":11},"betResultsUpdated":0,"categories":["NBA","MLB","KBO","NFL","MLS","K리그","J리그","세리에 A","브라질 세리에 A","아르헨티나 프리메라","중국 슈퍼리그","라리가","분데스리가"]}
{"timestamp":"2025-07-15T01:20:00.007Z","type":"results","status":"start","message":"Starting cost-efficient game results update","categories":["NBA","MLB","KBO","NFL","MLS","K리그","J리그","세리에 A","브라질 세리에 A","아르헨티나 프리메라","중국 슈퍼리그","라리가","분데스리가"]}
{"timestamp":"2025-07-15T01:20:00.024Z","type":"odds","status":"start","message":"Starting high-priority leagues odds update (10min interval)","priority":"high","leagues":["NBA","MLB","KBO","NFL"]}
{"timestamp":"2025-07-15T01:20:00.039Z","type":"odds","status":"success","message":"High-priority odds update completed (10min interval)","priority":"medium","leagues":["NBA","MLB","KBO","NFL"],"dynamicPriority":"low","oddsUpdated":0,"oddsDetail":{"totalUpdated":0,"newOdds":0,"existingOddsUpdated":0,"skippedOdds":0,"apiCalls":0,"categoriesProcessed":4}}
{"timestamp":"2025-07-15T01:21:00.616Z","type":"bets","status":"start","message":"Starting bet results update after game results"}
{"timestamp":"2025-07-15T01:21:00.635Z","type":"results","status":"success","message":"Game results and bet results update completed","gameResultsUpdated":112,"gameResultsDetail":{"totalUpdated":112,"newGames":0,"existingGamesUpdated":112,"skippedGames":0,"categoriesProcessed":11},"betResultsUpdated":0,"categories":["NBA","MLB","KBO","NFL","MLS","K리그","J리그","세리에 A","브라질 세리에 A","아르헨티나 프리메라","중국 슈퍼리그","라리가","분데스리가"]}
{"timestamp":"2025-07-15T01:22:15.813Z","type":"monitor","status":"info","message":"Scheduler status check","isUpdating":false,"lastUpdateTime":"2025-07-15T01:21:00.635Z","activeCategories":["NBA","MLB","KBO","NFL","MLS","K리그","J리그","세리에 A","브라질 세리에 A","아르헨티나 프리메라","중국 슈퍼리그","라리가","분데스리가"],"uptime":50898.819994417,"apiCallEstimate":"~26 calls per hour","memory":{"used":"31MB","total":"33MB"}}
{"timestamp":"2025-07-15T01:30:00.204Z","type":"results","status":"start","message":"Starting cost-efficient game results update","categories":["NBA","MLB","KBO","NFL","MLS","K리그","J리그","세리에 A","브라질 세리에 A","아르헨티나 프리메라","중국 슈퍼리그","라리가","분데스리가"]}
{"timestamp":"2025-07-15T01:30:00.241Z","type":"odds","status":"start","message":"Starting high-priority leagues odds update (10min interval)","priority":"high","leagues":["NBA","MLB","KBO","NFL"]}
{"timestamp":"2025-07-15T01:30:00.261Z","type":"odds","status":"success","message":"High-priority odds update completed (10min interval)","priority":"medium","leagues":["NBA","MLB","KBO","NFL"],"dynamicPriority":"low","oddsUpdated":0,"oddsDetail":{"totalUpdated":0,"newOdds":0,"existingOddsUpdated":0,"skippedOdds":0,"apiCalls":0,"categoriesProcessed":4}}
{"timestamp":"2025-07-15T01:30:29.018Z","type":"bets","status":"start","message":"Starting bet results update after game results"}
{"timestamp":"2025-07-15T01:30:29.038Z","type":"results","status":"success","message":"Game results and bet results update completed","gameResultsUpdated":112,"gameResultsDetail":{"totalUpdated":112,"newGames":0,"existingGamesUpdated":112,"skippedGames":0,"categoriesProcessed":11},"betResultsUpdated":0,"categories":["NBA","MLB","KBO","NFL","MLS","K리그","J리그","세리에 A","브라질 세리에 A","아르헨티나 프리메라","중국 슈퍼리그","라리가","분데스리가"]}
{"timestamp":"2025-07-15T01:37:15.806Z","type":"monitor","status":"info","message":"Scheduler status check","isUpdating":false,"lastUpdateTime":"2025-07-15T01:30:29.038Z","activeCategories":["NBA","MLB","KBO","NFL","MLS","K리그","J리그","세리에 A","브라질 세리에 A","아르헨티나 프리메라","중국 슈퍼리그","라리가","분데스리가"],"uptime":51798.8385185,"apiCallEstimate":"~26 calls per hour","memory":{"used":"26MB","total":"32MB"}}
{"timestamp":"2025-07-15T01:40:00.426Z","type":"results","status":"start","message":"Starting cost-efficient game results update","categories":["NBA","MLB","KBO","NFL","MLS","K리그","J리그","세리에 A","브라질 세리에 A","아르헨티나 프리메라","중국 슈퍼리그","라리가","분데스리가"]}
{"timestamp":"2025-07-15T01:40:00.450Z","type":"odds","status":"start","message":"Starting high-priority leagues odds update (10min interval)","priority":"high","leagues":["NBA","MLB","KBO","NFL"]}
{"timestamp":"2025-07-15T01:40:00.483Z","type":"odds","status":"success","message":"High-priority odds update completed (10min interval)","priority":"medium","leagues":["NBA","MLB","KBO","NFL"],"dynamicPriority":"low","oddsUpdated":0,"oddsDetail":{"totalUpdated":0,"newOdds":0,"existingOddsUpdated":0,"skippedOdds":0,"apiCalls":0,"categoriesProcessed":4}}
{"timestamp":"2025-07-15T01:40:40.576Z","type":"bets","status":"start","message":"Starting bet results update after game results"}
{"timestamp":"2025-07-15T01:40:40.596Z","type":"results","status":"success","message":"Game results and bet results update completed","gameResultsUpdated":112,"gameResultsDetail":{"totalUpdated":112,"newGames":0,"existingGamesUpdated":112,"skippedGames":0,"categoriesProcessed":11},"betResultsUpdated":0,"categories":["NBA","MLB","KBO","NFL","MLS","K리그","J리그","세리에 A","브라질 세리에 A","아르헨티나 프리메라","중국 슈퍼리그","라리가","분데스리가"]}
{"timestamp":"2025-07-15T01:50:00.643Z","type":"results","status":"start","message":"Starting cost-efficient game results update","categories":["NBA","MLB","KBO","NFL","MLS","K리그","J리그","세리에 A","브라질 세리에 A","아르헨티나 프리메라","중국 슈퍼리그","라리가","분데스리가"]}
{"timestamp":"2025-07-15T01:50:00.668Z","type":"odds","status":"start","message":"Starting high-priority leagues odds update (10min interval)","priority":"high","leagues":["NBA","MLB","KBO","NFL"]}
{"timestamp":"2025-07-15T01:50:00.696Z","type":"odds","status":"success","message":"High-priority odds update completed (10min interval)","priority":"medium","leagues":["NBA","MLB","KBO","NFL"],"dynamicPriority":"low","oddsUpdated":0,"oddsDetail":{"totalUpdated":0,"newOdds":0,"existingOddsUpdated":0,"skippedOdds":0,"apiCalls":0,"categoriesProcessed":4}}
{"timestamp":"2025-07-15T01:50:45.759Z","type":"bets","status":"start","message":"Starting bet results update after game results"}
{"timestamp":"2025-07-15T01:50:45.776Z","type":"results","status":"success","message":"Game results and bet results update completed","gameResultsUpdated":112,"gameResultsDetail":{"totalUpdated":112,"newGames":0,"existingGamesUpdated":112,"skippedGames":0,"categoriesProcessed":11},"betResultsUpdated":0,"categories":["NBA","MLB","KBO","NFL","MLS","K리그","J리그","세리에 A","브라질 세리에 A","아르헨티나 프리메라","중국 슈퍼리그","라리가","분데스리가"]}
{"timestamp":"2025-07-15T01:52:15.770Z","type":"monitor","status":"info","message":"Scheduler status check","isUpdating":false,"lastUpdateTime":"2025-07-15T01:50:45.776Z","activeCategories":["NBA","MLB","KBO","NFL","MLS","K리그","J리그","세리에 A","브라질 세리에 A","아르헨티나 프리메라","중국 슈퍼리그","라리가","분데스리가"],"uptime":52698.83178325,"apiCallEstimate":"~26 calls per hour","memory":{"used":"38MB","total":"41MB"}}
{"timestamp":"2025-07-15T02:00:00.877Z","type":"results","status":"start","message":"Starting cost-efficient game results update","categories":["NBA","MLB","KBO","NFL","MLS","K리그","J리그","세리에 A","브라질 세리에 A","아르헨티나 프리메라","중국 슈퍼리그","라리가","분데스리가"]}
{"timestamp":"2025-07-15T02:00:00.895Z","type":"odds","status":"start","message":"Starting high-priority leagues odds update (10min interval)","priority":"high","leagues":["NBA","MLB","KBO","NFL"]}
{"timestamp":"2025-07-15T02:00:00.897Z","type":"odds","status":"start","message":"Starting medium-priority leagues odds update (1hour interval)","priority":"medium","leagues":["MLS","K리그","J리그","세리에 A"]}
{"timestamp":"2025-07-15T02:00:00.919Z","type":"odds","status":"success","message":"Medium-priority odds update completed (1hour interval)","priority":"medium","leagues":["MLS","K리그","J리그","세리에 A"],"dynamicPriority":"low","oddsUpdated":0,"oddsDetail":{"totalUpdated":0,"newOdds":0,"existingOddsUpdated":0,"skippedOdds":0,"apiCalls":0,"categoriesProcessed":4}}
{"timestamp":"2025-07-15T02:00:00.919Z","type":"odds","status":"success","message":"High-priority odds update completed (10min interval)","priority":"medium","leagues":["NBA","MLB","KBO","NFL"],"dynamicPriority":"low","oddsUpdated":0,"oddsDetail":{"totalUpdated":0,"newOdds":0,"existingOddsUpdated":0,"skippedOdds":0,"apiCalls":0,"categoriesProcessed":4}}
{"timestamp":"2025-07-15T02:00:39.383Z","type":"bets","status":"start","message":"Starting bet results update after game results"}
{"timestamp":"2025-07-15T02:00:39.401Z","type":"results","status":"success","message":"Game results and bet results update completed","gameResultsUpdated":112,"gameResultsDetail":{"totalUpdated":112,"newGames":0,"existingGamesUpdated":112,"skippedGames":0,"categoriesProcessed":11},"betResultsUpdated":0,"categories":["NBA","MLB","KBO","NFL","MLS","K리그","J리그","세리에 A","브라질 세리에 A","아르헨티나 프리메라","중국 슈퍼리그","라리가","분데스리가"]}
{"timestamp":"2025-07-15T02:07:15.752Z","type":"monitor","status":"info","message":"Scheduler status check","isUpdating":false,"lastUpdateTime":"2025-07-15T02:00:39.401Z","activeCategories":["NBA","MLB","KBO","NFL","MLS","K리그","J리그","세리에 A","브라질 세리에 A","아르헨티나 프리메라","중국 슈퍼리그","라리가","분데스리가"],"uptime":53598.829125625,"apiCallEstimate":"~26 calls per hour","memory":{"used":"33MB","total":"35MB"}}
{"timestamp":"2025-07-15T02:10:00.080Z","type":"results","status":"start","message":"Starting cost-efficient game results update","categories":["NBA","MLB","KBO","NFL","MLS","K리그","J리그","세리에 A","브라질 세리에 A","아르헨티나 프리메라","중국 슈퍼리그","라리가","분데스리가"]}
{"timestamp":"2025-07-15T02:10:00.100Z","type":"odds","status":"start","message":"Starting high-priority leagues odds update (10min interval)","priority":"high","leagues":["NBA","MLB","KBO","NFL"]}
{"timestamp":"2025-07-15T02:10:00.116Z","type":"odds","status":"success","message":"High-priority odds update completed (10min interval)","priority":"medium","leagues":["NBA","MLB","KBO","NFL"],"dynamicPriority":"low","oddsUpdated":0,"oddsDetail":{"totalUpdated":0,"newOdds":0,"existingOddsUpdated":0,"skippedOdds":0,"apiCalls":0,"categoriesProcessed":4}}
{"timestamp":"2025-07-15T02:10:48.854Z","type":"bets","status":"start","message":"Starting bet results update after game results"}
{"timestamp":"2025-07-15T02:10:48.873Z","type":"results","status":"success","message":"Game results and bet results update completed","gameResultsUpdated":112,"gameResultsDetail":{"totalUpdated":112,"newGames":0,"existingGamesUpdated":112,"skippedGames":0,"categoriesProcessed":11},"betResultsUpdated":0,"categories":["NBA","MLB","KBO","NFL","MLS","K리그","J리그","세리에 A","브라질 세리에 A","아르헨티나 프리메라","중국 슈퍼리그","라리가","분데스리가"]}
{"timestamp":"2025-07-15T02:20:00.280Z","type":"results","status":"start","message":"Starting cost-efficient game results update","categories":["NBA","MLB","KBO","NFL","MLS","K리그","J리그","세리에 A","브라질 세리에 A","아르헨티나 프리메라","중국 슈퍼리그","라리가","분데스리가"]}
{"timestamp":"2025-07-15T02:20:00.300Z","type":"odds","status":"start","message":"Starting high-priority leagues odds update (10min interval)","priority":"high","leagues":["NBA","MLB","KBO","NFL"]}
{"timestamp":"2025-07-15T02:20:00.311Z","type":"odds","status":"success","message":"High-priority odds update completed (10min interval)","priority":"medium","leagues":["NBA","MLB","KBO","NFL"],"dynamicPriority":"low","oddsUpdated":0,"oddsDetail":{"totalUpdated":0,"newOdds":0,"existingOddsUpdated":0,"skippedOdds":0,"apiCalls":0,"categoriesProcessed":4}}
{"timestamp":"2025-07-15T02:20:57.638Z","type":"bets","status":"start","message":"Starting bet results update after game results"}
{"timestamp":"2025-07-15T02:20:57.657Z","type":"results","status":"success","message":"Game results and bet results update completed","gameResultsUpdated":112,"gameResultsDetail":{"totalUpdated":112,"newGames":0,"existingGamesUpdated":112,"skippedGames":0,"categoriesProcessed":11},"betResultsUpdated":0,"categories":["NBA","MLB","KBO","NFL","MLS","K리그","J리그","세리에 A","브라질 세리에 A","아르헨티나 프리메라","중국 슈퍼리그","라리가","분데스리가"]}
{"timestamp":"2025-07-15T02:22:15.728Z","type":"monitor","status":"info","message":"Scheduler status check","isUpdating":false,"lastUpdateTime":"2025-07-15T02:20:57.657Z","activeCategories":["NBA","MLB","KBO","NFL","MLS","K리그","J리그","세리에 A","브라질 세리에 A","아르헨티나 프리메라","중국 슈퍼리그","라리가","분데스리가"],"uptime":54498.825359583,"apiCallEstimate":"~26 calls per hour","memory":{"used":"30MB","total":"32MB"}}
{"timestamp":"2025-07-15T02:30:00.482Z","type":"results","status":"start","message":"Starting cost-efficient game results update","categories":["NBA","MLB","KBO","NFL","MLS","K리그","J리그","세리에 A","브라질 세리에 A","아르헨티나 프리메라","중국 슈퍼리그","라리가","분데스리가"]}
{"timestamp":"2025-07-15T02:30:00.500Z","type":"odds","status":"start","message":"Starting high-priority leagues odds update (10min interval)","priority":"high","leagues":["NBA","MLB","KBO","NFL"]}
{"timestamp":"2025-07-15T02:30:00.513Z","type":"odds","status":"success","message":"High-priority odds update completed (10min interval)","priority":"medium","leagues":["NBA","MLB","KBO","NFL"],"dynamicPriority":"low","oddsUpdated":0,"oddsDetail":{"totalUpdated":0,"newOdds":0,"existingOddsUpdated":0,"skippedOdds":0,"apiCalls":0,"categoriesProcessed":4}}
{"timestamp":"2025-07-15T02:30:57.095Z","type":"bets","status":"start","message":"Starting bet results update after game results"}
{"timestamp":"2025-07-15T02:30:57.116Z","type":"results","status":"success","message":"Game results and bet results update completed","gameResultsUpdated":112,"gameResultsDetail":{"totalUpdated":112,"newGames":0,"existingGamesUpdated":112,"skippedGames":0,"categoriesProcessed":11},"betResultsUpdated":0,"categories":["NBA","MLB","KBO","NFL","MLS","K리그","J리그","세리에 A","브라질 세리에 A","아르헨티나 프리메라","중국 슈퍼리그","라리가","분데스리가"]}
{"timestamp":"2025-07-15T02:37:15.711Z","type":"monitor","status":"info","message":"Scheduler status check","isUpdating":false,"lastUpdateTime":"2025-07-15T02:30:57.116Z","activeCategories":["NBA","MLB","KBO","NFL","MLS","K리그","J리그","세리에 A","브라질 세리에 A","아르헨티나 프리메라","중국 슈퍼리그","라리가","분데스리가"],"uptime":55398.830650417,"apiCallEstimate":"~26 calls per hour","memory":{"used":"29MB","total":"34MB"}}
{"timestamp":"2025-07-15T02:40:00.692Z","type":"results","status":"start","message":"Starting cost-efficient game results update","categories":["NBA","MLB","KBO","NFL","MLS","K리그","J리그","세리에 A","브라질 세리에 A","아르헨티나 프리메라","중국 슈퍼리그","라리가","분데스리가"]}
{"timestamp":"2025-07-15T02:40:00.715Z","type":"odds","status":"start","message":"Starting high-priority leagues odds update (10min interval)","priority":"high","leagues":["NBA","MLB","KBO","NFL"]}
{"timestamp":"2025-07-15T02:40:00.727Z","type":"odds","status":"success","message":"High-priority odds update completed (10min interval)","priority":"medium","leagues":["NBA","MLB","KBO","NFL"],"dynamicPriority":"low","oddsUpdated":0,"oddsDetail":{"totalUpdated":0,"newOdds":0,"existingOddsUpdated":0,"skippedOdds":0,"apiCalls":0,"categoriesProcessed":4}}
{"timestamp":"2025-07-15T02:40:37.295Z","type":"bets","status":"start","message":"Starting bet results update after game results"}
{"timestamp":"2025-07-15T02:40:37.312Z","type":"results","status":"success","message":"Game results and bet results update completed","gameResultsUpdated":112,"gameResultsDetail":{"totalUpdated":112,"newGames":0,"existingGamesUpdated":112,"skippedGames":0,"categoriesProcessed":11},"betResultsUpdated":0,"categories":["NBA","MLB","KBO","NFL","MLS","K리그","J리그","세리에 A","브라질 세리에 A","아르헨티나 프리메라","중국 슈퍼리그","라리가","분데스리가"]}
{"timestamp":"2025-07-15T02:50:00.925Z","type":"results","status":"start","message":"Starting cost-efficient game results update","categories":["NBA","MLB","KBO","NFL","MLS","K리그","J리그","세리에 A","브라질 세리에 A","아르헨티나 프리메라","중국 슈퍼리그","라리가","분데스리가"]}
{"timestamp":"2025-07-15T02:50:00.940Z","type":"odds","status":"start","message":"Starting high-priority leagues odds update (10min interval)","priority":"high","leagues":["NBA","MLB","KBO","NFL"]}
{"timestamp":"2025-07-15T02:50:00.950Z","type":"odds","status":"success","message":"High-priority odds update completed (10min interval)","priority":"medium","leagues":["NBA","MLB","KBO","NFL"],"dynamicPriority":"low","oddsUpdated":0,"oddsDetail":{"totalUpdated":0,"newOdds":0,"existingOddsUpdated":0,"skippedOdds":0,"apiCalls":0,"categoriesProcessed":4}}
{"timestamp":"2025-07-15T02:50:45.970Z","type":"bets","status":"start","message":"Starting bet results update after game results"}
{"timestamp":"2025-07-15T02:50:45.988Z","type":"results","status":"success","message":"Game results and bet results update completed","gameResultsUpdated":112,"gameResultsDetail":{"totalUpdated":112,"newGames":0,"existingGamesUpdated":112,"skippedGames":0,"categoriesProcessed":11},"betResultsUpdated":0,"categories":["NBA","MLB","KBO","NFL","MLS","K리그","J리그","세리에 A","브라질 세리에 A","아르헨티나 프리메라","중국 슈퍼리그","라리가","분데스리가"]}
{"timestamp":"2025-07-15T02:52:15.698Z","type":"monitor","status":"info","message":"Scheduler status check","isUpdating":false,"lastUpdateTime":"2025-07-15T02:50:45.988Z","activeCategories":["NBA","MLB","KBO","NFL","MLS","K리그","J리그","세리에 A","브라질 세리에 A","아르헨티나 프리메라","중국 슈퍼리그","라리가","분데스리가"],"uptime":56298.833914042,"apiCallEstimate":"~26 calls per hour","memory":{"used":"30MB","total":"32MB"}}
{"timestamp":"2025-07-15T03:00:00.141Z","type":"results","status":"start","message":"Starting cost-efficient game results update","categories":["NBA","MLB","KBO","NFL","MLS","K리그","J리그","세리에 A","브라질 세리에 A","아르헨티나 프리메라","중국 슈퍼리그","라리가","분데스리가"]}
{"timestamp":"2025-07-15T03:00:00.164Z","type":"odds","status":"start","message":"Starting high-priority leagues odds update (10min interval)","priority":"high","leagues":["NBA","MLB","KBO","NFL"]}
{"timestamp":"2025-07-15T03:00:00.165Z","type":"odds","status":"start","message":"Starting medium-priority leagues odds update (1hour interval)","priority":"medium","leagues":["MLS","K리그","J리그","세리에 A"]}
{"timestamp":"2025-07-15T03:00:00.174Z","type":"odds","status":"success","message":"Medium-priority odds update completed (1hour interval)","priority":"medium","leagues":["MLS","K리그","J리그","세리에 A"],"dynamicPriority":"low","oddsUpdated":0,"oddsDetail":{"totalUpdated":0,"newOdds":0,"existingOddsUpdated":0,"skippedOdds":0,"apiCalls":0,"categoriesProcessed":4}}
{"timestamp":"2025-07-15T03:00:00.175Z","type":"odds","status":"success","message":"High-priority odds update completed (10min interval)","priority":"medium","leagues":["NBA","MLB","KBO","NFL"],"dynamicPriority":"low","oddsUpdated":0,"oddsDetail":{"totalUpdated":0,"newOdds":0,"existingOddsUpdated":0,"skippedOdds":0,"apiCalls":0,"categoriesProcessed":4}}
{"timestamp":"2025-07-15T03:00:59.625Z","type":"bets","status":"start","message":"Starting bet results update after game results"}
{"timestamp":"2025-07-15T03:00:59.643Z","type":"results","status":"success","message":"Game results and bet results update completed","gameResultsUpdated":112,"gameResultsDetail":{"totalUpdated":112,"newGames":0,"existingGamesUpdated":112,"skippedGames":0,"categoriesProcessed":11},"betResultsUpdated":0,"categories":["NBA","MLB","KBO","NFL","MLS","K리그","J리그","세리에 A","브라질 세리에 A","아르헨티나 프리메라","중국 슈퍼리그","라리가","분데스리가"]}
{"timestamp":"2025-07-15T03:07:15.709Z","type":"monitor","status":"info","message":"Scheduler status check","isUpdating":false,"lastUpdateTime":"2025-07-15T03:00:59.643Z","activeCategories":["NBA","MLB","KBO","NFL","MLS","K리그","J리그","세리에 A","브라질 세리에 A","아르헨티나 프리메라","중국 슈퍼리그","라리가","분데스리가"],"uptime":57198.832570583,"apiCallEstimate":"~26 calls per hour","memory":{"used":"28MB","total":"32MB"}}
{"timestamp":"2025-07-15T03:10:00.381Z","type":"results","status":"start","message":"Starting cost-efficient game results update","categories":["NBA","MLB","KBO","NFL","MLS","K리그","J리그","세리에 A","브라질 세리에 A","아르헨티나 프리메라","중국 슈퍼리그","라리가","분데스리가"]}
{"timestamp":"2025-07-15T03:10:00.397Z","type":"odds","status":"start","message":"Starting high-priority leagues odds update (10min interval)","priority":"high","leagues":["NBA","MLB","KBO","NFL"]}
{"timestamp":"2025-07-15T03:10:00.404Z","type":"odds","status":"success","message":"High-priority odds update completed (10min interval)","priority":"medium","leagues":["NBA","MLB","KBO","NFL"],"dynamicPriority":"low","oddsUpdated":0,"oddsDetail":{"totalUpdated":0,"newOdds":0,"existingOddsUpdated":0,"skippedOdds":0,"apiCalls":0,"categoriesProcessed":4}}
{"timestamp":"2025-07-15T03:11:00.580Z","type":"bets","status":"start","message":"Starting bet results update after game results"}
{"timestamp":"2025-07-15T03:11:00.597Z","type":"results","status":"success","message":"Game results and bet results update completed","gameResultsUpdated":112,"gameResultsDetail":{"totalUpdated":112,"newGames":0,"existingGamesUpdated":112,"skippedGames":0,"categoriesProcessed":11},"betResultsUpdated":0,"categories":["NBA","MLB","KBO","NFL","MLS","K리그","J리그","세리에 A","브라질 세리에 A","아르헨티나 프리메라","중국 슈퍼리그","라리가","분데스리가"]}
{"timestamp":"2025-07-15T03:20:00.591Z","type":"results","status":"start","message":"Starting cost-efficient game results update","categories":["NBA","MLB","KBO","NFL","MLS","K리그","J리그","세리에 A","브라질 세리에 A","아르헨티나 프리메라","중국 슈퍼리그","라리가","분데스리가"]}
{"timestamp":"2025-07-15T03:20:00.608Z","type":"odds","status":"start","message":"Starting high-priority leagues odds update (10min interval)","priority":"high","leagues":["NBA","MLB","KBO","NFL"]}
{"timestamp":"2025-07-15T03:20:00.620Z","type":"odds","status":"success","message":"High-priority odds update completed (10min interval)","priority":"medium","leagues":["NBA","MLB","KBO","NFL"],"dynamicPriority":"low","oddsUpdated":0,"oddsDetail":{"totalUpdated":0,"newOdds":0,"existingOddsUpdated":0,"skippedOdds":0,"apiCalls":0,"categoriesProcessed":4}}
{"timestamp":"2025-07-15T03:20:52.052Z","type":"bets","status":"start","message":"Starting bet results update after game results"}
{"timestamp":"2025-07-15T03:20:52.071Z","type":"results","status":"success","message":"Game results and bet results update completed","gameResultsUpdated":112,"gameResultsDetail":{"totalUpdated":112,"newGames":0,"existingGamesUpdated":112,"skippedGames":0,"categoriesProcessed":11},"betResultsUpdated":0,"categories":["NBA","MLB","KBO","NFL","MLS","K리그","J리그","세리에 A","브라질 세리에 A","아르헨티나 프리메라","중국 슈퍼리그","라리가","분데스리가"]}
{"timestamp":"2025-07-15T03:22:15.692Z","type":"monitor","status":"info","message":"Scheduler status check","isUpdating":false,"lastUpdateTime":"2025-07-15T03:20:52.071Z","activeCategories":["NBA","MLB","KBO","NFL","MLS","K리그","J리그","세리에 A","브라질 세리에 A","아르헨티나 프리메라","중국 슈퍼리그","라리가","분데스리가"],"uptime":58098.830670833,"apiCallEstimate":"~26 calls per hour","memory":{"used":"39MB","total":"42MB"}}
{"timestamp":"2025-07-15T03:30:00.838Z","type":"results","status":"start","message":"Starting cost-efficient game results update","categories":["NBA","MLB","KBO","NFL","MLS","K리그","J리그","세리에 A","브라질 세리에 A","아르헨티나 프리메라","중국 슈퍼리그","라리가","분데스리가"]}
{"timestamp":"2025-07-15T03:30:00.858Z","type":"odds","status":"start","message":"Starting high-priority leagues odds update (10min interval)","priority":"high","leagues":["NBA","MLB","KBO","NFL"]}
{"timestamp":"2025-07-15T03:30:00.880Z","type":"odds","status":"success","message":"High-priority odds update completed (10min interval)","priority":"medium","leagues":["NBA","MLB","KBO","NFL"],"dynamicPriority":"low","oddsUpdated":0,"oddsDetail":{"totalUpdated":0,"newOdds":0,"existingOddsUpdated":0,"skippedOdds":0,"apiCalls":0,"categoriesProcessed":4}}
{"timestamp":"2025-07-15T03:30:47.769Z","type":"bets","status":"start","message":"Starting bet results update after game results"}
{"timestamp":"2025-07-15T03:30:47.787Z","type":"results","status":"success","message":"Game results and bet results update completed","gameResultsUpdated":112,"gameResultsDetail":{"totalUpdated":112,"newGames":0,"existingGamesUpdated":112,"skippedGames":0,"categoriesProcessed":11},"betResultsUpdated":0,"categories":["NBA","MLB","KBO","NFL","MLS","K리그","J리그","세리에 A","브라질 세리에 A","아르헨티나 프리메라","중국 슈퍼리그","라리가","분데스리가"]}
{"timestamp":"2025-07-15T03:37:15.683Z","type":"monitor","status":"info","message":"Scheduler status check","isUpdating":false,"lastUpdateTime":"2025-07-15T03:30:47.787Z","activeCategories":["NBA","MLB","KBO","NFL","MLS","K리그","J리그","세리에 A","브라질 세리에 A","아르헨티나 프리메라","중국 슈퍼리그","라리가","분데스리가"],"uptime":58998.834987792,"apiCallEstimate":"~26 calls per hour","memory":{"used":"29MB","total":"33MB"}}
{"timestamp":"2025-07-15T03:40:00.052Z","type":"results","status":"start","message":"Starting cost-efficient game results update","categories":["NBA","MLB","KBO","NFL","MLS","K리그","J리그","세리에 A","브라질 세리에 A","아르헨티나 프리메라","중국 슈퍼리그","라리가","분데스리가"]}
{"timestamp":"2025-07-15T03:40:00.061Z","type":"odds","status":"start","message":"Starting high-priority leagues odds update (10min interval)","priority":"high","leagues":["NBA","MLB","KBO","NFL"]}
{"timestamp":"2025-07-15T03:40:00.072Z","type":"odds","status":"success","message":"High-priority odds update completed (10min interval)","priority":"medium","leagues":["NBA","MLB","KBO","NFL"],"dynamicPriority":"low","oddsUpdated":0,"oddsDetail":{"totalUpdated":0,"newOdds":0,"existingOddsUpdated":0,"skippedOdds":0,"apiCalls":0,"categoriesProcessed":4}}
{"timestamp":"2025-07-15T03:40:34.987Z","type":"bets","status":"start","message":"Starting bet results update after game results"}
{"timestamp":"2025-07-15T03:40:35.002Z","type":"results","status":"success","message":"Game results and bet results update completed","gameResultsUpdated":112,"gameResultsDetail":{"totalUpdated":112,"newGames":0,"existingGamesUpdated":112,"skippedGames":0,"categoriesProcessed":11},"betResultsUpdated":0,"categories":["NBA","MLB","KBO","NFL","MLS","K리그","J리그","세리에 A","브라질 세리에 A","아르헨티나 프리메라","중국 슈퍼리그","라리가","분데스리가"]}
{"timestamp":"2025-07-15T03:50:00.250Z","type":"results","status":"start","message":"Starting cost-efficient game results update","categories":["NBA","MLB","KBO","NFL","MLS","K리그","J리그","세리에 A","브라질 세리에 A","아르헨티나 프리메라","중국 슈퍼리그","라리가","분데스리가"]}
{"timestamp":"2025-07-15T03:50:00.257Z","type":"odds","status":"start","message":"Starting high-priority leagues odds update (10min interval)","priority":"high","leagues":["NBA","MLB","KBO","NFL"]}
{"timestamp":"2025-07-15T03:50:00.269Z","type":"odds","status":"success","message":"High-priority odds update completed (10min interval)","priority":"medium","leagues":["NBA","MLB","KBO","NFL"],"dynamicPriority":"low","oddsUpdated":0,"oddsDetail":{"totalUpdated":0,"newOdds":0,"existingOddsUpdated":0,"skippedOdds":0,"apiCalls":0,"categoriesProcessed":4}}
{"timestamp":"2025-07-15T03:50:36.084Z","type":"bets","status":"start","message":"Starting bet results update after game results"}
{"timestamp":"2025-07-15T03:50:36.099Z","type":"results","status":"success","message":"Game results and bet results update completed","gameResultsUpdated":112,"gameResultsDetail":{"totalUpdated":112,"newGames":0,"existingGamesUpdated":112,"skippedGames":0,"categoriesProcessed":11},"betResultsUpdated":0,"categories":["NBA","MLB","KBO","NFL","MLS","K리그","J리그","세리에 A","브라질 세리에 A","아르헨티나 프리메라","중국 슈퍼리그","라리가","분데스리가"]}
{"timestamp":"2025-07-15T03:52:15.660Z","type":"monitor","status":"info","message":"Scheduler status check","isUpdating":false,"lastUpdateTime":"2025-07-15T03:50:36.099Z","activeCategories":["NBA","MLB","KBO","NFL","MLS","K리그","J리그","세리에 A","브라질 세리에 A","아르헨티나 프리메라","중국 슈퍼리그","라리가","분데스리가"],"uptime":59898.834861583,"apiCallEstimate":"~26 calls per hour","memory":{"used":"39MB","total":"42MB"}}
{"timestamp":"2025-07-15T04:00:00.466Z","type":"results","status":"start","message":"Starting cost-efficient game results update","categories":["NBA","MLB","KBO","NFL","MLS","K리그","J리그","세리에 A","브라질 세리에 A","아르헨티나 프리메라","중국 슈퍼리그","라리가","분데스리가"]}
{"timestamp":"2025-07-15T04:00:00.475Z","type":"odds","status":"start","message":"Starting high-priority leagues odds update (10min interval)","priority":"high","leagues":["NBA","MLB","KBO","NFL"]}
{"timestamp":"2025-07-15T04:00:00.477Z","type":"odds","status":"start","message":"Starting medium-priority leagues odds update (1hour interval)","priority":"medium","leagues":["MLS","K리그","J리그","세리에 A"]}
{"timestamp":"2025-07-15T04:00:00.492Z","type":"odds","status":"success","message":"High-priority odds update completed (10min interval)","priority":"medium","leagues":["NBA","MLB","KBO","NFL"],"dynamicPriority":"low","oddsUpdated":0,"oddsDetail":{"totalUpdated":0,"newOdds":0,"existingOddsUpdated":0,"skippedOdds":0,"apiCalls":0,"categoriesProcessed":4}}
{"timestamp":"2025-07-15T04:00:00.493Z","type":"odds","status":"success","message":"Medium-priority odds update completed (1hour interval)","priority":"medium","leagues":["MLS","K리그","J리그","세리에 A"],"dynamicPriority":"low","oddsUpdated":0,"oddsDetail":{"totalUpdated":0,"newOdds":0,"existingOddsUpdated":0,"skippedOdds":0,"apiCalls":0,"categoriesProcessed":4}}
{"timestamp":"2025-07-15T04:00:56.636Z","type":"bets","status":"start","message":"Starting bet results update after game results"}
{"timestamp":"2025-07-15T04:00:56.654Z","type":"results","status":"success","message":"Game results and bet results update completed","gameResultsUpdated":112,"gameResultsDetail":{"totalUpdated":112,"newGames":0,"existingGamesUpdated":112,"skippedGames":0,"categoriesProcessed":11},"betResultsUpdated":0,"categories":["NBA","MLB","KBO","NFL","MLS","K리그","J리그","세리에 A","브라질 세리에 A","아르헨티나 프리메라","중국 슈퍼리그","라리가","분데스리가"]}
{"timestamp":"2025-07-15T04:07:15.646Z","type":"monitor","status":"info","message":"Scheduler status check","isUpdating":false,"lastUpdateTime":"2025-07-15T04:00:56.654Z","activeCategories":["NBA","MLB","KBO","NFL","MLS","K리그","J리그","세리에 A","브라질 세리에 A","아르헨티나 프리메라","중국 슈퍼리그","라리가","분데스리가"],"uptime":60798.836451875,"apiCallEstimate":"~26 calls per hour","memory":{"used":"30MB","total":"38MB"}}
{"timestamp":"2025-07-15T04:10:00.640Z","type":"results","status":"start","message":"Starting cost-efficient game results update","categories":["NBA","MLB","KBO","NFL","MLS","K리그","J리그","세리에 A","브라질 세리에 A","아르헨티나 프리메라","중국 슈퍼리그","라리가","분데스리가"]}
{"timestamp":"2025-07-15T04:10:00.649Z","type":"odds","status":"start","message":"Starting high-priority leagues odds update (10min interval)","priority":"high","leagues":["NBA","MLB","KBO","NFL"]}
{"timestamp":"2025-07-15T04:10:00.661Z","type":"odds","status":"success","message":"High-priority odds update completed (10min interval)","priority":"medium","leagues":["NBA","MLB","KBO","NFL"],"dynamicPriority":"low","oddsUpdated":0,"oddsDetail":{"totalUpdated":0,"newOdds":0,"existingOddsUpdated":0,"skippedOdds":0,"apiCalls":0,"categoriesProcessed":4}}
{"timestamp":"2025-07-15T04:10:38.682Z","type":"bets","status":"start","message":"Starting bet results update after game results"}
{"timestamp":"2025-07-15T04:10:38.702Z","type":"results","status":"success","message":"Game results and bet results update completed","gameResultsUpdated":112,"gameResultsDetail":{"totalUpdated":112,"newGames":0,"existingGamesUpdated":112,"skippedGames":0,"categoriesProcessed":11},"betResultsUpdated":0,"categories":["NBA","MLB","KBO","NFL","MLS","K리그","J리그","세리에 A","브라질 세리에 A","아르헨티나 프리메라","중국 슈퍼리그","라리가","분데스리가"]}
{"timestamp":"2025-07-15T04:20:00.839Z","type":"results","status":"start","message":"Starting cost-efficient game results update","categories":["NBA","MLB","KBO","NFL","MLS","K리그","J리그","세리에 A","브라질 세리에 A","아르헨티나 프리메라","중국 슈퍼리그","라리가","분데스리가"]}
{"timestamp":"2025-07-15T04:20:00.845Z","type":"odds","status":"start","message":"Starting high-priority leagues odds update (10min interval)","priority":"high","leagues":["NBA","MLB","KBO","NFL"]}
{"timestamp":"2025-07-15T04:20:00.856Z","type":"odds","status":"success","message":"High-priority odds update completed (10min interval)","priority":"medium","leagues":["NBA","MLB","KBO","NFL"],"dynamicPriority":"low","oddsUpdated":0,"oddsDetail":{"totalUpdated":0,"newOdds":0,"existingOddsUpdated":0,"skippedOdds":0,"apiCalls":0,"categoriesProcessed":4}}
{"timestamp":"2025-07-15T04:20:58.219Z","type":"bets","status":"start","message":"Starting bet results update after game results"}
{"timestamp":"2025-07-15T04:20:58.237Z","type":"results","status":"success","message":"Game results and bet results update completed","gameResultsUpdated":112,"gameResultsDetail":{"totalUpdated":112,"newGames":0,"existingGamesUpdated":112,"skippedGames":0,"categoriesProcessed":11},"betResultsUpdated":0,"categories":["NBA","MLB","KBO","NFL","MLS","K리그","J리그","세리에 A","브라질 세리에 A","아르헨티나 프리메라","중국 슈퍼리그","라리가","분데스리가"]}
{"timestamp":"2025-07-15T04:22:15.639Z","type":"monitor","status":"info","message":"Scheduler status check","isUpdating":false,"lastUpdateTime":"2025-07-15T04:20:58.237Z","activeCategories":["NBA","MLB","KBO","NFL","MLS","K리그","J리그","세리에 A","브라질 세리에 A","아르헨티나 프리메라","중국 슈퍼리그","라리가","분데스리가"],"uptime":61698.836045333,"apiCallEstimate":"~26 calls per hour","memory":{"used":"42MB","total":"44MB"}}
{"timestamp":"2025-07-15T04:30:00.046Z","type":"results","status":"start","message":"Starting cost-efficient game results update","categories":["NBA","MLB","KBO","NFL","MLS","K리그","J리그","세리에 A","브라질 세리에 A","아르헨티나 프리메라","중국 슈퍼리그","라리가","분데스리가"]}
{"timestamp":"2025-07-15T04:30:00.063Z","type":"odds","status":"start","message":"Starting high-priority leagues odds update (10min interval)","priority":"high","leagues":["NBA","MLB","KBO","NFL"]}
{"timestamp":"2025-07-15T04:30:00.072Z","type":"odds","status":"success","message":"High-priority odds update completed (10min interval)","priority":"medium","leagues":["NBA","MLB","KBO","NFL"],"dynamicPriority":"low","oddsUpdated":0,"oddsDetail":{"totalUpdated":0,"newOdds":0,"existingOddsUpdated":0,"skippedOdds":0,"apiCalls":0,"categoriesProcessed":4}}
{"timestamp":"2025-07-15T04:30:51.843Z","type":"bets","status":"start","message":"Starting bet results update after game results"}
{"timestamp":"2025-07-15T04:30:51.860Z","type":"results","status":"success","message":"Game results and bet results update completed","gameResultsUpdated":112,"gameResultsDetail":{"totalUpdated":112,"newGames":0,"existingGamesUpdated":112,"skippedGames":0,"categoriesProcessed":11},"betResultsUpdated":0,"categories":["NBA","MLB","KBO","NFL","MLS","K리그","J리그","세리에 A","브라질 세리에 A","아르헨티나 프리메라","중국 슈퍼리그","라리가","분데스리가"]}
{"timestamp":"2025-07-15T04:37:15.633Z","type":"monitor","status":"info","message":"Scheduler status check","isUpdating":false,"lastUpdateTime":"2025-07-15T04:30:51.860Z","activeCategories":["NBA","MLB","KBO","NFL","MLS","K리그","J리그","세리에 A","브라질 세리에 A","아르헨티나 프리메라","중국 슈퍼리그","라리가","분데스리가"],"uptime":62598.844436833,"apiCallEstimate":"~26 calls per hour","memory":{"used":"31MB","total":"35MB"}}
{"timestamp":"2025-07-15T04:40:00.285Z","type":"results","status":"start","message":"Starting cost-efficient game results update","categories":["NBA","MLB","KBO","NFL","MLS","K리그","J리그","세리에 A","브라질 세리에 A","아르헨티나 프리메라","중국 슈퍼리그","라리가","분데스리가"]}
{"timestamp":"2025-07-15T04:40:00.294Z","type":"odds","status":"start","message":"Starting high-priority leagues odds update (10min interval)","priority":"high","leagues":["NBA","MLB","KBO","NFL"]}
{"timestamp":"2025-07-15T04:40:00.305Z","type":"odds","status":"success","message":"High-priority odds update completed (10min interval)","priority":"medium","leagues":["NBA","MLB","KBO","NFL"],"dynamicPriority":"low","oddsUpdated":0,"oddsDetail":{"totalUpdated":0,"newOdds":0,"existingOddsUpdated":0,"skippedOdds":0,"apiCalls":0,"categoriesProcessed":4}}
{"timestamp":"2025-07-15T04:40:30.313Z","type":"bets","status":"start","message":"Starting bet results update after game results"}
{"timestamp":"2025-07-15T04:40:30.329Z","type":"results","status":"success","message":"Game results and bet results update completed","gameResultsUpdated":112,"gameResultsDetail":{"totalUpdated":112,"newGames":0,"existingGamesUpdated":112,"skippedGames":0,"categoriesProcessed":11},"betResultsUpdated":0,"categories":["NBA","MLB","KBO","NFL","MLS","K리그","J리그","세리에 A","브라질 세리에 A","아르헨티나 프리메라","중국 슈퍼리그","라리가","분데스리가"]}
{"timestamp":"2025-07-15T04:50:00.492Z","type":"results","status":"start","message":"Starting cost-efficient game results update","categories":["NBA","MLB","KBO","NFL","MLS","K리그","J리그","세리에 A","브라질 세리에 A","아르헨티나 프리메라","중국 슈퍼리그","라리가","분데스리가"]}
{"timestamp":"2025-07-15T04:50:00.510Z","type":"odds","status":"start","message":"Starting high-priority leagues odds update (10min interval)","priority":"high","leagues":["NBA","MLB","KBO","NFL"]}
{"timestamp":"2025-07-15T04:50:00.523Z","type":"odds","status":"success","message":"High-priority odds update completed (10min interval)","priority":"medium","leagues":["NBA","MLB","KBO","NFL"],"dynamicPriority":"low","oddsUpdated":0,"oddsDetail":{"totalUpdated":0,"newOdds":0,"existingOddsUpdated":0,"skippedOdds":0,"apiCalls":0,"categoriesProcessed":4}}
{"timestamp":"2025-07-15T04:50:43.140Z","type":"bets","status":"start","message":"Starting bet results update after game results"}
{"timestamp":"2025-07-15T04:50:43.161Z","type":"results","status":"success","message":"Game results and bet results update completed","gameResultsUpdated":112,"gameResultsDetail":{"totalUpdated":112,"newGames":0,"existingGamesUpdated":112,"skippedGames":0,"categoriesProcessed":11},"betResultsUpdated":0,"categories":["NBA","MLB","KBO","NFL","MLS","K리그","J리그","세리에 A","브라질 세리에 A","아르헨티나 프리메라","중국 슈퍼리그","라리가","분데스리가"]}
{"timestamp":"2025-07-15T04:52:15.621Z","type":"monitor","status":"info","message":"Scheduler status check","isUpdating":false,"lastUpdateTime":"2025-07-15T04:50:43.161Z","activeCategories":["NBA","MLB","KBO","NFL","MLS","K리그","J리그","세리에 A","브라질 세리에 A","아르헨티나 프리메라","중국 슈퍼리그","라리가","분데스리가"],"uptime":63498.843025208,"apiCallEstimate":"~26 calls per hour","memory":{"used":"31MB","total":"37MB"}}
{"timestamp":"2025-07-15T05:00:00.738Z","type":"results","status":"start","message":"Starting cost-efficient game results update","categories":["NBA","MLB","KBO","NFL","MLS","K리그","J리그","세리에 A","브라질 세리에 A","아르헨티나 프리메라","중국 슈퍼리그","라리가","분데스리가"]}
{"timestamp":"2025-07-15T05:00:00.746Z","type":"odds","status":"start","message":"Starting high-priority leagues odds update (10min interval)","priority":"high","leagues":["NBA","MLB","KBO","NFL"]}
{"timestamp":"2025-07-15T05:00:00.748Z","type":"odds","status":"start","message":"Starting medium-priority leagues odds update (1hour interval)","priority":"medium","leagues":["MLS","K리그","J리그","세리에 A"]}
{"timestamp":"2025-07-15T05:00:00.759Z","type":"odds","status":"success","message":"High-priority odds update completed (10min interval)","priority":"medium","leagues":["NBA","MLB","KBO","NFL"],"dynamicPriority":"low","oddsUpdated":0,"oddsDetail":{"totalUpdated":0,"newOdds":0,"existingOddsUpdated":0,"skippedOdds":0,"apiCalls":0,"categoriesProcessed":4}}
{"timestamp":"2025-07-15T05:00:00.759Z","type":"odds","status":"success","message":"Medium-priority odds update completed (1hour interval)","priority":"medium","leagues":["MLS","K리그","J리그","세리에 A"],"dynamicPriority":"low","oddsUpdated":0,"oddsDetail":{"totalUpdated":0,"newOdds":0,"existingOddsUpdated":0,"skippedOdds":0,"apiCalls":0,"categoriesProcessed":4}}
{"timestamp":"2025-07-15T05:00:56.579Z","type":"bets","status":"start","message":"Starting bet results update after game results"}
{"timestamp":"2025-07-15T05:00:56.598Z","type":"results","status":"success","message":"Game results and bet results update completed","gameResultsUpdated":112,"gameResultsDetail":{"totalUpdated":112,"newGames":0,"existingGamesUpdated":112,"skippedGames":0,"categoriesProcessed":11},"betResultsUpdated":0,"categories":["NBA","MLB","KBO","NFL","MLS","K리그","J리그","세리에 A","브라질 세리에 A","아르헨티나 프리메라","중국 슈퍼리그","라리가","분데스리가"]}
{"timestamp":"2025-07-15T05:07:15.618Z","type":"monitor","status":"info","message":"Scheduler status check","isUpdating":false,"lastUpdateTime":"2025-07-15T05:00:56.598Z","activeCategories":["NBA","MLB","KBO","NFL","MLS","K리그","J리그","세리에 A","브라질 세리에 A","아르헨티나 프리메라","중국 슈퍼리그","라리가","분데스리가"],"uptime":64398.842573083,"apiCallEstimate":"~26 calls per hour","memory":{"used":"33MB","total":"38MB"}}
{"timestamp":"2025-07-15T05:10:00.950Z","type":"results","status":"start","message":"Starting cost-efficient game results update","categories":["NBA","MLB","KBO","NFL","MLS","K리그","J리그","세리에 A","브라질 세리에 A","아르헨티나 프리메라","중국 슈퍼리그","라리가","분데스리가"]}
{"timestamp":"2025-07-15T05:10:00.959Z","type":"odds","status":"start","message":"Starting high-priority leagues odds update (10min interval)","priority":"high","leagues":["NBA","MLB","KBO","NFL"]}
{"timestamp":"2025-07-15T05:10:00.973Z","type":"odds","status":"success","message":"High-priority odds update completed (10min interval)","priority":"medium","leagues":["NBA","MLB","KBO","NFL"],"dynamicPriority":"low","oddsUpdated":0,"oddsDetail":{"totalUpdated":0,"newOdds":0,"existingOddsUpdated":0,"skippedOdds":0,"apiCalls":0,"categoriesProcessed":4}}
{"timestamp":"2025-07-15T05:10:42.623Z","type":"bets","status":"start","message":"Starting bet results update after game results"}
{"timestamp":"2025-07-15T05:10:42.638Z","type":"results","status":"success","message":"Game results and bet results update completed","gameResultsUpdated":112,"gameResultsDetail":{"totalUpdated":112,"newGames":0,"existingGamesUpdated":112,"skippedGames":0,"categoriesProcessed":11},"betResultsUpdated":0,"categories":["NBA","MLB","KBO","NFL","MLS","K리그","J리그","세리에 A","브라질 세리에 A","아르헨티나 프리메라","중국 슈퍼리그","라리가","분데스리가"]}
{"timestamp":"2025-07-15T05:20:00.148Z","type":"results","status":"start","message":"Starting cost-efficient game results update","categories":["NBA","MLB","KBO","NFL","MLS","K리그","J리그","세리에 A","브라질 세리에 A","아르헨티나 프리메라","중국 슈퍼리그","라리가","분데스리가"]}
{"timestamp":"2025-07-15T05:20:00.155Z","type":"odds","status":"start","message":"Starting high-priority leagues odds update (10min interval)","priority":"high","leagues":["NBA","MLB","KBO","NFL"]}
{"timestamp":"2025-07-15T05:20:00.164Z","type":"odds","status":"success","message":"High-priority odds update completed (10min interval)","priority":"medium","leagues":["NBA","MLB","KBO","NFL"],"dynamicPriority":"low","oddsUpdated":0,"oddsDetail":{"totalUpdated":0,"newOdds":0,"existingOddsUpdated":0,"skippedOdds":0,"apiCalls":0,"categoriesProcessed":4}}
{"timestamp":"2025-07-15T05:20:53.758Z","type":"bets","status":"start","message":"Starting bet results update after game results"}
{"timestamp":"2025-07-15T05:20:53.778Z","type":"results","status":"success","message":"Game results and bet results update completed","gameResultsUpdated":112,"gameResultsDetail":{"totalUpdated":112,"newGames":0,"existingGamesUpdated":112,"skippedGames":0,"categoriesProcessed":11},"betResultsUpdated":0,"categories":["NBA","MLB","KBO","NFL","MLS","K리그","J리그","세리에 A","브라질 세리에 A","아르헨티나 프리메라","중국 슈퍼리그","라리가","분데스리가"]}
{"timestamp":"2025-07-15T05:22:15.602Z","type":"monitor","status":"info","message":"Scheduler status check","isUpdating":false,"lastUpdateTime":"2025-07-15T05:20:53.778Z","activeCategories":["NBA","MLB","KBO","NFL","MLS","K리그","J리그","세리에 A","브라질 세리에 A","아르헨티나 프리메라","중국 슈퍼리그","라리가","분데스리가"],"uptime":65298.839388792,"apiCallEstimate":"~26 calls per hour","memory":{"used":"33MB","total":"38MB"}}
{"timestamp":"2025-07-15T05:30:00.345Z","type":"results","status":"start","message":"Starting cost-efficient game results update","categories":["NBA","MLB","KBO","NFL","MLS","K리그","J리그","세리에 A","브라질 세리에 A","아르헨티나 프리메라","중국 슈퍼리그","라리가","분데스리가"]}
{"timestamp":"2025-07-15T05:30:00.365Z","type":"odds","status":"start","message":"Starting high-priority leagues odds update (10min interval)","priority":"high","leagues":["NBA","MLB","KBO","NFL"]}
{"timestamp":"2025-07-15T05:30:00.376Z","type":"odds","status":"success","message":"High-priority odds update completed (10min interval)","priority":"medium","leagues":["NBA","MLB","KBO","NFL"],"dynamicPriority":"low","oddsUpdated":0,"oddsDetail":{"totalUpdated":0,"newOdds":0,"existingOddsUpdated":0,"skippedOdds":0,"apiCalls":0,"categoriesProcessed":4}}
{"timestamp":"2025-07-15T05:30:49.532Z","type":"bets","status":"start","message":"Starting bet results update after game results"}
{"timestamp":"2025-07-15T05:30:49.551Z","type":"results","status":"success","message":"Game results and bet results update completed","gameResultsUpdated":112,"gameResultsDetail":{"totalUpdated":112,"newGames":0,"existingGamesUpdated":112,"skippedGames":0,"categoriesProcessed":11},"betResultsUpdated":0,"categories":["NBA","MLB","KBO","NFL","MLS","K리그","J리그","세리에 A","브라질 세리에 A","아르헨티나 프리메라","중국 슈퍼리그","라리가","분데스리가"]}
{"timestamp":"2025-07-15T05:37:15.597Z","type":"monitor","status":"info","message":"Scheduler status check","isUpdating":false,"lastUpdateTime":"2025-07-15T05:30:49.551Z","activeCategories":["NBA","MLB","KBO","NFL","MLS","K리그","J리그","세리에 A","브라질 세리에 A","아르헨티나 프리메라","중국 슈퍼리그","라리가","분데스리가"],"uptime":66198.846315458,"apiCallEstimate":"~26 calls per hour","memory":{"used":"36MB","total":"39MB"}}
{"timestamp":"2025-07-15T05:40:00.578Z","type":"results","status":"start","message":"Starting cost-efficient game results update","categories":["NBA","MLB","KBO","NFL","MLS","K리그","J리그","세리에 A","브라질 세리에 A","아르헨티나 프리메라","중국 슈퍼리그","라리가","분데스리가"]}
{"timestamp":"2025-07-15T05:40:00.587Z","type":"odds","status":"start","message":"Starting high-priority leagues odds update (10min interval)","priority":"high","leagues":["NBA","MLB","KBO","NFL"]}
{"timestamp":"2025-07-15T05:40:00.596Z","type":"odds","status":"success","message":"High-priority odds update completed (10min interval)","priority":"medium","leagues":["NBA","MLB","KBO","NFL"],"dynamicPriority":"low","oddsUpdated":0,"oddsDetail":{"totalUpdated":0,"newOdds":0,"existingOddsUpdated":0,"skippedOdds":0,"apiCalls":0,"categoriesProcessed":4}}
{"timestamp":"2025-07-15T05:40:57.694Z","type":"bets","status":"start","message":"Starting bet results update after game results"}
{"timestamp":"2025-07-15T05:40:57.709Z","type":"results","status":"success","message":"Game results and bet results update completed","gameResultsUpdated":112,"gameResultsDetail":{"totalUpdated":112,"newGames":0,"existingGamesUpdated":112,"skippedGames":0,"categoriesProcessed":11},"betResultsUpdated":0,"categories":["NBA","MLB","KBO","NFL","MLS","K리그","J리그","세리에 A","브라질 세리에 A","아르헨티나 프리메라","중국 슈퍼리그","라리가","분데스리가"]}
{"timestamp":"2025-07-15T05:50:00.742Z","type":"results","status":"start","message":"Starting cost-efficient game results update","categories":["NBA","MLB","KBO","NFL","MLS","K리그","J리그","세리에 A","브라질 세리에 A","아르헨티나 프리메라","중국 슈퍼리그","라리가","분데스리가"]}
{"timestamp":"2025-07-15T05:50:00.749Z","type":"odds","status":"start","message":"Starting high-priority leagues odds update (10min interval)","priority":"high","leagues":["NBA","MLB","KBO","NFL"]}
{"timestamp":"2025-07-15T05:50:00.761Z","type":"odds","status":"success","message":"High-priority odds update completed (10min interval)","priority":"medium","leagues":["NBA","MLB","KBO","NFL"],"dynamicPriority":"low","oddsUpdated":0,"oddsDetail":{"totalUpdated":0,"newOdds":0,"existingOddsUpdated":0,"skippedOdds":0,"apiCalls":0,"categoriesProcessed":4}}
{"timestamp":"2025-07-15T05:50:56.379Z","type":"bets","status":"start","message":"Starting bet results update after game results"}
{"timestamp":"2025-07-15T05:50:56.394Z","type":"results","status":"success","message":"Game results and bet results update completed","gameResultsUpdated":112,"gameResultsDetail":{"totalUpdated":112,"newGames":0,"existingGamesUpdated":112,"skippedGames":0,"categoriesProcessed":11},"betResultsUpdated":0,"categories":["NBA","MLB","KBO","NFL","MLS","K리그","J리그","세리에 A","브라질 세리에 A","아르헨티나 프리메라","중국 슈퍼리그","라리가","분데스리가"]}
{"timestamp":"2025-07-15T05:52:15.527Z","type":"monitor","status":"info","message":"Scheduler status check","isUpdating":false,"lastUpdateTime":"2025-07-15T05:50:56.394Z","activeCategories":["NBA","MLB","KBO","NFL","MLS","K리그","J리그","세리에 A","브라질 세리에 A","아르헨티나 프리메라","중국 슈퍼리그","라리가","분데스리가"],"uptime":67098.845273958,"apiCallEstimate":"~26 calls per hour","memory":{"used":"46MB","total":"48MB"}}
{"timestamp":"2025-07-15T06:00:00.932Z","type":"results","status":"start","message":"Starting cost-efficient game results update","categories":["NBA","MLB","KBO","NFL","MLS","K리그","J리그","세리에 A","브라질 세리에 A","아르헨티나 프리메라","중국 슈퍼리그","라리가","분데스리가"]}
{"timestamp":"2025-07-15T06:00:00.939Z","type":"odds","status":"start","message":"Starting high-priority leagues odds update (10min interval)","priority":"high","leagues":["NBA","MLB","KBO","NFL"]}
{"timestamp":"2025-07-15T06:00:00.941Z","type":"odds","status":"start","message":"Starting medium-priority leagues odds update (1hour interval)","priority":"medium","leagues":["MLS","K리그","J리그","세리에 A"]}
{"timestamp":"2025-07-15T06:00:00.950Z","type":"odds","status":"success","message":"High-priority odds update completed (10min interval)","priority":"medium","leagues":["NBA","MLB","KBO","NFL"],"dynamicPriority":"low","oddsUpdated":0,"oddsDetail":{"totalUpdated":0,"newOdds":0,"existingOddsUpdated":0,"skippedOdds":0,"apiCalls":0,"categoriesProcessed":4}}
{"timestamp":"2025-07-15T06:00:00.950Z","type":"odds","status":"success","message":"Medium-priority odds update completed (1hour interval)","priority":"medium","leagues":["MLS","K리그","J리그","세리에 A"],"dynamicPriority":"low","oddsUpdated":0,"oddsDetail":{"totalUpdated":0,"newOdds":0,"existingOddsUpdated":0,"skippedOdds":0,"apiCalls":0,"categoriesProcessed":4}}
{"timestamp":"2025-07-15T06:00:49.787Z","type":"bets","status":"start","message":"Starting bet results update after game results"}
{"timestamp":"2025-07-15T06:00:49.804Z","type":"results","status":"success","message":"Game results and bet results update completed","gameResultsUpdated":112,"gameResultsDetail":{"totalUpdated":112,"newGames":0,"existingGamesUpdated":112,"skippedGames":0,"categoriesProcessed":11},"betResultsUpdated":0,"categories":["NBA","MLB","KBO","NFL","MLS","K리그","J리그","세리에 A","브라질 세리에 A","아르헨티나 프리메라","중국 슈퍼리그","라리가","분데스리가"]}
{"timestamp":"2025-07-15T06:07:15.500Z","type":"monitor","status":"info","message":"Scheduler status check","isUpdating":false,"lastUpdateTime":"2025-07-15T06:00:49.804Z","activeCategories":["NBA","MLB","KBO","NFL","MLS","K리그","J리그","세리에 A","브라질 세리에 A","아르헨티나 프리메라","중국 슈퍼리그","라리가","분데스리가"],"uptime":67998.846737375,"apiCallEstimate":"~26 calls per hour","memory":{"used":"36MB","total":"42MB"}}
{"timestamp":"2025-07-15T06:10:00.145Z","type":"results","status":"start","message":"Starting cost-efficient game results update","categories":["NBA","MLB","KBO","NFL","MLS","K리그","J리그","세리에 A","브라질 세리에 A","아르헨티나 프리메라","중국 슈퍼리그","라리가","분데스리가"]}
{"timestamp":"2025-07-15T06:10:00.154Z","type":"odds","status":"start","message":"Starting high-priority leagues odds update (10min interval)","priority":"high","leagues":["NBA","MLB","KBO","NFL"]}
{"timestamp":"2025-07-15T06:10:00.166Z","type":"odds","status":"success","message":"High-priority odds update completed (10min interval)","priority":"medium","leagues":["NBA","MLB","KBO","NFL"],"dynamicPriority":"low","oddsUpdated":0,"oddsDetail":{"totalUpdated":0,"newOdds":0,"existingOddsUpdated":0,"skippedOdds":0,"apiCalls":0,"categoriesProcessed":4}}
{"timestamp":"2025-07-15T06:10:28.349Z","type":"bets","status":"start","message":"Starting bet results update after game results"}
{"timestamp":"2025-07-15T06:10:28.365Z","type":"results","status":"success","message":"Game results and bet results update completed","gameResultsUpdated":112,"gameResultsDetail":{"totalUpdated":112,"newGames":0,"existingGamesUpdated":112,"skippedGames":0,"categoriesProcessed":11},"betResultsUpdated":0,"categories":["NBA","MLB","KBO","NFL","MLS","K리그","J리그","세리에 A","브라질 세리에 A","아르헨티나 프리메라","중국 슈퍼리그","라리가","분데스리가"]}
{"timestamp":"2025-07-15T06:20:00.341Z","type":"results","status":"start","message":"Starting cost-efficient game results update","categories":["NBA","MLB","KBO","NFL","MLS","K리그","J리그","세리에 A","브라질 세리에 A","아르헨티나 프리메라","중국 슈퍼리그","라리가","분데스리가"]}
{"timestamp":"2025-07-15T06:20:00.350Z","type":"odds","status":"start","message":"Starting high-priority leagues odds update (10min interval)","priority":"high","leagues":["NBA","MLB","KBO","NFL"]}
{"timestamp":"2025-07-15T06:20:00.361Z","type":"odds","status":"success","message":"High-priority odds update completed (10min interval)","priority":"medium","leagues":["NBA","MLB","KBO","NFL"],"dynamicPriority":"low","oddsUpdated":0,"oddsDetail":{"totalUpdated":0,"newOdds":0,"existingOddsUpdated":0,"skippedOdds":0,"apiCalls":0,"categoriesProcessed":4}}
{"timestamp":"2025-07-15T06:20:52.668Z","type":"bets","status":"start","message":"Starting bet results update after game results"}
{"timestamp":"2025-07-15T06:20:52.682Z","type":"results","status":"success","message":"Game results and bet results update completed","gameResultsUpdated":112,"gameResultsDetail":{"totalUpdated":112,"newGames":0,"existingGamesUpdated":112,"skippedGames":0,"categoriesProcessed":11},"betResultsUpdated":0,"categories":["NBA","MLB","KBO","NFL","MLS","K리그","J리그","세리에 A","브라질 세리에 A","아르헨티나 프리메라","중국 슈퍼리그","라리가","분데스리가"]}
{"timestamp":"2025-07-15T06:22:15.472Z","type":"monitor","status":"info","message":"Scheduler status check","isUpdating":false,"lastUpdateTime":"2025-07-15T06:20:52.682Z","activeCategories":["NBA","MLB","KBO","NFL","MLS","K리그","J리그","세리에 A","브라질 세리에 A","아르헨티나 프리메라","중국 슈퍼리그","라리가","분데스리가"],"uptime":68898.846208208,"apiCallEstimate":"~26 calls per hour","memory":{"used":"49MB","total":"51MB"}}
{"timestamp":"2025-07-15T06:30:00.552Z","type":"results","status":"start","message":"Starting cost-efficient game results update","categories":["NBA","MLB","KBO","NFL","MLS","K리그","J리그","세리에 A","브라질 세리에 A","아르헨티나 프리메라","중국 슈퍼리그","라리가","분데스리가"]}
{"timestamp":"2025-07-15T06:30:00.571Z","type":"odds","status":"start","message":"Starting high-priority leagues odds update (10min interval)","priority":"high","leagues":["NBA","MLB","KBO","NFL"]}
{"timestamp":"2025-07-15T06:30:00.583Z","type":"odds","status":"success","message":"High-priority odds update completed (10min interval)","priority":"medium","leagues":["NBA","MLB","KBO","NFL"],"dynamicPriority":"low","oddsUpdated":0,"oddsDetail":{"totalUpdated":0,"newOdds":0,"existingOddsUpdated":0,"skippedOdds":0,"apiCalls":0,"categoriesProcessed":4}}
{"timestamp":"2025-07-15T06:31:03.600Z","type":"bets","status":"start","message":"Starting bet results update after game results"}
{"timestamp":"2025-07-15T06:31:03.617Z","type":"results","status":"success","message":"Game results and bet results update completed","gameResultsUpdated":112,"gameResultsDetail":{"totalUpdated":112,"newGames":0,"existingGamesUpdated":112,"skippedGames":0,"categoriesProcessed":11},"betResultsUpdated":0,"categories":["NBA","MLB","KBO","NFL","MLS","K리그","J리그","세리에 A","브라질 세리에 A","아르헨티나 프리메라","중국 슈퍼리그","라리가","분데스리가"]}
{"timestamp":"2025-07-15T06:37:15.452Z","type":"monitor","status":"info","message":"Scheduler status check","isUpdating":false,"lastUpdateTime":"2025-07-15T06:31:03.617Z","activeCategories":["NBA","MLB","KBO","NFL","MLS","K리그","J리그","세리에 A","브라질 세리에 A","아르헨티나 프리메라","중국 슈퍼리그","라리가","분데스리가"],"uptime":69798.853372208,"apiCallEstimate":"~26 calls per hour","memory":{"used":"40MB","total":"42MB"}}
{"timestamp":"2025-07-15T06:40:00.800Z","type":"results","status":"start","message":"Starting cost-efficient game results update","categories":["NBA","MLB","KBO","NFL","MLS","K리그","J리그","세리에 A","브라질 세리에 A","아르헨티나 프리메라","중국 슈퍼리그","라리가","분데스리가"]}
{"timestamp":"2025-07-15T06:40:00.809Z","type":"odds","status":"start","message":"Starting high-priority leagues odds update (10min interval)","priority":"high","leagues":["NBA","MLB","KBO","NFL"]}
{"timestamp":"2025-07-15T06:40:00.821Z","type":"odds","status":"success","message":"High-priority odds update completed (10min interval)","priority":"medium","leagues":["NBA","MLB","KBO","NFL"],"dynamicPriority":"low","oddsUpdated":0,"oddsDetail":{"totalUpdated":0,"newOdds":0,"existingOddsUpdated":0,"skippedOdds":0,"apiCalls":0,"categoriesProcessed":4}}
{"timestamp":"2025-07-15T06:40:48.821Z","type":"bets","status":"start","message":"Starting bet results update after game results"}
{"timestamp":"2025-07-15T06:40:48.837Z","type":"results","status":"success","message":"Game results and bet results update completed","gameResultsUpdated":112,"gameResultsDetail":{"totalUpdated":112,"newGames":0,"existingGamesUpdated":112,"skippedGames":0,"categoriesProcessed":11},"betResultsUpdated":0,"categories":["NBA","MLB","KBO","NFL","MLS","K리그","J리그","세리에 A","브라질 세리에 A","아르헨티나 프리메라","중국 슈퍼리그","라리가","분데스리가"]}
{"timestamp":"2025-07-15T06:50:00.982Z","type":"results","status":"start","message":"Starting cost-efficient game results update","categories":["NBA","MLB","KBO","NFL","MLS","K리그","J리그","세리에 A","브라질 세리에 A","아르헨티나 프리메라","중국 슈퍼리그","라리가","분데스리가"]}
{"timestamp":"2025-07-15T06:50:00.991Z","type":"odds","status":"start","message":"Starting high-priority leagues odds update (10min interval)","priority":"high","leagues":["NBA","MLB","KBO","NFL"]}
{"timestamp":"2025-07-15T06:50:01.004Z","type":"odds","status":"success","message":"High-priority odds update completed (10min interval)","priority":"medium","leagues":["NBA","MLB","KBO","NFL"],"dynamicPriority":"low","oddsUpdated":0,"oddsDetail":{"totalUpdated":0,"newOdds":0,"existingOddsUpdated":0,"skippedOdds":0,"apiCalls":0,"categoriesProcessed":4}}
{"timestamp":"2025-07-15T06:50:56.740Z","type":"bets","status":"start","message":"Starting bet results update after game results"}
{"timestamp":"2025-07-15T06:50:56.757Z","type":"results","status":"success","message":"Game results and bet results update completed","gameResultsUpdated":112,"gameResultsDetail":{"totalUpdated":112,"newGames":0,"existingGamesUpdated":112,"skippedGames":0,"categoriesProcessed":11},"betResultsUpdated":0,"categories":["NBA","MLB","KBO","NFL","MLS","K리그","J리그","세리에 A","브라질 세리에 A","아르헨티나 프리메라","중국 슈퍼리그","라리가","분데스리가"]}
{"timestamp":"2025-07-15T06:52:15.426Z","type":"monitor","status":"info","message":"Scheduler status check","isUpdating":false,"lastUpdateTime":"2025-07-15T06:50:56.757Z","activeCategories":["NBA","MLB","KBO","NFL","MLS","K리그","J리그","세리에 A","브라질 세리에 A","아르헨티나 프리메라","중국 슈퍼리그","라리가","분데스리가"],"uptime":70698.851349125,"apiCallEstimate":"~26 calls per hour","memory":{"used":"50MB","total":"54MB"}}
{"timestamp":"2025-07-15T07:00:00.210Z","type":"results","status":"start","message":"Starting cost-efficient game results update","categories":["NBA","MLB","KBO","NFL","MLS","K리그","J리그","세리에 A","브라질 세리에 A","아르헨티나 프리메라","중국 슈퍼리그","라리가","분데스리가"]}
{"timestamp":"2025-07-15T07:00:00.227Z","type":"odds","status":"start","message":"Starting high-priority leagues odds update (10min interval)","priority":"high","leagues":["NBA","MLB","KBO","NFL"]}
{"timestamp":"2025-07-15T07:00:00.228Z","type":"odds","status":"start","message":"Starting medium-priority leagues odds update (1hour interval)","priority":"medium","leagues":["MLS","K리그","J리그","세리에 A"]}
{"timestamp":"2025-07-15T07:00:00.243Z","type":"odds","status":"success","message":"High-priority odds update completed (10min interval)","priority":"medium","leagues":["NBA","MLB","KBO","NFL"],"dynamicPriority":"low","oddsUpdated":0,"oddsDetail":{"totalUpdated":0,"newOdds":0,"existingOddsUpdated":0,"skippedOdds":0,"apiCalls":0,"categoriesProcessed":4}}
{"timestamp":"2025-07-15T07:00:00.244Z","type":"odds","status":"success","message":"Medium-priority odds update completed (1hour interval)","priority":"medium","leagues":["MLS","K리그","J리그","세리에 A"],"dynamicPriority":"low","oddsUpdated":0,"oddsDetail":{"totalUpdated":0,"newOdds":0,"existingOddsUpdated":0,"skippedOdds":0,"apiCalls":0,"categoriesProcessed":4}}
{"timestamp":"2025-07-15T07:00:31.748Z","type":"bets","status":"start","message":"Starting bet results update after game results"}
{"timestamp":"2025-07-15T07:00:31.764Z","type":"results","status":"success","message":"Game results and bet results update completed","gameResultsUpdated":112,"gameResultsDetail":{"totalUpdated":112,"newGames":0,"existingGamesUpdated":112,"skippedGames":0,"categoriesProcessed":11},"betResultsUpdated":0,"categories":["NBA","MLB","KBO","NFL","MLS","K리그","J리그","세리에 A","브라질 세리에 A","아르헨티나 프리메라","중국 슈퍼리그","라리가","분데스리가"]}
{"timestamp":"2025-07-15T07:07:15.425Z","type":"monitor","status":"info","message":"Scheduler status check","isUpdating":false,"lastUpdateTime":"2025-07-15T07:00:31.764Z","activeCategories":["NBA","MLB","KBO","NFL","MLS","K리그","J리그","세리에 A","브라질 세리에 A","아르헨티나 프리메라","중국 슈퍼리그","라리가","분데스리가"],"uptime":71598.854908208,"apiCallEstimate":"~26 calls per hour","memory":{"used":"41MB","total":"44MB"}}
{"timestamp":"2025-07-15T07:10:00.444Z","type":"results","status":"start","message":"Starting cost-efficient game results update","categories":["NBA","MLB","KBO","NFL","MLS","K리그","J리그","세리에 A","브라질 세리에 A","아르헨티나 프리메라","중국 슈퍼리그","라리가","분데스리가"]}
{"timestamp":"2025-07-15T07:10:00.452Z","type":"odds","status":"start","message":"Starting high-priority leagues odds update (10min interval)","priority":"high","leagues":["NBA","MLB","KBO","NFL"]}
{"timestamp":"2025-07-15T07:10:00.464Z","type":"odds","status":"success","message":"High-priority odds update completed (10min interval)","priority":"medium","leagues":["NBA","MLB","KBO","NFL"],"dynamicPriority":"low","oddsUpdated":0,"oddsDetail":{"totalUpdated":0,"newOdds":0,"existingOddsUpdated":0,"skippedOdds":0,"apiCalls":0,"categoriesProcessed":4}}
{"timestamp":"2025-07-15T07:10:53.756Z","type":"bets","status":"start","message":"Starting bet results update after game results"}
{"timestamp":"2025-07-15T07:10:53.773Z","type":"results","status":"success","message":"Game results and bet results update completed","gameResultsUpdated":112,"gameResultsDetail":{"totalUpdated":112,"newGames":0,"existingGamesUpdated":112,"skippedGames":0,"categoriesProcessed":11},"betResultsUpdated":0,"categories":["NBA","MLB","KBO","NFL","MLS","K리그","J리그","세리에 A","브라질 세리에 A","아르헨티나 프리메라","중국 슈퍼리그","라리가","분데스리가"]}
{"timestamp":"2025-07-15T07:20:00.669Z","type":"results","status":"start","message":"Starting cost-efficient game results update","categories":["NBA","MLB","KBO","NFL","MLS","K리그","J리그","세리에 A","브라질 세리에 A","아르헨티나 프리메라","중국 슈퍼리그","라리가","분데스리가"]}
{"timestamp":"2025-07-15T07:20:00.678Z","type":"odds","status":"start","message":"Starting high-priority leagues odds update (10min interval)","priority":"high","leagues":["NBA","MLB","KBO","NFL"]}
{"timestamp":"2025-07-15T07:20:00.692Z","type":"odds","status":"success","message":"High-priority odds update completed (10min interval)","priority":"medium","leagues":["NBA","MLB","KBO","NFL"],"dynamicPriority":"low","oddsUpdated":0,"oddsDetail":{"totalUpdated":0,"newOdds":0,"existingOddsUpdated":0,"skippedOdds":0,"apiCalls":0,"categoriesProcessed":4}}
{"timestamp":"2025-07-15T07:20:53.515Z","type":"bets","status":"start","message":"Starting bet results update after game results"}
{"timestamp":"2025-07-15T07:20:53.535Z","type":"results","status":"success","message":"Game results and bet results update completed","gameResultsUpdated":112,"gameResultsDetail":{"totalUpdated":112,"newGames":0,"existingGamesUpdated":112,"skippedGames":0,"categoriesProcessed":11},"betResultsUpdated":0,"categories":["NBA","MLB","KBO","NFL","MLS","K리그","J리그","세리에 A","브라질 세리에 A","아르헨티나 프리메라","중국 슈퍼리그","라리가","분데스리가"]}
{"timestamp":"2025-07-15T07:22:15.406Z","type":"monitor","status":"info","message":"Scheduler status check","isUpdating":false,"lastUpdateTime":"2025-07-15T07:20:53.535Z","activeCategories":["NBA","MLB","KBO","NFL","MLS","K리그","J리그","세리에 A","브라질 세리에 A","아르헨티나 프리메라","중국 슈퍼리그","라리가","분데스리가"],"uptime":72498.852708208,"apiCallEstimate":"~26 calls per hour","memory":{"used":"43MB","total":"46MB"}}
{"timestamp":"2025-07-15T07:30:00.879Z","type":"results","status":"start","message":"Starting cost-efficient game results update","categories":["NBA","MLB","KBO","NFL","MLS","K리그","J리그","세리에 A","브라질 세리에 A","아르헨티나 프리메라","중국 슈퍼리그","라리가","분데스리가"]}
{"timestamp":"2025-07-15T07:30:00.892Z","type":"odds","status":"start","message":"Starting high-priority leagues odds update (10min interval)","priority":"high","leagues":["NBA","MLB","KBO","NFL"]}
{"timestamp":"2025-07-15T07:30:00.904Z","type":"odds","status":"success","message":"High-priority odds update completed (10min interval)","priority":"medium","leagues":["NBA","MLB","KBO","NFL"],"dynamicPriority":"low","oddsUpdated":0,"oddsDetail":{"totalUpdated":0,"newOdds":0,"existingOddsUpdated":0,"skippedOdds":0,"apiCalls":0,"categoriesProcessed":4}}
{"timestamp":"2025-07-15T07:30:53.711Z","type":"bets","status":"start","message":"Starting bet results update after game results"}
{"timestamp":"2025-07-15T07:30:53.731Z","type":"results","status":"success","message":"Game results and bet results update completed","gameResultsUpdated":112,"gameResultsDetail":{"totalUpdated":112,"newGames":0,"existingGamesUpdated":112,"skippedGames":0,"categoriesProcessed":11},"betResultsUpdated":0,"categories":["NBA","MLB","KBO","NFL","MLS","K리그","J리그","세리에 A","브라질 세리에 A","아르헨티나 프리메라","중국 슈퍼리그","라리가","분데스리가"]}
{"timestamp":"2025-07-15T07:37:15.420Z","type":"monitor","status":"info","message":"Scheduler status check","isUpdating":false,"lastUpdateTime":"2025-07-15T07:30:53.731Z","activeCategories":["NBA","MLB","KBO","NFL","MLS","K리그","J리그","세리에 A","브라질 세리에 A","아르헨티나 프리메라","중국 슈퍼리그","라리가","분데스리가"],"uptime":73398.860333083,"apiCallEstimate":"~26 calls per hour","memory":{"used":"41MB","total":"47MB"}}
{"timestamp":"2025-07-15T07:40:00.097Z","type":"results","status":"start","message":"Starting cost-efficient game results update","categories":["NBA","MLB","KBO","NFL","MLS","K리그","J리그","세리에 A","브라질 세리에 A","아르헨티나 프리메라","중국 슈퍼리그","라리가","분데스리가"]}
{"timestamp":"2025-07-15T07:40:00.111Z","type":"odds","status":"start","message":"Starting high-priority leagues odds update (10min interval)","priority":"high","leagues":["NBA","MLB","KBO","NFL"]}
{"timestamp":"2025-07-15T07:40:00.123Z","type":"odds","status":"success","message":"High-priority odds update completed (10min interval)","priority":"medium","leagues":["NBA","MLB","KBO","NFL"],"dynamicPriority":"low","oddsUpdated":0,"oddsDetail":{"totalUpdated":0,"newOdds":0,"existingOddsUpdated":0,"skippedOdds":0,"apiCalls":0,"categoriesProcessed":4}}
{"timestamp":"2025-07-15T07:40:40.989Z","type":"bets","status":"start","message":"Starting bet results update after game results"}
{"timestamp":"2025-07-15T07:40:41.005Z","type":"results","status":"success","message":"Game results and bet results update completed","gameResultsUpdated":112,"gameResultsDetail":{"totalUpdated":112,"newGames":0,"existingGamesUpdated":112,"skippedGames":0,"categoriesProcessed":11},"betResultsUpdated":0,"categories":["NBA","MLB","KBO","NFL","MLS","K리그","J리그","세리에 A","브라질 세리에 A","아르헨티나 프리메라","중국 슈퍼리그","라리가","분데스리가"]}
{"timestamp":"2025-07-15T07:50:00.350Z","type":"results","status":"start","message":"Starting cost-efficient game results update","categories":["NBA","MLB","KBO","NFL","MLS","K리그","J리그","세리에 A","브라질 세리에 A","아르헨티나 프리메라","중국 슈퍼리그","라리가","분데스리가"]}
{"timestamp":"2025-07-15T07:50:00.359Z","type":"odds","status":"start","message":"Starting high-priority leagues odds update (10min interval)","priority":"high","leagues":["NBA","MLB","KBO","NFL"]}
{"timestamp":"2025-07-15T07:50:00.368Z","type":"odds","status":"success","message":"High-priority odds update completed (10min interval)","priority":"medium","leagues":["NBA","MLB","KBO","NFL"],"dynamicPriority":"low","oddsUpdated":0,"oddsDetail":{"totalUpdated":0,"newOdds":0,"existingOddsUpdated":0,"skippedOdds":0,"apiCalls":0,"categoriesProcessed":4}}
{"timestamp":"2025-07-15T07:50:56.324Z","type":"bets","status":"start","message":"Starting bet results update after game results"}
{"timestamp":"2025-07-15T07:50:56.339Z","type":"results","status":"success","message":"Game results and bet results update completed","gameResultsUpdated":112,"gameResultsDetail":{"totalUpdated":112,"newGames":0,"existingGamesUpdated":112,"skippedGames":0,"categoriesProcessed":11},"betResultsUpdated":0,"categories":["NBA","MLB","KBO","NFL","MLS","K리그","J리그","세리에 A","브라질 세리에 A","아르헨티나 프리메라","중국 슈퍼리그","라리가","분데스리가"]}
{"timestamp":"2025-07-15T07:52:15.411Z","type":"monitor","status":"info","message":"Scheduler status check","isUpdating":false,"lastUpdateTime":"2025-07-15T07:50:56.339Z","activeCategories":["NBA","MLB","KBO","NFL","MLS","K리그","J리그","세리에 A","브라질 세리에 A","아르헨티나 프리메라","중국 슈퍼리그","라리가","분데스리가"],"uptime":74298.856589792,"apiCallEstimate":"~26 calls per hour","memory":{"used":"53MB","total":"56MB"}}
{"timestamp":"2025-07-15T08:00:00.828Z","type":"results","status":"start","message":"Starting cost-efficient game results update","categories":["NBA","MLB","KBO","NFL","MLS","K리그","J리그","세리에 A","브라질 세리에 A","아르헨티나 프리메라","중국 슈퍼리그","라리가","분데스리가"]}
{"timestamp":"2025-07-15T08:00:00.854Z","type":"odds","status":"start","message":"Starting high-priority leagues odds update (10min interval)","priority":"high","leagues":["NBA","MLB","KBO","NFL"]}
{"timestamp":"2025-07-15T08:00:00.858Z","type":"odds","status":"start","message":"Starting medium-priority leagues odds update (1hour interval)","priority":"medium","leagues":["MLS","K리그","J리그","세리에 A"]}
{"timestamp":"2025-07-15T08:00:01.037Z","type":"odds","status":"success","message":"Medium-priority odds update completed (1hour interval)","priority":"medium","leagues":["MLS","K리그","J리그","세리에 A"],"dynamicPriority":"low","oddsUpdated":0,"oddsDetail":{"totalUpdated":0,"newOdds":0,"existingOddsUpdated":0,"skippedOdds":0,"apiCalls":0,"categoriesProcessed":4}}
{"timestamp":"2025-07-15T08:00:01.037Z","type":"odds","status":"success","message":"High-priority odds update completed (10min interval)","priority":"medium","leagues":["NBA","MLB","KBO","NFL"],"dynamicPriority":"low","oddsUpdated":0,"oddsDetail":{"totalUpdated":0,"newOdds":0,"existingOddsUpdated":0,"skippedOdds":0,"apiCalls":0,"categoriesProcessed":4}}
{"timestamp":"2025-07-15T08:00:43.584Z","type":"bets","status":"start","message":"Starting bet results update after game results"}
{"timestamp":"2025-07-15T08:00:43.607Z","type":"results","status":"success","message":"Game results and bet results update completed","gameResultsUpdated":112,"gameResultsDetail":{"totalUpdated":112,"newGames":0,"existingGamesUpdated":112,"skippedGames":0,"categoriesProcessed":11},"betResultsUpdated":0,"categories":["NBA","MLB","KBO","NFL","MLS","K리그","J리그","세리에 A","브라질 세리에 A","아르헨티나 프리메라","중국 슈퍼리그","라리가","분데스리가"]}
{"timestamp":"2025-07-15T08:07:15.383Z","type":"monitor","status":"info","message":"Scheduler status check","isUpdating":false,"lastUpdateTime":"2025-07-15T08:00:43.607Z","activeCategories":["NBA","MLB","KBO","NFL","MLS","K리그","J리그","세리에 A","브라질 세리에 A","아르헨티나 프리메라","중국 슈퍼리그","라리가","분데스리가"],"uptime":75198.860831375,"apiCallEstimate":"~26 calls per hour","memory":{"used":"46MB","total":"48MB"}}
{"timestamp":"2025-07-15T08:08:29.665Z","type":"init","status":"start","message":"Starting initial data caching for active categories","categories":["NBA","MLB","KBO","NFL","MLS","K리그","J리그","세리에 A","브라질 세리에 A","아르헨티나 프리메라","중국 슈퍼리그","라리가","분데스리가"]}
{"timestamp":"2025-07-15T08:09:09.667Z","type":"init","status":"success","message":"Initial data cached successfully for active categories","categories":["NBA","MLB","KBO","NFL","MLS","K리그","J리그","세리에 A","브라질 세리에 A","아르헨티나 프리메라","중국 슈퍼리그","라리가","분데스리가"],"oddsUpdated":"Active categories only","resultsUpdated":112,"betsUpdated":0}
{"timestamp":"2025-07-15T08:10:00.788Z","type":"results","status":"start","message":"Starting cost-efficient game results update","categories":["NBA","MLB","KBO","NFL","MLS","K리그","J리그","세리에 A","브라질 세리에 A","아르헨티나 프리메라","중국 슈퍼리그","라리가","분데스리가"]}
{"timestamp":"2025-07-15T08:10:00.805Z","type":"odds","status":"start","message":"Starting high-priority leagues odds update (10min interval)","priority":"high","leagues":["NBA","MLB","KBO","NFL"]}
{"timestamp":"2025-07-15T08:10:02.552Z","type":"odds","status":"success","message":"High-priority odds update completed (10min interval)","priority":"medium","leagues":["NBA","MLB","KBO","NFL"],"dynamicPriority":"low","oddsUpdated":0,"oddsDetail":{"totalUpdated":0,"newOdds":0,"existingOddsUpdated":0,"skippedOdds":0,"apiCalls":4,"categoriesProcessed":4}}
{"timestamp":"2025-07-15T08:10:11.142Z","type":"bets","status":"start","message":"Starting bet results update after game results"}
{"timestamp":"2025-07-15T08:10:11.159Z","type":"results","status":"success","message":"Game results and bet results update completed","gameResultsUpdated":112,"gameResultsDetail":{"totalUpdated":112,"newGames":0,"existingGamesUpdated":112,"skippedGames":0,"categoriesProcessed":11},"betResultsUpdated":0,"categories":["NBA","MLB","KBO","NFL","MLS","K리그","J리그","세리에 A","브라질 세리에 A","아르헨티나 프리메라","중국 슈퍼리그","라리가","분데스리가"]}
{"timestamp":"2025-07-15T08:20:00.519Z","type":"results","status":"start","message":"Starting cost-efficient game results update","categories":["NBA","MLB","KBO","NFL","MLS","K리그","J리그","세리에 A","브라질 세리에 A","아르헨티나 프리메라","중국 슈퍼리그","라리가","분데스리가"]}
{"timestamp":"2025-07-15T08:20:00.538Z","type":"odds","status":"start","message":"Starting high-priority leagues odds update (10min interval)","priority":"high","leagues":["NBA","MLB","KBO","NFL"]}
{"timestamp":"2025-07-15T08:20:02.231Z","type":"odds","status":"success","message":"High-priority odds update completed (10min interval)","priority":"medium","leagues":["NBA","MLB","KBO","NFL"],"dynamicPriority":"low","oddsUpdated":0,"oddsDetail":{"totalUpdated":0,"newOdds":0,"existingOddsUpdated":0,"skippedOdds":0,"apiCalls":4,"categoriesProcessed":4}}
{"timestamp":"2025-07-15T08:20:44.531Z","type":"bets","status":"start","message":"Starting bet results update after game results"}
{"timestamp":"2025-07-15T08:20:44.558Z","type":"results","status":"success","message":"Game results and bet results update completed","gameResultsUpdated":112,"gameResultsDetail":{"totalUpdated":112,"newGames":0,"existingGamesUpdated":112,"skippedGames":0,"categoriesProcessed":11},"betResultsUpdated":0,"categories":["NBA","MLB","KBO","NFL","MLS","K리그","J리그","세리에 A","브라질 세리에 A","아르헨티나 프리메라","중국 슈퍼리그","라리가","분데스리가"]}
{"timestamp":"2025-07-15T08:23:29.676Z","type":"monitor","status":"info","message":"Scheduler status check","isUpdating":false,"lastUpdateTime":"2025-07-15T08:20:44.558Z","activeCategories":["NBA","MLB","KBO","NFL","MLS","K리그","J리그","세리에 A","브라질 세리에 A","아르헨티나 프리메라","중국 슈퍼리그","라리가","분데스리가"],"uptime":900.423333417,"apiCallEstimate":"~26 calls per hour","memory":{"used":"37MB","total":"40MB"}}
{"timestamp":"2025-07-15T08:28:40.921Z","type":"init","status":"start","message":"Starting initial data caching for active categories","categories":["NBA","MLB","KBO","NFL","MLS","K리그","J리그","세리에 A","브라질 세리에 A","아르헨티나 프리메라","중국 슈퍼리그","라리가","분데스리가"]}
{"timestamp":"2025-07-15T08:29:34.371Z","type":"init","status":"success","message":"Initial data cached successfully for active categories","categories":["NBA","MLB","KBO","NFL","MLS","K리그","J리그","세리에 A","브라질 세리에 A","아르헨티나 프리메라","중국 슈퍼리그","라리가","분데스리가"],"oddsUpdated":"Active categories only","resultsUpdated":112,"betsUpdated":0}
{"timestamp":"2025-07-15T08:30:00.017Z","type":"results","status":"start","message":"Starting cost-efficient game results update","categories":["NBA","MLB","KBO","NFL","MLS","K리그","J리그","세리에 A","브라질 세리에 A","아르헨티나 프리메라","중국 슈퍼리그","라리가","분데스리가"]}
{"timestamp":"2025-07-15T08:30:00.040Z","type":"odds","status":"start","message":"Starting high-priority leagues odds update (10min interval)","priority":"high","leagues":["NBA","MLB","KBO","NFL"]}
{"timestamp":"2025-07-15T08:30:01.874Z","type":"odds","status":"success","message":"High-priority odds update completed (10min interval)","priority":"medium","leagues":["NBA","MLB","KBO","NFL"],"dynamicPriority":"low","oddsUpdated":0,"oddsDetail":{"totalUpdated":0,"newOdds":0,"existingOddsUpdated":0,"skippedOdds":0,"apiCalls":4,"categoriesProcessed":4}}
{"timestamp":"2025-07-15T08:30:36.095Z","type":"bets","status":"start","message":"Starting bet results update after game results"}
{"timestamp":"2025-07-15T08:30:36.113Z","type":"results","status":"success","message":"Game results and bet results update completed","gameResultsUpdated":112,"gameResultsDetail":{"totalUpdated":112,"newGames":0,"existingGamesUpdated":112,"skippedGames":0,"categoriesProcessed":11},"betResultsUpdated":0,"categories":["NBA","MLB","KBO","NFL","MLS","K리그","J리그","세리에 A","브라질 세리에 A","아르헨티나 프리메라","중국 슈퍼리그","라리가","분데스리가"]}
