{"timestamp":"2025-07-17T20:30:00.194Z","type":"results","status":"start","message":"Starting cost-efficient game results update","categories":["NBA","MLB","KBO","NFL","프리미어리그","MLS","K리그","J리그","세리에 A","브라질 세리에 A","아르헨티나 프리메라","중국 슈퍼리그","라리가","분데스리가"]}
{"timestamp":"2025-07-17T20:30:00.241Z","type":"odds","status":"start","message":"Starting high-priority leagues odds update (10min interval)","priority":"high","leagues":["NBA","MLB","KBO","NFL","프리미어리그"]}
{"timestamp":"2025-07-17T20:30:00.250Z","type":"epl","status":"start","message":"EPL 프리미어리그 데이터 강제 업데이트"}
{"timestamp":"2025-07-17T20:30:00.293Z","type":"odds","status":"success","message":"High-priority odds update completed (10min interval)","priority":"medium","leagues":["NBA","MLB","KBO","NFL","프리미어리그"],"dynamicPriority":"low","oddsUpdated":0,"oddsDetail":{"totalUpdated":0,"newOdds":0,"existingOddsUpdated":0,"skippedOdds":0,"apiCalls":0,"categoriesProcessed":5}}
{"timestamp":"2025-07-17T20:30:02.611Z","type":"epl","status":"success","message":"EPL 프리미어리그 데이터 업데이트 완료"}
{"timestamp":"2025-07-17T20:30:53.305Z","type":"bets","status":"start","message":"Starting bet results update after game results"}
{"timestamp":"2025-07-17T20:30:53.333Z","type":"results","status":"success","message":"Game results and bet results update completed","gameResultsUpdated":80,"gameResultsDetail":{"totalUpdated":80,"newGames":0,"existingGamesUpdated":80,"skippedGames":0,"categoriesProcessed":11},"betResultsUpdated":0,"categories":["NBA","MLB","KBO","NFL","프리미어리그","MLS","K리그","J리그","세리에 A","브라질 세리에 A","아르헨티나 프리메라","중국 슈퍼리그","라리가","분데스리가"]}
{"timestamp":"2025-07-17T20:37:39.124Z","type":"monitor","status":"info","message":"Scheduler status check","isUpdating":false,"lastUpdateTime":"2025-07-17T20:30:53.333Z","activeCategories":["NBA","MLB","KBO","NFL","프리미어리그","MLS","K리그","J리그","세리에 A","브라질 세리에 A","아르헨티나 프리메라","중국 슈퍼리그","라리가","분데스리가"],"uptime":2700.585522041,"apiCallEstimate":"~28 calls per hour","memory":{"used":"26MB","total":"32MB"}}
{"timestamp":"2025-07-17T20:40:01.002Z","type":"results","status":"start","message":"Starting cost-efficient game results update","categories":["NBA","MLB","KBO","NFL","프리미어리그","MLS","K리그","J리그","세리에 A","브라질 세리에 A","아르헨티나 프리메라","중국 슈퍼리그","라리가","분데스리가"]}
{"timestamp":"2025-07-17T20:40:46.707Z","type":"bets","status":"start","message":"Starting bet results update after game results"}
{"timestamp":"2025-07-17T20:40:46.784Z","type":"results","status":"success","message":"Game results and bet results update completed","gameResultsUpdated":80,"gameResultsDetail":{"totalUpdated":80,"newGames":0,"existingGamesUpdated":80,"skippedGames":0,"categoriesProcessed":11},"betResultsUpdated":0,"categories":["NBA","MLB","KBO","NFL","프리미어리그","MLS","K리그","J리그","세리에 A","브라질 세리에 A","아르헨티나 프리메라","중국 슈퍼리그","라리가","분데스리가"]}
{"timestamp":"2025-07-17T20:50:00.754Z","type":"results","status":"start","message":"Starting cost-efficient game results update","categories":["NBA","MLB","KBO","NFL","프리미어리그","MLS","K리그","J리그","세리에 A","브라질 세리에 A","아르헨티나 프리메라","중국 슈퍼리그","라리가","분데스리가"]}
{"timestamp":"2025-07-17T20:50:00.793Z","type":"odds","status":"start","message":"Starting high-priority leagues odds update (10min interval)","priority":"high","leagues":["NBA","MLB","KBO","NFL","프리미어리그"]}
{"timestamp":"2025-07-17T20:50:00.804Z","type":"epl","status":"start","message":"EPL 프리미어리그 데이터 강제 업데이트"}
{"timestamp":"2025-07-17T20:50:00.861Z","type":"odds","status":"success","message":"High-priority odds update completed (10min interval)","priority":"medium","leagues":["NBA","MLB","KBO","NFL","프리미어리그"],"dynamicPriority":"low","oddsUpdated":0,"oddsDetail":{"totalUpdated":0,"newOdds":0,"existingOddsUpdated":0,"skippedOdds":0,"apiCalls":0,"categoriesProcessed":5}}
{"timestamp":"2025-07-17T20:50:04.327Z","type":"epl","status":"success","message":"EPL 프리미어리그 데이터 업데이트 완료"}
{"timestamp":"2025-07-17T20:51:01.538Z","type":"bets","status":"start","message":"Starting bet results update after game results"}
{"timestamp":"2025-07-17T20:51:01.572Z","type":"results","status":"success","message":"Game results and bet results update completed","gameResultsUpdated":80,"gameResultsDetail":{"totalUpdated":80,"newGames":0,"existingGamesUpdated":80,"skippedGames":0,"categoriesProcessed":11},"betResultsUpdated":0,"categories":["NBA","MLB","KBO","NFL","프리미어리그","MLS","K리그","J리그","세리에 A","브라질 세리에 A","아르헨티나 프리메라","중국 슈퍼리그","라리가","분데스리가"]}
{"timestamp":"2025-07-17T20:52:39.141Z","type":"monitor","status":"info","message":"Scheduler status check","isUpdating":false,"lastUpdateTime":"2025-07-17T20:51:01.572Z","activeCategories":["NBA","MLB","KBO","NFL","프리미어리그","MLS","K리그","J리그","세리에 A","브라질 세리에 A","아르헨티나 프리메라","중국 슈퍼리그","라리가","분데스리가"],"uptime":3600.60654175,"apiCallEstimate":"~28 calls per hour","memory":{"used":"26MB","total":"31MB"}}
{"timestamp":"2025-07-17T21:00:00.564Z","type":"results","status":"start","message":"Starting cost-efficient game results update","categories":["NBA","MLB","KBO","NFL","프리미어리그","MLS","K리그","J리그","세리에 A","브라질 세리에 A","아르헨티나 프리메라","중국 슈퍼리그","라리가","분데스리가"]}
{"timestamp":"2025-07-17T21:00:00.603Z","type":"odds","status":"start","message":"Starting high-priority leagues odds update (10min interval)","priority":"high","leagues":["NBA","MLB","KBO","NFL","프리미어리그"]}
{"timestamp":"2025-07-17T21:00:00.609Z","type":"odds","status":"start","message":"Starting medium-priority leagues odds update (1hour interval)","priority":"medium","leagues":["MLS","K리그","J리그","세리에 A"]}
{"timestamp":"2025-07-17T21:00:00.618Z","type":"full","status":"start","message":"Starting daily full data update","includesOdds":true,"includesResults":true,"includesBets":true}
{"timestamp":"2025-07-17T21:00:00.627Z","type":"epl","status":"start","message":"EPL 프리미어리그 데이터 강제 업데이트"}
{"timestamp":"2025-07-17T21:00:00.679Z","type":"odds","status":"success","message":"High-priority odds update completed (10min interval)","priority":"medium","leagues":["NBA","MLB","KBO","NFL","프리미어리그"],"dynamicPriority":"low","oddsUpdated":0,"oddsDetail":{"totalUpdated":0,"newOdds":0,"existingOddsUpdated":0,"skippedOdds":0,"apiCalls":0,"categoriesProcessed":5}}
{"timestamp":"2025-07-17T21:00:00.680Z","type":"odds","status":"success","message":"Medium-priority odds update completed (1hour interval)","priority":"medium","leagues":["MLS","K리그","J리그","세리에 A"],"dynamicPriority":"low","oddsUpdated":0,"oddsDetail":{"totalUpdated":0,"newOdds":0,"existingOddsUpdated":0,"skippedOdds":0,"apiCalls":0,"categoriesProcessed":4}}
{"timestamp":"2025-07-17T21:00:02.437Z","type":"epl","status":"success","message":"EPL 프리미어리그 데이터 업데이트 완료"}
{"timestamp":"2025-07-17T21:00:41.757Z","type":"bets","status":"start","message":"Starting bet results update after game results"}
{"timestamp":"2025-07-17T21:00:41.799Z","type":"results","status":"success","message":"Game results and bet results update completed","gameResultsUpdated":80,"gameResultsDetail":{"totalUpdated":80,"newGames":0,"existingGamesUpdated":80,"skippedGames":0,"categoriesProcessed":11},"betResultsUpdated":0,"categories":["NBA","MLB","KBO","NFL","프리미어리그","MLS","K리그","J리그","세리에 A","브라질 세리에 A","아르헨티나 프리메라","중국 슈퍼리그","라리가","분데스리가"]}
{"timestamp":"2025-07-17T21:00:50.722Z","type":"full","status":"success","message":"Daily full update completed","oddsUpdated":"All categories","resultsUpdated":"N/A","betsUpdated":0}
{"timestamp":"2025-07-17T21:07:39.151Z","type":"monitor","status":"info","message":"Scheduler status check","isUpdating":false,"lastUpdateTime":"2025-07-17T21:00:50.722Z","activeCategories":["NBA","MLB","KBO","NFL","프리미어리그","MLS","K리그","J리그","세리에 A","브라질 세리에 A","아르헨티나 프리메라","중국 슈퍼리그","라리가","분데스리가"],"uptime":4500.616814666,"apiCallEstimate":"~28 calls per hour","memory":{"used":"26MB","total":"29MB"}}
{"timestamp":"2025-07-17T21:10:00.379Z","type":"results","status":"start","message":"Starting cost-efficient game results update","categories":["NBA","MLB","KBO","NFL","프리미어리그","MLS","K리그","J리그","세리에 A","브라질 세리에 A","아르헨티나 프리메라","중국 슈퍼리그","라리가","분데스리가"]}
{"timestamp":"2025-07-17T21:10:00.430Z","type":"odds","status":"start","message":"Starting high-priority leagues odds update (10min interval)","priority":"high","leagues":["NBA","MLB","KBO","NFL","프리미어리그"]}
{"timestamp":"2025-07-17T21:10:00.434Z","type":"epl","status":"start","message":"EPL 프리미어리그 데이터 강제 업데이트"}
{"timestamp":"2025-07-17T21:10:00.477Z","type":"odds","status":"success","message":"High-priority odds update completed (10min interval)","priority":"medium","leagues":["NBA","MLB","KBO","NFL","프리미어리그"],"dynamicPriority":"low","oddsUpdated":0,"oddsDetail":{"totalUpdated":0,"newOdds":0,"existingOddsUpdated":0,"skippedOdds":0,"apiCalls":0,"categoriesProcessed":5}}
{"timestamp":"2025-07-17T21:10:02.184Z","type":"epl","status":"success","message":"EPL 프리미어리그 데이터 업데이트 완료"}
{"timestamp":"2025-07-17T21:10:34.667Z","type":"bets","status":"start","message":"Starting bet results update after game results"}
{"timestamp":"2025-07-17T21:10:34.695Z","type":"results","status":"success","message":"Game results and bet results update completed","gameResultsUpdated":80,"gameResultsDetail":{"totalUpdated":80,"newGames":0,"existingGamesUpdated":80,"skippedGames":0,"categoriesProcessed":11},"betResultsUpdated":0,"categories":["NBA","MLB","KBO","NFL","프리미어리그","MLS","K리그","J리그","세리에 A","브라질 세리에 A","아르헨티나 프리메라","중국 슈퍼리그","라리가","분데스리가"]}
{"timestamp":"2025-07-17T21:20:00.182Z","type":"results","status":"start","message":"Starting cost-efficient game results update","categories":["NBA","MLB","KBO","NFL","프리미어리그","MLS","K리그","J리그","세리에 A","브라질 세리에 A","아르헨티나 프리메라","중국 슈퍼리그","라리가","분데스리가"]}
{"timestamp":"2025-07-17T21:20:00.235Z","type":"odds","status":"start","message":"Starting high-priority leagues odds update (10min interval)","priority":"high","leagues":["NBA","MLB","KBO","NFL","프리미어리그"]}
{"timestamp":"2025-07-17T21:20:00.248Z","type":"epl","status":"start","message":"EPL 프리미어리그 데이터 강제 업데이트"}
{"timestamp":"2025-07-17T21:20:00.320Z","type":"odds","status":"success","message":"High-priority odds update completed (10min interval)","priority":"medium","leagues":["NBA","MLB","KBO","NFL","프리미어리그"],"dynamicPriority":"low","oddsUpdated":0,"oddsDetail":{"totalUpdated":0,"newOdds":0,"existingOddsUpdated":0,"skippedOdds":0,"apiCalls":0,"categoriesProcessed":5}}
{"timestamp":"2025-07-17T21:20:03.069Z","type":"epl","status":"success","message":"EPL 프리미어리그 데이터 업데이트 완료"}
{"timestamp":"2025-07-17T21:20:51.212Z","type":"bets","status":"start","message":"Starting bet results update after game results"}
{"timestamp":"2025-07-17T21:20:51.253Z","type":"results","status":"success","message":"Game results and bet results update completed","gameResultsUpdated":80,"gameResultsDetail":{"totalUpdated":80,"newGames":0,"existingGamesUpdated":80,"skippedGames":0,"categoriesProcessed":11},"betResultsUpdated":0,"categories":["NBA","MLB","KBO","NFL","프리미어리그","MLS","K리그","J리그","세리에 A","브라질 세리에 A","아르헨티나 프리메라","중국 슈퍼리그","라리가","분데스리가"]}
{"timestamp":"2025-07-17T21:22:39.134Z","type":"monitor","status":"info","message":"Scheduler status check","isUpdating":false,"lastUpdateTime":"2025-07-17T21:20:51.253Z","activeCategories":["NBA","MLB","KBO","NFL","프리미어리그","MLS","K리그","J리그","세리에 A","브라질 세리에 A","아르헨티나 프리메라","중국 슈퍼리그","라리가","분데스리가"],"uptime":5400.612140625,"apiCallEstimate":"~28 calls per hour","memory":{"used":"32MB","total":"47MB"}}
{"timestamp":"2025-07-17T21:30:00.028Z","type":"results","status":"start","message":"Starting cost-efficient game results update","categories":["NBA","MLB","KBO","NFL","프리미어리그","MLS","K리그","J리그","세리에 A","브라질 세리에 A","아르헨티나 프리메라","중국 슈퍼리그","라리가","분데스리가"]}
{"timestamp":"2025-07-17T21:30:00.089Z","type":"odds","status":"start","message":"Starting high-priority leagues odds update (10min interval)","priority":"high","leagues":["NBA","MLB","KBO","NFL","프리미어리그"]}
{"timestamp":"2025-07-17T21:30:00.096Z","type":"epl","status":"start","message":"EPL 프리미어리그 데이터 강제 업데이트"}
{"timestamp":"2025-07-17T21:30:00.157Z","type":"odds","status":"success","message":"High-priority odds update completed (10min interval)","priority":"medium","leagues":["NBA","MLB","KBO","NFL","프리미어리그"],"dynamicPriority":"low","oddsUpdated":0,"oddsDetail":{"totalUpdated":0,"newOdds":0,"existingOddsUpdated":0,"skippedOdds":0,"apiCalls":0,"categoriesProcessed":5}}
{"timestamp":"2025-07-17T21:30:02.121Z","type":"epl","status":"success","message":"EPL 프리미어리그 데이터 업데이트 완료"}
{"timestamp":"2025-07-17T21:30:49.853Z","type":"bets","status":"start","message":"Starting bet results update after game results"}
{"timestamp":"2025-07-17T21:30:49.885Z","type":"results","status":"success","message":"Game results and bet results update completed","gameResultsUpdated":80,"gameResultsDetail":{"totalUpdated":80,"newGames":0,"existingGamesUpdated":80,"skippedGames":0,"categoriesProcessed":11},"betResultsUpdated":0,"categories":["NBA","MLB","KBO","NFL","프리미어리그","MLS","K리그","J리그","세리에 A","브라질 세리에 A","아르헨티나 프리메라","중국 슈퍼리그","라리가","분데스리가"]}
{"timestamp":"2025-07-17T21:34:26.543Z","type":"init","status":"start","message":"Starting initial data caching for active categories","categories":["NBA","MLB","KBO","NFL","프리미어리그","MLS","K리그","J리그","세리에 A","브라질 세리에 A","아르헨티나 프리메라","중국 슈퍼리그","라리가","분데스리가"]}
{"timestamp":"2025-07-17T21:37:39.134Z","type":"monitor","status":"info","message":"Scheduler status check","isUpdating":false,"lastUpdateTime":"2025-07-17T21:30:49.885Z","activeCategories":["NBA","MLB","KBO","NFL","프리미어리그","MLS","K리그","J리그","세리에 A","브라질 세리에 A","아르헨티나 프리메라","중국 슈퍼리그","라리가","분데스리가"],"uptime":6300.614310333,"apiCallEstimate":"~28 calls per hour","memory":{"used":"30MB","total":"32MB"}}
{"timestamp":"2025-07-17T21:40:00.840Z","type":"results","status":"start","message":"Starting cost-efficient game results update","categories":["NBA","MLB","KBO","NFL","프리미어리그","MLS","K리그","J리그","세리에 A","브라질 세리에 A","아르헨티나 프리메라","중국 슈퍼리그","라리가","분데스리가"]}
{"timestamp":"2025-07-17T21:40:00.881Z","type":"odds","status":"start","message":"Starting high-priority leagues odds update (10min interval)","priority":"high","leagues":["NBA","MLB","KBO","NFL","프리미어리그"]}
{"timestamp":"2025-07-17T21:40:00.886Z","type":"epl","status":"start","message":"EPL 프리미어리그 데이터 강제 업데이트"}
{"timestamp":"2025-07-17T21:40:00.918Z","type":"odds","status":"success","message":"High-priority odds update completed (10min interval)","priority":"medium","leagues":["NBA","MLB","KBO","NFL","프리미어리그"],"dynamicPriority":"low","oddsUpdated":0,"oddsDetail":{"totalUpdated":0,"newOdds":0,"existingOddsUpdated":0,"skippedOdds":0,"apiCalls":0,"categoriesProcessed":5}}
{"timestamp":"2025-07-17T21:40:02.670Z","type":"epl","status":"success","message":"EPL 프리미어리그 데이터 업데이트 완료"}
{"timestamp":"2025-07-17T21:40:47.021Z","type":"bets","status":"start","message":"Starting bet results update after game results"}
{"timestamp":"2025-07-17T21:40:47.094Z","type":"results","status":"success","message":"Game results and bet results update completed","gameResultsUpdated":80,"gameResultsDetail":{"totalUpdated":80,"newGames":0,"existingGamesUpdated":80,"skippedGames":0,"categoriesProcessed":11},"betResultsUpdated":0,"categories":["NBA","MLB","KBO","NFL","프리미어리그","MLS","K리그","J리그","세리에 A","브라질 세리에 A","아르헨티나 프리메라","중국 슈퍼리그","라리가","분데스리가"]}
{"timestamp":"2025-07-17T21:50:00.717Z","type":"results","status":"start","message":"Starting cost-efficient game results update","categories":["NBA","MLB","KBO","NFL","프리미어리그","MLS","K리그","J리그","세리에 A","브라질 세리에 A","아르헨티나 프리메라","중국 슈퍼리그","라리가","분데스리가"]}
{"timestamp":"2025-07-17T21:50:00.764Z","type":"odds","status":"start","message":"Starting high-priority leagues odds update (10min interval)","priority":"high","leagues":["NBA","MLB","KBO","NFL","프리미어리그"]}
{"timestamp":"2025-07-17T21:50:00.768Z","type":"epl","status":"start","message":"EPL 프리미어리그 데이터 강제 업데이트"}
{"timestamp":"2025-07-17T21:50:00.816Z","type":"odds","status":"success","message":"High-priority odds update completed (10min interval)","priority":"medium","leagues":["NBA","MLB","KBO","NFL","프리미어리그"],"dynamicPriority":"low","oddsUpdated":0,"oddsDetail":{"totalUpdated":0,"newOdds":0,"existingOddsUpdated":0,"skippedOdds":0,"apiCalls":0,"categoriesProcessed":5}}
{"timestamp":"2025-07-17T21:50:02.558Z","type":"epl","status":"success","message":"EPL 프리미어리그 데이터 업데이트 완료"}
{"timestamp":"2025-07-17T21:50:57.980Z","type":"bets","status":"start","message":"Starting bet results update after game results"}
{"timestamp":"2025-07-17T21:50:58.015Z","type":"results","status":"success","message":"Game results and bet results update completed","gameResultsUpdated":80,"gameResultsDetail":{"totalUpdated":80,"newGames":0,"existingGamesUpdated":80,"skippedGames":0,"categoriesProcessed":11},"betResultsUpdated":0,"categories":["NBA","MLB","KBO","NFL","프리미어리그","MLS","K리그","J리그","세리에 A","브라질 세리에 A","아르헨티나 프리메라","중국 슈퍼리그","라리가","분데스리가"]}
{"timestamp":"2025-07-17T21:52:39.094Z","type":"monitor","status":"info","message":"Scheduler status check","isUpdating":false,"lastUpdateTime":"2025-07-17T21:50:58.015Z","activeCategories":["NBA","MLB","KBO","NFL","프리미어리그","MLS","K리그","J리그","세리에 A","브라질 세리에 A","아르헨티나 프리메라","중국 슈퍼리그","라리가","분데스리가"],"uptime":7200.611230541,"apiCallEstimate":"~28 calls per hour","memory":{"used":"26MB","total":"29MB"}}
{"timestamp":"2025-07-17T22:00:00.617Z","type":"results","status":"start","message":"Starting cost-efficient game results update","categories":["NBA","MLB","KBO","NFL","프리미어리그","MLS","K리그","J리그","세리에 A","브라질 세리에 A","아르헨티나 프리메라","중국 슈퍼리그","라리가","분데스리가"]}
{"timestamp":"2025-07-17T22:00:00.665Z","type":"odds","status":"start","message":"Starting high-priority leagues odds update (10min interval)","priority":"high","leagues":["NBA","MLB","KBO","NFL","프리미어리그"]}
{"timestamp":"2025-07-17T22:00:00.669Z","type":"odds","status":"start","message":"Starting medium-priority leagues odds update (1hour interval)","priority":"medium","leagues":["MLS","K리그","J리그","세리에 A"]}
{"timestamp":"2025-07-17T22:00:00.673Z","type":"epl","status":"start","message":"EPL 프리미어리그 데이터 강제 업데이트"}
{"timestamp":"2025-07-17T22:00:00.712Z","type":"odds","status":"success","message":"High-priority odds update completed (10min interval)","priority":"medium","leagues":["NBA","MLB","KBO","NFL","프리미어리그"],"dynamicPriority":"low","oddsUpdated":0,"oddsDetail":{"totalUpdated":0,"newOdds":0,"existingOddsUpdated":0,"skippedOdds":0,"apiCalls":0,"categoriesProcessed":5}}
{"timestamp":"2025-07-17T22:00:00.712Z","type":"odds","status":"success","message":"Medium-priority odds update completed (1hour interval)","priority":"medium","leagues":["MLS","K리그","J리그","세리에 A"],"dynamicPriority":"low","oddsUpdated":0,"oddsDetail":{"totalUpdated":0,"newOdds":0,"existingOddsUpdated":0,"skippedOdds":0,"apiCalls":0,"categoriesProcessed":4}}
{"timestamp":"2025-07-17T22:00:04.053Z","type":"epl","status":"success","message":"EPL 프리미어리그 데이터 업데이트 완료"}
{"timestamp":"2025-07-17T22:00:36.342Z","type":"bets","status":"start","message":"Starting bet results update after game results"}
{"timestamp":"2025-07-17T22:00:36.425Z","type":"results","status":"success","message":"Game results and bet results update completed","gameResultsUpdated":80,"gameResultsDetail":{"totalUpdated":80,"newGames":0,"existingGamesUpdated":80,"skippedGames":0,"categoriesProcessed":11},"betResultsUpdated":0,"categories":["NBA","MLB","KBO","NFL","프리미어리그","MLS","K리그","J리그","세리에 A","브라질 세리에 A","아르헨티나 프리메라","중국 슈퍼리그","라리가","분데스리가"]}
{"timestamp":"2025-07-17T22:07:39.089Z","type":"monitor","status":"info","message":"Scheduler status check","isUpdating":false,"lastUpdateTime":"2025-07-17T22:00:36.425Z","activeCategories":["NBA","MLB","KBO","NFL","프리미어리그","MLS","K리그","J리그","세리에 A","브라질 세리에 A","아르헨티나 프리메라","중국 슈퍼리그","라리가","분데스리가"],"uptime":8100.617284625,"apiCallEstimate":"~28 calls per hour","memory":{"used":"26MB","total":"30MB"}}
{"timestamp":"2025-07-17T22:10:00.505Z","type":"results","status":"start","message":"Starting cost-efficient game results update","categories":["NBA","MLB","KBO","NFL","프리미어리그","MLS","K리그","J리그","세리에 A","브라질 세리에 A","아르헨티나 프리메라","중국 슈퍼리그","라리가","분데스리가"]}
{"timestamp":"2025-07-17T22:10:00.569Z","type":"odds","status":"start","message":"Starting high-priority leagues odds update (10min interval)","priority":"high","leagues":["NBA","MLB","KBO","NFL","프리미어리그"]}
{"timestamp":"2025-07-17T22:10:00.574Z","type":"epl","status":"start","message":"EPL 프리미어리그 데이터 강제 업데이트"}
{"timestamp":"2025-07-17T22:10:00.603Z","type":"odds","status":"success","message":"High-priority odds update completed (10min interval)","priority":"medium","leagues":["NBA","MLB","KBO","NFL","프리미어리그"],"dynamicPriority":"low","oddsUpdated":0,"oddsDetail":{"totalUpdated":0,"newOdds":0,"existingOddsUpdated":0,"skippedOdds":0,"apiCalls":0,"categoriesProcessed":5}}
{"timestamp":"2025-07-17T22:10:03.973Z","type":"epl","status":"success","message":"EPL 프리미어리그 데이터 업데이트 완료"}
{"timestamp":"2025-07-17T22:10:42.498Z","type":"bets","status":"start","message":"Starting bet results update after game results"}
{"timestamp":"2025-07-17T22:10:42.867Z","type":"results","status":"success","message":"Game results and bet results update completed","gameResultsUpdated":80,"gameResultsDetail":{"totalUpdated":80,"newGames":0,"existingGamesUpdated":80,"skippedGames":0,"categoriesProcessed":11},"betResultsUpdated":0,"categories":["NBA","MLB","KBO","NFL","프리미어리그","MLS","K리그","J리그","세리에 A","브라질 세리에 A","아르헨티나 프리메라","중국 슈퍼리그","라리가","분데스리가"]}
{"timestamp":"2025-07-17T22:20:00.376Z","type":"results","status":"start","message":"Starting cost-efficient game results update","categories":["NBA","MLB","KBO","NFL","프리미어리그","MLS","K리그","J리그","세리에 A","브라질 세리에 A","아르헨티나 프리메라","중국 슈퍼리그","라리가","분데스리가"]}
{"timestamp":"2025-07-17T22:20:00.437Z","type":"odds","status":"start","message":"Starting high-priority leagues odds update (10min interval)","priority":"high","leagues":["NBA","MLB","KBO","NFL","프리미어리그"]}
{"timestamp":"2025-07-17T22:20:00.441Z","type":"epl","status":"start","message":"EPL 프리미어리그 데이터 강제 업데이트"}
{"timestamp":"2025-07-17T22:20:00.475Z","type":"odds","status":"success","message":"High-priority odds update completed (10min interval)","priority":"medium","leagues":["NBA","MLB","KBO","NFL","프리미어리그"],"dynamicPriority":"low","oddsUpdated":0,"oddsDetail":{"totalUpdated":0,"newOdds":0,"existingOddsUpdated":0,"skippedOdds":0,"apiCalls":0,"categoriesProcessed":5}}
{"timestamp":"2025-07-17T22:20:02.201Z","type":"epl","status":"success","message":"EPL 프리미어리그 데이터 업데이트 완료"}
{"timestamp":"2025-07-17T22:20:47.580Z","type":"bets","status":"start","message":"Starting bet results update after game results"}
{"timestamp":"2025-07-17T22:20:47.621Z","type":"results","status":"success","message":"Game results and bet results update completed","gameResultsUpdated":80,"gameResultsDetail":{"totalUpdated":80,"newGames":0,"existingGamesUpdated":80,"skippedGames":0,"categoriesProcessed":11},"betResultsUpdated":0,"categories":["NBA","MLB","KBO","NFL","프리미어리그","MLS","K리그","J리그","세리에 A","브라질 세리에 A","아르헨티나 프리메라","중국 슈퍼리그","라리가","분데스리가"]}
{"timestamp":"2025-07-17T22:22:39.063Z","type":"monitor","status":"info","message":"Scheduler status check","isUpdating":false,"lastUpdateTime":"2025-07-17T22:20:47.621Z","activeCategories":["NBA","MLB","KBO","NFL","프리미어리그","MLS","K리그","J리그","세리에 A","브라질 세리에 A","아르헨티나 프리메라","중국 슈퍼리그","라리가","분데스리가"],"uptime":9000.619711041,"apiCallEstimate":"~28 calls per hour","memory":{"used":"27MB","total":"34MB"}}
{"timestamp":"2025-07-17T22:30:00.556Z","type":"results","status":"start","message":"Starting cost-efficient game results update","categories":["NBA","MLB","KBO","NFL","프리미어리그","MLS","K리그","J리그","세리에 A","브라질 세리에 A","아르헨티나 프리메라","중국 슈퍼리그","라리가","분데스리가"]}
{"timestamp":"2025-07-17T22:30:00.573Z","type":"odds","status":"start","message":"Starting high-priority leagues odds update (10min interval)","priority":"high","leagues":["NBA","MLB","KBO","NFL","프리미어리그"]}
{"timestamp":"2025-07-17T22:30:00.575Z","type":"epl","status":"start","message":"EPL 프리미어리그 데이터 강제 업데이트"}
{"timestamp":"2025-07-17T22:30:00.580Z","type":"odds","status":"success","message":"High-priority odds update completed (10min interval)","priority":"medium","leagues":["NBA","MLB","KBO","NFL","프리미어리그"],"dynamicPriority":"low","oddsUpdated":0,"oddsDetail":{"totalUpdated":0,"newOdds":0,"existingOddsUpdated":0,"skippedOdds":0,"apiCalls":0,"categoriesProcessed":5}}
{"timestamp":"2025-07-17T22:30:02.417Z","type":"epl","status":"success","message":"EPL 프리미어리그 데이터 업데이트 완료"}
{"timestamp":"2025-07-17T22:30:50.594Z","type":"bets","status":"start","message":"Starting bet results update after game results"}
{"timestamp":"2025-07-17T22:30:50.635Z","type":"results","status":"success","message":"Game results and bet results update completed","gameResultsUpdated":80,"gameResultsDetail":{"totalUpdated":80,"newGames":0,"existingGamesUpdated":80,"skippedGames":0,"categoriesProcessed":11},"betResultsUpdated":0,"categories":["NBA","MLB","KBO","NFL","프리미어리그","MLS","K리그","J리그","세리에 A","브라질 세리에 A","아르헨티나 프리메라","중국 슈퍼리그","라리가","분데스리가"]}
{"timestamp":"2025-07-17T22:37:39.050Z","type":"monitor","status":"info","message":"Scheduler status check","isUpdating":false,"lastUpdateTime":"2025-07-17T22:30:50.635Z","activeCategories":["NBA","MLB","KBO","NFL","프리미어리그","MLS","K리그","J리그","세리에 A","브라질 세리에 A","아르헨티나 프리메라","중국 슈퍼리그","라리가","분데스리가"],"uptime":9900.626245208,"apiCallEstimate":"~28 calls per hour","memory":{"used":"25MB","total":"28MB"}}
{"timestamp":"2025-07-17T22:40:00.464Z","type":"results","status":"start","message":"Starting cost-efficient game results update","categories":["NBA","MLB","KBO","NFL","프리미어리그","MLS","K리그","J리그","세리에 A","브라질 세리에 A","아르헨티나 프리메라","중국 슈퍼리그","라리가","분데스리가"]}
{"timestamp":"2025-07-17T22:40:00.503Z","type":"odds","status":"start","message":"Starting high-priority leagues odds update (10min interval)","priority":"high","leagues":["NBA","MLB","KBO","NFL","프리미어리그"]}
{"timestamp":"2025-07-17T22:40:00.509Z","type":"epl","status":"start","message":"EPL 프리미어리그 데이터 강제 업데이트"}
{"timestamp":"2025-07-17T22:40:00.523Z","type":"odds","status":"success","message":"High-priority odds update completed (10min interval)","priority":"medium","leagues":["NBA","MLB","KBO","NFL","프리미어리그"],"dynamicPriority":"low","oddsUpdated":0,"oddsDetail":{"totalUpdated":0,"newOdds":0,"existingOddsUpdated":0,"skippedOdds":0,"apiCalls":0,"categoriesProcessed":5}}
{"timestamp":"2025-07-17T22:40:02.309Z","type":"epl","status":"success","message":"EPL 프리미어리그 데이터 업데이트 완료"}
{"timestamp":"2025-07-17T22:40:50.356Z","type":"bets","status":"start","message":"Starting bet results update after game results"}
{"timestamp":"2025-07-17T22:40:50.483Z","type":"results","status":"success","message":"Game results and bet results update completed","gameResultsUpdated":80,"gameResultsDetail":{"totalUpdated":80,"newGames":0,"existingGamesUpdated":80,"skippedGames":0,"categoriesProcessed":11},"betResultsUpdated":0,"categories":["NBA","MLB","KBO","NFL","프리미어리그","MLS","K리그","J리그","세리에 A","브라질 세리에 A","아르헨티나 프리메라","중국 슈퍼리그","라리가","분데스리가"]}
{"timestamp":"2025-07-17T22:50:00.983Z","type":"results","status":"start","message":"Starting cost-efficient game results update","categories":["NBA","MLB","KBO","NFL","프리미어리그","MLS","K리그","J리그","세리에 A","브라질 세리에 A","아르헨티나 프리메라","중국 슈퍼리그","라리가","분데스리가"]}
{"timestamp":"2025-07-17T22:51:01.241Z","type":"bets","status":"start","message":"Starting bet results update after game results"}
{"timestamp":"2025-07-17T22:51:01.300Z","type":"results","status":"success","message":"Game results and bet results update completed","gameResultsUpdated":80,"gameResultsDetail":{"totalUpdated":80,"newGames":0,"existingGamesUpdated":80,"skippedGames":0,"categoriesProcessed":11},"betResultsUpdated":0,"categories":["NBA","MLB","KBO","NFL","프리미어리그","MLS","K리그","J리그","세리에 A","브라질 세리에 A","아르헨티나 프리메라","중국 슈퍼리그","라리가","분데스리가"]}
{"timestamp":"2025-07-17T22:52:39.057Z","type":"monitor","status":"info","message":"Scheduler status check","isUpdating":false,"lastUpdateTime":"2025-07-17T22:51:01.300Z","activeCategories":["NBA","MLB","KBO","NFL","프리미어리그","MLS","K리그","J리그","세리에 A","브라질 세리에 A","아르헨티나 프리메라","중국 슈퍼리그","라리가","분데스리가"],"uptime":10800.617031458,"apiCallEstimate":"~28 calls per hour","memory":{"used":"26MB","total":"32MB"}}
{"timestamp":"2025-07-17T23:00:00.010Z","type":"results","status":"start","message":"Starting cost-efficient game results update","categories":["NBA","MLB","KBO","NFL","프리미어리그","MLS","K리그","J리그","세리에 A","브라질 세리에 A","아르헨티나 프리메라","중국 슈퍼리그","라리가","분데스리가"]}
{"timestamp":"2025-07-17T23:00:00.093Z","type":"odds","status":"start","message":"Starting high-priority leagues odds update (10min interval)","priority":"high","leagues":["NBA","MLB","KBO","NFL","프리미어리그"]}
{"timestamp":"2025-07-17T23:00:00.100Z","type":"odds","status":"start","message":"Starting medium-priority leagues odds update (1hour interval)","priority":"medium","leagues":["MLS","K리그","J리그","세리에 A"]}
{"timestamp":"2025-07-17T23:00:00.101Z","type":"epl","status":"start","message":"EPL 프리미어리그 데이터 강제 업데이트"}
{"timestamp":"2025-07-17T23:00:00.203Z","type":"odds","status":"success","message":"High-priority odds update completed (10min interval)","priority":"medium","leagues":["NBA","MLB","KBO","NFL","프리미어리그"],"dynamicPriority":"low","oddsUpdated":0,"oddsDetail":{"totalUpdated":0,"newOdds":0,"existingOddsUpdated":0,"skippedOdds":0,"apiCalls":0,"categoriesProcessed":5}}
{"timestamp":"2025-07-17T23:00:00.203Z","type":"odds","status":"success","message":"Medium-priority odds update completed (1hour interval)","priority":"medium","leagues":["MLS","K리그","J리그","세리에 A"],"dynamicPriority":"low","oddsUpdated":0,"oddsDetail":{"totalUpdated":0,"newOdds":0,"existingOddsUpdated":0,"skippedOdds":0,"apiCalls":0,"categoriesProcessed":4}}
{"timestamp":"2025-07-17T23:00:01.873Z","type":"epl","status":"success","message":"EPL 프리미어리그 데이터 업데이트 완료"}
{"timestamp":"2025-07-17T23:00:51.960Z","type":"bets","status":"start","message":"Starting bet results update after game results"}
{"timestamp":"2025-07-17T23:00:52.011Z","type":"results","status":"success","message":"Game results and bet results update completed","gameResultsUpdated":80,"gameResultsDetail":{"totalUpdated":80,"newGames":0,"existingGamesUpdated":80,"skippedGames":0,"categoriesProcessed":11},"betResultsUpdated":0,"categories":["NBA","MLB","KBO","NFL","프리미어리그","MLS","K리그","J리그","세리에 A","브라질 세리에 A","아르헨티나 프리메라","중국 슈퍼리그","라리가","분데스리가"]}
{"timestamp":"2025-07-17T23:07:39.079Z","type":"monitor","status":"info","message":"Scheduler status check","isUpdating":false,"lastUpdateTime":"2025-07-17T23:00:52.011Z","activeCategories":["NBA","MLB","KBO","NFL","프리미어리그","MLS","K리그","J리그","세리에 A","브라질 세리에 A","아르헨티나 프리메라","중국 슈퍼리그","라리가","분데스리가"],"uptime":11700.636259791,"apiCallEstimate":"~28 calls per hour","memory":{"used":"29MB","total":"31MB"}}
{"timestamp":"2025-07-17T23:10:00.673Z","type":"results","status":"start","message":"Starting cost-efficient game results update","categories":["NBA","MLB","KBO","NFL","프리미어리그","MLS","K리그","J리그","세리에 A","브라질 세리에 A","아르헨티나 프리메라","중국 슈퍼리그","라리가","분데스리가"]}
{"timestamp":"2025-07-17T23:10:00.749Z","type":"odds","status":"start","message":"Starting high-priority leagues odds update (10min interval)","priority":"high","leagues":["NBA","MLB","KBO","NFL","프리미어리그"]}
{"timestamp":"2025-07-17T23:10:00.758Z","type":"epl","status":"start","message":"EPL 프리미어리그 데이터 강제 업데이트"}
{"timestamp":"2025-07-17T23:10:00.834Z","type":"odds","status":"success","message":"High-priority odds update completed (10min interval)","priority":"medium","leagues":["NBA","MLB","KBO","NFL","프리미어리그"],"dynamicPriority":"low","oddsUpdated":0,"oddsDetail":{"totalUpdated":0,"newOdds":0,"existingOddsUpdated":0,"skippedOdds":0,"apiCalls":0,"categoriesProcessed":5}}
{"timestamp":"2025-07-17T23:10:02.716Z","type":"epl","status":"success","message":"EPL 프리미어리그 데이터 업데이트 완료"}
{"timestamp":"2025-07-17T23:10:58.103Z","type":"bets","status":"start","message":"Starting bet results update after game results"}
{"timestamp":"2025-07-17T23:10:58.149Z","type":"results","status":"success","message":"Game results and bet results update completed","gameResultsUpdated":80,"gameResultsDetail":{"totalUpdated":80,"newGames":0,"existingGamesUpdated":80,"skippedGames":0,"categoriesProcessed":11},"betResultsUpdated":0,"categories":["NBA","MLB","KBO","NFL","프리미어리그","MLS","K리그","J리그","세리에 A","브라질 세리에 A","아르헨티나 프리메라","중국 슈퍼리그","라리가","분데스리가"]}
{"timestamp":"2025-07-17T23:20:00.835Z","type":"results","status":"start","message":"Starting cost-efficient game results update","categories":["NBA","MLB","KBO","NFL","프리미어리그","MLS","K리그","J리그","세리에 A","브라질 세리에 A","아르헨티나 프리메라","중국 슈퍼리그","라리가","분데스리가"]}
{"timestamp":"2025-07-17T23:20:00.914Z","type":"odds","status":"start","message":"Starting high-priority leagues odds update (10min interval)","priority":"high","leagues":["NBA","MLB","KBO","NFL","프리미어리그"]}
{"timestamp":"2025-07-17T23:20:00.927Z","type":"epl","status":"start","message":"EPL 프리미어리그 데이터 강제 업데이트"}
{"timestamp":"2025-07-17T23:20:00.977Z","type":"odds","status":"success","message":"High-priority odds update completed (10min interval)","priority":"medium","leagues":["NBA","MLB","KBO","NFL","프리미어리그"],"dynamicPriority":"low","oddsUpdated":0,"oddsDetail":{"totalUpdated":0,"newOdds":0,"existingOddsUpdated":0,"skippedOdds":0,"apiCalls":0,"categoriesProcessed":5}}
{"timestamp":"2025-07-17T23:20:02.694Z","type":"epl","status":"success","message":"EPL 프리미어리그 데이터 업데이트 완료"}
{"timestamp":"2025-07-17T23:20:38.141Z","type":"bets","status":"start","message":"Starting bet results update after game results"}
{"timestamp":"2025-07-17T23:20:38.178Z","type":"results","status":"success","message":"Game results and bet results update completed","gameResultsUpdated":80,"gameResultsDetail":{"totalUpdated":80,"newGames":0,"existingGamesUpdated":80,"skippedGames":0,"categoriesProcessed":11},"betResultsUpdated":0,"categories":["NBA","MLB","KBO","NFL","프리미어리그","MLS","K리그","J리그","세리에 A","브라질 세리에 A","아르헨티나 프리메라","중국 슈퍼리그","라리가","분데스리가"]}
{"timestamp":"2025-07-17T23:22:39.056Z","type":"monitor","status":"info","message":"Scheduler status check","isUpdating":false,"lastUpdateTime":"2025-07-17T23:20:38.178Z","activeCategories":["NBA","MLB","KBO","NFL","프리미어리그","MLS","K리그","J리그","세리에 A","브라질 세리에 A","아르헨티나 프리메라","중국 슈퍼리그","라리가","분데스리가"],"uptime":12600.623743875,"apiCallEstimate":"~28 calls per hour","memory":{"used":"26MB","total":"35MB"}}
{"timestamp":"2025-07-17T23:30:00.088Z","type":"results","status":"start","message":"Starting cost-efficient game results update","categories":["NBA","MLB","KBO","NFL","프리미어리그","MLS","K리그","J리그","세리에 A","브라질 세리에 A","아르헨티나 프리메라","중국 슈퍼리그","라리가","분데스리가"]}
{"timestamp":"2025-07-17T23:30:00.151Z","type":"odds","status":"start","message":"Starting high-priority leagues odds update (10min interval)","priority":"high","leagues":["NBA","MLB","KBO","NFL","프리미어리그"]}
{"timestamp":"2025-07-17T23:30:00.157Z","type":"epl","status":"start","message":"EPL 프리미어리그 데이터 강제 업데이트"}
{"timestamp":"2025-07-17T23:30:00.198Z","type":"odds","status":"success","message":"High-priority odds update completed (10min interval)","priority":"medium","leagues":["NBA","MLB","KBO","NFL","프리미어리그"],"dynamicPriority":"low","oddsUpdated":0,"oddsDetail":{"totalUpdated":0,"newOdds":0,"existingOddsUpdated":0,"skippedOdds":0,"apiCalls":0,"categoriesProcessed":5}}
{"timestamp":"2025-07-17T23:30:01.228Z","type":"epl","status":"success","message":"EPL 프리미어리그 데이터 업데이트 완료"}
{"timestamp":"2025-07-17T23:30:26.060Z","type":"bets","status":"start","message":"Starting bet results update after game results"}
{"timestamp":"2025-07-17T23:30:26.086Z","type":"results","status":"success","message":"Game results and bet results update completed","gameResultsUpdated":80,"gameResultsDetail":{"totalUpdated":80,"newGames":0,"existingGamesUpdated":80,"skippedGames":0,"categoriesProcessed":11},"betResultsUpdated":0,"categories":["NBA","MLB","KBO","NFL","프리미어리그","MLS","K리그","J리그","세리에 A","브라질 세리에 A","아르헨티나 프리메라","중국 슈퍼리그","라리가","분데스리가"]}
{"timestamp":"2025-07-17T23:37:39.083Z","type":"monitor","status":"info","message":"Scheduler status check","isUpdating":false,"lastUpdateTime":"2025-07-17T23:30:26.086Z","activeCategories":["NBA","MLB","KBO","NFL","프리미어리그","MLS","K리그","J리그","세리에 A","브라질 세리에 A","아르헨티나 프리메라","중국 슈퍼리그","라리가","분데스리가"],"uptime":13500.626406375,"apiCallEstimate":"~28 calls per hour","memory":{"used":"37MB","total":"39MB"}}
{"timestamp":"2025-07-17T23:40:00.359Z","type":"results","status":"start","message":"Starting cost-efficient game results update","categories":["NBA","MLB","KBO","NFL","프리미어리그","MLS","K리그","J리그","세리에 A","브라질 세리에 A","아르헨티나 프리메라","중국 슈퍼리그","라리가","분데스리가"]}
{"timestamp":"2025-07-17T23:40:00.412Z","type":"odds","status":"start","message":"Starting high-priority leagues odds update (10min interval)","priority":"high","leagues":["NBA","MLB","KBO","NFL","프리미어리그"]}
{"timestamp":"2025-07-17T23:40:00.423Z","type":"epl","status":"start","message":"EPL 프리미어리그 데이터 강제 업데이트"}
{"timestamp":"2025-07-17T23:40:00.476Z","type":"odds","status":"success","message":"High-priority odds update completed (10min interval)","priority":"medium","leagues":["NBA","MLB","KBO","NFL","프리미어리그"],"dynamicPriority":"low","oddsUpdated":0,"oddsDetail":{"totalUpdated":0,"newOdds":0,"existingOddsUpdated":0,"skippedOdds":0,"apiCalls":0,"categoriesProcessed":5}}
{"timestamp":"2025-07-17T23:40:02.230Z","type":"epl","status":"success","message":"EPL 프리미어리그 데이터 업데이트 완료"}
{"timestamp":"2025-07-17T23:40:49.520Z","type":"bets","status":"start","message":"Starting bet results update after game results"}
{"timestamp":"2025-07-17T23:40:49.553Z","type":"results","status":"success","message":"Game results and bet results update completed","gameResultsUpdated":80,"gameResultsDetail":{"totalUpdated":80,"newGames":0,"existingGamesUpdated":80,"skippedGames":0,"categoriesProcessed":11},"betResultsUpdated":0,"categories":["NBA","MLB","KBO","NFL","프리미어리그","MLS","K리그","J리그","세리에 A","브라질 세리에 A","아르헨티나 프리메라","중국 슈퍼리그","라리가","분데스리가"]}
{"timestamp":"2025-07-17T23:50:00.283Z","type":"results","status":"start","message":"Starting cost-efficient game results update","categories":["NBA","MLB","KBO","NFL","프리미어리그","MLS","K리그","J리그","세리에 A","브라질 세리에 A","아르헨티나 프리메라","중국 슈퍼리그","라리가","분데스리가"]}
{"timestamp":"2025-07-17T23:50:00.339Z","type":"odds","status":"start","message":"Starting high-priority leagues odds update (10min interval)","priority":"high","leagues":["NBA","MLB","KBO","NFL","프리미어리그"]}
{"timestamp":"2025-07-17T23:50:00.344Z","type":"epl","status":"start","message":"EPL 프리미어리그 데이터 강제 업데이트"}
{"timestamp":"2025-07-17T23:50:00.403Z","type":"odds","status":"success","message":"High-priority odds update completed (10min interval)","priority":"medium","leagues":["NBA","MLB","KBO","NFL","프리미어리그"],"dynamicPriority":"low","oddsUpdated":0,"oddsDetail":{"totalUpdated":0,"newOdds":0,"existingOddsUpdated":0,"skippedOdds":0,"apiCalls":0,"categoriesProcessed":5}}
{"timestamp":"2025-07-17T23:50:04.087Z","type":"epl","status":"success","message":"EPL 프리미어리그 데이터 업데이트 완료"}
{"timestamp":"2025-07-17T23:50:23.724Z","type":"bets","status":"start","message":"Starting bet results update after game results"}
{"timestamp":"2025-07-17T23:50:23.768Z","type":"results","status":"success","message":"Game results and bet results update completed","gameResultsUpdated":80,"gameResultsDetail":{"totalUpdated":80,"newGames":0,"existingGamesUpdated":80,"skippedGames":0,"categoriesProcessed":11},"betResultsUpdated":0,"categories":["NBA","MLB","KBO","NFL","프리미어리그","MLS","K리그","J리그","세리에 A","브라질 세리에 A","아르헨티나 프리메라","중국 슈퍼리그","라리가","분데스리가"]}
