{"timestamp":"2025-08-13T00:00:00.375Z","type":"results","status":"start","message":"Starting cost-efficient game results update","categoryCount":14}
{"timestamp":"2025-08-13T00:00:00.380Z","type":"odds","status":"start","message":"Starting high-priority leagues odds update (30min interval)","priority":"high","leagues":["NBA","MLB","KBO","NFL","프리미어리그"]}
{"timestamp":"2025-08-13T00:00:00.383Z","type":"epl","status":"start","message":"EPL 프리미어리그 데이터 강제 업데이트"}
{"timestamp":"2025-08-13T00:00:01.908Z","type":"epl","status":"success","message":"EPL 프리미어리그 데이터 업데이트 완료"}
{"timestamp":"2025-08-13T00:00:04.288Z","type":"odds","status":"success","message":"High-priority odds update completed (30min interval)","priority":"medium","leagues":["NBA","MLB","KBO","NFL","프리미어리그"],"dynamicPriority":"low","oddsUpdated":33,"oddsDetail":{"totalUpdated":33,"newOdds":3,"existingOddsUpdated":30,"skippedOdds":1,"apiCalls":5,"categoriesProcessed":5}}
{"timestamp":"2025-08-13T00:00:05.027Z","type":"bets","status":"start","message":"Starting bet results update after game results"}
{"timestamp":"2025-08-13T00:00:05.039Z","type":"results","status":"success","message":"Game results and bet results update completed","gameResultsUpdated":0,"gameResultsDetail":{"totalUpdated":0,"newGames":0,"existingGamesUpdated":0,"skippedGames":0,"categoriesProcessed":13},"betResultsUpdated":0,"categoryCount":14}
{"timestamp":"2025-08-13T00:10:00.535Z","type":"results","status":"start","message":"Starting cost-efficient game results update","categoryCount":14}
{"timestamp":"2025-08-13T00:10:06.320Z","type":"bets","status":"start","message":"Starting bet results update after game results"}
{"timestamp":"2025-08-13T00:10:06.332Z","type":"results","status":"success","message":"Game results and bet results update completed","gameResultsUpdated":0,"gameResultsDetail":{"totalUpdated":0,"newGames":0,"existingGamesUpdated":0,"skippedGames":0,"categoriesProcessed":13},"betResultsUpdated":0,"categoryCount":14}
{"timestamp":"2025-08-13T00:20:00.710Z","type":"results","status":"start","message":"Starting cost-efficient game results update","categoryCount":14}
{"timestamp":"2025-08-13T00:20:06.091Z","type":"bets","status":"start","message":"Starting bet results update after game results"}
{"timestamp":"2025-08-13T00:20:06.108Z","type":"results","status":"success","message":"Game results and bet results update completed","gameResultsUpdated":0,"gameResultsDetail":{"totalUpdated":0,"newGames":0,"existingGamesUpdated":0,"skippedGames":0,"categoriesProcessed":13},"betResultsUpdated":0,"categoryCount":14}
{"timestamp":"2025-08-13T00:30:00.853Z","type":"results","status":"start","message":"Starting cost-efficient game results update","categoryCount":14}
{"timestamp":"2025-08-13T00:30:00.857Z","type":"odds","status":"start","message":"Starting high-priority leagues odds update (30min interval)","priority":"high","leagues":["NBA","MLB","KBO","NFL","프리미어리그"]}
{"timestamp":"2025-08-13T00:30:00.860Z","type":"epl","status":"start","message":"EPL 프리미어리그 데이터 강제 업데이트"}
{"timestamp":"2025-08-13T00:30:03.608Z","type":"epl","status":"success","message":"EPL 프리미어리그 데이터 업데이트 완료"}
{"timestamp":"2025-08-13T00:30:04.454Z","type":"odds","status":"success","message":"High-priority odds update completed (30min interval)","priority":"medium","leagues":["NBA","MLB","KBO","NFL","프리미어리그"],"dynamicPriority":"low","oddsUpdated":34,"oddsDetail":{"totalUpdated":34,"newOdds":1,"existingOddsUpdated":33,"skippedOdds":1,"apiCalls":5,"categoriesProcessed":5}}
{"timestamp":"2025-08-13T00:30:05.752Z","type":"bets","status":"start","message":"Starting bet results update after game results"}
{"timestamp":"2025-08-13T00:30:05.762Z","type":"results","status":"success","message":"Game results and bet results update completed","gameResultsUpdated":0,"gameResultsDetail":{"totalUpdated":0,"newGames":0,"existingGamesUpdated":0,"skippedGames":0,"categoriesProcessed":13},"betResultsUpdated":0,"categoryCount":14}
{"timestamp":"2025-08-13T00:50:00.140Z","type":"results","status":"start","message":"Starting cost-efficient game results update","categoryCount":14}
{"timestamp":"2025-08-13T00:50:05.148Z","type":"bets","status":"start","message":"Starting bet results update after game results"}
{"timestamp":"2025-08-13T00:50:05.163Z","type":"results","status":"success","message":"Game results and bet results update completed","gameResultsUpdated":0,"gameResultsDetail":{"totalUpdated":0,"newGames":0,"existingGamesUpdated":0,"skippedGames":0,"categoriesProcessed":13},"betResultsUpdated":0,"categoryCount":14}
{"timestamp":"2025-08-13T00:57:52.920Z","type":"monitor","status":"info","message":"Scheduler status check","isUpdatingResults":false,"isUpdatingOdds":false,"lastUpdateTime":"2025-08-13T00:50:05.163Z","activeCategories":["NBA","MLB","KBO","NFL","프리미어리그","MLS","KLEAGUE","JLEAGUE","SERIEA","BRASILEIRAO","ARGENTINA_PRIMERA","CSL","LALIGA","BUNDESLIGA"],"uptime":64150.753459084,"apiCallEstimate":"~28 calls per hour","memory":{"used":"89MB","total":"96MB"}}
{"timestamp":"2025-08-13T01:00:00.308Z","type":"results","status":"start","message":"Starting cost-efficient game results update","categoryCount":14}
{"timestamp":"2025-08-13T01:00:00.312Z","type":"odds","status":"start","message":"Starting high-priority leagues odds update (30min interval)","priority":"high","leagues":["NBA","MLB","KBO","NFL","프리미어리그"]}
{"timestamp":"2025-08-13T01:00:00.313Z","type":"odds","status":"start","message":"Starting medium-priority leagues odds update (2hour interval)","priority":"medium","leagues":["MLS","KLEAGUE","JLEAGUE","SERIEA"]}
{"timestamp":"2025-08-13T01:00:00.316Z","type":"epl","status":"start","message":"EPL 프리미어리그 데이터 강제 업데이트"}
{"timestamp":"2025-08-13T01:00:02.621Z","type":"odds","status":"success","message":"Medium-priority odds update completed (2hour interval)","priority":"medium","leagues":["MLS","KLEAGUE","JLEAGUE","SERIEA"],"dynamicPriority":"low","oddsUpdated":56,"oddsDetail":{"totalUpdated":56,"newOdds":0,"existingOddsUpdated":56,"skippedOdds":0,"apiCalls":4,"categoriesProcessed":4}}
{"timestamp":"2025-08-13T01:00:04.602Z","type":"odds","status":"success","message":"High-priority odds update completed (30min interval)","priority":"medium","leagues":["NBA","MLB","KBO","NFL","프리미어리그"],"dynamicPriority":"low","oddsUpdated":34,"oddsDetail":{"totalUpdated":34,"newOdds":1,"existingOddsUpdated":33,"skippedOdds":1,"apiCalls":5,"categoriesProcessed":5}}
{"timestamp":"2025-08-13T01:00:04.627Z","type":"bets","status":"start","message":"Starting bet results update after game results"}
{"timestamp":"2025-08-13T01:00:04.641Z","type":"results","status":"success","message":"Game results and bet results update completed","gameResultsUpdated":0,"gameResultsDetail":{"totalUpdated":0,"newGames":0,"existingGamesUpdated":0,"skippedGames":0,"categoriesProcessed":13},"betResultsUpdated":0,"categoryCount":14}
{"timestamp":"2025-08-13T01:00:05.688Z","type":"epl","status":"success","message":"EPL 프리미어리그 데이터 업데이트 완료"}
{"timestamp":"2025-08-13T01:10:00.476Z","type":"results","status":"start","message":"Starting cost-efficient game results update","categoryCount":14}
{"timestamp":"2025-08-13T01:10:06.511Z","type":"bets","status":"start","message":"Starting bet results update after game results"}
{"timestamp":"2025-08-13T01:10:06.521Z","type":"results","status":"success","message":"Game results and bet results update completed","gameResultsUpdated":0,"gameResultsDetail":{"totalUpdated":0,"newGames":0,"existingGamesUpdated":0,"skippedGames":0,"categoriesProcessed":13},"betResultsUpdated":0,"categoryCount":14}
{"timestamp":"2025-08-13T01:20:00.643Z","type":"results","status":"start","message":"Starting cost-efficient game results update","categoryCount":14}
{"timestamp":"2025-08-13T01:20:07.193Z","type":"bets","status":"start","message":"Starting bet results update after game results"}
{"timestamp":"2025-08-13T01:20:07.203Z","type":"results","status":"success","message":"Game results and bet results update completed","gameResultsUpdated":0,"gameResultsDetail":{"totalUpdated":0,"newGames":0,"existingGamesUpdated":0,"skippedGames":0,"categoriesProcessed":13},"betResultsUpdated":0,"categoryCount":14}
{"timestamp":"2025-08-13T01:30:00.771Z","type":"results","status":"start","message":"Starting cost-efficient game results update","categoryCount":14}
{"timestamp":"2025-08-13T01:30:00.775Z","type":"odds","status":"start","message":"Starting high-priority leagues odds update (30min interval)","priority":"high","leagues":["NBA","MLB","KBO","NFL","프리미어리그"]}
{"timestamp":"2025-08-13T01:30:00.778Z","type":"epl","status":"start","message":"EPL 프리미어리그 데이터 강제 업데이트"}
{"timestamp":"2025-08-13T01:30:03.680Z","type":"odds","status":"success","message":"High-priority odds update completed (30min interval)","priority":"medium","leagues":["NBA","MLB","KBO","NFL","프리미어리그"],"dynamicPriority":"low","oddsUpdated":32,"oddsDetail":{"totalUpdated":32,"newOdds":0,"existingOddsUpdated":32,"skippedOdds":1,"apiCalls":5,"categoriesProcessed":5}}
{"timestamp":"2025-08-13T01:30:04.058Z","type":"epl","status":"success","message":"EPL 프리미어리그 데이터 업데이트 완료"}
{"timestamp":"2025-08-13T01:30:09.685Z","type":"bets","status":"start","message":"Starting bet results update after game results"}
{"timestamp":"2025-08-13T01:30:09.696Z","type":"results","status":"success","message":"Game results and bet results update completed","gameResultsUpdated":0,"gameResultsDetail":{"totalUpdated":0,"newGames":0,"existingGamesUpdated":0,"skippedGames":0,"categoriesProcessed":13},"betResultsUpdated":0,"categoryCount":14}
{"timestamp":"2025-08-13T01:40:00.912Z","type":"results","status":"start","message":"Starting cost-efficient game results update","categoryCount":14}
{"timestamp":"2025-08-13T01:40:07.794Z","type":"bets","status":"start","message":"Starting bet results update after game results"}
{"timestamp":"2025-08-13T01:40:07.807Z","type":"results","status":"success","message":"Game results and bet results update completed","gameResultsUpdated":0,"gameResultsDetail":{"totalUpdated":0,"newGames":0,"existingGamesUpdated":0,"skippedGames":0,"categoriesProcessed":13},"betResultsUpdated":0,"categoryCount":14}
{"timestamp":"2025-08-13T01:58:51.143Z","type":"monitor","status":"info","message":"Scheduler status check","isUpdatingResults":false,"isUpdatingOdds":false,"lastUpdateTime":"2025-08-13T01:40:07.807Z","activeCategories":["NBA","MLB","KBO","NFL","프리미어리그","MLS","KLEAGUE","JLEAGUE","SERIEA","BRASILEIRAO","ARGENTINA_PRIMERA","CSL","LALIGA","BUNDESLIGA"],"uptime":67809.047249792,"apiCallEstimate":"~28 calls per hour","memory":{"used":"90MB","total":"97MB"}}
{"timestamp":"2025-08-13T02:40:00.432Z","type":"results","status":"start","message":"Starting cost-efficient game results update","categoryCount":14}
{"timestamp":"2025-08-13T02:40:05.734Z","type":"bets","status":"start","message":"Starting bet results update after game results"}
{"timestamp":"2025-08-13T02:40:05.750Z","type":"results","status":"success","message":"Game results and bet results update completed","gameResultsUpdated":0,"gameResultsDetail":{"totalUpdated":0,"newGames":0,"existingGamesUpdated":0,"skippedGames":0,"categoriesProcessed":13},"betResultsUpdated":0,"categoryCount":14}
{"timestamp":"2025-08-13T02:50:00.602Z","type":"results","status":"start","message":"Starting cost-efficient game results update","categoryCount":14}
{"timestamp":"2025-08-13T02:50:05.892Z","type":"bets","status":"start","message":"Starting bet results update after game results"}
{"timestamp":"2025-08-13T02:50:05.908Z","type":"results","status":"success","message":"Game results and bet results update completed","gameResultsUpdated":0,"gameResultsDetail":{"totalUpdated":0,"newGames":0,"existingGamesUpdated":0,"skippedGames":0,"categoriesProcessed":13},"betResultsUpdated":0,"categoryCount":14}
{"timestamp":"2025-08-13T02:58:51.084Z","type":"monitor","status":"info","message":"Scheduler status check","isUpdatingResults":false,"isUpdatingOdds":false,"lastUpdateTime":"2025-08-13T02:50:05.908Z","activeCategories":["NBA","MLB","KBO","NFL","프리미어리그","MLS","KLEAGUE","JLEAGUE","SERIEA","BRASILEIRAO","ARGENTINA_PRIMERA","CSL","LALIGA","BUNDESLIGA"],"uptime":71409.05004175,"apiCallEstimate":"~28 calls per hour","memory":{"used":"93MB","total":"99MB"}}
{"timestamp":"2025-08-13T03:00:00.755Z","type":"results","status":"start","message":"Starting cost-efficient game results update","categoryCount":14}
{"timestamp":"2025-08-13T03:00:00.759Z","type":"odds","status":"start","message":"Starting high-priority leagues odds update (30min interval)","priority":"high","leagues":["NBA","MLB","KBO","NFL","프리미어리그"]}
{"timestamp":"2025-08-13T03:00:00.761Z","type":"odds","status":"start","message":"Starting medium-priority leagues odds update (2hour interval)","priority":"medium","leagues":["MLS","KLEAGUE","JLEAGUE","SERIEA"]}
{"timestamp":"2025-08-13T03:00:00.764Z","type":"epl","status":"start","message":"EPL 프리미어리그 데이터 강제 업데이트"}
{"timestamp":"2025-08-13T03:00:02.127Z","type":"epl","status":"success","message":"EPL 프리미어리그 데이터 업데이트 완료"}
{"timestamp":"2025-08-13T03:00:03.489Z","type":"odds","status":"success","message":"Medium-priority odds update completed (2hour interval)","priority":"medium","leagues":["MLS","KLEAGUE","JLEAGUE","SERIEA"],"dynamicPriority":"low","oddsUpdated":56,"oddsDetail":{"totalUpdated":56,"newOdds":0,"existingOddsUpdated":56,"skippedOdds":0,"apiCalls":4,"categoriesProcessed":4}}
{"timestamp":"2025-08-13T03:00:06.274Z","type":"odds","status":"success","message":"High-priority odds update completed (30min interval)","priority":"medium","leagues":["NBA","MLB","KBO","NFL","프리미어리그"],"dynamicPriority":"low","oddsUpdated":26,"oddsDetail":{"totalUpdated":26,"newOdds":1,"existingOddsUpdated":25,"skippedOdds":1,"apiCalls":5,"categoriesProcessed":5}}
{"timestamp":"2025-08-13T03:00:06.962Z","type":"bets","status":"start","message":"Starting bet results update after game results"}
{"timestamp":"2025-08-13T03:00:06.974Z","type":"results","status":"success","message":"Game results and bet results update completed","gameResultsUpdated":0,"gameResultsDetail":{"totalUpdated":0,"newGames":0,"existingGamesUpdated":0,"skippedGames":0,"categoriesProcessed":13},"betResultsUpdated":0,"categoryCount":14}
{"timestamp":"2025-08-13T03:10:00.024Z","type":"results","status":"start","message":"Starting cost-efficient game results update","categoryCount":14}
{"timestamp":"2025-08-13T03:10:06.096Z","type":"bets","status":"start","message":"Starting bet results update after game results"}
{"timestamp":"2025-08-13T03:10:06.106Z","type":"results","status":"success","message":"Game results and bet results update completed","gameResultsUpdated":0,"gameResultsDetail":{"totalUpdated":0,"newGames":0,"existingGamesUpdated":0,"skippedGames":0,"categoriesProcessed":13},"betResultsUpdated":0,"categoryCount":14}
{"timestamp":"2025-08-13T03:20:00.200Z","type":"results","status":"start","message":"Starting cost-efficient game results update","categoryCount":14}
{"timestamp":"2025-08-13T03:20:05.357Z","type":"bets","status":"start","message":"Starting bet results update after game results"}
{"timestamp":"2025-08-13T03:20:05.368Z","type":"results","status":"success","message":"Game results and bet results update completed","gameResultsUpdated":0,"gameResultsDetail":{"totalUpdated":0,"newGames":0,"existingGamesUpdated":0,"skippedGames":0,"categoriesProcessed":13},"betResultsUpdated":0,"categoryCount":14}
{"timestamp":"2025-08-13T03:30:00.387Z","type":"results","status":"start","message":"Starting cost-efficient game results update","categoryCount":14}
{"timestamp":"2025-08-13T03:30:00.392Z","type":"odds","status":"start","message":"Starting high-priority leagues odds update (30min interval)","priority":"high","leagues":["NBA","MLB","KBO","NFL","프리미어리그"]}
{"timestamp":"2025-08-13T03:30:00.395Z","type":"epl","status":"start","message":"EPL 프리미어리그 데이터 강제 업데이트"}
{"timestamp":"2025-08-13T03:30:02.046Z","type":"epl","status":"success","message":"EPL 프리미어리그 데이터 업데이트 완료"}
{"timestamp":"2025-08-13T03:30:03.332Z","type":"odds","status":"success","message":"High-priority odds update completed (30min interval)","priority":"medium","leagues":["NBA","MLB","KBO","NFL","프리미어리그"],"dynamicPriority":"low","oddsUpdated":23,"oddsDetail":{"totalUpdated":23,"newOdds":0,"existingOddsUpdated":23,"skippedOdds":1,"apiCalls":5,"categoriesProcessed":5}}
{"timestamp":"2025-08-13T03:30:07.909Z","type":"bets","status":"start","message":"Starting bet results update after game results"}
{"timestamp":"2025-08-13T03:30:07.920Z","type":"results","status":"success","message":"Game results and bet results update completed","gameResultsUpdated":0,"gameResultsDetail":{"totalUpdated":0,"newGames":0,"existingGamesUpdated":0,"skippedGames":0,"categoriesProcessed":13},"betResultsUpdated":0,"categoryCount":14}
{"timestamp":"2025-08-13T03:50:00.434Z","type":"results","status":"start","message":"Starting cost-efficient game results update","categoryCount":14}
{"timestamp":"2025-08-13T03:50:05.706Z","type":"bets","status":"start","message":"Starting bet results update after game results"}
{"timestamp":"2025-08-13T03:50:05.721Z","type":"results","status":"success","message":"Game results and bet results update completed","gameResultsUpdated":0,"gameResultsDetail":{"totalUpdated":0,"newGames":0,"existingGamesUpdated":0,"skippedGames":0,"categoriesProcessed":13},"betResultsUpdated":0,"categoryCount":14}
{"timestamp":"2025-08-13T03:58:51.181Z","type":"monitor","status":"info","message":"Scheduler status check","isUpdatingResults":false,"isUpdatingOdds":false,"lastUpdateTime":"2025-08-13T03:50:05.721Z","activeCategories":["NBA","MLB","KBO","NFL","프리미어리그","MLS","KLEAGUE","JLEAGUE","SERIEA","BRASILEIRAO","ARGENTINA_PRIMERA","CSL","LALIGA","BUNDESLIGA"],"uptime":75009.052350709,"apiCallEstimate":"~28 calls per hour","memory":{"used":"89MB","total":"96MB"}}
{"timestamp":"2025-08-13T04:00:00.636Z","type":"results","status":"start","message":"Starting cost-efficient game results update","categoryCount":14}
{"timestamp":"2025-08-13T04:00:00.639Z","type":"odds","status":"start","message":"Starting high-priority leagues odds update (30min interval)","priority":"high","leagues":["NBA","MLB","KBO","NFL","프리미어리그"]}
{"timestamp":"2025-08-13T04:00:00.642Z","type":"epl","status":"start","message":"EPL 프리미어리그 데이터 강제 업데이트"}
{"timestamp":"2025-08-13T04:00:02.088Z","type":"epl","status":"success","message":"EPL 프리미어리그 데이터 업데이트 완료"}
{"timestamp":"2025-08-13T04:00:04.152Z","type":"odds","status":"success","message":"High-priority odds update completed (30min interval)","priority":"medium","leagues":["NBA","MLB","KBO","NFL","프리미어리그"],"dynamicPriority":"low","oddsUpdated":23,"oddsDetail":{"totalUpdated":23,"newOdds":0,"existingOddsUpdated":23,"skippedOdds":1,"apiCalls":5,"categoriesProcessed":5}}
{"timestamp":"2025-08-13T04:00:06.193Z","type":"bets","status":"start","message":"Starting bet results update after game results"}
{"timestamp":"2025-08-13T04:00:06.206Z","type":"results","status":"success","message":"Game results and bet results update completed","gameResultsUpdated":0,"gameResultsDetail":{"totalUpdated":0,"newGames":0,"existingGamesUpdated":0,"skippedGames":0,"categoriesProcessed":13},"betResultsUpdated":0,"categoryCount":14}
{"timestamp":"2025-08-13T04:10:00.816Z","type":"results","status":"start","message":"Starting cost-efficient game results update","categoryCount":14}
{"timestamp":"2025-08-13T04:10:06.932Z","type":"bets","status":"start","message":"Starting bet results update after game results"}
{"timestamp":"2025-08-13T04:10:06.942Z","type":"results","status":"success","message":"Game results and bet results update completed","gameResultsUpdated":0,"gameResultsDetail":{"totalUpdated":0,"newGames":0,"existingGamesUpdated":0,"skippedGames":0,"categoriesProcessed":13},"betResultsUpdated":0,"categoryCount":14}
{"timestamp":"2025-08-13T04:20:00.994Z","type":"results","status":"start","message":"Starting cost-efficient game results update","categoryCount":14}
{"timestamp":"2025-08-13T04:20:06.802Z","type":"bets","status":"start","message":"Starting bet results update after game results"}
{"timestamp":"2025-08-13T04:20:06.816Z","type":"results","status":"success","message":"Game results and bet results update completed","gameResultsUpdated":0,"gameResultsDetail":{"totalUpdated":0,"newGames":0,"existingGamesUpdated":0,"skippedGames":0,"categoriesProcessed":13},"betResultsUpdated":0,"categoryCount":14}
{"timestamp":"2025-08-13T04:30:00.144Z","type":"results","status":"start","message":"Starting cost-efficient game results update","categoryCount":14}
{"timestamp":"2025-08-13T04:30:00.147Z","type":"odds","status":"start","message":"Starting high-priority leagues odds update (30min interval)","priority":"high","leagues":["NBA","MLB","KBO","NFL","프리미어리그"]}
{"timestamp":"2025-08-13T04:30:00.150Z","type":"epl","status":"start","message":"EPL 프리미어리그 데이터 강제 업데이트"}
{"timestamp":"2025-08-13T04:30:01.721Z","type":"epl","status":"success","message":"EPL 프리미어리그 데이터 업데이트 완료"}
{"timestamp":"2025-08-13T04:30:02.902Z","type":"odds","status":"success","message":"High-priority odds update completed (30min interval)","priority":"medium","leagues":["NBA","MLB","KBO","NFL","프리미어리그"],"dynamicPriority":"low","oddsUpdated":22,"oddsDetail":{"totalUpdated":22,"newOdds":0,"existingOddsUpdated":22,"skippedOdds":1,"apiCalls":5,"categoriesProcessed":5}}
{"timestamp":"2025-08-13T04:30:05.519Z","type":"bets","status":"start","message":"Starting bet results update after game results"}
{"timestamp":"2025-08-13T04:30:05.533Z","type":"results","status":"success","message":"Game results and bet results update completed","gameResultsUpdated":0,"gameResultsDetail":{"totalUpdated":0,"newGames":0,"existingGamesUpdated":0,"skippedGames":0,"categoriesProcessed":13},"betResultsUpdated":0,"categoryCount":14}
{"timestamp":"2025-08-13T04:40:00.317Z","type":"results","status":"start","message":"Starting cost-efficient game results update","categoryCount":14}
{"timestamp":"2025-08-13T04:40:05.531Z","type":"bets","status":"start","message":"Starting bet results update after game results"}
{"timestamp":"2025-08-13T04:40:05.547Z","type":"results","status":"success","message":"Game results and bet results update completed","gameResultsUpdated":0,"gameResultsDetail":{"totalUpdated":0,"newGames":0,"existingGamesUpdated":0,"skippedGames":0,"categoriesProcessed":13},"betResultsUpdated":0,"categoryCount":14}
{"timestamp":"2025-08-13T05:02:11.845Z","type":"monitor","status":"info","message":"Scheduler status check","isUpdatingResults":false,"isUpdatingOdds":false,"lastUpdateTime":"2025-08-13T04:40:05.547Z","activeCategories":["NBA","MLB","KBO","NFL","프리미어리그","MLS","KLEAGUE","JLEAGUE","SERIEA","BRASILEIRAO","ARGENTINA_PRIMERA","CSL","LALIGA","BUNDESLIGA"],"uptime":78809.713259667,"apiCallEstimate":"~28 calls per hour","memory":{"used":"90MB","total":"97MB"}}
{"timestamp":"2025-08-13T05:10:00.774Z","type":"results","status":"start","message":"Starting cost-efficient game results update","categoryCount":14}
{"timestamp":"2025-08-13T05:10:05.770Z","type":"bets","status":"start","message":"Starting bet results update after game results"}
{"timestamp":"2025-08-13T05:10:05.780Z","type":"results","status":"success","message":"Game results and bet results update completed","gameResultsUpdated":0,"gameResultsDetail":{"totalUpdated":0,"newGames":0,"existingGamesUpdated":0,"skippedGames":0,"categoriesProcessed":13},"betResultsUpdated":0,"categoryCount":14}
{"timestamp":"2025-08-13T05:20:00.936Z","type":"results","status":"start","message":"Starting cost-efficient game results update","categoryCount":14}
{"timestamp":"2025-08-13T05:20:06.072Z","type":"bets","status":"start","message":"Starting bet results update after game results"}
{"timestamp":"2025-08-13T05:20:06.087Z","type":"results","status":"success","message":"Game results and bet results update completed","gameResultsUpdated":0,"gameResultsDetail":{"totalUpdated":0,"newGames":0,"existingGamesUpdated":0,"skippedGames":0,"categoriesProcessed":13},"betResultsUpdated":0,"categoryCount":14}
{"timestamp":"2025-08-13T05:30:00.120Z","type":"results","status":"start","message":"Starting cost-efficient game results update","categoryCount":14}
{"timestamp":"2025-08-13T05:30:00.124Z","type":"odds","status":"start","message":"Starting high-priority leagues odds update (30min interval)","priority":"high","leagues":["NBA","MLB","KBO","NFL","프리미어리그"]}
{"timestamp":"2025-08-13T05:30:00.127Z","type":"epl","status":"start","message":"EPL 프리미어리그 데이터 강제 업데이트"}
{"timestamp":"2025-08-13T05:30:01.828Z","type":"epl","status":"success","message":"EPL 프리미어리그 데이터 업데이트 완료"}
{"timestamp":"2025-08-13T05:30:03.448Z","type":"odds","status":"success","message":"High-priority odds update completed (30min interval)","priority":"medium","leagues":["NBA","MLB","KBO","NFL","프리미어리그"],"dynamicPriority":"low","oddsUpdated":19,"oddsDetail":{"totalUpdated":19,"newOdds":0,"existingOddsUpdated":19,"skippedOdds":1,"apiCalls":5,"categoriesProcessed":5}}
{"timestamp":"2025-08-13T05:30:07.952Z","type":"bets","status":"start","message":"Starting bet results update after game results"}
{"timestamp":"2025-08-13T05:30:07.967Z","type":"results","status":"success","message":"Game results and bet results update completed","gameResultsUpdated":0,"gameResultsDetail":{"totalUpdated":0,"newGames":0,"existingGamesUpdated":0,"skippedGames":0,"categoriesProcessed":13},"betResultsUpdated":0,"categoryCount":14}
{"timestamp":"2025-08-13T05:40:00.287Z","type":"results","status":"start","message":"Starting cost-efficient game results update","categoryCount":14}
{"timestamp":"2025-08-13T05:40:05.582Z","type":"bets","status":"start","message":"Starting bet results update after game results"}
{"timestamp":"2025-08-13T05:40:05.592Z","type":"results","status":"success","message":"Game results and bet results update completed","gameResultsUpdated":0,"gameResultsDetail":{"totalUpdated":0,"newGames":0,"existingGamesUpdated":0,"skippedGames":0,"categoriesProcessed":13},"betResultsUpdated":0,"categoryCount":14}
{"timestamp":"2025-08-13T05:50:00.465Z","type":"results","status":"start","message":"Starting cost-efficient game results update","categoryCount":14}
{"timestamp":"2025-08-13T05:50:05.660Z","type":"bets","status":"start","message":"Starting bet results update after game results"}
{"timestamp":"2025-08-13T05:50:05.676Z","type":"results","status":"success","message":"Game results and bet results update completed","gameResultsUpdated":0,"gameResultsDetail":{"totalUpdated":0,"newGames":0,"existingGamesUpdated":0,"skippedGames":0,"categoriesProcessed":13},"betResultsUpdated":0,"categoryCount":14}
{"timestamp":"2025-08-13T06:00:00.643Z","type":"results","status":"start","message":"Starting cost-efficient game results update","categoryCount":14}
{"timestamp":"2025-08-13T06:00:00.646Z","type":"odds","status":"start","message":"Starting high-priority leagues odds update (30min interval)","priority":"high","leagues":["NBA","MLB","KBO","NFL","프리미어리그"]}
{"timestamp":"2025-08-13T06:00:00.649Z","type":"epl","status":"start","message":"EPL 프리미어리그 데이터 강제 업데이트"}
{"timestamp":"2025-08-13T06:00:04.056Z","type":"odds","status":"success","message":"High-priority odds update completed (30min interval)","priority":"medium","leagues":["NBA","MLB","KBO","NFL","프리미어리그"],"dynamicPriority":"low","oddsUpdated":20,"oddsDetail":{"totalUpdated":20,"newOdds":1,"existingOddsUpdated":19,"skippedOdds":1,"apiCalls":5,"categoriesProcessed":5}}
{"timestamp":"2025-08-13T06:00:06.448Z","type":"bets","status":"start","message":"Starting bet results update after game results"}
{"timestamp":"2025-08-13T06:00:06.463Z","type":"results","status":"success","message":"Game results and bet results update completed","gameResultsUpdated":0,"gameResultsDetail":{"totalUpdated":0,"newGames":0,"existingGamesUpdated":0,"skippedGames":0,"categoriesProcessed":13},"betResultsUpdated":0,"categoryCount":14}
{"timestamp":"2025-08-13T06:00:09.008Z","type":"epl","status":"success","message":"EPL 프리미어리그 데이터 업데이트 완료"}
{"timestamp":"2025-08-13T06:02:11.887Z","type":"monitor","status":"info","message":"Scheduler status check","isUpdatingResults":false,"isUpdatingOdds":false,"lastUpdateTime":"2025-08-13T06:00:06.463Z","activeCategories":["NBA","MLB","KBO","NFL","프리미어리그","MLS","KLEAGUE","JLEAGUE","SERIEA","BRASILEIRAO","ARGENTINA_PRIMERA","CSL","LALIGA","BUNDESLIGA"],"uptime":82409.715503542,"apiCallEstimate":"~28 calls per hour","memory":{"used":"87MB","total":"98MB"}}
{"timestamp":"2025-08-13T06:20:00.076Z","type":"results","status":"start","message":"Starting cost-efficient game results update","categoryCount":14}
{"timestamp":"2025-08-13T06:35:41.842Z","type":"results","status":"error","message":"Game results update failed","error":"Game results update timeout after 480000ms","categoryCount":14}
{"timestamp":"2025-08-13T07:00:40.824Z","type":"results","status":"start","message":"Retrying game results update","isRetry":true}
{"timestamp":"2025-08-13T07:00:49.024Z","type":"results","status":"success","message":"Game results retry successful","isRetry":true,"gameResultsUpdated":0,"gameResultsDetail":{"totalUpdated":0,"newGames":0,"existingGamesUpdated":0,"skippedGames":0},"betResultsUpdated":0}
{"timestamp":"2025-08-13T07:02:11.838Z","type":"monitor","status":"info","message":"Scheduler status check","isUpdatingResults":false,"isUpdatingOdds":false,"lastUpdateTime":"2025-08-13T07:00:49.024Z","activeCategories":["NBA","MLB","KBO","NFL","프리미어리그","MLS","KLEAGUE","JLEAGUE","SERIEA","BRASILEIRAO","ARGENTINA_PRIMERA","CSL","LALIGA","BUNDESLIGA"],"uptime":86009.71787625,"apiCallEstimate":"~28 calls per hour","memory":{"used":"89MB","total":"98MB"}}
{"timestamp":"2025-08-13T07:10:00.879Z","type":"results","status":"start","message":"Starting cost-efficient game results update","categoryCount":14}
{"timestamp":"2025-08-13T07:10:05.922Z","type":"bets","status":"start","message":"Starting bet results update after game results"}
{"timestamp":"2025-08-13T07:10:05.931Z","type":"results","status":"success","message":"Game results and bet results update completed","gameResultsUpdated":0,"gameResultsDetail":{"totalUpdated":0,"newGames":0,"existingGamesUpdated":0,"skippedGames":0,"categoriesProcessed":13},"betResultsUpdated":0,"categoryCount":14}
{"timestamp":"2025-08-13T07:20:00.046Z","type":"results","status":"start","message":"Starting cost-efficient game results update","categoryCount":14}
{"timestamp":"2025-08-13T07:20:05.232Z","type":"bets","status":"start","message":"Starting bet results update after game results"}
{"timestamp":"2025-08-13T07:20:05.246Z","type":"results","status":"success","message":"Game results and bet results update completed","gameResultsUpdated":0,"gameResultsDetail":{"totalUpdated":0,"newGames":0,"existingGamesUpdated":0,"skippedGames":0,"categoriesProcessed":13},"betResultsUpdated":0,"categoryCount":14}
{"timestamp":"2025-08-13T07:30:00.004Z","type":"results","status":"start","message":"Starting cost-efficient game results update","categoryCount":14}
{"timestamp":"2025-08-13T07:30:00.008Z","type":"odds","status":"start","message":"Starting high-priority leagues odds update (30min interval)","priority":"high","leagues":["NBA","MLB","KBO","NFL","프리미어리그"]}
{"timestamp":"2025-08-13T07:30:00.012Z","type":"epl","status":"start","message":"EPL 프리미어리그 데이터 강제 업데이트"}
{"timestamp":"2025-08-13T07:30:02.919Z","type":"odds","status":"success","message":"High-priority odds update completed (30min interval)","priority":"medium","leagues":["NBA","MLB","KBO","NFL","프리미어리그"],"dynamicPriority":"low","oddsUpdated":20,"oddsDetail":{"totalUpdated":20,"newOdds":4,"existingOddsUpdated":16,"skippedOdds":1,"apiCalls":5,"categoriesProcessed":5}}
{"timestamp":"2025-08-13T07:30:03.625Z","type":"epl","status":"success","message":"EPL 프리미어리그 데이터 업데이트 완료"}
{"timestamp":"2025-08-13T07:30:05.888Z","type":"bets","status":"start","message":"Starting bet results update after game results"}
{"timestamp":"2025-08-13T07:30:05.899Z","type":"results","status":"success","message":"Game results and bet results update completed","gameResultsUpdated":0,"gameResultsDetail":{"totalUpdated":0,"newGames":0,"existingGamesUpdated":0,"skippedGames":0,"categoriesProcessed":13},"betResultsUpdated":0,"categoryCount":14}
{"timestamp":"2025-08-13T07:40:00.352Z","type":"results","status":"start","message":"Starting cost-efficient game results update","categoryCount":14}
{"timestamp":"2025-08-13T07:40:06.415Z","type":"bets","status":"start","message":"Starting bet results update after game results"}
{"timestamp":"2025-08-13T07:40:06.420Z","type":"results","status":"success","message":"Game results and bet results update completed","gameResultsUpdated":0,"gameResultsDetail":{"totalUpdated":0,"newGames":0,"existingGamesUpdated":0,"skippedGames":0,"categoriesProcessed":13},"betResultsUpdated":0,"categoryCount":14}
{"timestamp":"2025-08-13T07:50:00.499Z","type":"results","status":"start","message":"Starting cost-efficient game results update","categoryCount":14}
{"timestamp":"2025-08-13T07:50:05.669Z","type":"bets","status":"start","message":"Starting bet results update after game results"}
{"timestamp":"2025-08-13T07:50:05.684Z","type":"results","status":"success","message":"Game results and bet results update completed","gameResultsUpdated":0,"gameResultsDetail":{"totalUpdated":0,"newGames":0,"existingGamesUpdated":0,"skippedGames":0,"categoriesProcessed":13},"betResultsUpdated":0,"categoryCount":14}
{"timestamp":"2025-08-13T08:00:00.659Z","type":"results","status":"start","message":"Starting cost-efficient game results update","categoryCount":14}
{"timestamp":"2025-08-13T08:00:00.663Z","type":"odds","status":"start","message":"Starting high-priority leagues odds update (30min interval)","priority":"high","leagues":["NBA","MLB","KBO","NFL","프리미어리그"]}
{"timestamp":"2025-08-13T08:00:00.665Z","type":"epl","status":"start","message":"EPL 프리미어리그 데이터 강제 업데이트"}
{"timestamp":"2025-08-13T08:00:02.282Z","type":"epl","status":"success","message":"EPL 프리미어리그 데이터 업데이트 완료"}
{"timestamp":"2025-08-13T08:00:03.268Z","type":"odds","status":"success","message":"High-priority odds update completed (30min interval)","priority":"medium","leagues":["NBA","MLB","KBO","NFL","프리미어리그"],"dynamicPriority":"low","oddsUpdated":20,"oddsDetail":{"totalUpdated":20,"newOdds":0,"existingOddsUpdated":20,"skippedOdds":1,"apiCalls":5,"categoriesProcessed":5}}
{"timestamp":"2025-08-13T08:00:05.681Z","type":"bets","status":"start","message":"Starting bet results update after game results"}
{"timestamp":"2025-08-13T08:00:05.692Z","type":"results","status":"success","message":"Game results and bet results update completed","gameResultsUpdated":0,"gameResultsDetail":{"totalUpdated":0,"newGames":0,"existingGamesUpdated":0,"skippedGames":0,"categoriesProcessed":13},"betResultsUpdated":0,"categoryCount":14}
{"timestamp":"2025-08-13T08:16:44.147Z","type":"monitor","status":"info","message":"Scheduler status check","isUpdatingResults":false,"isUpdatingOdds":false,"lastUpdateTime":"2025-08-13T08:00:05.691Z","activeCategories":["NBA","MLB","KBO","NFL","프리미어리그","MLS","KLEAGUE","JLEAGUE","SERIEA","BRASILEIRAO","ARGENTINA_PRIMERA","CSL","LALIGA","BUNDESLIGA"],"uptime":90482.005347584,"apiCallEstimate":"~28 calls per hour","memory":{"used":"89MB","total":"98MB"}}
{"timestamp":"2025-08-13T08:20:00.519Z","type":"results","status":"start","message":"Starting cost-efficient game results update","categoryCount":14}
{"timestamp":"2025-08-13T08:20:05.987Z","type":"bets","status":"start","message":"Starting bet results update after game results"}
{"timestamp":"2025-08-13T08:20:06.003Z","type":"results","status":"success","message":"Game results and bet results update completed","gameResultsUpdated":0,"gameResultsDetail":{"totalUpdated":0,"newGames":0,"existingGamesUpdated":0,"skippedGames":0,"categoriesProcessed":13},"betResultsUpdated":0,"categoryCount":14}
{"timestamp":"2025-08-13T08:30:00.655Z","type":"results","status":"start","message":"Starting cost-efficient game results update","categoryCount":14}
{"timestamp":"2025-08-13T08:30:00.659Z","type":"odds","status":"start","message":"Starting high-priority leagues odds update (30min interval)","priority":"high","leagues":["NBA","MLB","KBO","NFL","프리미어리그"]}
{"timestamp":"2025-08-13T08:30:00.662Z","type":"epl","status":"start","message":"EPL 프리미어리그 데이터 강제 업데이트"}
{"timestamp":"2025-08-13T08:30:03.075Z","type":"epl","status":"success","message":"EPL 프리미어리그 데이터 업데이트 완료"}
{"timestamp":"2025-08-13T08:30:03.885Z","type":"odds","status":"success","message":"High-priority odds update completed (30min interval)","priority":"medium","leagues":["NBA","MLB","KBO","NFL","프리미어리그"],"dynamicPriority":"low","oddsUpdated":20,"oddsDetail":{"totalUpdated":20,"newOdds":0,"existingOddsUpdated":20,"skippedOdds":1,"apiCalls":5,"categoriesProcessed":5}}
{"timestamp":"2025-08-13T08:30:06.371Z","type":"bets","status":"start","message":"Starting bet results update after game results"}
{"timestamp":"2025-08-13T08:30:06.382Z","type":"results","status":"success","message":"Game results and bet results update completed","gameResultsUpdated":0,"gameResultsDetail":{"totalUpdated":0,"newGames":0,"existingGamesUpdated":0,"skippedGames":0,"categoriesProcessed":13},"betResultsUpdated":0,"categoryCount":14}
{"timestamp":"2025-08-13T08:40:00.813Z","type":"results","status":"start","message":"Starting cost-efficient game results update","categoryCount":14}
{"timestamp":"2025-08-13T08:40:06.422Z","type":"bets","status":"start","message":"Starting bet results update after game results"}
{"timestamp":"2025-08-13T08:40:06.437Z","type":"results","status":"success","message":"Game results and bet results update completed","gameResultsUpdated":0,"gameResultsDetail":{"totalUpdated":0,"newGames":0,"existingGamesUpdated":0,"skippedGames":0,"categoriesProcessed":13},"betResultsUpdated":0,"categoryCount":14}
{"timestamp":"2025-08-13T08:50:00.969Z","type":"results","status":"start","message":"Starting cost-efficient game results update","categoryCount":14}
{"timestamp":"2025-08-13T08:50:06.860Z","type":"bets","status":"start","message":"Starting bet results update after game results"}
{"timestamp":"2025-08-13T08:50:06.868Z","type":"results","status":"success","message":"Game results and bet results update completed","gameResultsUpdated":0,"gameResultsDetail":{"totalUpdated":0,"newGames":0,"existingGamesUpdated":0,"skippedGames":0,"categoriesProcessed":13},"betResultsUpdated":0,"categoryCount":14}
{"timestamp":"2025-08-13T09:00:00.149Z","type":"results","status":"start","message":"Starting cost-efficient game results update","categoryCount":14}
{"timestamp":"2025-08-13T09:00:00.153Z","type":"odds","status":"start","message":"Starting high-priority leagues odds update (30min interval)","priority":"high","leagues":["NBA","MLB","KBO","NFL","프리미어리그"]}
{"timestamp":"2025-08-13T09:00:00.154Z","type":"odds","status":"start","message":"Starting medium-priority leagues odds update (2hour interval)","priority":"medium","leagues":["MLS","KLEAGUE","JLEAGUE","SERIEA"]}
{"timestamp":"2025-08-13T09:00:00.157Z","type":"epl","status":"start","message":"EPL 프리미어리그 데이터 강제 업데이트"}
{"timestamp":"2025-08-13T09:00:01.740Z","type":"odds","status":"success","message":"Medium-priority odds update completed (2hour interval)","priority":"medium","leagues":["MLS","KLEAGUE","JLEAGUE","SERIEA"],"dynamicPriority":"low","oddsUpdated":26,"oddsDetail":{"totalUpdated":26,"newOdds":0,"existingOddsUpdated":26,"skippedOdds":1,"apiCalls":4,"categoriesProcessed":4}}
{"timestamp":"2025-08-13T09:00:02.287Z","type":"epl","status":"success","message":"EPL 프리미어리그 데이터 업데이트 완료"}
{"timestamp":"2025-08-13T09:00:02.496Z","type":"odds","status":"success","message":"High-priority odds update completed (30min interval)","priority":"medium","leagues":["NBA","MLB","KBO","NFL","프리미어리그"],"dynamicPriority":"low","oddsUpdated":20,"oddsDetail":{"totalUpdated":20,"newOdds":0,"existingOddsUpdated":20,"skippedOdds":1,"apiCalls":5,"categoriesProcessed":5}}
{"timestamp":"2025-08-13T09:00:05.610Z","type":"bets","status":"start","message":"Starting bet results update after game results"}
{"timestamp":"2025-08-13T09:00:05.626Z","type":"results","status":"success","message":"Game results and bet results update completed","gameResultsUpdated":0,"gameResultsDetail":{"totalUpdated":0,"newGames":0,"existingGamesUpdated":0,"skippedGames":0,"categoriesProcessed":13},"betResultsUpdated":0,"categoryCount":14}
{"timestamp":"2025-08-13T09:10:00.289Z","type":"results","status":"start","message":"Starting cost-efficient game results update","categoryCount":14}
{"timestamp":"2025-08-13T09:10:06.740Z","type":"bets","status":"start","message":"Starting bet results update after game results"}
{"timestamp":"2025-08-13T09:10:06.750Z","type":"results","status":"success","message":"Game results and bet results update completed","gameResultsUpdated":0,"gameResultsDetail":{"totalUpdated":0,"newGames":0,"existingGamesUpdated":0,"skippedGames":0,"categoriesProcessed":13},"betResultsUpdated":0,"categoryCount":14}
{"timestamp":"2025-08-13T09:16:44.148Z","type":"monitor","status":"info","message":"Scheduler status check","isUpdatingResults":false,"isUpdatingOdds":false,"lastUpdateTime":"2025-08-13T09:10:06.750Z","activeCategories":["NBA","MLB","KBO","NFL","프리미어리그","MLS","KLEAGUE","JLEAGUE","SERIEA","BRASILEIRAO","ARGENTINA_PRIMERA","CSL","LALIGA","BUNDESLIGA"],"uptime":94082.006042792,"apiCallEstimate":"~28 calls per hour","memory":{"used":"92MB","total":"99MB"}}
{"timestamp":"2025-08-13T09:50:00.465Z","type":"results","status":"start","message":"Starting cost-efficient game results update","categoryCount":14}
{"timestamp":"2025-08-13T09:50:06.394Z","type":"bets","status":"start","message":"Starting bet results update after game results"}
{"timestamp":"2025-08-13T09:50:06.412Z","type":"results","status":"success","message":"Game results and bet results update completed","gameResultsUpdated":0,"gameResultsDetail":{"totalUpdated":0,"newGames":0,"existingGamesUpdated":0,"skippedGames":0,"categoriesProcessed":13},"betResultsUpdated":0,"categoryCount":14}
{"timestamp":"2025-08-13T10:00:00.601Z","type":"results","status":"start","message":"Starting cost-efficient game results update","categoryCount":14}
{"timestamp":"2025-08-13T10:00:00.604Z","type":"odds","status":"start","message":"Starting high-priority leagues odds update (30min interval)","priority":"high","leagues":["NBA","MLB","KBO","NFL","프리미어리그"]}
{"timestamp":"2025-08-13T10:00:00.608Z","type":"epl","status":"start","message":"EPL 프리미어리그 데이터 강제 업데이트"}
{"timestamp":"2025-08-13T10:00:02.416Z","type":"epl","status":"success","message":"EPL 프리미어리그 데이터 업데이트 완료"}
{"timestamp":"2025-08-13T10:00:03.361Z","type":"odds","status":"success","message":"High-priority odds update completed (30min interval)","priority":"medium","leagues":["NBA","MLB","KBO","NFL","프리미어리그"],"dynamicPriority":"low","oddsUpdated":17,"oddsDetail":{"totalUpdated":17,"newOdds":2,"existingOddsUpdated":15,"skippedOdds":1,"apiCalls":5,"categoriesProcessed":5}}
{"timestamp":"2025-08-13T10:00:07.179Z","type":"bets","status":"start","message":"Starting bet results update after game results"}
{"timestamp":"2025-08-13T10:00:07.189Z","type":"results","status":"success","message":"Game results and bet results update completed","gameResultsUpdated":0,"gameResultsDetail":{"totalUpdated":0,"newGames":0,"existingGamesUpdated":0,"skippedGames":0,"categoriesProcessed":13},"betResultsUpdated":0,"categoryCount":14}
{"timestamp":"2025-08-13T10:10:00.760Z","type":"results","status":"start","message":"Starting cost-efficient game results update","categoryCount":14}
{"timestamp":"2025-08-13T10:10:07.140Z","type":"bets","status":"start","message":"Starting bet results update after game results"}
{"timestamp":"2025-08-13T10:10:07.148Z","type":"results","status":"success","message":"Game results and bet results update completed","gameResultsUpdated":0,"gameResultsDetail":{"totalUpdated":0,"newGames":0,"existingGamesUpdated":0,"skippedGames":0,"categoriesProcessed":13},"betResultsUpdated":0,"categoryCount":14}
{"timestamp":"2025-08-13T10:16:44.124Z","type":"monitor","status":"info","message":"Scheduler status check","isUpdatingResults":false,"isUpdatingOdds":false,"lastUpdateTime":"2025-08-13T10:10:07.148Z","activeCategories":["NBA","MLB","KBO","NFL","프리미어리그","MLS","KLEAGUE","JLEAGUE","SERIEA","BRASILEIRAO","ARGENTINA_PRIMERA","CSL","LALIGA","BUNDESLIGA"],"uptime":97682.008285375,"apiCallEstimate":"~28 calls per hour","memory":{"used":"88MB","total":"97MB"}}
{"timestamp":"2025-08-13T10:20:00.918Z","type":"results","status":"start","message":"Starting cost-efficient game results update","categoryCount":14}
{"timestamp":"2025-08-13T10:20:06.190Z","type":"bets","status":"start","message":"Starting bet results update after game results"}
{"timestamp":"2025-08-13T10:20:06.201Z","type":"results","status":"success","message":"Game results and bet results update completed","gameResultsUpdated":0,"gameResultsDetail":{"totalUpdated":0,"newGames":0,"existingGamesUpdated":0,"skippedGames":0,"categoriesProcessed":13},"betResultsUpdated":0,"categoryCount":14}
{"timestamp":"2025-08-13T10:30:00.076Z","type":"results","status":"start","message":"Starting cost-efficient game results update","categoryCount":14}
{"timestamp":"2025-08-13T10:30:00.080Z","type":"odds","status":"start","message":"Starting high-priority leagues odds update (30min interval)","priority":"high","leagues":["NBA","MLB","KBO","NFL","프리미어리그"]}
{"timestamp":"2025-08-13T10:30:00.084Z","type":"epl","status":"start","message":"EPL 프리미어리그 데이터 강제 업데이트"}
{"timestamp":"2025-08-13T10:30:02.221Z","type":"epl","status":"success","message":"EPL 프리미어리그 데이터 업데이트 완료"}
{"timestamp":"2025-08-13T10:30:02.772Z","type":"odds","status":"success","message":"High-priority odds update completed (30min interval)","priority":"medium","leagues":["NBA","MLB","KBO","NFL","프리미어리그"],"dynamicPriority":"low","oddsUpdated":17,"oddsDetail":{"totalUpdated":17,"newOdds":0,"existingOddsUpdated":17,"skippedOdds":1,"apiCalls":5,"categoriesProcessed":5}}
{"timestamp":"2025-08-13T10:30:06.307Z","type":"bets","status":"start","message":"Starting bet results update after game results"}
{"timestamp":"2025-08-13T10:30:06.316Z","type":"results","status":"success","message":"Game results and bet results update completed","gameResultsUpdated":0,"gameResultsDetail":{"totalUpdated":0,"newGames":0,"existingGamesUpdated":0,"skippedGames":0,"categoriesProcessed":13},"betResultsUpdated":0,"categoryCount":14}
{"timestamp":"2025-08-13T10:40:00.204Z","type":"results","status":"start","message":"Starting cost-efficient game results update","categoryCount":14}
{"timestamp":"2025-08-13T10:40:06.318Z","type":"bets","status":"start","message":"Starting bet results update after game results"}
{"timestamp":"2025-08-13T10:40:06.328Z","type":"results","status":"success","message":"Game results and bet results update completed","gameResultsUpdated":0,"gameResultsDetail":{"totalUpdated":0,"newGames":0,"existingGamesUpdated":0,"skippedGames":0,"categoriesProcessed":13},"betResultsUpdated":0,"categoryCount":14}
{"timestamp":"2025-08-13T11:10:00.833Z","type":"results","status":"start","message":"Starting cost-efficient game results update","categoryCount":14}
{"timestamp":"2025-08-13T11:10:10.970Z","type":"bets","status":"start","message":"Starting bet results update after game results"}
{"timestamp":"2025-08-13T11:10:10.982Z","type":"results","status":"success","message":"Game results and bet results update completed","gameResultsUpdated":0,"gameResultsDetail":{"totalUpdated":0,"newGames":0,"existingGamesUpdated":0,"skippedGames":0,"categoriesProcessed":13},"betResultsUpdated":0,"categoryCount":14}
{"timestamp":"2025-08-13T11:16:44.153Z","type":"monitor","status":"info","message":"Scheduler status check","isUpdatingResults":false,"isUpdatingOdds":false,"lastUpdateTime":"2025-08-13T11:10:10.982Z","activeCategories":["NBA","MLB","KBO","NFL","프리미어리그","MLS","KLEAGUE","JLEAGUE","SERIEA","BRASILEIRAO","ARGENTINA_PRIMERA","CSL","LALIGA","BUNDESLIGA"],"uptime":101282.011111709,"apiCallEstimate":"~28 calls per hour","memory":{"used":"91MB","total":"99MB"}}
{"timestamp":"2025-08-13T11:20:00.019Z","type":"results","status":"start","message":"Starting cost-efficient game results update","categoryCount":14}
{"timestamp":"2025-08-13T11:20:08.483Z","type":"bets","status":"start","message":"Starting bet results update after game results"}
{"timestamp":"2025-08-13T11:20:08.493Z","type":"results","status":"success","message":"Game results and bet results update completed","gameResultsUpdated":0,"gameResultsDetail":{"totalUpdated":0,"newGames":0,"existingGamesUpdated":0,"skippedGames":0,"categoriesProcessed":13},"betResultsUpdated":0,"categoryCount":14}
{"timestamp":"2025-08-13T11:30:00.195Z","type":"results","status":"start","message":"Starting cost-efficient game results update","categoryCount":14}
{"timestamp":"2025-08-13T11:30:00.199Z","type":"odds","status":"start","message":"Starting high-priority leagues odds update (30min interval)","priority":"high","leagues":["NBA","MLB","KBO","NFL","프리미어리그"]}
{"timestamp":"2025-08-13T11:30:00.204Z","type":"epl","status":"start","message":"EPL 프리미어리그 데이터 강제 업데이트"}
{"timestamp":"2025-08-13T11:30:02.626Z","type":"odds","status":"success","message":"High-priority odds update completed (30min interval)","priority":"medium","leagues":["NBA","MLB","KBO","NFL","프리미어리그"],"dynamicPriority":"low","oddsUpdated":17,"oddsDetail":{"totalUpdated":17,"newOdds":0,"existingOddsUpdated":17,"skippedOdds":1,"apiCalls":5,"categoriesProcessed":5}}
{"timestamp":"2025-08-13T11:30:05.000Z","type":"epl","status":"success","message":"EPL 프리미어리그 데이터 업데이트 완료"}
{"timestamp":"2025-08-13T11:30:12.900Z","type":"bets","status":"start","message":"Starting bet results update after game results"}
{"timestamp":"2025-08-13T11:30:12.911Z","type":"results","status":"success","message":"Game results and bet results update completed","gameResultsUpdated":0,"gameResultsDetail":{"totalUpdated":0,"newGames":0,"existingGamesUpdated":0,"skippedGames":0,"categoriesProcessed":13},"betResultsUpdated":0,"categoryCount":14}
{"timestamp":"2025-08-13T11:40:00.317Z","type":"results","status":"start","message":"Starting cost-efficient game results update","categoryCount":14}
{"timestamp":"2025-08-13T11:40:08.118Z","type":"bets","status":"start","message":"Starting bet results update after game results"}
{"timestamp":"2025-08-13T11:40:08.129Z","type":"results","status":"success","message":"Game results and bet results update completed","gameResultsUpdated":0,"gameResultsDetail":{"totalUpdated":0,"newGames":0,"existingGamesUpdated":0,"skippedGames":0,"categoriesProcessed":13},"betResultsUpdated":0,"categoryCount":14}
{"timestamp":"2025-08-13T11:50:00.501Z","type":"results","status":"start","message":"Starting cost-efficient game results update","categoryCount":14}
{"timestamp":"2025-08-13T11:50:09.877Z","type":"bets","status":"start","message":"Starting bet results update after game results"}
{"timestamp":"2025-08-13T11:50:09.892Z","type":"results","status":"success","message":"Game results and bet results update completed","gameResultsUpdated":0,"gameResultsDetail":{"totalUpdated":0,"newGames":0,"existingGamesUpdated":0,"skippedGames":0,"categoriesProcessed":13},"betResultsUpdated":0,"categoryCount":14}
{"timestamp":"2025-08-13T12:00:00.675Z","type":"results","status":"start","message":"Starting cost-efficient game results update","categoryCount":14}
{"timestamp":"2025-08-13T12:00:00.678Z","type":"odds","status":"start","message":"Starting high-priority leagues odds update (30min interval)","priority":"high","leagues":["NBA","MLB","KBO","NFL","프리미어리그"]}
{"timestamp":"2025-08-13T12:00:00.683Z","type":"epl","status":"start","message":"EPL 프리미어리그 데이터 강제 업데이트"}
{"timestamp":"2025-08-13T12:00:03.692Z","type":"odds","status":"success","message":"High-priority odds update completed (30min interval)","priority":"medium","leagues":["NBA","MLB","KBO","NFL","프리미어리그"],"dynamicPriority":"low","oddsUpdated":17,"oddsDetail":{"totalUpdated":17,"newOdds":0,"existingOddsUpdated":17,"skippedOdds":1,"apiCalls":5,"categoriesProcessed":5}}
{"timestamp":"2025-08-13T12:00:04.196Z","type":"epl","status":"success","message":"EPL 프리미어리그 데이터 업데이트 완료"}
{"timestamp":"2025-08-13T12:00:07.745Z","type":"bets","status":"start","message":"Starting bet results update after game results"}
{"timestamp":"2025-08-13T12:00:07.756Z","type":"results","status":"success","message":"Game results and bet results update completed","gameResultsUpdated":0,"gameResultsDetail":{"totalUpdated":0,"newGames":0,"existingGamesUpdated":0,"skippedGames":0,"categoriesProcessed":13},"betResultsUpdated":0,"categoryCount":14}
{"timestamp":"2025-08-13T12:31:23.749Z","type":"monitor","status":"info","message":"Scheduler status check","isUpdatingResults":false,"isUpdatingOdds":false,"lastUpdateTime":"2025-08-13T12:00:07.756Z","activeCategories":["NBA","MLB","KBO","NFL","프리미어리그","MLS","KLEAGUE","JLEAGUE","SERIEA","BRASILEIRAO","ARGENTINA_PRIMERA","CSL","LALIGA","BUNDESLIGA"],"uptime":105761.712807167,"apiCallEstimate":"~28 calls per hour","memory":{"used":"86MB","total":"96MB"}}
{"timestamp":"2025-08-13T12:50:00.640Z","type":"results","status":"start","message":"Starting cost-efficient game results update","categoryCount":14}
{"timestamp":"2025-08-13T12:50:09.601Z","type":"bets","status":"start","message":"Starting bet results update after game results"}
{"timestamp":"2025-08-13T12:50:09.619Z","type":"results","status":"success","message":"Game results and bet results update completed","gameResultsUpdated":0,"gameResultsDetail":{"totalUpdated":0,"newGames":0,"existingGamesUpdated":0,"skippedGames":0,"categoriesProcessed":13},"betResultsUpdated":0,"categoryCount":14}
{"timestamp":"2025-08-13T13:00:00.817Z","type":"results","status":"start","message":"Starting cost-efficient game results update","categoryCount":14}
{"timestamp":"2025-08-13T13:00:00.821Z","type":"odds","status":"start","message":"Starting high-priority leagues odds update (30min interval)","priority":"high","leagues":["NBA","MLB","KBO","NFL","프리미어리그"]}
{"timestamp":"2025-08-13T13:00:00.823Z","type":"odds","status":"start","message":"Starting medium-priority leagues odds update (2hour interval)","priority":"medium","leagues":["MLS","KLEAGUE","JLEAGUE","SERIEA"]}
{"timestamp":"2025-08-13T13:00:00.826Z","type":"epl","status":"start","message":"EPL 프리미어리그 데이터 강제 업데이트"}
{"timestamp":"2025-08-13T13:00:02.982Z","type":"epl","status":"success","message":"EPL 프리미어리그 데이터 업데이트 완료"}
{"timestamp":"2025-08-13T13:00:03.104Z","type":"odds","status":"success","message":"High-priority odds update completed (30min interval)","priority":"medium","leagues":["NBA","MLB","KBO","NFL","프리미어리그"],"dynamicPriority":"low","oddsUpdated":15,"oddsDetail":{"totalUpdated":15,"newOdds":0,"existingOddsUpdated":15,"skippedOdds":1,"apiCalls":5,"categoriesProcessed":5}}
{"timestamp":"2025-08-13T13:00:03.158Z","type":"odds","status":"success","message":"Medium-priority odds update completed (2hour interval)","priority":"medium","leagues":["MLS","KLEAGUE","JLEAGUE","SERIEA"],"dynamicPriority":"low","oddsUpdated":58,"oddsDetail":{"totalUpdated":58,"newOdds":2,"existingOddsUpdated":56,"skippedOdds":0,"apiCalls":4,"categoriesProcessed":4}}
{"timestamp":"2025-08-13T13:00:09.021Z","type":"bets","status":"start","message":"Starting bet results update after game results"}
{"timestamp":"2025-08-13T13:00:09.033Z","type":"results","status":"success","message":"Game results and bet results update completed","gameResultsUpdated":0,"gameResultsDetail":{"totalUpdated":0,"newGames":0,"existingGamesUpdated":0,"skippedGames":0,"categoriesProcessed":13},"betResultsUpdated":0,"categoryCount":14}
{"timestamp":"2025-08-13T13:10:00.967Z","type":"results","status":"start","message":"Starting cost-efficient game results update","categoryCount":14}
{"timestamp":"2025-08-13T13:10:07.712Z","type":"bets","status":"start","message":"Starting bet results update after game results"}
{"timestamp":"2025-08-13T13:10:07.728Z","type":"results","status":"success","message":"Game results and bet results update completed","gameResultsUpdated":0,"gameResultsDetail":{"totalUpdated":0,"newGames":0,"existingGamesUpdated":0,"skippedGames":0,"categoriesProcessed":13},"betResultsUpdated":0,"categoryCount":14}
{"timestamp":"2025-08-13T13:20:00.110Z","type":"results","status":"start","message":"Starting cost-efficient game results update","categoryCount":14}
{"timestamp":"2025-08-13T13:20:10.494Z","type":"bets","status":"start","message":"Starting bet results update after game results"}
{"timestamp":"2025-08-13T13:20:10.510Z","type":"results","status":"success","message":"Game results and bet results update completed","gameResultsUpdated":0,"gameResultsDetail":{"totalUpdated":0,"newGames":0,"existingGamesUpdated":0,"skippedGames":0,"categoriesProcessed":13},"betResultsUpdated":0,"categoryCount":14}
{"timestamp":"2025-08-13T13:30:00.249Z","type":"results","status":"start","message":"Starting cost-efficient game results update","categoryCount":14}
{"timestamp":"2025-08-13T13:30:00.252Z","type":"odds","status":"start","message":"Starting high-priority leagues odds update (30min interval)","priority":"high","leagues":["NBA","MLB","KBO","NFL","프리미어리그"]}
{"timestamp":"2025-08-13T13:30:00.257Z","type":"epl","status":"start","message":"EPL 프리미어리그 데이터 강제 업데이트"}
{"timestamp":"2025-08-13T13:30:02.637Z","type":"odds","status":"success","message":"High-priority odds update completed (30min interval)","priority":"medium","leagues":["NBA","MLB","KBO","NFL","프리미어리그"],"dynamicPriority":"low","oddsUpdated":20,"oddsDetail":{"totalUpdated":20,"newOdds":5,"existingOddsUpdated":15,"skippedOdds":1,"apiCalls":5,"categoriesProcessed":5}}
{"timestamp":"2025-08-13T13:30:04.475Z","type":"epl","status":"success","message":"EPL 프리미어리그 데이터 업데이트 완료"}
{"timestamp":"2025-08-13T13:30:05.677Z","type":"bets","status":"start","message":"Starting bet results update after game results"}
{"timestamp":"2025-08-13T13:30:05.690Z","type":"results","status":"success","message":"Game results and bet results update completed","gameResultsUpdated":0,"gameResultsDetail":{"totalUpdated":0,"newGames":0,"existingGamesUpdated":0,"skippedGames":0,"categoriesProcessed":13},"betResultsUpdated":0,"categoryCount":14}
{"timestamp":"2025-08-13T13:31:21.613Z","type":"monitor","status":"info","message":"Scheduler status check","isUpdatingResults":false,"isUpdatingOdds":false,"lastUpdateTime":"2025-08-13T13:30:05.690Z","activeCategories":["NBA","MLB","KBO","NFL","프리미어리그","MLS","KLEAGUE","JLEAGUE","SERIEA","BRASILEIRAO","ARGENTINA_PRIMERA","CSL","LALIGA","BUNDESLIGA"],"uptime":109361.71334525,"apiCallEstimate":"~28 calls per hour","memory":{"used":"88MB","total":"100MB"}}
{"timestamp":"2025-08-13T13:40:00.532Z","type":"results","status":"start","message":"Starting cost-efficient game results update","categoryCount":14}
{"timestamp":"2025-08-13T13:40:29.865Z","type":"bets","status":"start","message":"Starting bet results update after game results"}
{"timestamp":"2025-08-13T13:40:29.876Z","type":"results","status":"success","message":"Game results and bet results update completed","gameResultsUpdated":0,"gameResultsDetail":{"totalUpdated":0,"newGames":0,"existingGamesUpdated":0,"skippedGames":0,"categoriesProcessed":13},"betResultsUpdated":0,"categoryCount":14}
{"timestamp":"2025-08-13T14:39:27.471Z","type":"monitor","status":"info","message":"Scheduler status check","isUpdatingResults":false,"isUpdatingOdds":false,"lastUpdateTime":"2025-08-13T13:40:29.876Z","activeCategories":["NBA","MLB","KBO","NFL","프리미어리그","MLS","KLEAGUE","JLEAGUE","SERIEA","BRASILEIRAO","ARGENTINA_PRIMERA","CSL","LALIGA","BUNDESLIGA"],"uptime":113445.356704084,"apiCallEstimate":"~28 calls per hour","memory":{"used":"91MB","total":"99MB"}}
{"timestamp":"2025-08-13T14:40:00.536Z","type":"results","status":"start","message":"Starting cost-efficient game results update","categoryCount":14}
{"timestamp":"2025-08-13T14:40:08.700Z","type":"bets","status":"start","message":"Starting bet results update after game results"}
{"timestamp":"2025-08-13T14:40:08.713Z","type":"results","status":"success","message":"Game results and bet results update completed","gameResultsUpdated":0,"gameResultsDetail":{"totalUpdated":0,"newGames":0,"existingGamesUpdated":0,"skippedGames":0,"categoriesProcessed":13},"betResultsUpdated":0,"categoryCount":14}
{"timestamp":"2025-08-13T14:50:00.679Z","type":"results","status":"start","message":"Starting cost-efficient game results update","categoryCount":14}
{"timestamp":"2025-08-13T14:50:12.626Z","type":"bets","status":"start","message":"Starting bet results update after game results"}
{"timestamp":"2025-08-13T14:50:12.638Z","type":"results","status":"success","message":"Game results and bet results update completed","gameResultsUpdated":0,"gameResultsDetail":{"totalUpdated":0,"newGames":0,"existingGamesUpdated":0,"skippedGames":0,"categoriesProcessed":13},"betResultsUpdated":0,"categoryCount":14}
{"timestamp":"2025-08-13T15:00:00.825Z","type":"results","status":"start","message":"Starting cost-efficient game results update","categoryCount":14}
{"timestamp":"2025-08-13T15:00:00.827Z","type":"odds","status":"start","message":"Starting high-priority leagues odds update (30min interval)","priority":"high","leagues":["NBA","MLB","KBO","NFL","프리미어리그"]}
{"timestamp":"2025-08-13T15:00:00.830Z","type":"odds","status":"start","message":"Starting medium-priority leagues odds update (2hour interval)","priority":"medium","leagues":["MLS","KLEAGUE","JLEAGUE","SERIEA"]}
{"timestamp":"2025-08-13T15:00:00.831Z","type":"odds","status":"start","message":"Starting low-priority leagues odds update (24hour interval)","priority":"low","leagues":["BRASILEIRAO","ARGENTINA_PRIMERA","CSL","LALIGA","BUNDESLIGA"]}
{"timestamp":"2025-08-13T15:00:00.834Z","type":"epl","status":"start","message":"EPL 프리미어리그 데이터 강제 업데이트"}
{"timestamp":"2025-08-13T15:00:03.498Z","type":"odds","status":"success","message":"Low-priority odds update completed (24hour interval)","priority":"low","leagues":["BRASILEIRAO","ARGENTINA_PRIMERA","CSL","LALIGA","BUNDESLIGA"],"dynamicPriority":"low","oddsUpdated":88,"oddsDetail":{"totalUpdated":88,"newOdds":2,"existingOddsUpdated":86,"skippedOdds":0,"apiCalls":5,"categoriesProcessed":5}}
{"timestamp":"2025-08-13T15:00:03.577Z","type":"epl","status":"success","message":"EPL 프리미어리그 데이터 업데이트 완료"}
{"timestamp":"2025-08-13T15:00:04.055Z","type":"odds","status":"success","message":"High-priority odds update completed (30min interval)","priority":"medium","leagues":["NBA","MLB","KBO","NFL","프리미어리그"],"dynamicPriority":"low","oddsUpdated":20,"oddsDetail":{"totalUpdated":20,"newOdds":0,"existingOddsUpdated":20,"skippedOdds":1,"apiCalls":5,"categoriesProcessed":5}}
{"timestamp":"2025-08-13T15:00:04.535Z","type":"odds","status":"success","message":"Medium-priority odds update completed (2hour interval)","priority":"medium","leagues":["MLS","KLEAGUE","JLEAGUE","SERIEA"],"dynamicPriority":"low","oddsUpdated":58,"oddsDetail":{"totalUpdated":58,"newOdds":0,"existingOddsUpdated":58,"skippedOdds":0,"apiCalls":4,"categoriesProcessed":4}}
{"timestamp":"2025-08-13T15:00:10.031Z","type":"bets","status":"start","message":"Starting bet results update after game results"}
{"timestamp":"2025-08-13T15:00:10.045Z","type":"results","status":"success","message":"Game results and bet results update completed","gameResultsUpdated":0,"gameResultsDetail":{"totalUpdated":0,"newGames":0,"existingGamesUpdated":0,"skippedGames":0,"categoriesProcessed":13},"betResultsUpdated":0,"categoryCount":14}
{"timestamp":"2025-08-13T15:10:00.937Z","type":"results","status":"start","message":"Starting cost-efficient game results update","categoryCount":14}
{"timestamp":"2025-08-13T15:10:10.826Z","type":"bets","status":"start","message":"Starting bet results update after game results"}
{"timestamp":"2025-08-13T15:10:10.838Z","type":"results","status":"success","message":"Game results and bet results update completed","gameResultsUpdated":0,"gameResultsDetail":{"totalUpdated":0,"newGames":0,"existingGamesUpdated":0,"skippedGames":0,"categoriesProcessed":13},"betResultsUpdated":0,"categoryCount":14}
{"timestamp":"2025-08-13T15:20:00.009Z","type":"results","status":"start","message":"Starting cost-efficient game results update","categoryCount":14}
{"timestamp":"2025-08-13T15:20:05.174Z","type":"bets","status":"start","message":"Starting bet results update after game results"}
{"timestamp":"2025-08-13T15:20:05.185Z","type":"results","status":"success","message":"Game results and bet results update completed","gameResultsUpdated":0,"gameResultsDetail":{"totalUpdated":0,"newGames":0,"existingGamesUpdated":0,"skippedGames":0,"categoriesProcessed":13},"betResultsUpdated":0,"categoryCount":14}
{"timestamp":"2025-08-13T15:30:00.129Z","type":"results","status":"start","message":"Starting cost-efficient game results update","categoryCount":14}
{"timestamp":"2025-08-13T15:30:00.133Z","type":"odds","status":"start","message":"Starting high-priority leagues odds update (30min interval)","priority":"high","leagues":["NBA","MLB","KBO","NFL","프리미어리그"]}
{"timestamp":"2025-08-13T15:30:00.136Z","type":"epl","status":"start","message":"EPL 프리미어리그 데이터 강제 업데이트"}
{"timestamp":"2025-08-13T15:30:03.210Z","type":"odds","status":"success","message":"High-priority odds update completed (30min interval)","priority":"medium","leagues":["NBA","MLB","KBO","NFL","프리미어리그"],"dynamicPriority":"low","oddsUpdated":20,"oddsDetail":{"totalUpdated":20,"newOdds":0,"existingOddsUpdated":20,"skippedOdds":1,"apiCalls":5,"categoriesProcessed":5}}
{"timestamp":"2025-08-13T15:30:04.012Z","type":"epl","status":"success","message":"EPL 프리미어리그 데이터 업데이트 완료"}
{"timestamp":"2025-08-13T15:30:10.846Z","type":"bets","status":"start","message":"Starting bet results update after game results"}
{"timestamp":"2025-08-13T15:30:10.861Z","type":"results","status":"success","message":"Game results and bet results update completed","gameResultsUpdated":0,"gameResultsDetail":{"totalUpdated":0,"newGames":0,"existingGamesUpdated":0,"skippedGames":0,"categoriesProcessed":13},"betResultsUpdated":0,"categoryCount":14}
{"timestamp":"2025-08-13T15:39:27.350Z","type":"monitor","status":"info","message":"Scheduler status check","isUpdatingResults":false,"isUpdatingOdds":false,"lastUpdateTime":"2025-08-13T15:30:10.861Z","activeCategories":["NBA","MLB","KBO","NFL","프리미어리그","MLS","KLEAGUE","JLEAGUE","SERIEA","BRASILEIRAO","ARGENTINA_PRIMERA","CSL","LALIGA","BUNDESLIGA"],"uptime":117045.357060375,"apiCallEstimate":"~28 calls per hour","memory":{"used":"90MB","total":"100MB"}}
{"timestamp":"2025-08-13T16:00:00.262Z","type":"results","status":"start","message":"Starting cost-efficient game results update","categoryCount":14}
{"timestamp":"2025-08-13T16:00:00.266Z","type":"odds","status":"start","message":"Starting high-priority leagues odds update (30min interval)","priority":"high","leagues":["NBA","MLB","KBO","NFL","프리미어리그"]}
{"timestamp":"2025-08-13T16:00:00.270Z","type":"epl","status":"start","message":"EPL 프리미어리그 데이터 강제 업데이트"}
{"timestamp":"2025-08-13T16:00:04.151Z","type":"odds","status":"success","message":"High-priority odds update completed (30min interval)","priority":"medium","leagues":["NBA","MLB","KBO","NFL","프리미어리그"],"dynamicPriority":"low","oddsUpdated":20,"oddsDetail":{"totalUpdated":20,"newOdds":0,"existingOddsUpdated":20,"skippedOdds":1,"apiCalls":5,"categoriesProcessed":5}}
{"timestamp":"2025-08-13T16:00:05.268Z","type":"epl","status":"success","message":"EPL 프리미어리그 데이터 업데이트 완료"}
{"timestamp":"2025-08-13T16:00:08.323Z","type":"bets","status":"start","message":"Starting bet results update after game results"}
{"timestamp":"2025-08-13T16:00:08.333Z","type":"results","status":"success","message":"Game results and bet results update completed","gameResultsUpdated":0,"gameResultsDetail":{"totalUpdated":0,"newGames":0,"existingGamesUpdated":0,"skippedGames":0,"categoriesProcessed":13},"betResultsUpdated":0,"categoryCount":14}
{"timestamp":"2025-08-13T16:10:00.423Z","type":"results","status":"start","message":"Starting cost-efficient game results update","categoryCount":14}
{"timestamp":"2025-08-13T16:10:11.784Z","type":"bets","status":"start","message":"Starting bet results update after game results"}
{"timestamp":"2025-08-13T16:10:11.800Z","type":"results","status":"success","message":"Game results and bet results update completed","gameResultsUpdated":0,"gameResultsDetail":{"totalUpdated":0,"newGames":0,"existingGamesUpdated":0,"skippedGames":0,"categoriesProcessed":13},"betResultsUpdated":0,"categoryCount":14}
{"timestamp":"2025-08-13T16:20:00.579Z","type":"results","status":"start","message":"Starting cost-efficient game results update","categoryCount":14}
{"timestamp":"2025-08-13T16:20:07.237Z","type":"bets","status":"start","message":"Starting bet results update after game results"}
{"timestamp":"2025-08-13T16:20:07.249Z","type":"results","status":"success","message":"Game results and bet results update completed","gameResultsUpdated":0,"gameResultsDetail":{"totalUpdated":0,"newGames":0,"existingGamesUpdated":0,"skippedGames":0,"categoriesProcessed":13},"betResultsUpdated":0,"categoryCount":14}
{"timestamp":"2025-08-13T16:30:00.773Z","type":"results","status":"start","message":"Starting cost-efficient game results update","categoryCount":14}
{"timestamp":"2025-08-13T16:30:00.777Z","type":"odds","status":"start","message":"Starting high-priority leagues odds update (30min interval)","priority":"high","leagues":["NBA","MLB","KBO","NFL","프리미어리그"]}
{"timestamp":"2025-08-13T16:30:00.780Z","type":"epl","status":"start","message":"EPL 프리미어리그 데이터 강제 업데이트"}
{"timestamp":"2025-08-13T16:30:04.274Z","type":"odds","status":"success","message":"High-priority odds update completed (30min interval)","priority":"medium","leagues":["NBA","MLB","KBO","NFL","프리미어리그"],"dynamicPriority":"low","oddsUpdated":20,"oddsDetail":{"totalUpdated":20,"newOdds":0,"existingOddsUpdated":20,"skippedOdds":1,"apiCalls":5,"categoriesProcessed":5}}
{"timestamp":"2025-08-13T16:30:04.647Z","type":"epl","status":"success","message":"EPL 프리미어리그 데이터 업데이트 완료"}
{"timestamp":"2025-08-13T16:30:06.889Z","type":"bets","status":"start","message":"Starting bet results update after game results"}
{"timestamp":"2025-08-13T16:30:06.904Z","type":"results","status":"success","message":"Game results and bet results update completed","gameResultsUpdated":0,"gameResultsDetail":{"totalUpdated":0,"newGames":0,"existingGamesUpdated":0,"skippedGames":0,"categoriesProcessed":13},"betResultsUpdated":0,"categoryCount":14}
{"timestamp":"2025-08-13T16:39:27.489Z","type":"monitor","status":"info","message":"Scheduler status check","isUpdatingResults":false,"isUpdatingOdds":false,"lastUpdateTime":"2025-08-13T16:30:06.904Z","activeCategories":["NBA","MLB","KBO","NFL","프리미어리그","MLS","KLEAGUE","JLEAGUE","SERIEA","BRASILEIRAO","ARGENTINA_PRIMERA","CSL","LALIGA","BUNDESLIGA"],"uptime":120645.360500875,"apiCallEstimate":"~28 calls per hour","memory":{"used":"88MB","total":"99MB"}}
{"timestamp":"2025-08-13T16:40:00.043Z","type":"results","status":"start","message":"Starting cost-efficient game results update","categoryCount":14}
{"timestamp":"2025-08-13T16:40:06.852Z","type":"bets","status":"start","message":"Starting bet results update after game results"}
{"timestamp":"2025-08-13T16:40:06.863Z","type":"results","status":"success","message":"Game results and bet results update completed","gameResultsUpdated":0,"gameResultsDetail":{"totalUpdated":0,"newGames":0,"existingGamesUpdated":0,"skippedGames":0,"categoriesProcessed":13},"betResultsUpdated":0,"categoryCount":14}
{"timestamp":"2025-08-13T16:50:00.264Z","type":"results","status":"start","message":"Starting cost-efficient game results update","categoryCount":14}
{"timestamp":"2025-08-13T16:50:06.123Z","type":"bets","status":"start","message":"Starting bet results update after game results"}
{"timestamp":"2025-08-13T16:50:06.138Z","type":"results","status":"success","message":"Game results and bet results update completed","gameResultsUpdated":0,"gameResultsDetail":{"totalUpdated":0,"newGames":0,"existingGamesUpdated":0,"skippedGames":0,"categoriesProcessed":13},"betResultsUpdated":0,"categoryCount":14}
{"timestamp":"2025-08-13T17:44:51.054Z","type":"monitor","status":"info","message":"Scheduler status check","isUpdatingResults":false,"isUpdatingOdds":false,"lastUpdateTime":"2025-08-13T16:50:06.137Z","activeCategories":["NBA","MLB","KBO","NFL","프리미어리그","MLS","KLEAGUE","JLEAGUE","SERIEA","BRASILEIRAO","ARGENTINA_PRIMERA","CSL","LALIGA","BUNDESLIGA"],"uptime":124568.98887125,"apiCallEstimate":"~28 calls per hour","memory":{"used":"91MB","total":"99MB"}}
{"timestamp":"2025-08-13T17:50:00.626Z","type":"results","status":"start","message":"Starting cost-efficient game results update","categoryCount":14}
{"timestamp":"2025-08-13T17:50:05.753Z","type":"bets","status":"start","message":"Starting bet results update after game results"}
{"timestamp":"2025-08-13T17:50:05.761Z","type":"results","status":"success","message":"Game results and bet results update completed","gameResultsUpdated":0,"gameResultsDetail":{"totalUpdated":0,"newGames":0,"existingGamesUpdated":0,"skippedGames":0,"categoriesProcessed":13},"betResultsUpdated":0,"categoryCount":14}
{"timestamp":"2025-08-13T18:00:00.698Z","type":"results","status":"start","message":"Starting cost-efficient game results update","categoryCount":14}
{"timestamp":"2025-08-13T18:00:00.700Z","type":"odds","status":"start","message":"Starting high-priority leagues odds update (30min interval)","priority":"high","leagues":["NBA","MLB","KBO","NFL","프리미어리그"]}
{"timestamp":"2025-08-13T18:00:00.702Z","type":"security_audit","status":"start","message":"Starting daily PaymentHistory security audit"}
{"timestamp":"2025-08-13T18:00:00.706Z","type":"epl","status":"start","message":"EPL 프리미어리그 데이터 강제 업데이트"}
{"timestamp":"2025-08-13T18:00:00.711Z","type":"security_audit","status":"warning","message":"Suspicious payment patterns detected","suspiciousUsers":1,"details":[{"userId":"14ffe740-4cfd-4611-99a4-b66b3d7bc6be","paymentCount":"263","totalAmount":"46196187.32"}]}
{"timestamp":"2025-08-13T18:00:02.264Z","type":"epl","status":"success","message":"EPL 프리미어리그 데이터 업데이트 완료"}
{"timestamp":"2025-08-13T18:00:03.970Z","type":"odds","status":"success","message":"High-priority odds update completed (30min interval)","priority":"medium","leagues":["NBA","MLB","KBO","NFL","프리미어리그"],"dynamicPriority":"low","oddsUpdated":23,"oddsDetail":{"totalUpdated":23,"newOdds":3,"existingOddsUpdated":20,"skippedOdds":1,"apiCalls":5,"categoriesProcessed":5}}
{"timestamp":"2025-08-13T18:00:07.247Z","type":"bets","status":"start","message":"Starting bet results update after game results"}
{"timestamp":"2025-08-13T18:00:07.258Z","type":"results","status":"success","message":"Game results and bet results update completed","gameResultsUpdated":0,"gameResultsDetail":{"totalUpdated":0,"newGames":0,"existingGamesUpdated":0,"skippedGames":0,"categoriesProcessed":13},"betResultsUpdated":0,"categoryCount":14}
{"timestamp":"2025-08-13T18:10:00.768Z","type":"results","status":"start","message":"Starting cost-efficient game results update","categoryCount":14}
{"timestamp":"2025-08-13T18:10:07.006Z","type":"bets","status":"start","message":"Starting bet results update after game results"}
{"timestamp":"2025-08-13T18:10:07.014Z","type":"results","status":"success","message":"Game results and bet results update completed","gameResultsUpdated":0,"gameResultsDetail":{"totalUpdated":0,"newGames":0,"existingGamesUpdated":0,"skippedGames":0,"categoriesProcessed":13},"betResultsUpdated":0,"categoryCount":14}
{"timestamp":"2025-08-13T18:20:00.924Z","type":"results","status":"start","message":"Starting cost-efficient game results update","categoryCount":14}
{"timestamp":"2025-08-13T18:20:06.012Z","type":"bets","status":"start","message":"Starting bet results update after game results"}
{"timestamp":"2025-08-13T18:20:06.020Z","type":"results","status":"success","message":"Game results and bet results update completed","gameResultsUpdated":0,"gameResultsDetail":{"totalUpdated":0,"newGames":0,"existingGamesUpdated":0,"skippedGames":0,"categoriesProcessed":13},"betResultsUpdated":0,"categoryCount":14}
{"timestamp":"2025-08-13T18:30:00.004Z","type":"results","status":"start","message":"Starting cost-efficient game results update","categoryCount":14}
{"timestamp":"2025-08-13T18:30:00.007Z","type":"odds","status":"start","message":"Starting high-priority leagues odds update (30min interval)","priority":"high","leagues":["NBA","MLB","KBO","NFL","프리미어리그"]}
{"timestamp":"2025-08-13T18:30:00.009Z","type":"epl","status":"start","message":"EPL 프리미어리그 데이터 강제 업데이트"}
{"timestamp":"2025-08-13T18:30:03.037Z","type":"epl","status":"success","message":"EPL 프리미어리그 데이터 업데이트 완료"}
{"timestamp":"2025-08-13T18:30:03.260Z","type":"odds","status":"success","message":"High-priority odds update completed (30min interval)","priority":"medium","leagues":["NBA","MLB","KBO","NFL","프리미어리그"],"dynamicPriority":"low","oddsUpdated":25,"oddsDetail":{"totalUpdated":25,"newOdds":5,"existingOddsUpdated":20,"skippedOdds":1,"apiCalls":5,"categoriesProcessed":5}}
{"timestamp":"2025-08-13T18:30:04.327Z","type":"bets","status":"start","message":"Starting bet results update after game results"}
{"timestamp":"2025-08-13T18:30:04.335Z","type":"results","status":"success","message":"Game results and bet results update completed","gameResultsUpdated":0,"gameResultsDetail":{"totalUpdated":0,"newGames":0,"existingGamesUpdated":0,"skippedGames":0,"categoriesProcessed":13},"betResultsUpdated":0,"categoryCount":14}
{"timestamp":"2025-08-13T18:40:00.083Z","type":"results","status":"start","message":"Starting cost-efficient game results update","categoryCount":14}
{"timestamp":"2025-08-13T18:40:05.450Z","type":"bets","status":"start","message":"Starting bet results update after game results"}
{"timestamp":"2025-08-13T18:40:05.458Z","type":"results","status":"success","message":"Game results and bet results update completed","gameResultsUpdated":0,"gameResultsDetail":{"totalUpdated":0,"newGames":0,"existingGamesUpdated":0,"skippedGames":0,"categoriesProcessed":13},"betResultsUpdated":0,"categoryCount":14}
{"timestamp":"2025-08-13T18:44:51.125Z","type":"monitor","status":"info","message":"Scheduler status check","isUpdatingResults":false,"isUpdatingOdds":false,"lastUpdateTime":"2025-08-13T18:40:05.458Z","activeCategories":["NBA","MLB","KBO","NFL","프리미어리그","MLS","KLEAGUE","JLEAGUE","SERIEA","BRASILEIRAO","ARGENTINA_PRIMERA","CSL","LALIGA","BUNDESLIGA"],"uptime":128168.990945584,"apiCallEstimate":"~28 calls per hour","memory":{"used":"91MB","total":"98MB"}}
{"timestamp":"2025-08-13T19:20:00.873Z","type":"results","status":"start","message":"Starting cost-efficient game results update","categoryCount":14}
{"timestamp":"2025-08-13T19:20:05.916Z","type":"bets","status":"start","message":"Starting bet results update after game results"}
{"timestamp":"2025-08-13T19:20:05.938Z","type":"results","status":"success","message":"Game results and bet results update completed","gameResultsUpdated":0,"gameResultsDetail":{"totalUpdated":0,"newGames":0,"existingGamesUpdated":0,"skippedGames":0,"categoriesProcessed":13},"betResultsUpdated":0,"categoryCount":14}
{"timestamp":"2025-08-13T19:55:52.460Z","type":"monitor","status":"info","message":"Scheduler status check","isUpdatingResults":false,"isUpdatingOdds":false,"lastUpdateTime":"2025-08-13T19:20:05.938Z","activeCategories":["NBA","MLB","KBO","NFL","프리미어리그","MLS","KLEAGUE","JLEAGUE","SERIEA","BRASILEIRAO","ARGENTINA_PRIMERA","CSL","LALIGA","BUNDESLIGA"],"uptime":132430.355770917,"apiCallEstimate":"~28 calls per hour","memory":{"used":"86MB","total":"99MB"}}
{"timestamp":"2025-08-13T20:00:00.939Z","type":"results","status":"start","message":"Starting cost-efficient game results update","categoryCount":14}
{"timestamp":"2025-08-13T20:00:00.943Z","type":"odds","status":"start","message":"Starting high-priority leagues odds update (30min interval)","priority":"high","leagues":["NBA","MLB","KBO","NFL","프리미어리그"]}
{"timestamp":"2025-08-13T20:00:00.947Z","type":"epl","status":"start","message":"EPL 프리미어리그 데이터 강제 업데이트"}
{"timestamp":"2025-08-13T20:00:03.846Z","type":"epl","status":"success","message":"EPL 프리미어리그 데이터 업데이트 완료"}
{"timestamp":"2025-08-13T20:00:04.285Z","type":"odds","status":"success","message":"High-priority odds update completed (30min interval)","priority":"medium","leagues":["NBA","MLB","KBO","NFL","프리미어리그"],"dynamicPriority":"low","oddsUpdated":26,"oddsDetail":{"totalUpdated":26,"newOdds":2,"existingOddsUpdated":24,"skippedOdds":1,"apiCalls":5,"categoriesProcessed":5}}
{"timestamp":"2025-08-13T20:00:05.273Z","type":"bets","status":"start","message":"Starting bet results update after game results"}
{"timestamp":"2025-08-13T20:00:05.284Z","type":"results","status":"success","message":"Game results and bet results update completed","gameResultsUpdated":0,"gameResultsDetail":{"totalUpdated":0,"newGames":0,"existingGamesUpdated":0,"skippedGames":0,"categoriesProcessed":13},"betResultsUpdated":0,"categoryCount":14}
{"timestamp":"2025-08-13T20:10:00.104Z","type":"results","status":"start","message":"Starting cost-efficient game results update","categoryCount":14}
{"timestamp":"2025-08-13T20:10:05.164Z","type":"bets","status":"start","message":"Starting bet results update after game results"}
{"timestamp":"2025-08-13T20:10:05.181Z","type":"results","status":"success","message":"Game results and bet results update completed","gameResultsUpdated":0,"gameResultsDetail":{"totalUpdated":0,"newGames":0,"existingGamesUpdated":0,"skippedGames":0,"categoriesProcessed":13},"betResultsUpdated":0,"categoryCount":14}
{"timestamp":"2025-08-13T20:20:00.274Z","type":"results","status":"start","message":"Starting cost-efficient game results update","categoryCount":14}
{"timestamp":"2025-08-13T20:20:05.943Z","type":"bets","status":"start","message":"Starting bet results update after game results"}
{"timestamp":"2025-08-13T20:20:05.954Z","type":"results","status":"success","message":"Game results and bet results update completed","gameResultsUpdated":0,"gameResultsDetail":{"totalUpdated":0,"newGames":0,"existingGamesUpdated":0,"skippedGames":0,"categoriesProcessed":13},"betResultsUpdated":0,"categoryCount":14}
{"timestamp":"2025-08-13T20:30:00.457Z","type":"results","status":"start","message":"Starting cost-efficient game results update","categoryCount":14}
{"timestamp":"2025-08-13T20:30:00.461Z","type":"odds","status":"start","message":"Starting high-priority leagues odds update (30min interval)","priority":"high","leagues":["NBA","MLB","KBO","NFL","프리미어리그"]}
{"timestamp":"2025-08-13T20:30:00.465Z","type":"epl","status":"start","message":"EPL 프리미어리그 데이터 강제 업데이트"}
{"timestamp":"2025-08-13T20:30:02.047Z","type":"epl","status":"success","message":"EPL 프리미어리그 데이터 업데이트 완료"}
{"timestamp":"2025-08-13T20:30:03.463Z","type":"odds","status":"success","message":"High-priority odds update completed (30min interval)","priority":"medium","leagues":["NBA","MLB","KBO","NFL","프리미어리그"],"dynamicPriority":"low","oddsUpdated":27,"oddsDetail":{"totalUpdated":27,"newOdds":2,"existingOddsUpdated":25,"skippedOdds":1,"apiCalls":5,"categoriesProcessed":5}}
{"timestamp":"2025-08-13T20:30:04.977Z","type":"bets","status":"start","message":"Starting bet results update after game results"}
{"timestamp":"2025-08-13T20:30:04.988Z","type":"results","status":"success","message":"Game results and bet results update completed","gameResultsUpdated":0,"gameResultsDetail":{"totalUpdated":0,"newGames":0,"existingGamesUpdated":0,"skippedGames":0,"categoriesProcessed":13},"betResultsUpdated":0,"categoryCount":14}
{"timestamp":"2025-08-13T20:40:00.649Z","type":"results","status":"start","message":"Starting cost-efficient game results update","categoryCount":14}
{"timestamp":"2025-08-13T20:40:05.785Z","type":"bets","status":"start","message":"Starting bet results update after game results"}
{"timestamp":"2025-08-13T20:40:05.801Z","type":"results","status":"success","message":"Game results and bet results update completed","gameResultsUpdated":0,"gameResultsDetail":{"totalUpdated":0,"newGames":0,"existingGamesUpdated":0,"skippedGames":0,"categoriesProcessed":13},"betResultsUpdated":0,"categoryCount":14}
{"timestamp":"2025-08-13T20:50:00.820Z","type":"results","status":"start","message":"Starting cost-efficient game results update","categoryCount":14}
{"timestamp":"2025-08-13T20:50:06.896Z","type":"bets","status":"start","message":"Starting bet results update after game results"}
{"timestamp":"2025-08-13T20:50:06.906Z","type":"results","status":"success","message":"Game results and bet results update completed","gameResultsUpdated":0,"gameResultsDetail":{"totalUpdated":0,"newGames":0,"existingGamesUpdated":0,"skippedGames":0,"categoriesProcessed":13},"betResultsUpdated":0,"categoryCount":14}
{"timestamp":"2025-08-13T20:55:52.465Z","type":"monitor","status":"info","message":"Scheduler status check","isUpdatingResults":false,"isUpdatingOdds":false,"lastUpdateTime":"2025-08-13T20:50:06.906Z","activeCategories":["NBA","MLB","KBO","NFL","프리미어리그","MLS","KLEAGUE","JLEAGUE","SERIEA","BRASILEIRAO","ARGENTINA_PRIMERA","CSL","LALIGA","BUNDESLIGA"],"uptime":136030.358645292,"apiCallEstimate":"~28 calls per hour","memory":{"used":"92MB","total":"98MB"}}
{"timestamp":"2025-08-13T21:20:00.108Z","type":"results","status":"start","message":"Starting cost-efficient game results update","categoryCount":14}
{"timestamp":"2025-08-13T21:20:06.981Z","type":"bets","status":"start","message":"Starting bet results update after game results"}
{"timestamp":"2025-08-13T21:20:06.994Z","type":"results","status":"success","message":"Game results and bet results update completed","gameResultsUpdated":0,"gameResultsDetail":{"totalUpdated":0,"newGames":0,"existingGamesUpdated":0,"skippedGames":0,"categoriesProcessed":13},"betResultsUpdated":0,"categoryCount":14}
{"timestamp":"2025-08-13T21:30:00.146Z","type":"results","status":"start","message":"Starting cost-efficient game results update","categoryCount":14}
{"timestamp":"2025-08-13T21:30:00.149Z","type":"odds","status":"start","message":"Starting high-priority leagues odds update (30min interval)","priority":"high","leagues":["NBA","MLB","KBO","NFL","프리미어리그"]}
{"timestamp":"2025-08-13T21:30:00.151Z","type":"epl","status":"start","message":"EPL 프리미어리그 데이터 강제 업데이트"}
{"timestamp":"2025-08-13T21:30:02.635Z","type":"odds","status":"success","message":"High-priority odds update completed (30min interval)","priority":"medium","leagues":["NBA","MLB","KBO","NFL","프리미어리그"],"dynamicPriority":"low","oddsUpdated":23,"oddsDetail":{"totalUpdated":23,"newOdds":1,"existingOddsUpdated":22,"skippedOdds":1,"apiCalls":5,"categoriesProcessed":5}}
{"timestamp":"2025-08-13T21:30:04.995Z","type":"epl","status":"success","message":"EPL 프리미어리그 데이터 업데이트 완료"}
{"timestamp":"2025-08-13T21:30:05.054Z","type":"bets","status":"start","message":"Starting bet results update after game results"}
{"timestamp":"2025-08-13T21:30:05.062Z","type":"results","status":"success","message":"Game results and bet results update completed","gameResultsUpdated":0,"gameResultsDetail":{"totalUpdated":0,"newGames":0,"existingGamesUpdated":0,"skippedGames":0,"categoriesProcessed":13},"betResultsUpdated":0,"categoryCount":14}
{"timestamp":"2025-08-13T21:40:00.204Z","type":"results","status":"start","message":"Starting cost-efficient game results update","categoryCount":14}
{"timestamp":"2025-08-13T21:40:06.811Z","type":"bets","status":"start","message":"Starting bet results update after game results"}
{"timestamp":"2025-08-13T21:40:06.823Z","type":"results","status":"success","message":"Game results and bet results update completed","gameResultsUpdated":0,"gameResultsDetail":{"totalUpdated":0,"newGames":0,"existingGamesUpdated":0,"skippedGames":0,"categoriesProcessed":13},"betResultsUpdated":0,"categoryCount":14}
{"timestamp":"2025-08-13T21:50:00.246Z","type":"results","status":"start","message":"Starting cost-efficient game results update","categoryCount":14}
{"timestamp":"2025-08-13T21:50:06.978Z","type":"bets","status":"start","message":"Starting bet results update after game results"}
{"timestamp":"2025-08-13T21:50:06.986Z","type":"results","status":"success","message":"Game results and bet results update completed","gameResultsUpdated":0,"gameResultsDetail":{"totalUpdated":0,"newGames":0,"existingGamesUpdated":0,"skippedGames":0,"categoriesProcessed":13},"betResultsUpdated":0,"categoryCount":14}
{"timestamp":"2025-08-13T21:55:52.460Z","type":"monitor","status":"info","message":"Scheduler status check","isUpdatingResults":false,"isUpdatingOdds":false,"lastUpdateTime":"2025-08-13T21:50:06.986Z","activeCategories":["NBA","MLB","KBO","NFL","프리미어리그","MLS","KLEAGUE","JLEAGUE","SERIEA","BRASILEIRAO","ARGENTINA_PRIMERA","CSL","LALIGA","BUNDESLIGA"],"uptime":139630.359156625,"apiCallEstimate":"~28 calls per hour","memory":{"used":"86MB","total":"98MB"}}
{"timestamp":"2025-08-13T22:00:00.317Z","type":"results","status":"start","message":"Starting cost-efficient game results update","categoryCount":14}
{"timestamp":"2025-08-13T22:00:00.319Z","type":"odds","status":"start","message":"Starting high-priority leagues odds update (30min interval)","priority":"high","leagues":["NBA","MLB","KBO","NFL","프리미어리그"]}
{"timestamp":"2025-08-13T22:00:00.322Z","type":"epl","status":"start","message":"EPL 프리미어리그 데이터 강제 업데이트"}
{"timestamp":"2025-08-13T22:00:03.488Z","type":"epl","status":"success","message":"EPL 프리미어리그 데이터 업데이트 완료"}
{"timestamp":"2025-08-13T22:00:03.739Z","type":"odds","status":"success","message":"High-priority odds update completed (30min interval)","priority":"medium","leagues":["NBA","MLB","KBO","NFL","프리미어리그"],"dynamicPriority":"low","oddsUpdated":22,"oddsDetail":{"totalUpdated":22,"newOdds":1,"existingOddsUpdated":21,"skippedOdds":1,"apiCalls":5,"categoriesProcessed":5}}
{"timestamp":"2025-08-13T22:00:05.406Z","type":"bets","status":"start","message":"Starting bet results update after game results"}
{"timestamp":"2025-08-13T22:00:05.415Z","type":"results","status":"success","message":"Game results and bet results update completed","gameResultsUpdated":0,"gameResultsDetail":{"totalUpdated":0,"newGames":0,"existingGamesUpdated":0,"skippedGames":0,"categoriesProcessed":13},"betResultsUpdated":0,"categoryCount":14}
{"timestamp":"2025-08-13T22:10:00.393Z","type":"results","status":"start","message":"Starting cost-efficient game results update","categoryCount":14}
{"timestamp":"2025-08-13T22:10:06.093Z","type":"bets","status":"start","message":"Starting bet results update after game results"}
{"timestamp":"2025-08-13T22:10:06.105Z","type":"results","status":"success","message":"Game results and bet results update completed","gameResultsUpdated":0,"gameResultsDetail":{"totalUpdated":0,"newGames":0,"existingGamesUpdated":0,"skippedGames":0,"categoriesProcessed":13},"betResultsUpdated":0,"categoryCount":14}
{"timestamp":"2025-08-13T22:30:00.086Z","type":"results","status":"start","message":"Starting cost-efficient game results update","categoryCount":14}
{"timestamp":"2025-08-13T22:30:00.088Z","type":"odds","status":"start","message":"Starting high-priority leagues odds update (30min interval)","priority":"high","leagues":["NBA","MLB","KBO","NFL","프리미어리그"]}
{"timestamp":"2025-08-13T22:30:00.090Z","type":"epl","status":"start","message":"EPL 프리미어리그 데이터 강제 업데이트"}
{"timestamp":"2025-08-13T22:30:02.232Z","type":"epl","status":"success","message":"EPL 프리미어리그 데이터 업데이트 완료"}
{"timestamp":"2025-08-13T22:30:03.458Z","type":"odds","status":"success","message":"High-priority odds update completed (30min interval)","priority":"medium","leagues":["NBA","MLB","KBO","NFL","프리미어리그"],"dynamicPriority":"low","oddsUpdated":22,"oddsDetail":{"totalUpdated":22,"newOdds":4,"existingOddsUpdated":18,"skippedOdds":1,"apiCalls":5,"categoriesProcessed":5}}
{"timestamp":"2025-08-13T22:30:05.272Z","type":"bets","status":"start","message":"Starting bet results update after game results"}
{"timestamp":"2025-08-13T22:30:05.283Z","type":"results","status":"success","message":"Game results and bet results update completed","gameResultsUpdated":0,"gameResultsDetail":{"totalUpdated":0,"newGames":0,"existingGamesUpdated":0,"skippedGames":0,"categoriesProcessed":13},"betResultsUpdated":0,"categoryCount":14}
{"timestamp":"2025-08-13T22:40:00.176Z","type":"results","status":"start","message":"Starting cost-efficient game results update","categoryCount":14}
{"timestamp":"2025-08-13T22:40:06.053Z","type":"bets","status":"start","message":"Starting bet results update after game results"}
{"timestamp":"2025-08-13T22:40:06.063Z","type":"results","status":"success","message":"Game results and bet results update completed","gameResultsUpdated":0,"gameResultsDetail":{"totalUpdated":0,"newGames":0,"existingGamesUpdated":0,"skippedGames":0,"categoriesProcessed":13},"betResultsUpdated":0,"categoryCount":14}
{"timestamp":"2025-08-13T22:50:00.264Z","type":"results","status":"start","message":"Starting cost-efficient game results update","categoryCount":14}
{"timestamp":"2025-08-13T22:50:05.807Z","type":"bets","status":"start","message":"Starting bet results update after game results"}
{"timestamp":"2025-08-13T22:50:05.814Z","type":"results","status":"success","message":"Game results and bet results update completed","gameResultsUpdated":0,"gameResultsDetail":{"totalUpdated":0,"newGames":0,"existingGamesUpdated":0,"skippedGames":0,"categoriesProcessed":13},"betResultsUpdated":0,"categoryCount":14}
{"timestamp":"2025-08-13T22:55:52.402Z","type":"monitor","status":"info","message":"Scheduler status check","isUpdatingResults":false,"isUpdatingOdds":false,"lastUpdateTime":"2025-08-13T22:50:05.814Z","activeCategories":["NBA","MLB","KBO","NFL","프리미어리그","MLS","KLEAGUE","JLEAGUE","SERIEA","BRASILEIRAO","ARGENTINA_PRIMERA","CSL","LALIGA","BUNDESLIGA"],"uptime":143230.360502167,"apiCallEstimate":"~28 calls per hour","memory":{"used":"90MB","total":"97MB"}}
{"timestamp":"2025-08-13T23:00:00.373Z","type":"results","status":"start","message":"Starting cost-efficient game results update","categoryCount":14}
{"timestamp":"2025-08-13T23:00:00.374Z","type":"odds","status":"start","message":"Starting high-priority leagues odds update (30min interval)","priority":"high","leagues":["NBA","MLB","KBO","NFL","프리미어리그"]}
{"timestamp":"2025-08-13T23:00:00.375Z","type":"odds","status":"start","message":"Starting medium-priority leagues odds update (2hour interval)","priority":"medium","leagues":["MLS","KLEAGUE","JLEAGUE","SERIEA"]}
{"timestamp":"2025-08-13T23:00:00.377Z","type":"epl","status":"start","message":"EPL 프리미어리그 데이터 강제 업데이트"}
{"timestamp":"2025-08-13T23:00:02.774Z","type":"odds","status":"success","message":"Medium-priority odds update completed (2hour interval)","priority":"medium","leagues":["MLS","KLEAGUE","JLEAGUE","SERIEA"],"dynamicPriority":"low","oddsUpdated":58,"oddsDetail":{"totalUpdated":58,"newOdds":0,"existingOddsUpdated":58,"skippedOdds":0,"apiCalls":4,"categoriesProcessed":4}}
{"timestamp":"2025-08-13T23:00:03.024Z","type":"epl","status":"success","message":"EPL 프리미어리그 데이터 업데이트 완료"}
{"timestamp":"2025-08-13T23:00:03.394Z","type":"odds","status":"success","message":"High-priority odds update completed (30min interval)","priority":"medium","leagues":["NBA","MLB","KBO","NFL","프리미어리그"],"dynamicPriority":"low","oddsUpdated":21,"oddsDetail":{"totalUpdated":21,"newOdds":2,"existingOddsUpdated":19,"skippedOdds":1,"apiCalls":5,"categoriesProcessed":5}}
{"timestamp":"2025-08-13T23:00:04.551Z","type":"bets","status":"start","message":"Starting bet results update after game results"}
{"timestamp":"2025-08-13T23:00:04.560Z","type":"results","status":"success","message":"Game results and bet results update completed","gameResultsUpdated":0,"gameResultsDetail":{"totalUpdated":0,"newGames":0,"existingGamesUpdated":0,"skippedGames":0,"categoriesProcessed":13},"betResultsUpdated":0,"categoryCount":14}
{"timestamp":"2025-08-13T23:10:00.451Z","type":"results","status":"start","message":"Starting cost-efficient game results update","categoryCount":14}
{"timestamp":"2025-08-13T23:10:06.351Z","type":"bets","status":"start","message":"Starting bet results update after game results"}
{"timestamp":"2025-08-13T23:10:06.359Z","type":"results","status":"success","message":"Game results and bet results update completed","gameResultsUpdated":0,"gameResultsDetail":{"totalUpdated":0,"newGames":0,"existingGamesUpdated":0,"skippedGames":0,"categoriesProcessed":13},"betResultsUpdated":0,"categoryCount":14}
{"timestamp":"2025-08-13T23:20:00.487Z","type":"results","status":"start","message":"Starting cost-efficient game results update","categoryCount":14}
{"timestamp":"2025-08-13T23:20:06.344Z","type":"bets","status":"start","message":"Starting bet results update after game results"}
{"timestamp":"2025-08-13T23:20:06.354Z","type":"results","status":"success","message":"Game results and bet results update completed","gameResultsUpdated":0,"gameResultsDetail":{"totalUpdated":0,"newGames":0,"existingGamesUpdated":0,"skippedGames":0,"categoriesProcessed":13},"betResultsUpdated":0,"categoryCount":14}
{"timestamp":"2025-08-13T23:40:00.126Z","type":"results","status":"start","message":"Starting cost-efficient game results update","categoryCount":14}
{"timestamp":"2025-08-13T23:40:05.978Z","type":"bets","status":"start","message":"Starting bet results update after game results"}
{"timestamp":"2025-08-13T23:40:05.990Z","type":"results","status":"success","message":"Game results and bet results update completed","gameResultsUpdated":0,"gameResultsDetail":{"totalUpdated":0,"newGames":0,"existingGamesUpdated":0,"skippedGames":0,"categoriesProcessed":13},"betResultsUpdated":0,"categoryCount":14}
{"timestamp":"2025-08-13T23:50:00.231Z","type":"results","status":"start","message":"Starting cost-efficient game results update","categoryCount":14}
{"timestamp":"2025-08-13T23:50:05.943Z","type":"bets","status":"start","message":"Starting bet results update after game results"}
{"timestamp":"2025-08-13T23:50:05.954Z","type":"results","status":"success","message":"Game results and bet results update completed","gameResultsUpdated":0,"gameResultsDetail":{"totalUpdated":0,"newGames":0,"existingGamesUpdated":0,"skippedGames":0,"categoriesProcessed":13},"betResultsUpdated":0,"categoryCount":14}
{"timestamp":"2025-08-13T23:55:52.434Z","type":"monitor","status":"info","message":"Scheduler status check","isUpdatingResults":false,"isUpdatingOdds":false,"lastUpdateTime":"2025-08-13T23:50:05.954Z","activeCategories":["NBA","MLB","KBO","NFL","프리미어리그","MLS","KLEAGUE","JLEAGUE","SERIEA","BRASILEIRAO","ARGENTINA_PRIMERA","CSL","LALIGA","BUNDESLIGA"],"uptime":146830.365030709,"apiCallEstimate":"~28 calls per hour","memory":{"used":"87MB","total":"101MB"}}
