{"timestamp":"2025-08-07T06:06:18.927Z","type":"init","status":"start","message":"Starting initial data caching for active categories","categoryCount":14}
{"timestamp":"2025-08-07T06:06:25.479Z","type":"init","status":"success","message":"Initial data cached successfully for active categories","oddsUpdated":123,"resultsUpdated":"N/A","betsUpdated":0,"categoryCount":14}
{"timestamp":"2025-08-07T06:10:00.226Z","type":"results","status":"start","message":"Starting cost-efficient game results update","categoryCount":14}
{"timestamp":"2025-08-07T06:10:05.828Z","type":"bets","status":"start","message":"Starting bet results update after game results"}
{"timestamp":"2025-08-07T06:10:05.846Z","type":"results","status":"success","message":"Game results and bet results update completed","gameResultsUpdated":0,"gameResultsDetail":{"totalUpdated":0,"newGames":0,"existingGamesUpdated":0,"skippedGames":0,"categoriesProcessed":13},"betResultsUpdated":0,"categoryCount":14}
{"timestamp":"2025-08-07T06:20:00.964Z","type":"results","status":"start","message":"Starting cost-efficient game results update","categoryCount":14}
{"timestamp":"2025-08-07T06:20:05.715Z","type":"bets","status":"start","message":"Starting bet results update after game results"}
{"timestamp":"2025-08-07T06:20:05.729Z","type":"results","status":"success","message":"Game results and bet results update completed","gameResultsUpdated":0,"gameResultsDetail":{"totalUpdated":0,"newGames":0,"existingGamesUpdated":0,"skippedGames":0,"categoriesProcessed":13},"betResultsUpdated":0,"categoryCount":14}
{"timestamp":"2025-08-07T06:22:50.680Z","type":"init","status":"start","message":"Starting initial data caching for active categories","categoryCount":14}
{"timestamp":"2025-08-07T06:22:56.617Z","type":"init","status":"success","message":"Initial data cached successfully for active categories","oddsUpdated":123,"resultsUpdated":"N/A","betsUpdated":0,"categoryCount":14}
{"timestamp":"2025-08-07T06:26:20.741Z","type":"init","status":"start","message":"Starting initial data caching for active categories","categoryCount":14}
{"timestamp":"2025-08-07T06:28:40.157Z","type":"init","status":"start","message":"Starting initial data caching for active categories","categoryCount":14}
{"timestamp":"2025-08-07T06:28:45.911Z","type":"init","status":"success","message":"Initial data cached successfully for active categories","oddsUpdated":123,"resultsUpdated":"N/A","betsUpdated":0,"categoryCount":14}
{"timestamp":"2025-08-07T06:30:00.246Z","type":"results","status":"start","message":"Starting cost-efficient game results update","categoryCount":14}
{"timestamp":"2025-08-07T06:30:00.252Z","type":"odds","status":"start","message":"Starting high-priority leagues odds update (30min interval)","priority":"high","leagues":["NBA","MLB","KBO","NFL","프리미어리그"]}
{"timestamp":"2025-08-07T06:30:00.255Z","type":"epl","status":"start","message":"EPL 프리미어리그 데이터 강제 업데이트"}
{"timestamp":"2025-08-07T06:30:01.042Z","type":"epl","status":"success","message":"EPL 프리미어리그 데이터 업데이트 완료"}
{"timestamp":"2025-08-07T06:30:02.499Z","type":"odds","status":"success","message":"High-priority odds update completed (30min interval)","priority":"medium","leagues":["NBA","MLB","KBO","NFL","프리미어리그"],"dynamicPriority":"low","oddsUpdated":9,"oddsDetail":{"totalUpdated":9,"newOdds":0,"existingOddsUpdated":9,"skippedOdds":1,"apiCalls":5,"categoriesProcessed":5}}
{"timestamp":"2025-08-07T06:30:04.914Z","type":"bets","status":"start","message":"Starting bet results update after game results"}
{"timestamp":"2025-08-07T06:30:04.932Z","type":"results","status":"success","message":"Game results and bet results update completed","gameResultsUpdated":0,"gameResultsDetail":{"totalUpdated":0,"newGames":0,"existingGamesUpdated":0,"skippedGames":0,"categoriesProcessed":13},"betResultsUpdated":0,"categoryCount":14}
