{"timestamp":"2025-07-14T05:37:05.821Z","type":"init","status":"start","message":"Starting initial data caching for active categories","categories":["NBA","MLB","KBO","NFL","MLS","K리그","J리그","세리에 A","브라질 세리에 A","아르헨티나 프리메라","중국 슈퍼리그","라리가","분데스리가"]}
{"timestamp":"2025-07-14T05:38:54.944Z","type":"init","status":"start","message":"Starting initial data caching for active categories","categories":["NBA","MLB","KBO","NFL","MLS","K리그","J리그","세리에 A","브라질 세리에 A","아르헨티나 프리메라","중국 슈퍼리그","라리가","분데스리가"]}
{"timestamp":"2025-07-14T05:39:42.630Z","type":"init","status":"success","message":"Initial data cached successfully for active categories","categories":["NBA","MLB","KBO","NFL","MLS","K리그","J리그","세리에 A","브라질 세리에 A","아르헨티나 프리메라","중국 슈퍼리그","라리가","분데스리가"],"oddsUpdated":"Active categories only","resultsUpdated":127,"betsUpdated":0}
{"timestamp":"2025-07-14T05:40:00.029Z","type":"results","status":"start","message":"Starting cost-efficient game results update","categories":["NBA","MLB","KBO","NFL","MLS","K리그","J리그","세리에 A","브라질 세리에 A","아르헨티나 프리메라","중국 슈퍼리그","라리가","분데스리가"]}
{"timestamp":"2025-07-14T05:40:00.034Z","type":"odds","status":"start","message":"Starting high-priority leagues odds update (10min interval)","priority":"high","leagues":["NBA","MLB","KBO","NFL"]}
{"timestamp":"2025-07-14T05:40:01.945Z","type":"odds","status":"success","message":"High-priority odds update completed (10min interval)","priority":"medium","leagues":["NBA","MLB","KBO","NFL"],"dynamicPriority":"low","oddsUpdated":0,"oddsDetail":{"totalUpdated":0,"newOdds":0,"existingOddsUpdated":0,"skippedOdds":0,"apiCalls":4,"categoriesProcessed":4}}
{"timestamp":"2025-07-14T05:40:45.175Z","type":"bets","status":"start","message":"Starting bet results update after game results"}
{"timestamp":"2025-07-14T05:40:45.234Z","type":"results","status":"success","message":"Game results and bet results update completed","gameResultsUpdated":127,"gameResultsDetail":{"totalUpdated":127,"newGames":0,"existingGamesUpdated":127,"skippedGames":0,"categoriesProcessed":11},"betResultsUpdated":0,"categories":["NBA","MLB","KBO","NFL","MLS","K리그","J리그","세리에 A","브라질 세리에 A","아르헨티나 프리메라","중국 슈퍼리그","라리가","분데스리가"]}
{"timestamp":"2025-07-14T05:50:00.963Z","type":"results","status":"start","message":"Starting cost-efficient game results update","categories":["NBA","MLB","KBO","NFL","MLS","K리그","J리그","세리에 A","브라질 세리에 A","아르헨티나 프리메라","중국 슈퍼리그","라리가","분데스리가"]}
{"timestamp":"2025-07-14T05:50:00.988Z","type":"odds","status":"start","message":"Starting high-priority leagues odds update (10min interval)","priority":"high","leagues":["NBA","MLB","KBO","NFL"]}
{"timestamp":"2025-07-14T05:50:02.761Z","type":"odds","status":"success","message":"High-priority odds update completed (10min interval)","priority":"medium","leagues":["NBA","MLB","KBO","NFL"],"dynamicPriority":"low","oddsUpdated":0,"oddsDetail":{"totalUpdated":0,"newOdds":0,"existingOddsUpdated":0,"skippedOdds":0,"apiCalls":4,"categoriesProcessed":4}}
{"timestamp":"2025-07-14T05:50:34.754Z","type":"bets","status":"start","message":"Starting bet results update after game results"}
{"timestamp":"2025-07-14T05:50:34.805Z","type":"results","status":"success","message":"Game results and bet results update completed","gameResultsUpdated":127,"gameResultsDetail":{"totalUpdated":127,"newGames":0,"existingGamesUpdated":127,"skippedGames":0,"categoriesProcessed":11},"betResultsUpdated":0,"categories":["NBA","MLB","KBO","NFL","MLS","K리그","J리그","세리에 A","브라질 세리에 A","아르헨티나 프리메라","중국 슈퍼리그","라리가","분데스리가"]}
{"timestamp":"2025-07-14T05:53:54.965Z","type":"monitor","status":"info","message":"Scheduler status check","isUpdating":false,"lastUpdateTime":"2025-07-14T05:50:34.805Z","activeCategories":["NBA","MLB","KBO","NFL","MLS","K리그","J리그","세리에 A","브라질 세리에 A","아르헨티나 프리메라","중국 슈퍼리그","라리가","분데스리가"],"uptime":900.401146,"apiCallEstimate":"~26 calls per hour","memory":{"used":"34MB","total":"45MB"}}
{"timestamp":"2025-07-14T06:00:00.671Z","type":"results","status":"start","message":"Starting cost-efficient game results update","categories":["NBA","MLB","KBO","NFL","MLS","K리그","J리그","세리에 A","브라질 세리에 A","아르헨티나 프리메라","중국 슈퍼리그","라리가","분데스리가"]}
{"timestamp":"2025-07-14T06:00:00.684Z","type":"odds","status":"start","message":"Starting high-priority leagues odds update (10min interval)","priority":"high","leagues":["NBA","MLB","KBO","NFL"]}
{"timestamp":"2025-07-14T06:00:00.687Z","type":"odds","status":"start","message":"Starting medium-priority leagues odds update (1hour interval)","priority":"medium","leagues":["MLS","K리그","J리그","세리에 A"]}
{"timestamp":"2025-07-14T06:00:01.805Z","type":"odds","status":"success","message":"High-priority odds update completed (10min interval)","priority":"medium","leagues":["NBA","MLB","KBO","NFL"],"dynamicPriority":"low","oddsUpdated":0,"oddsDetail":{"totalUpdated":0,"newOdds":0,"existingOddsUpdated":0,"skippedOdds":0,"apiCalls":3,"categoriesProcessed":4}}
{"timestamp":"2025-07-14T06:00:01.889Z","type":"odds","status":"success","message":"Medium-priority odds update completed (1hour interval)","priority":"medium","leagues":["MLS","K리그","J리그","세리에 A"],"dynamicPriority":"low","oddsUpdated":0,"oddsDetail":{"totalUpdated":0,"newOdds":0,"existingOddsUpdated":0,"skippedOdds":0,"apiCalls":3,"categoriesProcessed":4}}
{"timestamp":"2025-07-14T06:00:41.524Z","type":"bets","status":"start","message":"Starting bet results update after game results"}
{"timestamp":"2025-07-14T06:00:41.566Z","type":"results","status":"success","message":"Game results and bet results update completed","gameResultsUpdated":127,"gameResultsDetail":{"totalUpdated":127,"newGames":0,"existingGamesUpdated":127,"skippedGames":0,"categoriesProcessed":11},"betResultsUpdated":0,"categories":["NBA","MLB","KBO","NFL","MLS","K리그","J리그","세리에 A","브라질 세리에 A","아르헨티나 프리메라","중국 슈퍼리그","라리가","분데스리가"]}
{"timestamp":"2025-07-14T06:07:12.343Z","type":"init","status":"start","message":"Starting initial data caching for active categories","categories":["NBA","MLB","KBO","NFL","MLS","K리그","J리그","세리에 A","브라질 세리에 A","아르헨티나 프리메라","중국 슈퍼리그","라리가","분데스리가"]}
{"timestamp":"2025-07-14T06:07:51.368Z","type":"init","status":"success","message":"Initial data cached successfully for active categories","categories":["NBA","MLB","KBO","NFL","MLS","K리그","J리그","세리에 A","브라질 세리에 A","아르헨티나 프리메라","중국 슈퍼리그","라리가","분데스리가"],"oddsUpdated":"Active categories only","resultsUpdated":127,"betsUpdated":0}
{"timestamp":"2025-07-14T06:10:00.832Z","type":"results","status":"start","message":"Starting cost-efficient game results update","categories":["NBA","MLB","KBO","NFL","MLS","K리그","J리그","세리에 A","브라질 세리에 A","아르헨티나 프리메라","중국 슈퍼리그","라리가","분데스리가"]}
{"timestamp":"2025-07-14T06:10:00.881Z","type":"odds","status":"start","message":"Starting high-priority leagues odds update (10min interval)","priority":"high","leagues":["NBA","MLB","KBO","NFL"]}
{"timestamp":"2025-07-14T06:10:02.687Z","type":"odds","status":"success","message":"High-priority odds update completed (10min interval)","priority":"medium","leagues":["NBA","MLB","KBO","NFL"],"dynamicPriority":"low","oddsUpdated":0,"oddsDetail":{"totalUpdated":0,"newOdds":0,"existingOddsUpdated":0,"skippedOdds":0,"apiCalls":4,"categoriesProcessed":4}}
{"timestamp":"2025-07-14T06:10:59.087Z","type":"bets","status":"start","message":"Starting bet results update after game results"}
{"timestamp":"2025-07-14T06:10:59.123Z","type":"results","status":"success","message":"Game results and bet results update completed","gameResultsUpdated":127,"gameResultsDetail":{"totalUpdated":127,"newGames":0,"existingGamesUpdated":127,"skippedGames":0,"categoriesProcessed":11},"betResultsUpdated":0,"categories":["NBA","MLB","KBO","NFL","MLS","K리그","J리그","세리에 A","브라질 세리에 A","아르헨티나 프리메라","중국 슈퍼리그","라리가","분데스리가"]}
{"timestamp":"2025-07-14T06:20:00.916Z","type":"results","status":"start","message":"Starting cost-efficient game results update","categories":["NBA","MLB","KBO","NFL","MLS","K리그","J리그","세리에 A","브라질 세리에 A","아르헨티나 프리메라","중국 슈퍼리그","라리가","분데스리가"]}
{"timestamp":"2025-07-14T06:20:00.934Z","type":"odds","status":"start","message":"Starting high-priority leagues odds update (10min interval)","priority":"high","leagues":["NBA","MLB","KBO","NFL"]}
{"timestamp":"2025-07-14T06:20:02.684Z","type":"odds","status":"success","message":"High-priority odds update completed (10min interval)","priority":"medium","leagues":["NBA","MLB","KBO","NFL"],"dynamicPriority":"low","oddsUpdated":0,"oddsDetail":{"totalUpdated":0,"newOdds":0,"existingOddsUpdated":0,"skippedOdds":0,"apiCalls":4,"categoriesProcessed":4}}
{"timestamp":"2025-07-14T06:20:51.150Z","type":"bets","status":"start","message":"Starting bet results update after game results"}
{"timestamp":"2025-07-14T06:20:51.211Z","type":"results","status":"success","message":"Game results and bet results update completed","gameResultsUpdated":127,"gameResultsDetail":{"totalUpdated":127,"newGames":0,"existingGamesUpdated":127,"skippedGames":0,"categoriesProcessed":11},"betResultsUpdated":2,"categories":["NBA","MLB","KBO","NFL","MLS","K리그","J리그","세리에 A","브라질 세리에 A","아르헨티나 프리메라","중국 슈퍼리그","라리가","분데스리가"]}
{"timestamp":"2025-07-14T06:22:12.337Z","type":"monitor","status":"info","message":"Scheduler status check","isUpdating":false,"lastUpdateTime":"2025-07-14T06:20:51.211Z","activeCategories":["NBA","MLB","KBO","NFL","MLS","K리그","J리그","세리에 A","브라질 세리에 A","아르헨티나 프리메라","중국 슈퍼리그","라리가","분데스리가"],"uptime":900.417113042,"apiCallEstimate":"~26 calls per hour","memory":{"used":"30MB","total":"45MB"}}
{"timestamp":"2025-07-14T06:30:00.753Z","type":"results","status":"start","message":"Starting cost-efficient game results update","categories":["NBA","MLB","KBO","NFL","MLS","K리그","J리그","세리에 A","브라질 세리에 A","아르헨티나 프리메라","중국 슈퍼리그","라리가","분데스리가"]}
{"timestamp":"2025-07-14T06:30:00.773Z","type":"odds","status":"start","message":"Starting high-priority leagues odds update (10min interval)","priority":"high","leagues":["NBA","MLB","KBO","NFL"]}
{"timestamp":"2025-07-14T06:30:02.594Z","type":"odds","status":"success","message":"High-priority odds update completed (10min interval)","priority":"medium","leagues":["NBA","MLB","KBO","NFL"],"dynamicPriority":"low","oddsUpdated":0,"oddsDetail":{"totalUpdated":0,"newOdds":0,"existingOddsUpdated":0,"skippedOdds":0,"apiCalls":4,"categoriesProcessed":4}}
{"timestamp":"2025-07-14T06:30:49.790Z","type":"bets","status":"start","message":"Starting bet results update after game results"}
{"timestamp":"2025-07-14T06:30:49.812Z","type":"results","status":"success","message":"Game results and bet results update completed","gameResultsUpdated":127,"gameResultsDetail":{"totalUpdated":127,"newGames":0,"existingGamesUpdated":127,"skippedGames":0,"categoriesProcessed":11},"betResultsUpdated":0,"categories":["NBA","MLB","KBO","NFL","MLS","K리그","J리그","세리에 A","브라질 세리에 A","아르헨티나 프리메라","중국 슈퍼리그","라리가","분데스리가"]}
{"timestamp":"2025-07-14T06:37:12.320Z","type":"monitor","status":"info","message":"Scheduler status check","isUpdating":false,"lastUpdateTime":"2025-07-14T06:30:49.812Z","activeCategories":["NBA","MLB","KBO","NFL","MLS","K리그","J리그","세리에 A","브라질 세리에 A","아르헨티나 프리메라","중국 슈퍼리그","라리가","분데스리가"],"uptime":1800.416128667,"apiCallEstimate":"~26 calls per hour","memory":{"used":"27MB","total":"32MB"}}
{"timestamp":"2025-07-14T06:40:00.503Z","type":"results","status":"start","message":"Starting cost-efficient game results update","categories":["NBA","MLB","KBO","NFL","MLS","K리그","J리그","세리에 A","브라질 세리에 A","아르헨티나 프리메라","중국 슈퍼리그","라리가","분데스리가"]}
{"timestamp":"2025-07-14T06:40:00.520Z","type":"odds","status":"start","message":"Starting high-priority leagues odds update (10min interval)","priority":"high","leagues":["NBA","MLB","KBO","NFL"]}
{"timestamp":"2025-07-14T06:40:01.152Z","type":"odds","status":"success","message":"High-priority odds update completed (10min interval)","priority":"medium","leagues":["NBA","MLB","KBO","NFL"],"dynamicPriority":"low","oddsUpdated":0,"oddsDetail":{"totalUpdated":0,"newOdds":0,"existingOddsUpdated":0,"skippedOdds":0,"apiCalls":1,"categoriesProcessed":4}}
{"timestamp":"2025-07-14T06:40:24.991Z","type":"bets","status":"start","message":"Starting bet results update after game results"}
{"timestamp":"2025-07-14T06:40:25.005Z","type":"results","status":"success","message":"Game results and bet results update completed","gameResultsUpdated":127,"gameResultsDetail":{"totalUpdated":127,"newGames":0,"existingGamesUpdated":127,"skippedGames":0,"categoriesProcessed":11},"betResultsUpdated":0,"categories":["NBA","MLB","KBO","NFL","MLS","K리그","J리그","세리에 A","브라질 세리에 A","아르헨티나 프리메라","중국 슈퍼리그","라리가","분데스리가"]}
{"timestamp":"2025-07-14T06:45:37.764Z","type":"init","status":"start","message":"Starting initial data caching for active categories","categories":["NBA","MLB","KBO","NFL","MLS","K리그","J리그","세리에 A","브라질 세리에 A","아르헨티나 프리메라","중국 슈퍼리그","라리가","분데스리가"]}
{"timestamp":"2025-07-14T06:45:46.561Z","type":"init","status":"start","message":"Starting initial data caching for active categories","categories":["NBA","MLB","KBO","NFL","MLS","K리그","J리그","세리에 A","브라질 세리에 A","아르헨티나 프리메라","중국 슈퍼리그","라리가","분데스리가"]}
{"timestamp":"2025-07-14T06:46:22.744Z","type":"init","status":"success","message":"Initial data cached successfully for active categories","categories":["NBA","MLB","KBO","NFL","MLS","K리그","J리그","세리에 A","브라질 세리에 A","아르헨티나 프리메라","중국 슈퍼리그","라리가","분데스리가"],"oddsUpdated":"Active categories only","resultsUpdated":127,"betsUpdated":0}
{"timestamp":"2025-07-14T06:46:38.309Z","type":"init","status":"start","message":"Starting initial data caching for active categories","categories":["NBA","MLB","KBO","NFL","MLS","K리그","J리그","세리에 A","브라질 세리에 A","아르헨티나 프리메라","중국 슈퍼리그","라리가","분데스리가"]}
{"timestamp":"2025-07-14T06:50:00.175Z","type":"results","status":"start","message":"Starting cost-efficient game results update","categories":["NBA","MLB","KBO","NFL","MLS","K리그","J리그","세리에 A","브라질 세리에 A","아르헨티나 프리메라","중국 슈퍼리그","라리가","분데스리가"]}
{"timestamp":"2025-07-14T06:50:00.212Z","type":"odds","status":"start","message":"Starting high-priority leagues odds update (10min interval)","priority":"high","leagues":["NBA","MLB","KBO","NFL"]}
{"timestamp":"2025-07-14T06:50:02.530Z","type":"odds","status":"success","message":"High-priority odds update completed (10min interval)","priority":"medium","leagues":["NBA","MLB","KBO","NFL"],"dynamicPriority":"low","oddsUpdated":0,"oddsDetail":{"totalUpdated":0,"newOdds":0,"existingOddsUpdated":0,"skippedOdds":0,"apiCalls":4,"categoriesProcessed":4}}
{"timestamp":"2025-07-14T06:50:48.366Z","type":"bets","status":"start","message":"Starting bet results update after game results"}
{"timestamp":"2025-07-14T06:50:48.375Z","type":"results","status":"success","message":"Game results and bet results update completed","gameResultsUpdated":127,"gameResultsDetail":{"totalUpdated":127,"newGames":0,"existingGamesUpdated":127,"skippedGames":0,"categoriesProcessed":11},"betResultsUpdated":0,"categories":["NBA","MLB","KBO","NFL","MLS","K리그","J리그","세리에 A","브라질 세리에 A","아르헨티나 프리메라","중국 슈퍼리그","라리가","분데스리가"]}
{"timestamp":"2025-07-14T06:54:28.155Z","type":"init","status":"start","message":"Starting initial data caching for active categories","categories":["NBA","MLB","KBO","NFL","MLS","K리그","J리그","세리에 A","브라질 세리에 A","아르헨티나 프리메라","중국 슈퍼리그","라리가","분데스리가"]}
{"timestamp":"2025-07-14T06:55:11.876Z","type":"init","status":"success","message":"Initial data cached successfully for active categories","categories":["NBA","MLB","KBO","NFL","MLS","K리그","J리그","세리에 A","브라질 세리에 A","아르헨티나 프리메라","중국 슈퍼리그","라리가","분데스리가"],"oddsUpdated":"Active categories only","resultsUpdated":127,"betsUpdated":0}
{"timestamp":"2025-07-14T06:55:49.499Z","type":"init","status":"start","message":"Starting initial data caching for active categories","categories":["NBA","MLB","KBO","NFL","MLS","K리그","J리그","세리에 A","브라질 세리에 A","아르헨티나 프리메라","중국 슈퍼리그","라리가","분데스리가"]}
{"timestamp":"2025-07-14T06:56:30.209Z","type":"init","status":"success","message":"Initial data cached successfully for active categories","categories":["NBA","MLB","KBO","NFL","MLS","K리그","J리그","세리에 A","브라질 세리에 A","아르헨티나 프리메라","중국 슈퍼리그","라리가","분데스리가"],"oddsUpdated":"Active categories only","resultsUpdated":127,"betsUpdated":0}
{"timestamp":"2025-07-14T07:00:00.837Z","type":"results","status":"start","message":"Starting cost-efficient game results update","categories":["NBA","MLB","KBO","NFL","MLS","K리그","J리그","세리에 A","브라질 세리에 A","아르헨티나 프리메라","중국 슈퍼리그","라리가","분데스리가"]}
{"timestamp":"2025-07-14T07:00:00.866Z","type":"odds","status":"start","message":"Starting high-priority leagues odds update (10min interval)","priority":"high","leagues":["NBA","MLB","KBO","NFL"]}
{"timestamp":"2025-07-14T07:00:00.869Z","type":"odds","status":"start","message":"Starting medium-priority leagues odds update (1hour interval)","priority":"medium","leagues":["MLS","K리그","J리그","세리에 A"]}
{"timestamp":"2025-07-14T07:00:02.422Z","type":"odds","status":"success","message":"Medium-priority odds update completed (1hour interval)","priority":"medium","leagues":["MLS","K리그","J리그","세리에 A"],"dynamicPriority":"low","oddsUpdated":0,"oddsDetail":{"totalUpdated":0,"newOdds":0,"existingOddsUpdated":0,"skippedOdds":0,"apiCalls":4,"categoriesProcessed":4}}
{"timestamp":"2025-07-14T07:00:02.760Z","type":"odds","status":"success","message":"High-priority odds update completed (10min interval)","priority":"medium","leagues":["NBA","MLB","KBO","NFL"],"dynamicPriority":"low","oddsUpdated":0,"oddsDetail":{"totalUpdated":0,"newOdds":0,"existingOddsUpdated":0,"skippedOdds":0,"apiCalls":4,"categoriesProcessed":4}}
{"timestamp":"2025-07-14T07:00:56.516Z","type":"bets","status":"start","message":"Starting bet results update after game results"}
{"timestamp":"2025-07-14T07:00:56.525Z","type":"results","status":"success","message":"Game results and bet results update completed","gameResultsUpdated":127,"gameResultsDetail":{"totalUpdated":127,"newGames":0,"existingGamesUpdated":127,"skippedGames":0,"categoriesProcessed":11},"betResultsUpdated":0,"categories":["NBA","MLB","KBO","NFL","MLS","K리그","J리그","세리에 A","브라질 세리에 A","아르헨티나 프리메라","중국 슈퍼리그","라리가","분데스리가"]}
