{"timestamp":"2025-07-01T07:11:57.993Z","type":"init","status":"start","message":"Starting initial data caching for active categories","categories":["NBA","MLB","KBO","NFL","MLS","K리그","J리그","세리에 A","브라질 세리에 A","아르헨티나 프리메라","중국 슈퍼리그","라리가","분데스리가"]}
{"timestamp":"2025-07-01T07:12:04.210Z","type":"init","status":"success","message":"Initial data cached successfully for active categories","categories":["NBA","MLB","KBO","NFL","MLS","K리그","J리그","세리에 A","브라질 세리에 A","아르헨티나 프리메라","중국 슈퍼리그","라리가","분데스리가"],"oddsUpdated":"Active categories only","resultsUpdated":"N/A","betsUpdated":0}
{"timestamp":"2025-07-01T07:26:58.015Z","type":"monitor","status":"info","message":"Scheduler status check","isUpdating":false,"lastUpdateTime":"2025-07-01T07:12:04.210Z","activeCategories":["NBA","MLB","KBO","NFL","MLS","K리그","J리그","세리에 A","브라질 세리에 A","아르헨티나 프리메라","중국 슈퍼리그","라리가","분데스리가"],"uptime":900.356225416,"apiCallEstimate":"~26 calls per hour","memory":{"used":"27MB","total":"33MB"}}
{"timestamp":"2025-07-01T07:30:00.950Z","type":"bets","status":"start","message":"Starting scheduled bet results update"}
{"timestamp":"2025-07-01T07:30:01.041Z","type":"bets","status":"success","message":"Scheduled bet results update completed","updatedCount":0,"pendingCount":0}
{"timestamp":"2025-07-01T07:41:58.011Z","type":"monitor","status":"info","message":"Scheduler status check","isUpdating":false,"lastUpdateTime":"2025-07-01T07:12:04.210Z","activeCategories":["NBA","MLB","KBO","NFL","MLS","K리그","J리그","세리에 A","브라질 세리에 A","아르헨티나 프리메라","중국 슈퍼리그","라리가","분데스리가"],"uptime":1800.35793275,"apiCallEstimate":"~26 calls per hour","memory":{"used":"23MB","total":"38MB"}}
{"timestamp":"2025-07-01T07:56:57.996Z","type":"monitor","status":"info","message":"Scheduler status check","isUpdating":false,"lastUpdateTime":"2025-07-01T07:12:04.210Z","activeCategories":["NBA","MLB","KBO","NFL","MLS","K리그","J리그","세리에 A","브라질 세리에 A","아르헨티나 프리메라","중국 슈퍼리그","라리가","분데스리가"],"uptime":2700.356909708,"apiCallEstimate":"~26 calls per hour","memory":{"used":"24MB","total":"38MB"}}
{"timestamp":"2025-07-01T08:11:57.982Z","type":"monitor","status":"info","message":"Scheduler status check","isUpdating":false,"lastUpdateTime":"2025-07-01T07:12:04.210Z","activeCategories":["NBA","MLB","KBO","NFL","MLS","K리그","J리그","세리에 A","브라질 세리에 A","아르헨티나 프리메라","중국 슈퍼리그","라리가","분데스리가"],"uptime":3600.356571666,"apiCallEstimate":"~26 calls per hour","memory":{"used":"27MB","total":"30MB"}}
{"timestamp":"2025-07-01T08:26:58.065Z","type":"monitor","status":"info","message":"Scheduler status check","isUpdating":false,"lastUpdateTime":"2025-07-01T07:12:04.210Z","activeCategories":["NBA","MLB","KBO","NFL","MLS","K리그","J리그","세리에 A","브라질 세리에 A","아르헨티나 프리메라","중국 슈퍼리그","라리가","분데스리가"],"uptime":4500.36409125,"apiCallEstimate":"~26 calls per hour","memory":{"used":"24MB","total":"33MB"}}
{"timestamp":"2025-07-01T08:30:00.168Z","type":"bets","status":"start","message":"Starting scheduled bet results update"}
{"timestamp":"2025-07-01T08:30:00.349Z","type":"bets","status":"success","message":"Scheduled bet results update completed","updatedCount":0,"pendingCount":0}
{"timestamp":"2025-07-01T08:41:58.072Z","type":"monitor","status":"info","message":"Scheduler status check","isUpdating":false,"lastUpdateTime":"2025-07-01T07:12:04.210Z","activeCategories":["NBA","MLB","KBO","NFL","MLS","K리그","J리그","세리에 A","브라질 세리에 A","아르헨티나 프리메라","중국 슈퍼리그","라리가","분데스리가"],"uptime":5400.362145083,"apiCallEstimate":"~26 calls per hour","memory":{"used":"29MB","total":"33MB"}}
{"timestamp":"2025-07-01T08:42:21.540Z","type":"init","status":"start","message":"Starting initial data caching for active categories","categories":["NBA","MLB","KBO","NFL","MLS","K리그","J리그","세리에 A","브라질 세리에 A","아르헨티나 프리메라","중국 슈퍼리그","라리가","분데스리가"]}
{"timestamp":"2025-07-01T08:42:26.736Z","type":"init","status":"success","message":"Initial data cached successfully for active categories","categories":["NBA","MLB","KBO","NFL","MLS","K리그","J리그","세리에 A","브라질 세리에 A","아르헨티나 프리메라","중국 슈퍼리그","라리가","분데스리가"],"oddsUpdated":"Active categories only","resultsUpdated":"N/A","betsUpdated":0}
{"timestamp":"2025-07-01T09:13:37.611Z","type":"init","status":"start","message":"Starting initial data caching for active categories","categories":["NBA","MLB","KBO","NFL","MLS","K리그","J리그","세리에 A","브라질 세리에 A","아르헨티나 프리메라","중국 슈퍼리그","라리가","분데스리가"]}
{"timestamp":"2025-07-01T09:13:42.768Z","type":"init","status":"success","message":"Initial data cached successfully for active categories","categories":["NBA","MLB","KBO","NFL","MLS","K리그","J리그","세리에 A","브라질 세리에 A","아르헨티나 프리메라","중국 슈퍼리그","라리가","분데스리가"],"oddsUpdated":"Active categories only","resultsUpdated":"N/A","betsUpdated":0}
{"timestamp":"2025-07-01T09:21:35.033Z","type":"init","status":"start","message":"Starting initial data caching for active categories","categories":["NBA","MLB","KBO","NFL","MLS","K리그","J리그","세리에 A","브라질 세리에 A","아르헨티나 프리메라","중국 슈퍼리그","라리가","분데스리가"]}
{"timestamp":"2025-07-01T09:21:42.807Z","type":"init","status":"success","message":"Initial data cached successfully for active categories","categories":["NBA","MLB","KBO","NFL","MLS","K리그","J리그","세리에 A","브라질 세리에 A","아르헨티나 프리메라","중국 슈퍼리그","라리가","분데스리가"],"oddsUpdated":"Active categories only","resultsUpdated":"N/A","betsUpdated":0}
{"timestamp":"2025-07-01T09:30:00.383Z","type":"bets","status":"start","message":"Starting scheduled bet results update"}
{"timestamp":"2025-07-01T09:30:00.511Z","type":"bets","status":"success","message":"Scheduled bet results update completed","updatedCount":0,"pendingCount":0}
{"timestamp":"2025-07-01T09:33:16.328Z","type":"init","status":"start","message":"Starting initial data caching for active categories","categories":["NBA","MLB","KBO","NFL","MLS","K리그","J리그","세리에 A","브라질 세리에 A","아르헨티나 프리메라","중국 슈퍼리그","라리가","분데스리가"]}
{"timestamp":"2025-07-01T09:33:28.177Z","type":"init","status":"start","message":"Starting initial data caching for active categories","categories":["NBA","MLB","KBO","NFL","MLS","K리그","J리그","세리에 A","브라질 세리에 A","아르헨티나 프리메라","중국 슈퍼리그","라리가","분데스리가"]}
{"timestamp":"2025-07-01T09:36:34.963Z","type":"monitor","status":"info","message":"Scheduler status check","isUpdating":false,"lastUpdateTime":"2025-07-01T09:21:42.807Z","activeCategories":["NBA","MLB","KBO","NFL","MLS","K리그","J리그","세리에 A","브라질 세리에 A","아르헨티나 프리메라","중국 슈퍼리그","라리가","분데스리가"],"uptime":900.345785208,"apiCallEstimate":"~26 calls per hour","memory":{"used":"27MB","total":"29MB"}}
{"timestamp":"2025-07-01T09:38:44.707Z","type":"init","status":"start","message":"Starting initial data caching for active categories","categories":["NBA","MLB","KBO","NFL","MLS","K리그","J리그","세리에 A","브라질 세리에 A","아르헨티나 프리메라","중국 슈퍼리그","라리가","분데스리가"]}
{"timestamp":"2025-07-01T09:50:30.869Z","type":"init","status":"start","message":"Starting initial data caching for active categories","categories":["NBA","MLB","KBO","NFL","MLS","K리그","J리그","세리에 A","브라질 세리에 A","아르헨티나 프리메라","중국 슈퍼리그","라리가","분데스리가"]}
{"timestamp":"2025-07-01T09:50:36.906Z","type":"init","status":"success","message":"Initial data cached successfully for active categories","categories":["NBA","MLB","KBO","NFL","MLS","K리그","J리그","세리에 A","브라질 세리에 A","아르헨티나 프리메라","중국 슈퍼리그","라리가","분데스리가"],"oddsUpdated":"Active categories only","resultsUpdated":"N/A","betsUpdated":0}
{"timestamp":"2025-07-01T10:05:30.899Z","type":"monitor","status":"info","message":"Scheduler status check","isUpdating":false,"lastUpdateTime":"2025-07-01T09:50:36.906Z","activeCategories":["NBA","MLB","KBO","NFL","MLS","K리그","J리그","세리에 A","브라질 세리에 A","아르헨티나 프리메라","중국 슈퍼리그","라리가","분데스리가"],"uptime":900.475900375,"apiCallEstimate":"~26 calls per hour","memory":{"used":"24MB","total":"30MB"}}
{"timestamp":"2025-07-01T10:10:54.614Z","type":"init","status":"start","message":"Starting initial data caching for active categories","categories":["NBA","MLB","KBO","NFL","MLS","K리그","J리그","세리에 A","브라질 세리에 A","아르헨티나 프리메라","중국 슈퍼리그","라리가","분데스리가"]}
{"timestamp":"2025-07-01T10:11:06.083Z","type":"init","status":"success","message":"Initial data cached successfully for active categories","categories":["NBA","MLB","KBO","NFL","MLS","K리그","J리그","세리에 A","브라질 세리에 A","아르헨티나 프리메라","중국 슈퍼리그","라리가","분데스리가"],"oddsUpdated":"Active categories only","resultsUpdated":"N/A","betsUpdated":0}
{"timestamp":"2025-07-01T10:25:54.658Z","type":"monitor","status":"info","message":"Scheduler status check","isUpdating":false,"lastUpdateTime":"2025-07-01T10:11:06.083Z","activeCategories":["NBA","MLB","KBO","NFL","MLS","K리그","J리그","세리에 A","브라질 세리에 A","아르헨티나 프리메라","중국 슈퍼리그","라리가","분데스리가"],"uptime":901.145168625,"apiCallEstimate":"~26 calls per hour","memory":{"used":"24MB","total":"38MB"}}
{"timestamp":"2025-07-01T10:30:00.596Z","type":"bets","status":"start","message":"Starting scheduled bet results update"}
{"timestamp":"2025-07-01T10:30:00.673Z","type":"bets","status":"success","message":"Scheduled bet results update completed","updatedCount":0,"pendingCount":0}
{"timestamp":"2025-07-01T10:40:54.641Z","type":"monitor","status":"info","message":"Scheduler status check","isUpdating":false,"lastUpdateTime":"2025-07-01T10:11:06.083Z","activeCategories":["NBA","MLB","KBO","NFL","MLS","K리그","J리그","세리에 A","브라질 세리에 A","아르헨티나 프리메라","중국 슈퍼리그","라리가","분데스리가"],"uptime":1801.144524625,"apiCallEstimate":"~26 calls per hour","memory":{"used":"26MB","total":"32MB"}}
{"timestamp":"2025-07-01T10:55:54.691Z","type":"monitor","status":"info","message":"Scheduler status check","isUpdating":false,"lastUpdateTime":"2025-07-01T10:11:06.083Z","activeCategories":["NBA","MLB","KBO","NFL","MLS","K리그","J리그","세리에 A","브라질 세리에 A","아르헨티나 프리메라","중국 슈퍼리그","라리가","분데스리가"],"uptime":2701.14910075,"apiCallEstimate":"~26 calls per hour","memory":{"used":"25MB","total":"27MB"}}
{"timestamp":"2025-07-01T11:00:00.919Z","type":"results","status":"start","message":"Starting cost-efficient game results update","categories":["NBA","MLB","KBO","NFL","MLS","K리그","J리그","세리에 A","브라질 세리에 A","아르헨티나 프리메라","중국 슈퍼리그","라리가","분데스리가"]}
{"timestamp":"2025-07-01T11:00:06.376Z","type":"bets","status":"start","message":"Starting bet results update after game results"}
{"timestamp":"2025-07-01T11:00:06.437Z","type":"results","status":"success","message":"Game results and bet results update completed","gameResultsUpdated":"N/A","betResultsUpdated":0,"categories":["NBA","MLB","KBO","NFL","MLS","K리그","J리그","세리에 A","브라질 세리에 A","아르헨티나 프리메라","중국 슈퍼리그","라리가","분데스리가"]}
{"timestamp":"2025-07-01T11:10:54.668Z","type":"monitor","status":"info","message":"Scheduler status check","isUpdating":false,"lastUpdateTime":"2025-07-01T11:00:06.437Z","activeCategories":["NBA","MLB","KBO","NFL","MLS","K리그","J리그","세리에 A","브라질 세리에 A","아르헨티나 프리메라","중국 슈퍼리그","라리가","분데스리가"],"uptime":3601.152277084,"apiCallEstimate":"~26 calls per hour","memory":{"used":"30MB","total":"32MB"}}
{"timestamp":"2025-07-01T11:25:54.677Z","type":"monitor","status":"info","message":"Scheduler status check","isUpdating":false,"lastUpdateTime":"2025-07-01T11:00:06.437Z","activeCategories":["NBA","MLB","KBO","NFL","MLS","K리그","J리그","세리에 A","브라질 세리에 A","아르헨티나 프리메라","중국 슈퍼리그","라리가","분데스리가"],"uptime":4501.15868225,"apiCallEstimate":"~26 calls per hour","memory":{"used":"26MB","total":"33MB"}}
{"timestamp":"2025-07-01T11:30:00.312Z","type":"bets","status":"start","message":"Starting scheduled bet results update"}
{"timestamp":"2025-07-01T11:30:00.439Z","type":"bets","status":"success","message":"Scheduled bet results update completed","updatedCount":0,"pendingCount":0}
{"timestamp":"2025-07-01T11:40:54.673Z","type":"monitor","status":"info","message":"Scheduler status check","isUpdating":false,"lastUpdateTime":"2025-07-01T11:00:06.437Z","activeCategories":["NBA","MLB","KBO","NFL","MLS","K리그","J리그","세리에 A","브라질 세리에 A","아르헨티나 프리메라","중국 슈퍼리그","라리가","분데스리가"],"uptime":5401.156078417,"apiCallEstimate":"~26 calls per hour","memory":{"used":"28MB","total":"31MB"}}
{"timestamp":"2025-07-01T11:55:54.689Z","type":"monitor","status":"info","message":"Scheduler status check","isUpdating":false,"lastUpdateTime":"2025-07-01T11:00:06.437Z","activeCategories":["NBA","MLB","KBO","NFL","MLS","K리그","J리그","세리에 A","브라질 세리에 A","아르헨티나 프리메라","중국 슈퍼리그","라리가","분데스리가"],"uptime":6301.167064084,"apiCallEstimate":"~26 calls per hour","memory":{"used":"29MB","total":"32MB"}}
{"timestamp":"2025-07-01T12:00:00.468Z","type":"odds","status":"start","message":"Starting high-priority leagues odds update","priority":"high","leagues":["NBA","MLB","KBO","NFL"]}
{"timestamp":"2025-07-01T12:00:02.257Z","type":"odds","status":"success","message":"High-priority odds update completed","priority":"medium","leagues":["NBA","MLB","KBO","NFL"],"dynamicPriority":"low"}
{"timestamp":"2025-07-01T12:10:54.677Z","type":"monitor","status":"info","message":"Scheduler status check","isUpdating":false,"lastUpdateTime":"2025-07-01T11:00:06.437Z","activeCategories":["NBA","MLB","KBO","NFL","MLS","K리그","J리그","세리에 A","브라질 세리에 A","아르헨티나 프리메라","중국 슈퍼리그","라리가","분데스리가"],"uptime":7201.154796917,"apiCallEstimate":"~26 calls per hour","memory":{"used":"30MB","total":"33MB"}}
{"timestamp":"2025-07-01T12:25:54.687Z","type":"monitor","status":"info","message":"Scheduler status check","isUpdating":false,"lastUpdateTime":"2025-07-01T11:00:06.437Z","activeCategories":["NBA","MLB","KBO","NFL","MLS","K리그","J리그","세리에 A","브라질 세리에 A","아르헨티나 프리메라","중국 슈퍼리그","라리가","분데스리가"],"uptime":8101.161225292,"apiCallEstimate":"~26 calls per hour","memory":{"used":"26MB","total":"32MB"}}
{"timestamp":"2025-07-01T12:30:00.192Z","type":"bets","status":"start","message":"Starting scheduled bet results update"}
{"timestamp":"2025-07-01T12:30:00.317Z","type":"bets","status":"success","message":"Scheduled bet results update completed","updatedCount":0,"pendingCount":0}
{"timestamp":"2025-07-01T12:40:54.626Z","type":"monitor","status":"info","message":"Scheduler status check","isUpdating":false,"lastUpdateTime":"2025-07-01T11:00:06.437Z","activeCategories":["NBA","MLB","KBO","NFL","MLS","K리그","J리그","세리에 A","브라질 세리에 A","아르헨티나 프리메라","중국 슈퍼리그","라리가","분데스리가"],"uptime":9001.161995334,"apiCallEstimate":"~26 calls per hour","memory":{"used":"23MB","total":"33MB"}}
{"timestamp":"2025-07-01T12:55:54.618Z","type":"monitor","status":"info","message":"Scheduler status check","isUpdating":false,"lastUpdateTime":"2025-07-01T11:00:06.437Z","activeCategories":["NBA","MLB","KBO","NFL","MLS","K리그","J리그","세리에 A","브라질 세리에 A","아르헨티나 프리메라","중국 슈퍼리그","라리가","분데스리가"],"uptime":9901.164622584,"apiCallEstimate":"~26 calls per hour","memory":{"used":"27MB","total":"33MB"}}
{"timestamp":"2025-07-01T13:00:00.900Z","type":"results","status":"start","message":"Starting cost-efficient game results update","categories":["NBA","MLB","KBO","NFL","MLS","K리그","J리그","세리에 A","브라질 세리에 A","아르헨티나 프리메라","중국 슈퍼리그","라리가","분데스리가"]}
{"timestamp":"2025-07-01T13:00:07.538Z","type":"bets","status":"start","message":"Starting bet results update after game results"}
{"timestamp":"2025-07-01T13:00:07.622Z","type":"results","status":"success","message":"Game results and bet results update completed","gameResultsUpdated":"N/A","betResultsUpdated":6,"categories":["NBA","MLB","KBO","NFL","MLS","K리그","J리그","세리에 A","브라질 세리에 A","아르헨티나 프리메라","중국 슈퍼리그","라리가","분데스리가"]}
{"timestamp":"2025-07-01T13:10:54.594Z","type":"monitor","status":"info","message":"Scheduler status check","isUpdating":false,"lastUpdateTime":"2025-07-01T13:00:07.622Z","activeCategories":["NBA","MLB","KBO","NFL","MLS","K리그","J리그","세리에 A","브라질 세리에 A","아르헨티나 프리메라","중국 슈퍼리그","라리가","분데스리가"],"uptime":10801.16030475,"apiCallEstimate":"~26 calls per hour","memory":{"used":"26MB","total":"32MB"}}
{"timestamp":"2025-07-01T13:25:54.591Z","type":"monitor","status":"info","message":"Scheduler status check","isUpdating":false,"lastUpdateTime":"2025-07-01T13:00:07.622Z","activeCategories":["NBA","MLB","KBO","NFL","MLS","K리그","J리그","세리에 A","브라질 세리에 A","아르헨티나 프리메라","중국 슈퍼리그","라리가","분데스리가"],"uptime":11701.1717765,"apiCallEstimate":"~26 calls per hour","memory":{"used":"30MB","total":"32MB"}}
{"timestamp":"2025-07-01T13:30:00.680Z","type":"bets","status":"start","message":"Starting scheduled bet results update"}
{"timestamp":"2025-07-01T13:30:00.767Z","type":"bets","status":"success","message":"Scheduled bet results update completed","updatedCount":0,"pendingCount":0}
{"timestamp":"2025-07-01T13:40:54.606Z","type":"monitor","status":"info","message":"Scheduler status check","isUpdating":false,"lastUpdateTime":"2025-07-01T13:00:07.622Z","activeCategories":["NBA","MLB","KBO","NFL","MLS","K리그","J리그","세리에 A","브라질 세리에 A","아르헨티나 프리메라","중국 슈퍼리그","라리가","분데스리가"],"uptime":12601.175079584,"apiCallEstimate":"~26 calls per hour","memory":{"used":"27MB","total":"33MB"}}
{"timestamp":"2025-07-01T13:55:54.600Z","type":"monitor","status":"info","message":"Scheduler status check","isUpdating":false,"lastUpdateTime":"2025-07-01T13:00:07.622Z","activeCategories":["NBA","MLB","KBO","NFL","MLS","K리그","J리그","세리에 A","브라질 세리에 A","아르헨티나 프리메라","중국 슈퍼리그","라리가","분데스리가"],"uptime":13501.177524917,"apiCallEstimate":"~26 calls per hour","memory":{"used":"22MB","total":"32MB"}}
{"timestamp":"2025-07-01T14:10:54.649Z","type":"monitor","status":"info","message":"Scheduler status check","isUpdating":false,"lastUpdateTime":"2025-07-01T13:00:07.622Z","activeCategories":["NBA","MLB","KBO","NFL","MLS","K리그","J리그","세리에 A","브라질 세리에 A","아르헨티나 프리메라","중국 슈퍼리그","라리가","분데스리가"],"uptime":14401.176259959,"apiCallEstimate":"~26 calls per hour","memory":{"used":"26MB","total":"32MB"}}
{"timestamp":"2025-07-01T14:25:54.660Z","type":"monitor","status":"info","message":"Scheduler status check","isUpdating":false,"lastUpdateTime":"2025-07-01T13:00:07.622Z","activeCategories":["NBA","MLB","KBO","NFL","MLS","K리그","J리그","세리에 A","브라질 세리에 A","아르헨티나 프리메라","중국 슈퍼리그","라리가","분데스리가"],"uptime":15301.182193875,"apiCallEstimate":"~26 calls per hour","memory":{"used":"22MB","total":"32MB"}}
{"timestamp":"2025-07-01T14:30:00.289Z","type":"bets","status":"start","message":"Starting scheduled bet results update"}
{"timestamp":"2025-07-01T14:30:00.417Z","type":"bets","status":"success","message":"Scheduled bet results update completed","updatedCount":0,"pendingCount":0}
{"timestamp":"2025-07-01T14:40:54.665Z","type":"monitor","status":"info","message":"Scheduler status check","isUpdating":false,"lastUpdateTime":"2025-07-01T13:00:07.622Z","activeCategories":["NBA","MLB","KBO","NFL","MLS","K리그","J리그","세리에 A","브라질 세리에 A","아르헨티나 프리메라","중국 슈퍼리그","라리가","분데스리가"],"uptime":16201.184520334,"apiCallEstimate":"~26 calls per hour","memory":{"used":"28MB","total":"32MB"}}
{"timestamp":"2025-07-01T14:55:54.653Z","type":"monitor","status":"info","message":"Scheduler status check","isUpdating":false,"lastUpdateTime":"2025-07-01T13:00:07.622Z","activeCategories":["NBA","MLB","KBO","NFL","MLS","K리그","J리그","세리에 A","브라질 세리에 A","아르헨티나 프리메라","중국 슈퍼리그","라리가","분데스리가"],"uptime":17101.185496292,"apiCallEstimate":"~26 calls per hour","memory":{"used":"24MB","total":"32MB"}}
{"timestamp":"2025-07-01T15:00:00.026Z","type":"results","status":"start","message":"Starting cost-efficient game results update","categories":["NBA","MLB","KBO","NFL","MLS","K리그","J리그","세리에 A","브라질 세리에 A","아르헨티나 프리메라","중국 슈퍼리그","라리가","분데스리가"]}
{"timestamp":"2025-07-01T15:00:00.081Z","type":"odds","status":"start","message":"Starting high-priority leagues odds update","priority":"high","leagues":["NBA","MLB","KBO","NFL"]}
{"timestamp":"2025-07-01T15:00:00.095Z","type":"odds","status":"start","message":"Starting medium-priority leagues odds update","priority":"medium","leagues":["MLS","K리그","J리그","세리에 A"]}
{"timestamp":"2025-07-01T15:00:00.097Z","type":"odds","status":"start","message":"Starting low-priority leagues odds update","priority":"low","leagues":["브라질 세리에 A","아르헨티나 프리메라","중국 슈퍼리그","라리가","분데스리가"]}
{"timestamp":"2025-07-01T15:00:01.544Z","type":"odds","status":"success","message":"Medium-priority odds update completed","priority":"medium","leagues":["MLS","K리그","J리그","세리에 A"],"dynamicPriority":"low"}
{"timestamp":"2025-07-01T15:00:01.901Z","type":"odds","status":"success","message":"High-priority odds update completed","priority":"medium","leagues":["NBA","MLB","KBO","NFL"],"dynamicPriority":"low"}
{"timestamp":"2025-07-01T15:00:01.904Z","type":"odds","status":"success","message":"Low-priority odds update completed","priority":"low","leagues":["브라질 세리에 A","아르헨티나 프리메라","중국 슈퍼리그","라리가","분데스리가"],"dynamicPriority":"low"}
{"timestamp":"2025-07-01T15:00:06.840Z","type":"bets","status":"start","message":"Starting bet results update after game results"}
{"timestamp":"2025-07-01T15:00:06.865Z","type":"results","status":"success","message":"Game results and bet results update completed","gameResultsUpdated":"N/A","betResultsUpdated":0,"categories":["NBA","MLB","KBO","NFL","MLS","K리그","J리그","세리에 A","브라질 세리에 A","아르헨티나 프리메라","중국 슈퍼리그","라리가","분데스리가"]}
{"timestamp":"2025-07-01T15:10:54.649Z","type":"monitor","status":"info","message":"Scheduler status check","isUpdating":false,"lastUpdateTime":"2025-07-01T15:00:06.865Z","activeCategories":["NBA","MLB","KBO","NFL","MLS","K리그","J리그","세리에 A","브라질 세리에 A","아르헨티나 프리메라","중국 슈퍼리그","라리가","분데스리가"],"uptime":18001.185279084,"apiCallEstimate":"~26 calls per hour","memory":{"used":"25MB","total":"30MB"}}
{"timestamp":"2025-07-01T15:25:54.654Z","type":"monitor","status":"info","message":"Scheduler status check","isUpdating":false,"lastUpdateTime":"2025-07-01T15:00:06.865Z","activeCategories":["NBA","MLB","KBO","NFL","MLS","K리그","J리그","세리에 A","브라질 세리에 A","아르헨티나 프리메라","중국 슈퍼리그","라리가","분데스리가"],"uptime":18901.189701834,"apiCallEstimate":"~26 calls per hour","memory":{"used":"29MB","total":"31MB"}}
{"timestamp":"2025-07-01T15:30:00.911Z","type":"bets","status":"start","message":"Starting scheduled bet results update"}
{"timestamp":"2025-07-01T15:30:01.090Z","type":"bets","status":"success","message":"Scheduled bet results update completed","updatedCount":0,"pendingCount":0}
{"timestamp":"2025-07-01T15:40:54.655Z","type":"monitor","status":"info","message":"Scheduler status check","isUpdating":false,"lastUpdateTime":"2025-07-01T15:00:06.865Z","activeCategories":["NBA","MLB","KBO","NFL","MLS","K리그","J리그","세리에 A","브라질 세리에 A","아르헨티나 프리메라","중국 슈퍼리그","라리가","분데스리가"],"uptime":19801.191591917,"apiCallEstimate":"~26 calls per hour","memory":{"used":"25MB","total":"32MB"}}
{"timestamp":"2025-07-01T15:55:54.655Z","type":"monitor","status":"info","message":"Scheduler status check","isUpdating":false,"lastUpdateTime":"2025-07-01T15:00:06.865Z","activeCategories":["NBA","MLB","KBO","NFL","MLS","K리그","J리그","세리에 A","브라질 세리에 A","아르헨티나 프리메라","중국 슈퍼리그","라리가","분데스리가"],"uptime":20701.193315125,"apiCallEstimate":"~26 calls per hour","memory":{"used":"29MB","total":"32MB"}}
{"timestamp":"2025-07-01T16:10:54.611Z","type":"monitor","status":"info","message":"Scheduler status check","isUpdating":false,"lastUpdateTime":"2025-07-01T15:00:06.865Z","activeCategories":["NBA","MLB","KBO","NFL","MLS","K리그","J리그","세리에 A","브라질 세리에 A","아르헨티나 프리메라","중국 슈퍼리그","라리가","분데스리가"],"uptime":21601.190846625,"apiCallEstimate":"~26 calls per hour","memory":{"used":"25MB","total":"31MB"}}
{"timestamp":"2025-07-01T16:25:54.564Z","type":"monitor","status":"info","message":"Scheduler status check","isUpdating":false,"lastUpdateTime":"2025-07-01T15:00:06.865Z","activeCategories":["NBA","MLB","KBO","NFL","MLS","K리그","J리그","세리에 A","브라질 세리에 A","아르헨티나 프리메라","중국 슈퍼리그","라리가","분데스리가"],"uptime":22501.193116042,"apiCallEstimate":"~26 calls per hour","memory":{"used":"28MB","total":"31MB"}}
{"timestamp":"2025-07-01T16:30:00.602Z","type":"bets","status":"start","message":"Starting scheduled bet results update"}
{"timestamp":"2025-07-01T16:30:00.787Z","type":"bets","status":"success","message":"Scheduled bet results update completed","updatedCount":0,"pendingCount":0}
{"timestamp":"2025-07-01T16:40:54.554Z","type":"monitor","status":"info","message":"Scheduler status check","isUpdating":false,"lastUpdateTime":"2025-07-01T15:00:06.865Z","activeCategories":["NBA","MLB","KBO","NFL","MLS","K리그","J리그","세리에 A","브라질 세리에 A","아르헨티나 프리메라","중국 슈퍼리그","라리가","분데스리가"],"uptime":23401.196077292,"apiCallEstimate":"~26 calls per hour","memory":{"used":"26MB","total":"32MB"}}
{"timestamp":"2025-07-01T16:55:54.553Z","type":"monitor","status":"info","message":"Scheduler status check","isUpdating":false,"lastUpdateTime":"2025-07-01T15:00:06.865Z","activeCategories":["NBA","MLB","KBO","NFL","MLS","K리그","J리그","세리에 A","브라질 세리에 A","아르헨티나 프리메라","중국 슈퍼리그","라리가","분데스리가"],"uptime":24301.197705875,"apiCallEstimate":"~26 calls per hour","memory":{"used":"22MB","total":"32MB"}}
{"timestamp":"2025-07-01T17:00:00.405Z","type":"results","status":"start","message":"Starting cost-efficient game results update","categories":["NBA","MLB","KBO","NFL","MLS","K리그","J리그","세리에 A","브라질 세리에 A","아르헨티나 프리메라","중국 슈퍼리그","라리가","분데스리가"]}
{"timestamp":"2025-07-01T17:00:09.836Z","type":"bets","status":"start","message":"Starting bet results update after game results"}
{"timestamp":"2025-07-01T17:00:09.866Z","type":"results","status":"success","message":"Game results and bet results update completed","gameResultsUpdated":"N/A","betResultsUpdated":0,"categories":["NBA","MLB","KBO","NFL","MLS","K리그","J리그","세리에 A","브라질 세리에 A","아르헨티나 프리메라","중국 슈퍼리그","라리가","분데스리가"]}
{"timestamp":"2025-07-01T17:10:54.543Z","type":"monitor","status":"info","message":"Scheduler status check","isUpdating":false,"lastUpdateTime":"2025-07-01T17:00:09.866Z","activeCategories":["NBA","MLB","KBO","NFL","MLS","K리그","J리그","세리에 A","브라질 세리에 A","아르헨티나 프리메라","중국 슈퍼리그","라리가","분데스리가"],"uptime":25201.19750725,"apiCallEstimate":"~26 calls per hour","memory":{"used":"28MB","total":"32MB"}}
{"timestamp":"2025-07-01T17:25:54.594Z","type":"monitor","status":"info","message":"Scheduler status check","isUpdating":false,"lastUpdateTime":"2025-07-01T17:00:09.866Z","activeCategories":["NBA","MLB","KBO","NFL","MLS","K리그","J리그","세리에 A","브라질 세리에 A","아르헨티나 프리메라","중국 슈퍼리그","라리가","분데스리가"],"uptime":26101.2032845,"apiCallEstimate":"~26 calls per hour","memory":{"used":"25MB","total":"31MB"}}
{"timestamp":"2025-07-01T17:30:00.254Z","type":"bets","status":"start","message":"Starting scheduled bet results update"}
{"timestamp":"2025-07-01T17:30:00.334Z","type":"bets","status":"success","message":"Scheduled bet results update completed","updatedCount":0,"pendingCount":0}
{"timestamp":"2025-07-01T17:40:54.600Z","type":"monitor","status":"info","message":"Scheduler status check","isUpdating":false,"lastUpdateTime":"2025-07-01T17:00:09.866Z","activeCategories":["NBA","MLB","KBO","NFL","MLS","K리그","J리그","세리에 A","브라질 세리에 A","아르헨티나 프리메라","중국 슈퍼리그","라리가","분데스리가"],"uptime":27001.206372917,"apiCallEstimate":"~26 calls per hour","memory":{"used":"23MB","total":"32MB"}}
{"timestamp":"2025-07-01T17:55:54.561Z","type":"monitor","status":"info","message":"Scheduler status check","isUpdating":false,"lastUpdateTime":"2025-07-01T17:00:09.866Z","activeCategories":["NBA","MLB","KBO","NFL","MLS","K리그","J리그","세리에 A","브라질 세리에 A","아르헨티나 프리메라","중국 슈퍼리그","라리가","분데스리가"],"uptime":27901.208666167,"apiCallEstimate":"~26 calls per hour","memory":{"used":"26MB","total":"32MB"}}
{"timestamp":"2025-07-01T18:00:00.903Z","type":"odds","status":"start","message":"Starting high-priority leagues odds update","priority":"high","leagues":["NBA","MLB","KBO","NFL"]}
{"timestamp":"2025-07-01T18:00:03.087Z","type":"odds","status":"success","message":"High-priority odds update completed","priority":"medium","leagues":["NBA","MLB","KBO","NFL"],"dynamicPriority":"low"}
{"timestamp":"2025-07-01T18:10:54.548Z","type":"monitor","status":"info","message":"Scheduler status check","isUpdating":false,"lastUpdateTime":"2025-07-01T17:00:09.866Z","activeCategories":["NBA","MLB","KBO","NFL","MLS","K리그","J리그","세리에 A","브라질 세리에 A","아르헨티나 프리메라","중국 슈퍼리그","라리가","분데스리가"],"uptime":28801.208117584,"apiCallEstimate":"~26 calls per hour","memory":{"used":"24MB","total":"32MB"}}
{"timestamp":"2025-07-01T18:25:54.534Z","type":"monitor","status":"info","message":"Scheduler status check","isUpdating":false,"lastUpdateTime":"2025-07-01T17:00:09.866Z","activeCategories":["NBA","MLB","KBO","NFL","MLS","K리그","J리그","세리에 A","브라질 세리에 A","아르헨티나 프리메라","중국 슈퍼리그","라리가","분데스리가"],"uptime":29701.214129959,"apiCallEstimate":"~26 calls per hour","memory":{"used":"27MB","total":"32MB"}}
{"timestamp":"2025-07-01T18:30:00.624Z","type":"bets","status":"start","message":"Starting scheduled bet results update"}
{"timestamp":"2025-07-01T18:30:00.714Z","type":"bets","status":"success","message":"Scheduled bet results update completed","updatedCount":0,"pendingCount":0}
{"timestamp":"2025-07-01T18:40:54.522Z","type":"monitor","status":"info","message":"Scheduler status check","isUpdating":false,"lastUpdateTime":"2025-07-01T17:00:09.866Z","activeCategories":["NBA","MLB","KBO","NFL","MLS","K리그","J리그","세리에 A","브라질 세리에 A","아르헨티나 프리메라","중국 슈퍼리그","라리가","분데스리가"],"uptime":30601.215294417,"apiCallEstimate":"~26 calls per hour","memory":{"used":"25MB","total":"32MB"}}
{"timestamp":"2025-07-01T18:55:54.523Z","type":"monitor","status":"info","message":"Scheduler status check","isUpdating":false,"lastUpdateTime":"2025-07-01T17:00:09.866Z","activeCategories":["NBA","MLB","KBO","NFL","MLS","K리그","J리그","세리에 A","브라질 세리에 A","아르헨티나 프리메라","중국 슈퍼리그","라리가","분데스리가"],"uptime":31501.215133542,"apiCallEstimate":"~26 calls per hour","memory":{"used":"29MB","total":"32MB"}}
{"timestamp":"2025-07-01T19:00:00.306Z","type":"results","status":"start","message":"Starting cost-efficient game results update","categories":["NBA","MLB","KBO","NFL","MLS","K리그","J리그","세리에 A","브라질 세리에 A","아르헨티나 프리메라","중국 슈퍼리그","라리가","분데스리가"]}
{"timestamp":"2025-07-01T19:00:05.750Z","type":"bets","status":"start","message":"Starting bet results update after game results"}
{"timestamp":"2025-07-01T19:00:05.777Z","type":"results","status":"success","message":"Game results and bet results update completed","gameResultsUpdated":"N/A","betResultsUpdated":0,"categories":["NBA","MLB","KBO","NFL","MLS","K리그","J리그","세리에 A","브라질 세리에 A","아르헨티나 프리메라","중국 슈퍼리그","라리가","분데스리가"]}
{"timestamp":"2025-07-01T19:10:52.353Z","type":"monitor","status":"info","message":"Scheduler status check","isUpdating":false,"lastUpdateTime":"2025-07-01T19:00:05.777Z","activeCategories":["NBA","MLB","KBO","NFL","MLS","K리그","J리그","세리에 A","브라질 세리에 A","아르헨티나 프리메라","중국 슈퍼리그","라리가","분데스리가"],"uptime":32401.221595084,"apiCallEstimate":"~26 calls per hour","memory":{"used":"26MB","total":"32MB"}}
{"timestamp":"2025-07-01T19:25:52.340Z","type":"monitor","status":"info","message":"Scheduler status check","isUpdating":false,"lastUpdateTime":"2025-07-01T19:00:05.777Z","activeCategories":["NBA","MLB","KBO","NFL","MLS","K리그","J리그","세리에 A","브라질 세리에 A","아르헨티나 프리메라","중국 슈퍼리그","라리가","분데스리가"],"uptime":33301.218675792,"apiCallEstimate":"~26 calls per hour","memory":{"used":"23MB","total":"32MB"}}
{"timestamp":"2025-07-01T19:30:00.911Z","type":"bets","status":"start","message":"Starting scheduled bet results update"}
{"timestamp":"2025-07-01T19:30:01.017Z","type":"bets","status":"success","message":"Scheduled bet results update completed","updatedCount":0,"pendingCount":0}
{"timestamp":"2025-07-01T19:40:52.329Z","type":"monitor","status":"info","message":"Scheduler status check","isUpdating":false,"lastUpdateTime":"2025-07-01T19:00:05.777Z","activeCategories":["NBA","MLB","KBO","NFL","MLS","K리그","J리그","세리에 A","브라질 세리에 A","아르헨티나 프리메라","중국 슈퍼리그","라리가","분데스리가"],"uptime":34201.220302042,"apiCallEstimate":"~26 calls per hour","memory":{"used":"29MB","total":"32MB"}}
{"timestamp":"2025-07-01T19:55:52.320Z","type":"monitor","status":"info","message":"Scheduler status check","isUpdating":false,"lastUpdateTime":"2025-07-01T19:00:05.777Z","activeCategories":["NBA","MLB","KBO","NFL","MLS","K리그","J리그","세리에 A","브라질 세리에 A","아르헨티나 프리메라","중국 슈퍼리그","라리가","분데스리가"],"uptime":35101.220482959,"apiCallEstimate":"~26 calls per hour","memory":{"used":"25MB","total":"32MB"}}
{"timestamp":"2025-07-01T20:10:52.308Z","type":"monitor","status":"info","message":"Scheduler status check","isUpdating":false,"lastUpdateTime":"2025-07-01T19:00:05.777Z","activeCategories":["NBA","MLB","KBO","NFL","MLS","K리그","J리그","세리에 A","브라질 세리에 A","아르헨티나 프리메라","중국 슈퍼리그","라리가","분데스리가"],"uptime":36001.220941584,"apiCallEstimate":"~26 calls per hour","memory":{"used":"29MB","total":"32MB"}}
{"timestamp":"2025-07-01T20:25:54.512Z","type":"monitor","status":"info","message":"Scheduler status check","isUpdating":false,"lastUpdateTime":"2025-07-01T19:00:05.777Z","activeCategories":["NBA","MLB","KBO","NFL","MLS","K리그","J리그","세리에 A","브라질 세리에 A","아르헨티나 프리메라","중국 슈퍼리그","라리가","분데스리가"],"uptime":36901.224412875,"apiCallEstimate":"~26 calls per hour","memory":{"used":"25MB","total":"32MB"}}
{"timestamp":"2025-07-01T20:30:00.581Z","type":"bets","status":"start","message":"Starting scheduled bet results update"}
{"timestamp":"2025-07-01T20:30:00.675Z","type":"bets","status":"success","message":"Scheduled bet results update completed","updatedCount":0,"pendingCount":0}
{"timestamp":"2025-07-01T20:40:54.269Z","type":"monitor","status":"info","message":"Scheduler status check","isUpdating":false,"lastUpdateTime":"2025-07-01T19:00:05.777Z","activeCategories":["NBA","MLB","KBO","NFL","MLS","K리그","J리그","세리에 A","브라질 세리에 A","아르헨티나 프리메라","중국 슈퍼리그","라리가","분데스리가"],"uptime":37801.226533542,"apiCallEstimate":"~26 calls per hour","memory":{"used":"23MB","total":"32MB"}}
{"timestamp":"2025-07-01T20:55:54.349Z","type":"monitor","status":"info","message":"Scheduler status check","isUpdating":false,"lastUpdateTime":"2025-07-01T19:00:05.777Z","activeCategories":["NBA","MLB","KBO","NFL","MLS","K리그","J리그","세리에 A","브라질 세리에 A","아르헨티나 프리메라","중국 슈퍼리그","라리가","분데스리가"],"uptime":38701.230166084,"apiCallEstimate":"~26 calls per hour","memory":{"used":"26MB","total":"32MB"}}
{"timestamp":"2025-07-01T21:00:00.287Z","type":"results","status":"start","message":"Starting cost-efficient game results update","categories":["NBA","MLB","KBO","NFL","MLS","K리그","J리그","세리에 A","브라질 세리에 A","아르헨티나 프리메라","중국 슈퍼리그","라리가","분데스리가"]}
{"timestamp":"2025-07-01T21:00:00.333Z","type":"odds","status":"start","message":"Starting high-priority leagues odds update","priority":"high","leagues":["NBA","MLB","KBO","NFL"]}
{"timestamp":"2025-07-01T21:00:00.345Z","type":"odds","status":"start","message":"Starting medium-priority leagues odds update","priority":"medium","leagues":["MLS","K리그","J리그","세리에 A"]}
{"timestamp":"2025-07-01T21:00:00.346Z","type":"full","status":"start","message":"Starting daily full data update","includesOdds":true,"includesResults":true,"includesBets":true}
{"timestamp":"2025-07-01T21:00:01.771Z","type":"odds","status":"success","message":"Medium-priority odds update completed","priority":"medium","leagues":["MLS","K리그","J리그","세리에 A"],"dynamicPriority":"low"}
{"timestamp":"2025-07-01T21:00:02.223Z","type":"odds","status":"success","message":"High-priority odds update completed","priority":"medium","leagues":["NBA","MLB","KBO","NFL"],"dynamicPriority":"low"}
{"timestamp":"2025-07-01T21:00:04.714Z","type":"full","status":"success","message":"Daily full update completed","oddsUpdated":"All categories","resultsUpdated":"N/A","betsUpdated":0}
{"timestamp":"2025-07-01T21:00:06.094Z","type":"bets","status":"start","message":"Starting bet results update after game results"}
{"timestamp":"2025-07-01T21:00:06.116Z","type":"results","status":"success","message":"Game results and bet results update completed","gameResultsUpdated":"N/A","betResultsUpdated":0,"categories":["NBA","MLB","KBO","NFL","MLS","K리그","J리그","세리에 A","브라질 세리에 A","아르헨티나 프리메라","중국 슈퍼리그","라리가","분데스리가"]}
{"timestamp":"2025-07-01T21:10:52.362Z","type":"monitor","status":"info","message":"Scheduler status check","isUpdating":false,"lastUpdateTime":"2025-07-01T21:00:06.116Z","activeCategories":["NBA","MLB","KBO","NFL","MLS","K리그","J리그","세리에 A","브라질 세리에 A","아르헨티나 프리메라","중국 슈퍼리그","라리가","분데스리가"],"uptime":39601.229213375,"apiCallEstimate":"~26 calls per hour","memory":{"used":"25MB","total":"29MB"}}
{"timestamp":"2025-07-01T21:25:52.393Z","type":"monitor","status":"info","message":"Scheduler status check","isUpdating":false,"lastUpdateTime":"2025-07-01T21:00:06.116Z","activeCategories":["NBA","MLB","KBO","NFL","MLS","K리그","J리그","세리에 A","브라질 세리에 A","아르헨티나 프리메라","중국 슈퍼리그","라리가","분데스리가"],"uptime":40501.233373584,"apiCallEstimate":"~26 calls per hour","memory":{"used":"28MB","total":"30MB"}}
{"timestamp":"2025-07-01T21:30:00.114Z","type":"bets","status":"start","message":"Starting scheduled bet results update"}
{"timestamp":"2025-07-01T21:30:00.224Z","type":"bets","status":"success","message":"Scheduled bet results update completed","updatedCount":0,"pendingCount":0}
{"timestamp":"2025-07-01T21:40:52.440Z","type":"monitor","status":"info","message":"Scheduler status check","isUpdating":false,"lastUpdateTime":"2025-07-01T21:00:06.116Z","activeCategories":["NBA","MLB","KBO","NFL","MLS","K리그","J리그","세리에 A","브라질 세리에 A","아르헨티나 프리메라","중국 슈퍼리그","라리가","분데스리가"],"uptime":41401.248506167,"apiCallEstimate":"~26 calls per hour","memory":{"used":"25MB","total":"30MB"}}
{"timestamp":"2025-07-01T21:55:54.509Z","type":"monitor","status":"info","message":"Scheduler status check","isUpdating":false,"lastUpdateTime":"2025-07-01T21:00:06.116Z","activeCategories":["NBA","MLB","KBO","NFL","MLS","K리그","J리그","세리에 A","브라질 세리에 A","아르헨티나 프리메라","중국 슈퍼리그","라리가","분데스리가"],"uptime":42301.241149625,"apiCallEstimate":"~26 calls per hour","memory":{"used":"29MB","total":"31MB"}}
{"timestamp":"2025-07-01T22:10:54.509Z","type":"monitor","status":"info","message":"Scheduler status check","isUpdating":false,"lastUpdateTime":"2025-07-01T21:00:06.116Z","activeCategories":["NBA","MLB","KBO","NFL","MLS","K리그","J리그","세리에 A","브라질 세리에 A","아르헨티나 프리메라","중국 슈퍼리그","라리가","분데스리가"],"uptime":43201.240942084,"apiCallEstimate":"~26 calls per hour","memory":{"used":"25MB","total":"31MB"}}
{"timestamp":"2025-07-01T22:25:52.288Z","type":"monitor","status":"info","message":"Scheduler status check","isUpdating":false,"lastUpdateTime":"2025-07-01T21:00:06.116Z","activeCategories":["NBA","MLB","KBO","NFL","MLS","K리그","J리그","세리에 A","브라질 세리에 A","아르헨티나 프리메라","중국 슈퍼리그","라리가","분데스리가"],"uptime":44101.244526917,"apiCallEstimate":"~26 calls per hour","memory":{"used":"29MB","total":"31MB"}}
{"timestamp":"2025-07-01T22:30:00.614Z","type":"bets","status":"start","message":"Starting scheduled bet results update"}
{"timestamp":"2025-07-01T22:30:00.714Z","type":"bets","status":"success","message":"Scheduled bet results update completed","updatedCount":0,"pendingCount":0}
{"timestamp":"2025-07-01T22:40:52.288Z","type":"monitor","status":"info","message":"Scheduler status check","isUpdating":false,"lastUpdateTime":"2025-07-01T21:00:06.116Z","activeCategories":["NBA","MLB","KBO","NFL","MLS","K리그","J리그","세리에 A","브라질 세리에 A","아르헨티나 프리메라","중국 슈퍼리그","라리가","분데스리가"],"uptime":45001.246541459,"apiCallEstimate":"~26 calls per hour","memory":{"used":"26MB","total":"31MB"}}
{"timestamp":"2025-07-01T22:55:52.286Z","type":"monitor","status":"info","message":"Scheduler status check","isUpdating":false,"lastUpdateTime":"2025-07-01T21:00:06.116Z","activeCategories":["NBA","MLB","KBO","NFL","MLS","K리그","J리그","세리에 A","브라질 세리에 A","아르헨티나 프리메라","중국 슈퍼리그","라리가","분데스리가"],"uptime":45901.247939625,"apiCallEstimate":"~26 calls per hour","memory":{"used":"23MB","total":"31MB"}}
{"timestamp":"2025-07-01T23:00:00.557Z","type":"results","status":"start","message":"Starting cost-efficient game results update","categories":["NBA","MLB","KBO","NFL","MLS","K리그","J리그","세리에 A","브라질 세리에 A","아르헨티나 프리메라","중국 슈퍼리그","라리가","분데스리가"]}
{"timestamp":"2025-07-01T23:00:08.312Z","type":"bets","status":"start","message":"Starting bet results update after game results"}
{"timestamp":"2025-07-01T23:00:08.338Z","type":"results","status":"success","message":"Game results and bet results update completed","gameResultsUpdated":"N/A","betResultsUpdated":0,"categories":["NBA","MLB","KBO","NFL","MLS","K리그","J리그","세리에 A","브라질 세리에 A","아르헨티나 프리메라","중국 슈퍼리그","라리가","분데스리가"]}
{"timestamp":"2025-07-01T23:10:54.478Z","type":"monitor","status":"info","message":"Scheduler status check","isUpdating":false,"lastUpdateTime":"2025-07-01T23:00:08.338Z","activeCategories":["NBA","MLB","KBO","NFL","MLS","K리그","J리그","세리에 A","브라질 세리에 A","아르헨티나 프리메라","중국 슈퍼리그","라리가","분데스리가"],"uptime":46801.246433042,"apiCallEstimate":"~26 calls per hour","memory":{"used":"29MB","total":"31MB"}}
{"timestamp":"2025-07-01T23:25:54.474Z","type":"monitor","status":"info","message":"Scheduler status check","isUpdating":false,"lastUpdateTime":"2025-07-01T23:00:08.338Z","activeCategories":["NBA","MLB","KBO","NFL","MLS","K리그","J리그","세리에 A","브라질 세리에 A","아르헨티나 프리메라","중국 슈퍼리그","라리가","분데스리가"],"uptime":47701.250454459,"apiCallEstimate":"~26 calls per hour","memory":{"used":"25MB","total":"31MB"}}
{"timestamp":"2025-07-01T23:30:00.348Z","type":"bets","status":"start","message":"Starting scheduled bet results update"}
{"timestamp":"2025-07-01T23:30:00.434Z","type":"bets","status":"success","message":"Scheduled bet results update completed","updatedCount":0,"pendingCount":0}
{"timestamp":"2025-07-01T23:40:54.408Z","type":"monitor","status":"info","message":"Scheduler status check","isUpdating":false,"lastUpdateTime":"2025-07-01T23:00:08.338Z","activeCategories":["NBA","MLB","KBO","NFL","MLS","K리그","J리그","세리에 A","브라질 세리에 A","아르헨티나 프리메라","중국 슈퍼리그","라리가","분데스리가"],"uptime":48601.253931792,"apiCallEstimate":"~26 calls per hour","memory":{"used":"23MB","total":"32MB"}}
{"timestamp":"2025-07-01T23:55:54.449Z","type":"monitor","status":"info","message":"Scheduler status check","isUpdating":false,"lastUpdateTime":"2025-07-01T23:00:08.338Z","activeCategories":["NBA","MLB","KBO","NFL","MLS","K리그","J리그","세리에 A","브라질 세리에 A","아르헨티나 프리메라","중국 슈퍼리그","라리가","분데스리가"],"uptime":49501.254968709,"apiCallEstimate":"~26 calls per hour","memory":{"used":"27MB","total":"32MB"}}
