{"timestamp":"2025-08-15T00:06:53.841Z","type":"monitor","status":"info","message":"Scheduler status check","isUpdatingResults":false,"isUpdatingOdds":false,"lastUpdateTime":"2025-08-14T23:30:05.739Z","activeCategories":["NBA","MLB","KBO","NFL","프리미어리그","MLS","KLEAGUE","JLEAGUE","SERIEA","BRASILEIRAO","ARGENTINA_PRIMERA","CSL","LALIGA","BUNDESLIGA"],"uptime":65691.382568,"apiCallEstimate":"~28 calls per hour","memory":{"used":"87MB","total":"98MB"}}
{"timestamp":"2025-08-15T00:30:00.740Z","type":"results","status":"start","message":"Starting cost-efficient game results update","categoryCount":14}
{"timestamp":"2025-08-15T00:30:00.743Z","type":"odds","status":"start","message":"Starting high-priority leagues odds update (30min interval)","priority":"high","leagues":["NBA","MLB","KBO","NFL","프리미어리그"]}
{"timestamp":"2025-08-15T00:30:00.745Z","type":"epl","status":"start","message":"EPL 프리미어리그 데이터 강제 업데이트"}
{"timestamp":"2025-08-15T00:30:02.500Z","type":"epl","status":"success","message":"EPL 프리미어리그 데이터 업데이트 완료"}
{"timestamp":"2025-08-15T00:30:03.365Z","type":"odds","status":"success","message":"High-priority odds update completed (30min interval)","priority":"medium","leagues":["NBA","MLB","KBO","NFL","프리미어리그"],"dynamicPriority":"low","oddsUpdated":22,"oddsDetail":{"totalUpdated":22,"newOdds":3,"existingOddsUpdated":19,"skippedOdds":1,"apiCalls":5,"categoriesProcessed":5}}
{"timestamp":"2025-08-15T00:30:06.931Z","type":"bets","status":"start","message":"Starting bet results update after game results"}
{"timestamp":"2025-08-15T00:30:06.949Z","type":"results","status":"success","message":"Game results and bet results update completed","gameResultsUpdated":0,"gameResultsDetail":{"totalUpdated":0,"newGames":0,"existingGamesUpdated":0,"skippedGames":0,"categoriesProcessed":13},"betResultsUpdated":0,"categoryCount":14}
{"timestamp":"2025-08-15T00:40:00.878Z","type":"results","status":"start","message":"Starting cost-efficient game results update","categoryCount":14}
{"timestamp":"2025-08-15T00:40:07.478Z","type":"bets","status":"start","message":"Starting bet results update after game results"}
{"timestamp":"2025-08-15T00:40:07.493Z","type":"results","status":"success","message":"Game results and bet results update completed","gameResultsUpdated":0,"gameResultsDetail":{"totalUpdated":0,"newGames":0,"existingGamesUpdated":0,"skippedGames":0,"categoriesProcessed":13},"betResultsUpdated":0,"categoryCount":14}
{"timestamp":"2025-08-15T00:50:00.115Z","type":"results","status":"start","message":"Starting cost-efficient game results update","categoryCount":14}
{"timestamp":"2025-08-15T00:50:07.438Z","type":"bets","status":"start","message":"Starting bet results update after game results"}
{"timestamp":"2025-08-15T00:50:07.449Z","type":"results","status":"success","message":"Game results and bet results update completed","gameResultsUpdated":0,"gameResultsDetail":{"totalUpdated":0,"newGames":0,"existingGamesUpdated":0,"skippedGames":0,"categoriesProcessed":13},"betResultsUpdated":0,"categoryCount":14}
{"timestamp":"2025-08-15T01:00:00.260Z","type":"results","status":"start","message":"Starting cost-efficient game results update","categoryCount":14}
{"timestamp":"2025-08-15T01:00:00.262Z","type":"odds","status":"start","message":"Starting high-priority leagues odds update (30min interval)","priority":"high","leagues":["NBA","MLB","KBO","NFL","프리미어리그"]}
{"timestamp":"2025-08-15T01:00:00.264Z","type":"odds","status":"start","message":"Starting medium-priority leagues odds update (2hour interval)","priority":"medium","leagues":["MLS","KLEAGUE","JLEAGUE","SERIEA"]}
{"timestamp":"2025-08-15T01:00:00.267Z","type":"epl","status":"start","message":"EPL 프리미어리그 데이터 강제 업데이트"}
{"timestamp":"2025-08-15T01:00:02.557Z","type":"epl","status":"success","message":"EPL 프리미어리그 데이터 업데이트 완료"}
{"timestamp":"2025-08-15T01:00:03.050Z","type":"odds","status":"success","message":"Medium-priority odds update completed (2hour interval)","priority":"medium","leagues":["MLS","KLEAGUE","JLEAGUE","SERIEA"],"dynamicPriority":"low","oddsUpdated":58,"oddsDetail":{"totalUpdated":58,"newOdds":0,"existingOddsUpdated":58,"skippedOdds":0,"apiCalls":4,"categoriesProcessed":4}}
{"timestamp":"2025-08-15T01:00:03.347Z","type":"odds","status":"success","message":"High-priority odds update completed (30min interval)","priority":"medium","leagues":["NBA","MLB","KBO","NFL","프리미어리그"],"dynamicPriority":"low","oddsUpdated":22,"oddsDetail":{"totalUpdated":22,"newOdds":1,"existingOddsUpdated":21,"skippedOdds":1,"apiCalls":5,"categoriesProcessed":5}}
{"timestamp":"2025-08-15T01:00:05.873Z","type":"bets","status":"start","message":"Starting bet results update after game results"}
{"timestamp":"2025-08-15T01:00:05.885Z","type":"results","status":"success","message":"Game results and bet results update completed","gameResultsUpdated":0,"gameResultsDetail":{"totalUpdated":0,"newGames":0,"existingGamesUpdated":0,"skippedGames":0,"categoriesProcessed":13},"betResultsUpdated":0,"categoryCount":14}
{"timestamp":"2025-08-15T01:06:53.874Z","type":"monitor","status":"info","message":"Scheduler status check","isUpdatingResults":false,"isUpdatingOdds":false,"lastUpdateTime":"2025-08-15T01:00:05.885Z","activeCategories":["NBA","MLB","KBO","NFL","프리미어리그","MLS","KLEAGUE","JLEAGUE","SERIEA","BRASILEIRAO","ARGENTINA_PRIMERA","CSL","LALIGA","BUNDESLIGA"],"uptime":69291.385057833,"apiCallEstimate":"~28 calls per hour","memory":{"used":"89MB","total":"98MB"}}
{"timestamp":"2025-08-15T01:10:00.408Z","type":"results","status":"start","message":"Starting cost-efficient game results update","categoryCount":14}
{"timestamp":"2025-08-15T01:10:07.634Z","type":"bets","status":"start","message":"Starting bet results update after game results"}
{"timestamp":"2025-08-15T01:10:07.645Z","type":"results","status":"success","message":"Game results and bet results update completed","gameResultsUpdated":0,"gameResultsDetail":{"totalUpdated":0,"newGames":0,"existingGamesUpdated":0,"skippedGames":0,"categoriesProcessed":13},"betResultsUpdated":0,"categoryCount":14}
{"timestamp":"2025-08-15T01:20:00.544Z","type":"results","status":"start","message":"Starting cost-efficient game results update","categoryCount":14}
{"timestamp":"2025-08-15T01:20:06.379Z","type":"bets","status":"start","message":"Starting bet results update after game results"}
{"timestamp":"2025-08-15T01:20:06.394Z","type":"results","status":"success","message":"Game results and bet results update completed","gameResultsUpdated":0,"gameResultsDetail":{"totalUpdated":0,"newGames":0,"existingGamesUpdated":0,"skippedGames":0,"categoriesProcessed":13},"betResultsUpdated":0,"categoryCount":14}
{"timestamp":"2025-08-15T02:00:00.739Z","type":"results","status":"start","message":"Starting cost-efficient game results update","categoryCount":14}
{"timestamp":"2025-08-15T02:00:00.741Z","type":"odds","status":"start","message":"Starting high-priority leagues odds update (30min interval)","priority":"high","leagues":["NBA","MLB","KBO","NFL","프리미어리그"]}
{"timestamp":"2025-08-15T02:00:00.744Z","type":"epl","status":"start","message":"EPL 프리미어리그 데이터 강제 업데이트"}
{"timestamp":"2025-08-15T02:00:03.733Z","type":"odds","status":"success","message":"High-priority odds update completed (30min interval)","priority":"medium","leagues":["NBA","MLB","KBO","NFL","프리미어리그"],"dynamicPriority":"low","oddsUpdated":19,"oddsDetail":{"totalUpdated":19,"newOdds":0,"existingOddsUpdated":19,"skippedOdds":1,"apiCalls":5,"categoriesProcessed":5}}
{"timestamp":"2025-08-15T02:00:04.599Z","type":"epl","status":"success","message":"EPL 프리미어리그 데이터 업데이트 완료"}
{"timestamp":"2025-08-15T02:00:06.541Z","type":"bets","status":"start","message":"Starting bet results update after game results"}
{"timestamp":"2025-08-15T02:00:06.553Z","type":"results","status":"success","message":"Game results and bet results update completed","gameResultsUpdated":0,"gameResultsDetail":{"totalUpdated":0,"newGames":0,"existingGamesUpdated":0,"skippedGames":0,"categoriesProcessed":13},"betResultsUpdated":0,"categoryCount":14}
{"timestamp":"2025-08-15T02:06:53.976Z","type":"monitor","status":"info","message":"Scheduler status check","isUpdatingResults":false,"isUpdatingOdds":false,"lastUpdateTime":"2025-08-15T02:00:06.553Z","activeCategories":["NBA","MLB","KBO","NFL","프리미어리그","MLS","KLEAGUE","JLEAGUE","SERIEA","BRASILEIRAO","ARGENTINA_PRIMERA","CSL","LALIGA","BUNDESLIGA"],"uptime":72891.386677583,"apiCallEstimate":"~28 calls per hour","memory":{"used":"87MB","total":"99MB"}}
{"timestamp":"2025-08-15T02:10:00.834Z","type":"results","status":"start","message":"Starting cost-efficient game results update","categoryCount":14}
{"timestamp":"2025-08-15T02:10:07.257Z","type":"bets","status":"start","message":"Starting bet results update after game results"}
{"timestamp":"2025-08-15T02:10:07.269Z","type":"results","status":"success","message":"Game results and bet results update completed","gameResultsUpdated":0,"gameResultsDetail":{"totalUpdated":0,"newGames":0,"existingGamesUpdated":0,"skippedGames":0,"categoriesProcessed":13},"betResultsUpdated":0,"categoryCount":14}
{"timestamp":"2025-08-15T02:20:00.980Z","type":"results","status":"start","message":"Starting cost-efficient game results update","categoryCount":14}
{"timestamp":"2025-08-15T02:20:08.439Z","type":"bets","status":"start","message":"Starting bet results update after game results"}
{"timestamp":"2025-08-15T02:20:08.454Z","type":"results","status":"success","message":"Game results and bet results update completed","gameResultsUpdated":0,"gameResultsDetail":{"totalUpdated":0,"newGames":0,"existingGamesUpdated":0,"skippedGames":0,"categoriesProcessed":13},"betResultsUpdated":0,"categoryCount":14}
{"timestamp":"2025-08-15T02:30:00.099Z","type":"results","status":"start","message":"Starting cost-efficient game results update","categoryCount":14}
{"timestamp":"2025-08-15T02:30:00.102Z","type":"odds","status":"start","message":"Starting high-priority leagues odds update (30min interval)","priority":"high","leagues":["NBA","MLB","KBO","NFL","프리미어리그"]}
{"timestamp":"2025-08-15T02:30:00.105Z","type":"epl","status":"start","message":"EPL 프리미어리그 데이터 강제 업데이트"}
{"timestamp":"2025-08-15T02:30:02.448Z","type":"epl","status":"success","message":"EPL 프리미어리그 데이터 업데이트 완료"}
{"timestamp":"2025-08-15T02:30:03.164Z","type":"odds","status":"success","message":"High-priority odds update completed (30min interval)","priority":"medium","leagues":["NBA","MLB","KBO","NFL","프리미어리그"],"dynamicPriority":"low","oddsUpdated":19,"oddsDetail":{"totalUpdated":19,"newOdds":0,"existingOddsUpdated":19,"skippedOdds":1,"apiCalls":5,"categoriesProcessed":5}}
{"timestamp":"2025-08-15T02:30:06.929Z","type":"bets","status":"start","message":"Starting bet results update after game results"}
{"timestamp":"2025-08-15T02:30:07.022Z","type":"results","status":"success","message":"Game results and bet results update completed","gameResultsUpdated":0,"gameResultsDetail":{"totalUpdated":0,"newGames":0,"existingGamesUpdated":0,"skippedGames":0,"categoriesProcessed":13},"betResultsUpdated":0,"categoryCount":14}
{"timestamp":"2025-08-15T02:40:00.226Z","type":"results","status":"start","message":"Starting cost-efficient game results update","categoryCount":14}
{"timestamp":"2025-08-15T02:40:07.589Z","type":"bets","status":"start","message":"Starting bet results update after game results"}
{"timestamp":"2025-08-15T02:40:07.599Z","type":"results","status":"success","message":"Game results and bet results update completed","gameResultsUpdated":0,"gameResultsDetail":{"totalUpdated":0,"newGames":0,"existingGamesUpdated":0,"skippedGames":0,"categoriesProcessed":13},"betResultsUpdated":0,"categoryCount":14}
{"timestamp":"2025-08-15T02:50:00.378Z","type":"results","status":"start","message":"Starting cost-efficient game results update","categoryCount":14}
{"timestamp":"2025-08-15T02:50:07.727Z","type":"bets","status":"start","message":"Starting bet results update after game results"}
{"timestamp":"2025-08-15T02:50:07.738Z","type":"results","status":"success","message":"Game results and bet results update completed","gameResultsUpdated":0,"gameResultsDetail":{"totalUpdated":0,"newGames":0,"existingGamesUpdated":0,"skippedGames":0,"categoriesProcessed":13},"betResultsUpdated":0,"categoryCount":14}
{"timestamp":"2025-08-15T03:16:55.263Z","type":"monitor","status":"info","message":"Scheduler status check","isUpdatingResults":false,"isUpdatingOdds":false,"lastUpdateTime":"2025-08-15T02:50:07.738Z","activeCategories":["NBA","MLB","KBO","NFL","프리미어리그","MLS","KLEAGUE","JLEAGUE","SERIEA","BRASILEIRAO","ARGENTINA_PRIMERA","CSL","LALIGA","BUNDESLIGA"],"uptime":77092.860948916,"apiCallEstimate":"~28 calls per hour","memory":{"used":"91MB","total":"100MB"}}
{"timestamp":"2025-08-15T04:00:00.701Z","type":"results","status":"start","message":"Starting cost-efficient game results update","categoryCount":14}
{"timestamp":"2025-08-15T04:00:00.704Z","type":"odds","status":"start","message":"Starting high-priority leagues odds update (30min interval)","priority":"high","leagues":["NBA","MLB","KBO","NFL","프리미어리그"]}
{"timestamp":"2025-08-15T04:00:00.707Z","type":"epl","status":"start","message":"EPL 프리미어리그 데이터 강제 업데이트"}
{"timestamp":"2025-08-15T04:00:02.534Z","type":"epl","status":"success","message":"EPL 프리미어리그 데이터 업데이트 완료"}
{"timestamp":"2025-08-15T04:00:03.351Z","type":"odds","status":"success","message":"High-priority odds update completed (30min interval)","priority":"medium","leagues":["NBA","MLB","KBO","NFL","프리미어리그"],"dynamicPriority":"low","oddsUpdated":17,"oddsDetail":{"totalUpdated":17,"newOdds":0,"existingOddsUpdated":17,"skippedOdds":1,"apiCalls":5,"categoriesProcessed":5}}
{"timestamp":"2025-08-15T04:00:09.043Z","type":"bets","status":"start","message":"Starting bet results update after game results"}
{"timestamp":"2025-08-15T04:00:09.056Z","type":"results","status":"success","message":"Game results and bet results update completed","gameResultsUpdated":0,"gameResultsDetail":{"totalUpdated":0,"newGames":0,"existingGamesUpdated":0,"skippedGames":0,"categoriesProcessed":13},"betResultsUpdated":0,"categoryCount":14}
{"timestamp":"2025-08-15T04:10:00.883Z","type":"results","status":"start","message":"Starting cost-efficient game results update","categoryCount":14}
{"timestamp":"2025-08-15T04:10:07.567Z","type":"bets","status":"start","message":"Starting bet results update after game results"}
{"timestamp":"2025-08-15T04:10:07.582Z","type":"results","status":"success","message":"Game results and bet results update completed","gameResultsUpdated":0,"gameResultsDetail":{"totalUpdated":0,"newGames":0,"existingGamesUpdated":0,"skippedGames":0,"categoriesProcessed":13},"betResultsUpdated":0,"categoryCount":14}
{"timestamp":"2025-08-15T04:16:55.434Z","type":"monitor","status":"info","message":"Scheduler status check","isUpdatingResults":false,"isUpdatingOdds":false,"lastUpdateTime":"2025-08-15T04:10:07.582Z","activeCategories":["NBA","MLB","KBO","NFL","프리미어리그","MLS","KLEAGUE","JLEAGUE","SERIEA","BRASILEIRAO","ARGENTINA_PRIMERA","CSL","LALIGA","BUNDESLIGA"],"uptime":80692.862285041,"apiCallEstimate":"~28 calls per hour","memory":{"used":"90MB","total":"99MB"}}
{"timestamp":"2025-08-15T04:20:00.069Z","type":"results","status":"start","message":"Starting cost-efficient game results update","categoryCount":14}
{"timestamp":"2025-08-15T04:20:07.432Z","type":"bets","status":"start","message":"Starting bet results update after game results"}
{"timestamp":"2025-08-15T04:20:07.439Z","type":"results","status":"success","message":"Game results and bet results update completed","gameResultsUpdated":0,"gameResultsDetail":{"totalUpdated":0,"newGames":0,"existingGamesUpdated":0,"skippedGames":0,"categoriesProcessed":13},"betResultsUpdated":0,"categoryCount":14}
{"timestamp":"2025-08-15T04:30:00.190Z","type":"results","status":"start","message":"Starting cost-efficient game results update","categoryCount":14}
{"timestamp":"2025-08-15T04:30:00.193Z","type":"odds","status":"start","message":"Starting high-priority leagues odds update (30min interval)","priority":"high","leagues":["NBA","MLB","KBO","NFL","프리미어리그"]}
{"timestamp":"2025-08-15T04:30:00.196Z","type":"epl","status":"start","message":"EPL 프리미어리그 데이터 강제 업데이트"}
{"timestamp":"2025-08-15T04:30:03.329Z","type":"odds","status":"success","message":"High-priority odds update completed (30min interval)","priority":"medium","leagues":["NBA","MLB","KBO","NFL","프리미어리그"],"dynamicPriority":"low","oddsUpdated":17,"oddsDetail":{"totalUpdated":17,"newOdds":0,"existingOddsUpdated":17,"skippedOdds":1,"apiCalls":5,"categoriesProcessed":5}}
{"timestamp":"2025-08-15T04:30:04.972Z","type":"epl","status":"success","message":"EPL 프리미어리그 데이터 업데이트 완료"}
{"timestamp":"2025-08-15T04:30:06.782Z","type":"bets","status":"start","message":"Starting bet results update after game results"}
{"timestamp":"2025-08-15T04:30:06.799Z","type":"results","status":"success","message":"Game results and bet results update completed","gameResultsUpdated":0,"gameResultsDetail":{"totalUpdated":0,"newGames":0,"existingGamesUpdated":0,"skippedGames":0,"categoriesProcessed":13},"betResultsUpdated":0,"categoryCount":14}
{"timestamp":"2025-08-15T04:40:00.374Z","type":"results","status":"start","message":"Starting cost-efficient game results update","categoryCount":14}
{"timestamp":"2025-08-15T04:40:07.923Z","type":"bets","status":"start","message":"Starting bet results update after game results"}
{"timestamp":"2025-08-15T04:40:07.940Z","type":"results","status":"success","message":"Game results and bet results update completed","gameResultsUpdated":0,"gameResultsDetail":{"totalUpdated":0,"newGames":0,"existingGamesUpdated":0,"skippedGames":0,"categoriesProcessed":13},"betResultsUpdated":0,"categoryCount":14}
{"timestamp":"2025-08-15T04:50:00.547Z","type":"results","status":"start","message":"Starting cost-efficient game results update","categoryCount":14}
{"timestamp":"2025-08-15T04:50:06.355Z","type":"bets","status":"start","message":"Starting bet results update after game results"}
{"timestamp":"2025-08-15T04:50:06.371Z","type":"results","status":"success","message":"Game results and bet results update completed","gameResultsUpdated":0,"gameResultsDetail":{"totalUpdated":0,"newGames":0,"existingGamesUpdated":0,"skippedGames":0,"categoriesProcessed":13},"betResultsUpdated":0,"categoryCount":14}
{"timestamp":"2025-08-15T05:16:55.340Z","type":"monitor","status":"info","message":"Scheduler status check","isUpdatingResults":false,"isUpdatingOdds":false,"lastUpdateTime":"2025-08-15T04:50:06.371Z","activeCategories":["NBA","MLB","KBO","NFL","프리미어리그","MLS","KLEAGUE","JLEAGUE","SERIEA","BRASILEIRAO","ARGENTINA_PRIMERA","CSL","LALIGA","BUNDESLIGA"],"uptime":84292.863769208,"apiCallEstimate":"~28 calls per hour","memory":{"used":"93MB","total":"99MB"}}
{"timestamp":"2025-08-15T05:20:00.313Z","type":"results","status":"start","message":"Starting cost-efficient game results update","categoryCount":14}
{"timestamp":"2025-08-15T05:20:07.694Z","type":"bets","status":"start","message":"Starting bet results update after game results"}
{"timestamp":"2025-08-15T05:20:07.703Z","type":"results","status":"success","message":"Game results and bet results update completed","gameResultsUpdated":0,"gameResultsDetail":{"totalUpdated":0,"newGames":0,"existingGamesUpdated":0,"skippedGames":0,"categoriesProcessed":13},"betResultsUpdated":0,"categoryCount":14}
{"timestamp":"2025-08-15T05:30:00.475Z","type":"results","status":"start","message":"Starting cost-efficient game results update","categoryCount":14}
{"timestamp":"2025-08-15T05:30:00.478Z","type":"odds","status":"start","message":"Starting high-priority leagues odds update (30min interval)","priority":"high","leagues":["NBA","MLB","KBO","NFL","프리미어리그"]}
{"timestamp":"2025-08-15T05:30:00.481Z","type":"epl","status":"start","message":"EPL 프리미어리그 데이터 강제 업데이트"}
{"timestamp":"2025-08-15T05:30:02.448Z","type":"epl","status":"success","message":"EPL 프리미어리그 데이터 업데이트 완료"}
{"timestamp":"2025-08-15T05:30:03.642Z","type":"odds","status":"success","message":"High-priority odds update completed (30min interval)","priority":"medium","leagues":["NBA","MLB","KBO","NFL","프리미어리그"],"dynamicPriority":"low","oddsUpdated":18,"oddsDetail":{"totalUpdated":18,"newOdds":1,"existingOddsUpdated":17,"skippedOdds":1,"apiCalls":5,"categoriesProcessed":5}}
{"timestamp":"2025-08-15T05:30:10.285Z","type":"bets","status":"start","message":"Starting bet results update after game results"}
{"timestamp":"2025-08-15T05:30:10.298Z","type":"results","status":"success","message":"Game results and bet results update completed","gameResultsUpdated":0,"gameResultsDetail":{"totalUpdated":0,"newGames":0,"existingGamesUpdated":0,"skippedGames":0,"categoriesProcessed":13},"betResultsUpdated":0,"categoryCount":14}
{"timestamp":"2025-08-15T05:40:00.203Z","type":"results","status":"start","message":"Starting cost-efficient game results update","categoryCount":14}
{"timestamp":"2025-08-15T05:40:07.993Z","type":"bets","status":"start","message":"Starting bet results update after game results"}
{"timestamp":"2025-08-15T05:40:08.006Z","type":"results","status":"success","message":"Game results and bet results update completed","gameResultsUpdated":0,"gameResultsDetail":{"totalUpdated":0,"newGames":0,"existingGamesUpdated":0,"skippedGames":0,"categoriesProcessed":13},"betResultsUpdated":0,"categoryCount":14}
{"timestamp":"2025-08-15T05:50:00.835Z","type":"results","status":"start","message":"Starting cost-efficient game results update","categoryCount":14}
{"timestamp":"2025-08-15T05:50:08.292Z","type":"bets","status":"start","message":"Starting bet results update after game results"}
{"timestamp":"2025-08-15T05:50:08.301Z","type":"results","status":"success","message":"Game results and bet results update completed","gameResultsUpdated":0,"gameResultsDetail":{"totalUpdated":0,"newGames":0,"existingGamesUpdated":0,"skippedGames":0,"categoriesProcessed":13},"betResultsUpdated":0,"categoryCount":14}
{"timestamp":"2025-08-15T06:00:00.427Z","type":"results","status":"start","message":"Starting cost-efficient game results update","categoryCount":14}
{"timestamp":"2025-08-15T06:00:00.431Z","type":"odds","status":"start","message":"Starting high-priority leagues odds update (30min interval)","priority":"high","leagues":["NBA","MLB","KBO","NFL","프리미어리그"]}
{"timestamp":"2025-08-15T06:00:00.434Z","type":"epl","status":"start","message":"EPL 프리미어리그 데이터 강제 업데이트"}
{"timestamp":"2025-08-15T06:00:03.317Z","type":"odds","status":"success","message":"High-priority odds update completed (30min interval)","priority":"medium","leagues":["NBA","MLB","KBO","NFL","프리미어리그"],"dynamicPriority":"low","oddsUpdated":19,"oddsDetail":{"totalUpdated":19,"newOdds":1,"existingOddsUpdated":18,"skippedOdds":1,"apiCalls":5,"categoriesProcessed":5}}
{"timestamp":"2025-08-15T06:00:04.835Z","type":"epl","status":"success","message":"EPL 프리미어리그 데이터 업데이트 완료"}
{"timestamp":"2025-08-15T06:00:11.306Z","type":"bets","status":"start","message":"Starting bet results update after game results"}
{"timestamp":"2025-08-15T06:00:11.321Z","type":"results","status":"success","message":"Game results and bet results update completed","gameResultsUpdated":0,"gameResultsDetail":{"totalUpdated":0,"newGames":0,"existingGamesUpdated":0,"skippedGames":0,"categoriesProcessed":13},"betResultsUpdated":0,"categoryCount":14}
{"timestamp":"2025-08-15T06:10:00.051Z","type":"results","status":"start","message":"Starting cost-efficient game results update","categoryCount":14}
{"timestamp":"2025-08-15T06:10:04.407Z","type":"bets","status":"start","message":"Starting bet results update after game results"}
{"timestamp":"2025-08-15T06:10:04.417Z","type":"results","status":"success","message":"Game results and bet results update completed","gameResultsUpdated":0,"gameResultsDetail":{"totalUpdated":0,"newGames":0,"existingGamesUpdated":0,"skippedGames":0,"categoriesProcessed":13},"betResultsUpdated":0,"categoryCount":14}
{"timestamp":"2025-08-15T06:16:53.290Z","type":"monitor","status":"info","message":"Scheduler status check","isUpdatingResults":false,"isUpdatingOdds":false,"lastUpdateTime":"2025-08-15T06:10:04.417Z","activeCategories":["NBA","MLB","KBO","NFL","프리미어리그","MLS","KLEAGUE","JLEAGUE","SERIEA","BRASILEIRAO","ARGENTINA_PRIMERA","CSL","LALIGA","BUNDESLIGA"],"uptime":87892.864745916,"apiCallEstimate":"~28 calls per hour","memory":{"used":"86MB","total":"99MB"}}
{"timestamp":"2025-08-15T06:20:00.674Z","type":"results","status":"start","message":"Starting cost-efficient game results update","categoryCount":14}
{"timestamp":"2025-08-15T06:20:09.827Z","type":"bets","status":"start","message":"Starting bet results update after game results"}
{"timestamp":"2025-08-15T06:20:09.835Z","type":"results","status":"success","message":"Game results and bet results update completed","gameResultsUpdated":0,"gameResultsDetail":{"totalUpdated":0,"newGames":0,"existingGamesUpdated":0,"skippedGames":0,"categoriesProcessed":13},"betResultsUpdated":0,"categoryCount":14}
{"timestamp":"2025-08-15T06:30:00.223Z","type":"results","status":"start","message":"Starting cost-efficient game results update","categoryCount":14}
{"timestamp":"2025-08-15T06:30:00.225Z","type":"odds","status":"start","message":"Starting high-priority leagues odds update (30min interval)","priority":"high","leagues":["NBA","MLB","KBO","NFL","프리미어리그"]}
{"timestamp":"2025-08-15T06:30:00.227Z","type":"epl","status":"start","message":"EPL 프리미어리그 데이터 강제 업데이트"}
{"timestamp":"2025-08-15T06:30:02.641Z","type":"odds","status":"success","message":"High-priority odds update completed (30min interval)","priority":"medium","leagues":["NBA","MLB","KBO","NFL","프리미어리그"],"dynamicPriority":"low","oddsUpdated":19,"oddsDetail":{"totalUpdated":19,"newOdds":0,"existingOddsUpdated":19,"skippedOdds":1,"apiCalls":5,"categoriesProcessed":5}}
{"timestamp":"2025-08-15T06:30:02.990Z","type":"epl","status":"success","message":"EPL 프리미어리그 데이터 업데이트 완료"}
{"timestamp":"2025-08-15T06:30:07.995Z","type":"bets","status":"start","message":"Starting bet results update after game results"}
{"timestamp":"2025-08-15T06:30:08.005Z","type":"results","status":"success","message":"Game results and bet results update completed","gameResultsUpdated":0,"gameResultsDetail":{"totalUpdated":0,"newGames":0,"existingGamesUpdated":0,"skippedGames":0,"categoriesProcessed":13},"betResultsUpdated":0,"categoryCount":14}
{"timestamp":"2025-08-15T06:40:00.853Z","type":"results","status":"start","message":"Starting cost-efficient game results update","categoryCount":14}
{"timestamp":"2025-08-15T06:40:10.852Z","type":"bets","status":"start","message":"Starting bet results update after game results"}
{"timestamp":"2025-08-15T06:40:10.866Z","type":"results","status":"success","message":"Game results and bet results update completed","gameResultsUpdated":0,"gameResultsDetail":{"totalUpdated":0,"newGames":0,"existingGamesUpdated":0,"skippedGames":0,"categoriesProcessed":13},"betResultsUpdated":0,"categoryCount":14}
{"timestamp":"2025-08-15T06:50:00.493Z","type":"results","status":"start","message":"Starting cost-efficient game results update","categoryCount":14}
{"timestamp":"2025-08-15T06:50:07.232Z","type":"bets","status":"start","message":"Starting bet results update after game results"}
{"timestamp":"2025-08-15T06:50:07.245Z","type":"results","status":"success","message":"Game results and bet results update completed","gameResultsUpdated":0,"gameResultsDetail":{"totalUpdated":0,"newGames":0,"existingGamesUpdated":0,"skippedGames":0,"categoriesProcessed":13},"betResultsUpdated":0,"categoryCount":14}
{"timestamp":"2025-08-15T06:55:56.687Z","type":"init","status":"start","message":"Starting initial data caching for active categories","categoryCount":14}
{"timestamp":"2025-08-15T07:07:47.132Z","type":"init","status":"start","message":"Starting initial data caching for active categories","categoryCount":14}
{"timestamp":"2025-08-15T07:07:54.006Z","type":"init","status":"success","message":"Initial data cached successfully for active categories","oddsUpdated":166,"resultsUpdated":"N/A","betsUpdated":0,"categoryCount":14}
{"timestamp":"2025-08-15T07:08:16.967Z","type":"init","status":"start","message":"Starting initial data caching for active categories","categoryCount":14}
{"timestamp":"2025-08-15T07:10:00.273Z","type":"results","status":"start","message":"Starting cost-efficient game results update","categoryCount":14}
{"timestamp":"2025-08-15T07:10:17.619Z","type":"bets","status":"start","message":"Starting bet results update after game results"}
{"timestamp":"2025-08-15T07:10:17.627Z","type":"results","status":"success","message":"Game results and bet results update completed","gameResultsUpdated":0,"gameResultsDetail":{"totalUpdated":0,"newGames":0,"existingGamesUpdated":0,"skippedGames":0,"categoriesProcessed":13},"betResultsUpdated":0,"categoryCount":14}
{"timestamp":"2025-08-15T07:13:38.975Z","type":"init","status":"start","message":"Starting initial data caching for active categories","categoryCount":14}
{"timestamp":"2025-08-15T07:13:48.101Z","type":"init","status":"success","message":"Initial data cached successfully for active categories","oddsUpdated":166,"resultsUpdated":"N/A","betsUpdated":0,"categoryCount":14}
{"timestamp":"2025-08-15T07:16:52.692Z","type":"init","status":"start","message":"Starting initial data caching for active categories","categoryCount":14}
{"timestamp":"2025-08-15T07:17:19.318Z","type":"init","status":"success","message":"Initial data cached successfully for active categories","oddsUpdated":166,"resultsUpdated":"N/A","betsUpdated":0,"categoryCount":14}
{"timestamp":"2025-08-15T07:20:00.884Z","type":"results","status":"start","message":"Starting cost-efficient game results update","categoryCount":14}
{"timestamp":"2025-08-15T07:20:07.328Z","type":"bets","status":"start","message":"Starting bet results update after game results"}
{"timestamp":"2025-08-15T07:20:07.345Z","type":"results","status":"success","message":"Game results and bet results update completed","gameResultsUpdated":0,"gameResultsDetail":{"totalUpdated":0,"newGames":0,"existingGamesUpdated":0,"skippedGames":0,"categoriesProcessed":13},"betResultsUpdated":0,"categoryCount":14}
{"timestamp":"2025-08-15T07:30:00.513Z","type":"results","status":"start","message":"Starting cost-efficient game results update","categoryCount":14}
{"timestamp":"2025-08-15T07:30:00.519Z","type":"odds","status":"start","message":"Starting high-priority leagues odds update (30min interval)","priority":"high","leagues":["NBA","MLB","KBO","NFL","프리미어리그"]}
{"timestamp":"2025-08-15T07:30:00.524Z","type":"epl","status":"start","message":"EPL 프리미어리그 데이터 강제 업데이트"}
{"timestamp":"2025-08-15T07:30:03.181Z","type":"odds","status":"success","message":"High-priority odds update completed (30min interval)","priority":"medium","leagues":["NBA","MLB","KBO","NFL","프리미어리그"],"dynamicPriority":"low","oddsUpdated":20,"oddsDetail":{"totalUpdated":20,"newOdds":0,"existingOddsUpdated":20,"skippedOdds":1,"apiCalls":5,"categoriesProcessed":5}}
{"timestamp":"2025-08-15T07:30:04.639Z","type":"epl","status":"success","message":"EPL 프리미어리그 데이터 업데이트 완료"}
{"timestamp":"2025-08-15T07:30:08.218Z","type":"bets","status":"start","message":"Starting bet results update after game results"}
{"timestamp":"2025-08-15T07:30:08.237Z","type":"results","status":"success","message":"Game results and bet results update completed","gameResultsUpdated":0,"gameResultsDetail":{"totalUpdated":0,"newGames":0,"existingGamesUpdated":0,"skippedGames":0,"categoriesProcessed":13},"betResultsUpdated":0,"categoryCount":14}
{"timestamp":"2025-08-15T07:40:00.242Z","type":"results","status":"start","message":"Starting cost-efficient game results update","categoryCount":14}
{"timestamp":"2025-08-15T07:40:08.163Z","type":"bets","status":"start","message":"Starting bet results update after game results"}
{"timestamp":"2025-08-15T07:40:08.189Z","type":"results","status":"success","message":"Game results and bet results update completed","gameResultsUpdated":0,"gameResultsDetail":{"totalUpdated":0,"newGames":0,"existingGamesUpdated":0,"skippedGames":0,"categoriesProcessed":13},"betResultsUpdated":0,"categoryCount":14}
{"timestamp":"2025-08-15T07:41:19.240Z","type":"init","status":"start","message":"Starting initial data caching for active categories","categoryCount":14}
{"timestamp":"2025-08-15T07:41:25.765Z","type":"init","status":"success","message":"Initial data cached successfully for active categories","oddsUpdated":166,"resultsUpdated":"N/A","betsUpdated":0,"categoryCount":14}
{"timestamp":"2025-08-15T07:49:13.427Z","type":"init","status":"start","message":"Starting initial data caching for active categories","categoryCount":14}
{"timestamp":"2025-08-15T07:49:20.456Z","type":"init","status":"success","message":"Initial data cached successfully for active categories","oddsUpdated":166,"resultsUpdated":"N/A","betsUpdated":0,"categoryCount":14}
{"timestamp":"2025-08-15T07:50:00.474Z","type":"results","status":"start","message":"Starting cost-efficient game results update","categoryCount":14}
{"timestamp":"2025-08-15T07:50:05.507Z","type":"bets","status":"start","message":"Starting bet results update after game results"}
{"timestamp":"2025-08-15T07:50:05.535Z","type":"results","status":"success","message":"Game results and bet results update completed","gameResultsUpdated":0,"gameResultsDetail":{"totalUpdated":0,"newGames":0,"existingGamesUpdated":0,"skippedGames":0,"categoriesProcessed":13},"betResultsUpdated":0,"categoryCount":14}
{"timestamp":"2025-08-15T07:52:27.197Z","type":"init","status":"start","message":"Starting initial data caching for active categories","categoryCount":14}
{"timestamp":"2025-08-15T07:52:43.429Z","type":"init","status":"success","message":"Initial data cached successfully for active categories","oddsUpdated":166,"resultsUpdated":"N/A","betsUpdated":0,"categoryCount":14}
{"timestamp":"2025-08-15T08:00:00.676Z","type":"results","status":"start","message":"Starting cost-efficient game results update","categoryCount":14}
{"timestamp":"2025-08-15T08:00:00.679Z","type":"odds","status":"start","message":"Starting high-priority leagues odds update (30min interval)","priority":"high","leagues":["NBA","MLB","KBO","NFL","프리미어리그"]}
{"timestamp":"2025-08-15T08:00:00.682Z","type":"epl","status":"start","message":"EPL 프리미어리그 데이터 강제 업데이트"}
{"timestamp":"2025-08-15T08:00:02.349Z","type":"epl","status":"success","message":"EPL 프리미어리그 데이터 업데이트 완료"}
{"timestamp":"2025-08-15T08:00:03.719Z","type":"odds","status":"success","message":"High-priority odds update completed (30min interval)","priority":"medium","leagues":["NBA","MLB","KBO","NFL","프리미어리그"],"dynamicPriority":"low","oddsUpdated":20,"oddsDetail":{"totalUpdated":20,"newOdds":0,"existingOddsUpdated":20,"skippedOdds":1,"apiCalls":5,"categoriesProcessed":5}}
{"timestamp":"2025-08-15T08:00:07.721Z","type":"bets","status":"start","message":"Starting bet results update after game results"}
{"timestamp":"2025-08-15T08:00:07.736Z","type":"results","status":"success","message":"Game results and bet results update completed","gameResultsUpdated":0,"gameResultsDetail":{"totalUpdated":0,"newGames":0,"existingGamesUpdated":0,"skippedGames":0,"categoriesProcessed":13},"betResultsUpdated":0,"categoryCount":14}
