{"timestamp":"2025-07-11T07:42:49.507Z","type":"init","status":"start","message":"Starting initial data caching for active categories","categories":["NBA","MLB","KBO","NFL","MLS","K리그","J리그","세리에 A","브라질 세리에 A","아르헨티나 프리메라","중국 슈퍼리그","라리가","분데스리가"]}
{"timestamp":"2025-07-11T07:43:24.785Z","type":"init","status":"success","message":"Initial data cached successfully for active categories","categories":["NBA","MLB","KBO","NFL","MLS","K리그","J리그","세리에 A","브라질 세리에 A","아르헨티나 프리메라","중국 슈퍼리그","라리가","분데스리가"],"oddsUpdated":"Active categories only","resultsUpdated":134,"betsUpdated":0}
{"timestamp":"2025-07-11T07:50:00.062Z","type":"results","status":"start","message":"Starting cost-efficient game results update","categories":["NBA","MLB","KBO","NFL","MLS","K리그","J리그","세리에 A","브라질 세리에 A","아르헨티나 프리메라","중국 슈퍼리그","라리가","분데스리가"]}
{"timestamp":"2025-07-11T07:50:00.074Z","type":"odds","status":"start","message":"Starting high-priority leagues odds update (10min interval)","priority":"high","leagues":["NBA","MLB","KBO","NFL"]}
{"timestamp":"2025-07-11T07:50:01.848Z","type":"odds","status":"success","message":"High-priority odds update completed (10min interval)","priority":"medium","leagues":["NBA","MLB","KBO","NFL"],"dynamicPriority":"low","oddsUpdated":0,"oddsDetail":{"totalUpdated":0,"newOdds":0,"existingOddsUpdated":0,"skippedOdds":0,"apiCalls":4,"categoriesProcessed":4}}
{"timestamp":"2025-07-11T07:50:34.550Z","type":"bets","status":"start","message":"Starting bet results update after game results"}
{"timestamp":"2025-07-11T07:50:34.565Z","type":"results","status":"success","message":"Game results and bet results update completed","gameResultsUpdated":134,"gameResultsDetail":{"totalUpdated":134,"newGames":0,"existingGamesUpdated":134,"skippedGames":0,"categoriesProcessed":11},"betResultsUpdated":0,"categories":["NBA","MLB","KBO","NFL","MLS","K리그","J리그","세리에 A","브라질 세리에 A","아르헨티나 프리메라","중국 슈퍼리그","라리가","분데스리가"]}
{"timestamp":"2025-07-11T07:57:49.530Z","type":"monitor","status":"info","message":"Scheduler status check","isUpdating":false,"lastUpdateTime":"2025-07-11T07:50:34.565Z","activeCategories":["NBA","MLB","KBO","NFL","MLS","K리그","J리그","세리에 A","브라질 세리에 A","아르헨티나 프리메라","중국 슈퍼리그","라리가","분데스리가"],"uptime":900.451847292,"apiCallEstimate":"~26 calls per hour","memory":{"used":"28MB","total":"33MB"}}
{"timestamp":"2025-07-11T08:00:00.776Z","type":"results","status":"start","message":"Starting cost-efficient game results update","categories":["NBA","MLB","KBO","NFL","MLS","K리그","J리그","세리에 A","브라질 세리에 A","아르헨티나 프리메라","중국 슈퍼리그","라리가","분데스리가"]}
{"timestamp":"2025-07-11T08:00:00.808Z","type":"odds","status":"start","message":"Starting high-priority leagues odds update (10min interval)","priority":"high","leagues":["NBA","MLB","KBO","NFL"]}
{"timestamp":"2025-07-11T08:00:00.813Z","type":"odds","status":"start","message":"Starting medium-priority leagues odds update (1hour interval)","priority":"medium","leagues":["MLS","K리그","J리그","세리에 A"]}
{"timestamp":"2025-07-11T08:00:02.190Z","type":"odds","status":"success","message":"Medium-priority odds update completed (1hour interval)","priority":"medium","leagues":["MLS","K리그","J리그","세리에 A"],"dynamicPriority":"low","oddsUpdated":0,"oddsDetail":{"totalUpdated":0,"newOdds":0,"existingOddsUpdated":0,"skippedOdds":0,"apiCalls":4,"categoriesProcessed":4}}
{"timestamp":"2025-07-11T08:00:02.599Z","type":"odds","status":"success","message":"High-priority odds update completed (10min interval)","priority":"medium","leagues":["NBA","MLB","KBO","NFL"],"dynamicPriority":"low","oddsUpdated":0,"oddsDetail":{"totalUpdated":0,"newOdds":0,"existingOddsUpdated":0,"skippedOdds":0,"apiCalls":4,"categoriesProcessed":4}}
{"timestamp":"2025-07-11T08:00:55.284Z","type":"bets","status":"start","message":"Starting bet results update after game results"}
{"timestamp":"2025-07-11T08:00:55.302Z","type":"results","status":"success","message":"Game results and bet results update completed","gameResultsUpdated":134,"gameResultsDetail":{"totalUpdated":134,"newGames":0,"existingGamesUpdated":134,"skippedGames":0,"categoriesProcessed":11},"betResultsUpdated":0,"categories":["NBA","MLB","KBO","NFL","MLS","K리그","J리그","세리에 A","브라질 세리에 A","아르헨티나 프리메라","중국 슈퍼리그","라리가","분데스리가"]}
{"timestamp":"2025-07-11T08:10:00.654Z","type":"results","status":"start","message":"Starting cost-efficient game results update","categories":["NBA","MLB","KBO","NFL","MLS","K리그","J리그","세리에 A","브라질 세리에 A","아르헨티나 프리메라","중국 슈퍼리그","라리가","분데스리가"]}
{"timestamp":"2025-07-11T08:10:00.687Z","type":"odds","status":"start","message":"Starting high-priority leagues odds update (10min interval)","priority":"high","leagues":["NBA","MLB","KBO","NFL"]}
{"timestamp":"2025-07-11T08:10:01.468Z","type":"odds","status":"success","message":"High-priority odds update completed (10min interval)","priority":"medium","leagues":["NBA","MLB","KBO","NFL"],"dynamicPriority":"low","oddsUpdated":0,"oddsDetail":{"totalUpdated":0,"newOdds":0,"existingOddsUpdated":0,"skippedOdds":0,"apiCalls":1,"categoriesProcessed":4}}
{"timestamp":"2025-07-11T08:10:47.262Z","type":"bets","status":"start","message":"Starting bet results update after game results"}
{"timestamp":"2025-07-11T08:10:47.283Z","type":"results","status":"success","message":"Game results and bet results update completed","gameResultsUpdated":133,"gameResultsDetail":{"totalUpdated":133,"newGames":0,"existingGamesUpdated":133,"skippedGames":0,"categoriesProcessed":11},"betResultsUpdated":0,"categories":["NBA","MLB","KBO","NFL","MLS","K리그","J리그","세리에 A","브라질 세리에 A","아르헨티나 프리메라","중국 슈퍼리그","라리가","분데스리가"]}
{"timestamp":"2025-07-11T08:12:49.490Z","type":"monitor","status":"info","message":"Scheduler status check","isUpdating":false,"lastUpdateTime":"2025-07-11T08:10:47.283Z","activeCategories":["NBA","MLB","KBO","NFL","MLS","K리그","J리그","세리에 A","브라질 세리에 A","아르헨티나 프리메라","중국 슈퍼리그","라리가","분데스리가"],"uptime":1800.444090292,"apiCallEstimate":"~26 calls per hour","memory":{"used":"26MB","total":"30MB"}}
{"timestamp":"2025-07-11T08:20:00.362Z","type":"results","status":"start","message":"Starting cost-efficient game results update","categories":["NBA","MLB","KBO","NFL","MLS","K리그","J리그","세리에 A","브라질 세리에 A","아르헨티나 프리메라","중국 슈퍼리그","라리가","분데스리가"]}
{"timestamp":"2025-07-11T08:20:00.398Z","type":"odds","status":"start","message":"Starting high-priority leagues odds update (10min interval)","priority":"high","leagues":["NBA","MLB","KBO","NFL"]}
{"timestamp":"2025-07-11T08:20:00.422Z","type":"odds","status":"success","message":"High-priority odds update completed (10min interval)","priority":"medium","leagues":["NBA","MLB","KBO","NFL"],"dynamicPriority":"low","oddsUpdated":0,"oddsDetail":{"totalUpdated":0,"newOdds":0,"existingOddsUpdated":0,"skippedOdds":0,"apiCalls":0,"categoriesProcessed":4}}
{"timestamp":"2025-07-11T08:20:59.527Z","type":"bets","status":"start","message":"Starting bet results update after game results"}
{"timestamp":"2025-07-11T08:20:59.546Z","type":"results","status":"success","message":"Game results and bet results update completed","gameResultsUpdated":133,"gameResultsDetail":{"totalUpdated":133,"newGames":0,"existingGamesUpdated":133,"skippedGames":0,"categoriesProcessed":11},"betResultsUpdated":0,"categories":["NBA","MLB","KBO","NFL","MLS","K리그","J리그","세리에 A","브라질 세리에 A","아르헨티나 프리메라","중국 슈퍼리그","라리가","분데스리가"]}
{"timestamp":"2025-07-11T08:25:10.858Z","type":"init","status":"start","message":"Starting initial data caching for active categories","categories":["NBA","MLB","KBO","NFL","MLS","K리그","J리그","세리에 A","브라질 세리에 A","아르헨티나 프리메라","중국 슈퍼리그","라리가","분데스리가"]}
{"timestamp":"2025-07-11T08:26:33.767Z","type":"init","status":"start","message":"Starting initial data caching for active categories","categories":["NBA","MLB","KBO","NFL","MLS","K리그","J리그","세리에 A","브라질 세리에 A","아르헨티나 프리메라","중국 슈퍼리그","라리가","분데스리가"]}
{"timestamp":"2025-07-11T08:27:13.709Z","type":"init","status":"success","message":"Initial data cached successfully for active categories","categories":["NBA","MLB","KBO","NFL","MLS","K리그","J리그","세리에 A","브라질 세리에 A","아르헨티나 프리메라","중국 슈퍼리그","라리가","분데스리가"],"oddsUpdated":"Active categories only","resultsUpdated":133,"betsUpdated":0}
{"timestamp":"2025-07-11T08:27:29.923Z","type":"init","status":"start","message":"Starting initial data caching for active categories","categories":["NBA","MLB","KBO","NFL","MLS","K리그","J리그","세리에 A","브라질 세리에 A","아르헨티나 프리메라","중국 슈퍼리그","라리가","분데스리가"]}
{"timestamp":"2025-07-11T08:29:26.543Z","type":"init","status":"start","message":"Starting initial data caching for active categories","categories":["NBA","MLB","KBO","NFL","MLS","K리그","J리그","세리에 A","브라질 세리에 A","아르헨티나 프리메라","중국 슈퍼리그","라리가","분데스리가"]}
{"timestamp":"2025-07-11T08:30:00.584Z","type":"results","status":"start","message":"Starting cost-efficient game results update","categories":["NBA","MLB","KBO","NFL","MLS","K리그","J리그","세리에 A","브라질 세리에 A","아르헨티나 프리메라","중국 슈퍼리그","라리가","분데스리가"]}
{"timestamp":"2025-07-11T08:30:00.588Z","type":"odds","status":"start","message":"Starting high-priority leagues odds update (10min interval)","priority":"high","leagues":["NBA","MLB","KBO","NFL"]}
{"timestamp":"2025-07-11T08:30:02.185Z","type":"odds","status":"success","message":"High-priority odds update completed (10min interval)","priority":"medium","leagues":["NBA","MLB","KBO","NFL"],"dynamicPriority":"low","oddsUpdated":0,"oddsDetail":{"totalUpdated":0,"newOdds":0,"existingOddsUpdated":0,"skippedOdds":0,"apiCalls":4,"categoriesProcessed":4}}
{"timestamp":"2025-07-11T08:30:20.798Z","type":"init","status":"success","message":"Initial data cached successfully for active categories","categories":["NBA","MLB","KBO","NFL","MLS","K리그","J리그","세리에 A","브라질 세리에 A","아르헨티나 프리메라","중국 슈퍼리그","라리가","분데스리가"],"oddsUpdated":"Active categories only","resultsUpdated":133,"betsUpdated":0}
{"timestamp":"2025-07-11T08:30:34.301Z","type":"bets","status":"start","message":"Starting bet results update after game results"}
{"timestamp":"2025-07-11T08:30:34.340Z","type":"results","status":"success","message":"Game results and bet results update completed","gameResultsUpdated":133,"gameResultsDetail":{"totalUpdated":133,"newGames":0,"existingGamesUpdated":133,"skippedGames":0,"categoriesProcessed":11},"betResultsUpdated":0,"categories":["NBA","MLB","KBO","NFL","MLS","K리그","J리그","세리에 A","브라질 세리에 A","아르헨티나 프리메라","중국 슈퍼리그","라리가","분데스리가"]}
{"timestamp":"2025-07-11T08:33:44.077Z","type":"init","status":"start","message":"Starting initial data caching for active categories","categories":["NBA","MLB","KBO","NFL","MLS","K리그","J리그","세리에 A","브라질 세리에 A","아르헨티나 프리메라","중국 슈퍼리그","라리가","분데스리가"]}
{"timestamp":"2025-07-11T08:34:25.530Z","type":"init","status":"success","message":"Initial data cached successfully for active categories","categories":["NBA","MLB","KBO","NFL","MLS","K리그","J리그","세리에 A","브라질 세리에 A","아르헨티나 프리메라","중국 슈퍼리그","라리가","분데스리가"],"oddsUpdated":"Active categories only","resultsUpdated":133,"betsUpdated":0}
{"timestamp":"2025-07-11T08:42:31.642Z","type":"init","status":"start","message":"Starting initial data caching for active categories","categories":["NBA","MLB","KBO","NFL","MLS","K리그","J리그","세리에 A","브라질 세리에 A","아르헨티나 프리메라","중국 슈퍼리그","라리가","분데스리가"]}
{"timestamp":"2025-07-11T08:43:22.204Z","type":"init","status":"success","message":"Initial data cached successfully for active categories","categories":["NBA","MLB","KBO","NFL","MLS","K리그","J리그","세리에 A","브라질 세리에 A","아르헨티나 프리메라","중국 슈퍼리그","라리가","분데스리가"],"oddsUpdated":"Active categories only","resultsUpdated":133,"betsUpdated":0}
{"timestamp":"2025-07-11T08:50:00.311Z","type":"results","status":"start","message":"Starting cost-efficient game results update","categories":["NBA","MLB","KBO","NFL","MLS","K리그","J리그","세리에 A","브라질 세리에 A","아르헨티나 프리메라","중국 슈퍼리그","라리가","분데스리가"]}
{"timestamp":"2025-07-11T08:50:00.333Z","type":"odds","status":"start","message":"Starting high-priority leagues odds update (10min interval)","priority":"high","leagues":["NBA","MLB","KBO","NFL"]}
{"timestamp":"2025-07-11T08:50:01.950Z","type":"odds","status":"success","message":"High-priority odds update completed (10min interval)","priority":"medium","leagues":["NBA","MLB","KBO","NFL"],"dynamicPriority":"low","oddsUpdated":0,"oddsDetail":{"totalUpdated":0,"newOdds":0,"existingOddsUpdated":0,"skippedOdds":0,"apiCalls":4,"categoriesProcessed":4}}
{"timestamp":"2025-07-11T08:50:49.867Z","type":"bets","status":"start","message":"Starting bet results update after game results"}
{"timestamp":"2025-07-11T08:50:49.890Z","type":"results","status":"success","message":"Game results and bet results update completed","gameResultsUpdated":133,"gameResultsDetail":{"totalUpdated":133,"newGames":0,"existingGamesUpdated":133,"skippedGames":0,"categoriesProcessed":11},"betResultsUpdated":0,"categories":["NBA","MLB","KBO","NFL","MLS","K리그","J리그","세리에 A","브라질 세리에 A","아르헨티나 프리메라","중국 슈퍼리그","라리가","분데스리가"]}
{"timestamp":"2025-07-11T08:57:31.677Z","type":"monitor","status":"info","message":"Scheduler status check","isUpdating":false,"lastUpdateTime":"2025-07-11T08:50:49.890Z","activeCategories":["NBA","MLB","KBO","NFL","MLS","K리그","J리그","세리에 A","브라질 세리에 A","아르헨티나 프리메라","중국 슈퍼리그","라리가","분데스리가"],"uptime":900.516719291,"apiCallEstimate":"~26 calls per hour","memory":{"used":"27MB","total":"30MB"}}
{"timestamp":"2025-07-11T09:00:00.034Z","type":"results","status":"start","message":"Starting cost-efficient game results update","categories":["NBA","MLB","KBO","NFL","MLS","K리그","J리그","세리에 A","브라질 세리에 A","아르헨티나 프리메라","중국 슈퍼리그","라리가","분데스리가"]}
{"timestamp":"2025-07-11T09:00:00.068Z","type":"odds","status":"start","message":"Starting high-priority leagues odds update (10min interval)","priority":"high","leagues":["NBA","MLB","KBO","NFL"]}
{"timestamp":"2025-07-11T09:00:00.075Z","type":"odds","status":"start","message":"Starting medium-priority leagues odds update (1hour interval)","priority":"medium","leagues":["MLS","K리그","J리그","세리에 A"]}
{"timestamp":"2025-07-11T09:00:01.515Z","type":"odds","status":"success","message":"Medium-priority odds update completed (1hour interval)","priority":"medium","leagues":["MLS","K리그","J리그","세리에 A"],"dynamicPriority":"low","oddsUpdated":0,"oddsDetail":{"totalUpdated":0,"newOdds":0,"existingOddsUpdated":0,"skippedOdds":0,"apiCalls":4,"categoriesProcessed":4}}
{"timestamp":"2025-07-11T09:00:01.738Z","type":"odds","status":"success","message":"High-priority odds update completed (10min interval)","priority":"medium","leagues":["NBA","MLB","KBO","NFL"],"dynamicPriority":"low","oddsUpdated":0,"oddsDetail":{"totalUpdated":0,"newOdds":0,"existingOddsUpdated":0,"skippedOdds":0,"apiCalls":4,"categoriesProcessed":4}}
{"timestamp":"2025-07-11T09:00:38.421Z","type":"bets","status":"start","message":"Starting bet results update after game results"}
{"timestamp":"2025-07-11T09:00:38.457Z","type":"results","status":"success","message":"Game results and bet results update completed","gameResultsUpdated":133,"gameResultsDetail":{"totalUpdated":133,"newGames":0,"existingGamesUpdated":133,"skippedGames":0,"categoriesProcessed":11},"betResultsUpdated":0,"categories":["NBA","MLB","KBO","NFL","MLS","K리그","J리그","세리에 A","브라질 세리에 A","아르헨티나 프리메라","중국 슈퍼리그","라리가","분데스리가"]}
{"timestamp":"2025-07-11T09:10:00.855Z","type":"results","status":"start","message":"Starting cost-efficient game results update","categories":["NBA","MLB","KBO","NFL","MLS","K리그","J리그","세리에 A","브라질 세리에 A","아르헨티나 프리메라","중국 슈퍼리그","라리가","분데스리가"]}
{"timestamp":"2025-07-11T09:10:00.886Z","type":"odds","status":"start","message":"Starting high-priority leagues odds update (10min interval)","priority":"high","leagues":["NBA","MLB","KBO","NFL"]}
{"timestamp":"2025-07-11T09:10:01.548Z","type":"odds","status":"success","message":"High-priority odds update completed (10min interval)","priority":"medium","leagues":["NBA","MLB","KBO","NFL"],"dynamicPriority":"low","oddsUpdated":0,"oddsDetail":{"totalUpdated":0,"newOdds":0,"existingOddsUpdated":0,"skippedOdds":0,"apiCalls":1,"categoriesProcessed":4}}
{"timestamp":"2025-07-11T09:10:29.108Z","type":"bets","status":"start","message":"Starting bet results update after game results"}
{"timestamp":"2025-07-11T09:10:29.125Z","type":"results","status":"success","message":"Game results and bet results update completed","gameResultsUpdated":133,"gameResultsDetail":{"totalUpdated":133,"newGames":0,"existingGamesUpdated":133,"skippedGames":0,"categoriesProcessed":11},"betResultsUpdated":0,"categories":["NBA","MLB","KBO","NFL","MLS","K리그","J리그","세리에 A","브라질 세리에 A","아르헨티나 프리메라","중국 슈퍼리그","라리가","분데스리가"]}
{"timestamp":"2025-07-11T09:12:31.772Z","type":"monitor","status":"info","message":"Scheduler status check","isUpdating":false,"lastUpdateTime":"2025-07-11T09:10:29.125Z","activeCategories":["NBA","MLB","KBO","NFL","MLS","K리그","J리그","세리에 A","브라질 세리에 A","아르헨티나 프리메라","중국 슈퍼리그","라리가","분데스리가"],"uptime":1800.511150166,"apiCallEstimate":"~26 calls per hour","memory":{"used":"27MB","total":"38MB"}}
{"timestamp":"2025-07-11T09:20:00.585Z","type":"results","status":"start","message":"Starting cost-efficient game results update","categories":["NBA","MLB","KBO","NFL","MLS","K리그","J리그","세리에 A","브라질 세리에 A","아르헨티나 프리메라","중국 슈퍼리그","라리가","분데스리가"]}
{"timestamp":"2025-07-11T09:20:00.614Z","type":"odds","status":"start","message":"Starting high-priority leagues odds update (10min interval)","priority":"high","leagues":["NBA","MLB","KBO","NFL"]}
{"timestamp":"2025-07-11T09:20:00.780Z","type":"odds","status":"success","message":"High-priority odds update completed (10min interval)","priority":"medium","leagues":["NBA","MLB","KBO","NFL"],"dynamicPriority":"low","oddsUpdated":0,"oddsDetail":{"totalUpdated":0,"newOdds":0,"existingOddsUpdated":0,"skippedOdds":0,"apiCalls":0,"categoriesProcessed":4}}
{"timestamp":"2025-07-11T09:20:39.570Z","type":"bets","status":"start","message":"Starting bet results update after game results"}
{"timestamp":"2025-07-11T09:20:39.582Z","type":"results","status":"success","message":"Game results and bet results update completed","gameResultsUpdated":132,"gameResultsDetail":{"totalUpdated":132,"newGames":0,"existingGamesUpdated":132,"skippedGames":0,"categoriesProcessed":11},"betResultsUpdated":0,"categories":["NBA","MLB","KBO","NFL","MLS","K리그","J리그","세리에 A","브라질 세리에 A","아르헨티나 프리메라","중국 슈퍼리그","라리가","분데스리가"]}
{"timestamp":"2025-07-11T09:27:31.787Z","type":"monitor","status":"info","message":"Scheduler status check","isUpdating":false,"lastUpdateTime":"2025-07-11T09:20:39.582Z","activeCategories":["NBA","MLB","KBO","NFL","MLS","K리그","J리그","세리에 A","브라질 세리에 A","아르헨티나 프리메라","중국 슈퍼리그","라리가","분데스리가"],"uptime":2700.513557833,"apiCallEstimate":"~26 calls per hour","memory":{"used":"29MB","total":"31MB"}}
{"timestamp":"2025-07-11T09:30:00.569Z","type":"init","status":"start","message":"Starting initial data caching for active categories","categories":["NBA","MLB","KBO","NFL","MLS","K리그","J리그","세리에 A","브라질 세리에 A","아르헨티나 프리메라","중국 슈퍼리그","라리가","분데스리가"]}
{"timestamp":"2025-07-11T09:30:45.016Z","type":"init","status":"success","message":"Initial data cached successfully for active categories","categories":["NBA","MLB","KBO","NFL","MLS","K리그","J리그","세리에 A","브라질 세리에 A","아르헨티나 프리메라","중국 슈퍼리그","라리가","분데스리가"],"oddsUpdated":"Active categories only","resultsUpdated":132,"betsUpdated":0}
{"timestamp":"2025-07-11T09:36:14.938Z","type":"init","status":"start","message":"Starting initial data caching for active categories","categories":["NBA","MLB","KBO","NFL","MLS","K리그","J리그","세리에 A","브라질 세리에 A","아르헨티나 프리메라","중국 슈퍼리그","라리가","분데스리가"]}
{"timestamp":"2025-07-11T09:37:08.050Z","type":"init","status":"success","message":"Initial data cached successfully for active categories","categories":["NBA","MLB","KBO","NFL","MLS","K리그","J리그","세리에 A","브라질 세리에 A","아르헨티나 프리메라","중국 슈퍼리그","라리가","분데스리가"],"oddsUpdated":"Active categories only","resultsUpdated":132,"betsUpdated":0}
{"timestamp":"2025-07-11T09:40:00.251Z","type":"results","status":"start","message":"Starting cost-efficient game results update","categories":["NBA","MLB","KBO","NFL","MLS","K리그","J리그","세리에 A","브라질 세리에 A","아르헨티나 프리메라","중국 슈퍼리그","라리가","분데스리가"]}
{"timestamp":"2025-07-11T09:40:00.274Z","type":"odds","status":"start","message":"Starting high-priority leagues odds update (10min interval)","priority":"high","leagues":["NBA","MLB","KBO","NFL"]}
{"timestamp":"2025-07-11T09:40:02.014Z","type":"odds","status":"success","message":"High-priority odds update completed (10min interval)","priority":"medium","leagues":["NBA","MLB","KBO","NFL"],"dynamicPriority":"low","oddsUpdated":0,"oddsDetail":{"totalUpdated":0,"newOdds":0,"existingOddsUpdated":0,"skippedOdds":0,"apiCalls":4,"categoriesProcessed":4}}
{"timestamp":"2025-07-11T09:40:52.306Z","type":"bets","status":"start","message":"Starting bet results update after game results"}
{"timestamp":"2025-07-11T09:40:52.325Z","type":"results","status":"success","message":"Game results and bet results update completed","gameResultsUpdated":132,"gameResultsDetail":{"totalUpdated":132,"newGames":0,"existingGamesUpdated":132,"skippedGames":0,"categoriesProcessed":11},"betResultsUpdated":0,"categories":["NBA","MLB","KBO","NFL","MLS","K리그","J리그","세리에 A","브라질 세리에 A","아르헨티나 프리메라","중국 슈퍼리그","라리가","분데스리가"]}
{"timestamp":"2025-07-11T09:50:00.979Z","type":"results","status":"start","message":"Starting cost-efficient game results update","categories":["NBA","MLB","KBO","NFL","MLS","K리그","J리그","세리에 A","브라질 세리에 A","아르헨티나 프리메라","중국 슈퍼리그","라리가","분데스리가"]}
{"timestamp":"2025-07-11T09:50:38.553Z","type":"bets","status":"start","message":"Starting bet results update after game results"}
{"timestamp":"2025-07-11T09:50:38.571Z","type":"results","status":"success","message":"Game results and bet results update completed","gameResultsUpdated":132,"gameResultsDetail":{"totalUpdated":132,"newGames":0,"existingGamesUpdated":132,"skippedGames":0,"categoriesProcessed":11},"betResultsUpdated":0,"categories":["NBA","MLB","KBO","NFL","MLS","K리그","J리그","세리에 A","브라질 세리에 A","아르헨티나 프리메라","중국 슈퍼리그","라리가","분데스리가"]}
{"timestamp":"2025-07-11T09:51:15.014Z","type":"monitor","status":"info","message":"Scheduler status check","isUpdating":false,"lastUpdateTime":"2025-07-11T09:50:38.570Z","activeCategories":["NBA","MLB","KBO","NFL","MLS","K리그","J리그","세리에 A","브라질 세리에 A","아르헨티나 프리메라","중국 슈퍼리그","라리가","분데스리가"],"uptime":900.515217458,"apiCallEstimate":"~26 calls per hour","memory":{"used":"36MB","total":"39MB"}}
{"timestamp":"2025-07-11T10:00:00.725Z","type":"results","status":"start","message":"Starting cost-efficient game results update","categories":["NBA","MLB","KBO","NFL","MLS","K리그","J리그","세리에 A","브라질 세리에 A","아르헨티나 프리메라","중국 슈퍼리그","라리가","분데스리가"]}
{"timestamp":"2025-07-11T10:00:00.763Z","type":"odds","status":"start","message":"Starting high-priority leagues odds update (10min interval)","priority":"high","leagues":["NBA","MLB","KBO","NFL"]}
{"timestamp":"2025-07-11T10:00:00.771Z","type":"odds","status":"start","message":"Starting medium-priority leagues odds update (1hour interval)","priority":"medium","leagues":["MLS","K리그","J리그","세리에 A"]}
{"timestamp":"2025-07-11T10:00:02.176Z","type":"odds","status":"success","message":"Medium-priority odds update completed (1hour interval)","priority":"medium","leagues":["MLS","K리그","J리그","세리에 A"],"dynamicPriority":"low","oddsUpdated":0,"oddsDetail":{"totalUpdated":0,"newOdds":0,"existingOddsUpdated":0,"skippedOdds":0,"apiCalls":4,"categoriesProcessed":4}}
{"timestamp":"2025-07-11T10:00:02.618Z","type":"odds","status":"success","message":"High-priority odds update completed (10min interval)","priority":"medium","leagues":["NBA","MLB","KBO","NFL"],"dynamicPriority":"low","oddsUpdated":0,"oddsDetail":{"totalUpdated":0,"newOdds":0,"existingOddsUpdated":0,"skippedOdds":0,"apiCalls":4,"categoriesProcessed":4}}
{"timestamp":"2025-07-11T10:00:39.174Z","type":"bets","status":"start","message":"Starting bet results update after game results"}
{"timestamp":"2025-07-11T10:00:39.191Z","type":"results","status":"success","message":"Game results and bet results update completed","gameResultsUpdated":132,"gameResultsDetail":{"totalUpdated":132,"newGames":0,"existingGamesUpdated":132,"skippedGames":0,"categoriesProcessed":11},"betResultsUpdated":0,"categories":["NBA","MLB","KBO","NFL","MLS","K리그","J리그","세리에 A","브라질 세리에 A","아르헨티나 프리메라","중국 슈퍼리그","라리가","분데스리가"]}
{"timestamp":"2025-07-11T10:06:15.025Z","type":"monitor","status":"info","message":"Scheduler status check","isUpdating":false,"lastUpdateTime":"2025-07-11T10:00:39.191Z","activeCategories":["NBA","MLB","KBO","NFL","MLS","K리그","J리그","세리에 A","브라질 세리에 A","아르헨티나 프리메라","중국 슈퍼리그","라리가","분데스리가"],"uptime":1800.50786175,"apiCallEstimate":"~26 calls per hour","memory":{"used":"37MB","total":"40MB"}}
{"timestamp":"2025-07-11T10:10:00.486Z","type":"results","status":"start","message":"Starting cost-efficient game results update","categories":["NBA","MLB","KBO","NFL","MLS","K리그","J리그","세리에 A","브라질 세리에 A","아르헨티나 프리메라","중국 슈퍼리그","라리가","분데스리가"]}
{"timestamp":"2025-07-11T10:10:00.523Z","type":"odds","status":"start","message":"Starting high-priority leagues odds update (10min interval)","priority":"high","leagues":["NBA","MLB","KBO","NFL"]}
{"timestamp":"2025-07-11T10:10:01.201Z","type":"odds","status":"success","message":"High-priority odds update completed (10min interval)","priority":"medium","leagues":["NBA","MLB","KBO","NFL"],"dynamicPriority":"low","oddsUpdated":0,"oddsDetail":{"totalUpdated":0,"newOdds":0,"existingOddsUpdated":0,"skippedOdds":0,"apiCalls":1,"categoriesProcessed":4}}
{"timestamp":"2025-07-11T10:10:50.865Z","type":"bets","status":"start","message":"Starting bet results update after game results"}
{"timestamp":"2025-07-11T10:10:50.895Z","type":"results","status":"success","message":"Game results and bet results update completed","gameResultsUpdated":132,"gameResultsDetail":{"totalUpdated":132,"newGames":0,"existingGamesUpdated":132,"skippedGames":0,"categoriesProcessed":11},"betResultsUpdated":0,"categories":["NBA","MLB","KBO","NFL","MLS","K리그","J리그","세리에 A","브라질 세리에 A","아르헨티나 프리메라","중국 슈퍼리그","라리가","분데스리가"]}
{"timestamp":"2025-07-11T10:20:00.254Z","type":"results","status":"start","message":"Starting cost-efficient game results update","categories":["NBA","MLB","KBO","NFL","MLS","K리그","J리그","세리에 A","브라질 세리에 A","아르헨티나 프리메라","중국 슈퍼리그","라리가","분데스리가"]}
{"timestamp":"2025-07-11T10:20:00.287Z","type":"odds","status":"start","message":"Starting high-priority leagues odds update (10min interval)","priority":"high","leagues":["NBA","MLB","KBO","NFL"]}
{"timestamp":"2025-07-11T10:20:00.407Z","type":"odds","status":"success","message":"High-priority odds update completed (10min interval)","priority":"medium","leagues":["NBA","MLB","KBO","NFL"],"dynamicPriority":"low","oddsUpdated":0,"oddsDetail":{"totalUpdated":0,"newOdds":0,"existingOddsUpdated":0,"skippedOdds":0,"apiCalls":0,"categoriesProcessed":4}}
{"timestamp":"2025-07-11T10:20:35.462Z","type":"bets","status":"start","message":"Starting bet results update after game results"}
{"timestamp":"2025-07-11T10:20:35.474Z","type":"results","status":"success","message":"Game results and bet results update completed","gameResultsUpdated":132,"gameResultsDetail":{"totalUpdated":132,"newGames":0,"existingGamesUpdated":132,"skippedGames":0,"categoriesProcessed":11},"betResultsUpdated":0,"categories":["NBA","MLB","KBO","NFL","MLS","K리그","J리그","세리에 A","브라질 세리에 A","아르헨티나 프리메라","중국 슈퍼리그","라리가","분데스리가"]}
{"timestamp":"2025-07-11T10:21:15.040Z","type":"monitor","status":"info","message":"Scheduler status check","isUpdating":false,"lastUpdateTime":"2025-07-11T10:20:35.474Z","activeCategories":["NBA","MLB","KBO","NFL","MLS","K리그","J리그","세리에 A","브라질 세리에 A","아르헨티나 프리메라","중국 슈퍼리그","라리가","분데스리가"],"uptime":2700.505349958,"apiCallEstimate":"~26 calls per hour","memory":{"used":"38MB","total":"42MB"}}
{"timestamp":"2025-07-11T10:30:00.175Z","type":"results","status":"start","message":"Starting cost-efficient game results update","categories":["NBA","MLB","KBO","NFL","MLS","K리그","J리그","세리에 A","브라질 세리에 A","아르헨티나 프리메라","중국 슈퍼리그","라리가","분데스리가"]}
{"timestamp":"2025-07-11T10:30:00.192Z","type":"odds","status":"start","message":"Starting high-priority leagues odds update (10min interval)","priority":"high","leagues":["NBA","MLB","KBO","NFL"]}
{"timestamp":"2025-07-11T10:30:00.334Z","type":"odds","status":"success","message":"High-priority odds update completed (10min interval)","priority":"medium","leagues":["NBA","MLB","KBO","NFL"],"dynamicPriority":"low","oddsUpdated":0,"oddsDetail":{"totalUpdated":0,"newOdds":0,"existingOddsUpdated":0,"skippedOdds":0,"apiCalls":0,"categoriesProcessed":4}}
{"timestamp":"2025-07-11T10:30:46.648Z","type":"bets","status":"start","message":"Starting bet results update after game results"}
{"timestamp":"2025-07-11T10:30:46.670Z","type":"results","status":"success","message":"Game results and bet results update completed","gameResultsUpdated":132,"gameResultsDetail":{"totalUpdated":132,"newGames":0,"existingGamesUpdated":132,"skippedGames":0,"categoriesProcessed":11},"betResultsUpdated":0,"categories":["NBA","MLB","KBO","NFL","MLS","K리그","J리그","세리에 A","브라질 세리에 A","아르헨티나 프리메라","중국 슈퍼리그","라리가","분데스리가"]}
