{"timestamp":"2025-07-03T00:00:00.527Z","type":"odds","status":"start","message":"Starting high-priority leagues odds update","priority":"high","leagues":["NBA","MLB","KBO","NFL"]}
{"timestamp":"2025-07-03T00:00:01.203Z","type":"odds","status":"success","message":"High-priority odds update completed","priority":"medium","leagues":["NBA","MLB","KBO","NFL"],"dynamicPriority":"low"}
{"timestamp":"2025-07-03T00:11:14.980Z","type":"monitor","status":"info","message":"Scheduler status check","isUpdating":false,"lastUpdateTime":"2025-07-02T23:00:07.164Z","activeCategories":["NBA","MLB","KBO","NFL","MLS","K리그","J리그","세리에 A","브라질 세리에 A","아르헨티나 프리메라","중국 슈퍼리그","라리가","분데스리가"],"uptime":43297.157739542,"apiCallEstimate":"~26 calls per hour","memory":{"used":"392MB","total":"399MB"}}
{"timestamp":"2025-07-03T00:26:14.965Z","type":"monitor","status":"info","message":"Scheduler status check","isUpdating":false,"lastUpdateTime":"2025-07-02T23:00:07.164Z","activeCategories":["NBA","MLB","KBO","NFL","MLS","K리그","J리그","세리에 A","브라질 세리에 A","아르헨티나 프리메라","중국 슈퍼리그","라리가","분데스리가"],"uptime":44197.156992083,"apiCallEstimate":"~26 calls per hour","memory":{"used":"373MB","total":"395MB"}}
{"timestamp":"2025-07-03T00:30:00.115Z","type":"bets","status":"start","message":"Starting scheduled bet results update"}
{"timestamp":"2025-07-03T00:30:00.231Z","type":"bets","status":"success","message":"Scheduled bet results update completed","updatedCount":0,"pendingCount":0}
{"timestamp":"2025-07-03T00:41:14.981Z","type":"monitor","status":"info","message":"Scheduler status check","isUpdating":false,"lastUpdateTime":"2025-07-02T23:00:07.164Z","activeCategories":["NBA","MLB","KBO","NFL","MLS","K리그","J리그","세리에 A","브라질 세리에 A","아르헨티나 프리메라","중국 슈퍼리그","라리가","분데스리가"],"uptime":45097.186027583,"apiCallEstimate":"~26 calls per hour","memory":{"used":"397MB","total":"404MB"}}
{"timestamp":"2025-07-03T00:56:14.973Z","type":"monitor","status":"info","message":"Scheduler status check","isUpdating":false,"lastUpdateTime":"2025-07-02T23:00:07.164Z","activeCategories":["NBA","MLB","KBO","NFL","MLS","K리그","J리그","세리에 A","브라질 세리에 A","아르헨티나 프리메라","중국 슈퍼리그","라리가","분데스리가"],"uptime":45997.187168083,"apiCallEstimate":"~26 calls per hour","memory":{"used":"399MB","total":"415MB"}}
{"timestamp":"2025-07-03T01:00:00.627Z","type":"results","status":"start","message":"Starting cost-efficient game results update","categories":["NBA","MLB","KBO","NFL","MLS","K리그","J리그","세리에 A","브라질 세리에 A","아르헨티나 프리메라","중국 슈퍼리그","라리가","분데스리가"]}
{"timestamp":"2025-07-03T01:00:07.342Z","type":"bets","status":"start","message":"Starting bet results update after game results"}
{"timestamp":"2025-07-03T01:00:07.439Z","type":"results","status":"success","message":"Game results and bet results update completed","gameResultsUpdated":"N/A","betResultsUpdated":0,"categories":["NBA","MLB","KBO","NFL","MLS","K리그","J리그","세리에 A","브라질 세리에 A","아르헨티나 프리메라","중국 슈퍼리그","라리가","분데스리가"]}
{"timestamp":"2025-07-03T01:11:14.963Z","type":"monitor","status":"info","message":"Scheduler status check","isUpdating":false,"lastUpdateTime":"2025-07-03T01:00:07.439Z","activeCategories":["NBA","MLB","KBO","NFL","MLS","K리그","J리그","세리에 A","브라질 세리에 A","아르헨티나 프리메라","중국 슈퍼리그","라리가","분데스리가"],"uptime":46897.190429458,"apiCallEstimate":"~26 calls per hour","memory":{"used":"419MB","total":"435MB"}}
{"timestamp":"2025-07-03T01:26:14.940Z","type":"monitor","status":"info","message":"Scheduler status check","isUpdating":false,"lastUpdateTime":"2025-07-03T01:00:07.439Z","activeCategories":["NBA","MLB","KBO","NFL","MLS","K리그","J리그","세리에 A","브라질 세리에 A","아르헨티나 프리메라","중국 슈퍼리그","라리가","분데스리가"],"uptime":47797.187411458,"apiCallEstimate":"~26 calls per hour","memory":{"used":"409MB","total":"423MB"}}
{"timestamp":"2025-07-03T01:30:00.269Z","type":"bets","status":"start","message":"Starting scheduled bet results update"}
{"timestamp":"2025-07-03T01:30:00.392Z","type":"bets","status":"success","message":"Scheduled bet results update completed","updatedCount":0,"pendingCount":0}
{"timestamp":"2025-07-03T01:41:14.932Z","type":"monitor","status":"info","message":"Scheduler status check","isUpdating":false,"lastUpdateTime":"2025-07-03T01:00:07.439Z","activeCategories":["NBA","MLB","KBO","NFL","MLS","K리그","J리그","세리에 A","브라질 세리에 A","아르헨티나 프리메라","중국 슈퍼리그","라리가","분데스리가"],"uptime":48697.194851,"apiCallEstimate":"~26 calls per hour","memory":{"used":"439MB","total":"452MB"}}
{"timestamp":"2025-07-03T01:56:14.930Z","type":"monitor","status":"info","message":"Scheduler status check","isUpdating":false,"lastUpdateTime":"2025-07-03T01:00:07.439Z","activeCategories":["NBA","MLB","KBO","NFL","MLS","K리그","J리그","세리에 A","브라질 세리에 A","아르헨티나 프리메라","중국 슈퍼리그","라리가","분데스리가"],"uptime":49597.207733667,"apiCallEstimate":"~26 calls per hour","memory":{"used":"428MB","total":"442MB"}}
{"timestamp":"2025-07-03T02:11:14.943Z","type":"monitor","status":"info","message":"Scheduler status check","isUpdating":false,"lastUpdateTime":"2025-07-03T01:00:07.439Z","activeCategories":["NBA","MLB","KBO","NFL","MLS","K리그","J리그","세리에 A","브라질 세리에 A","아르헨티나 프리메라","중국 슈퍼리그","라리가","분데스리가"],"uptime":50497.241562875,"apiCallEstimate":"~26 calls per hour","memory":{"used":"452MB","total":"458MB"}}
{"timestamp":"2025-07-03T02:26:14.924Z","type":"monitor","status":"info","message":"Scheduler status check","isUpdating":false,"lastUpdateTime":"2025-07-03T01:00:07.439Z","activeCategories":["NBA","MLB","KBO","NFL","MLS","K리그","J리그","세리에 A","브라질 세리에 A","아르헨티나 프리메라","중국 슈퍼리그","라리가","분데스리가"],"uptime":51397.239965208,"apiCallEstimate":"~26 calls per hour","memory":{"used":"445MB","total":"459MB"}}
{"timestamp":"2025-07-03T02:30:00.493Z","type":"bets","status":"start","message":"Starting scheduled bet results update"}
{"timestamp":"2025-07-03T02:30:00.601Z","type":"bets","status":"success","message":"Scheduled bet results update completed","updatedCount":0,"pendingCount":0}
{"timestamp":"2025-07-03T02:41:14.886Z","type":"monitor","status":"info","message":"Scheduler status check","isUpdating":false,"lastUpdateTime":"2025-07-03T01:00:07.439Z","activeCategories":["NBA","MLB","KBO","NFL","MLS","K리그","J리그","세리에 A","브라질 세리에 A","아르헨티나 프리메라","중국 슈퍼리그","라리가","분데스리가"],"uptime":52297.244836292,"apiCallEstimate":"~26 calls per hour","memory":{"used":"474MB","total":"488MB"}}
{"timestamp":"2025-07-03T02:56:14.865Z","type":"monitor","status":"info","message":"Scheduler status check","isUpdating":false,"lastUpdateTime":"2025-07-03T01:00:07.439Z","activeCategories":["NBA","MLB","KBO","NFL","MLS","K리그","J리그","세리에 A","브라질 세리에 A","아르헨티나 프리메라","중국 슈퍼리그","라리가","분데스리가"],"uptime":53197.2478655,"apiCallEstimate":"~26 calls per hour","memory":{"used":"463MB","total":"489MB"}}
{"timestamp":"2025-07-03T03:00:00.073Z","type":"odds","status":"start","message":"Starting high-priority leagues odds update","priority":"high","leagues":["NBA","MLB","KBO","NFL"]}
{"timestamp":"2025-07-03T03:00:00.077Z","type":"odds","status":"start","message":"Starting medium-priority leagues odds update","priority":"medium","leagues":["MLS","K리그","J리그","세리에 A"]}
{"timestamp":"2025-07-03T03:00:00.078Z","type":"odds","status":"start","message":"Starting low-priority leagues odds update","priority":"low","leagues":["브라질 세리에 A","아르헨티나 프리메라","중국 슈퍼리그","라리가","분데스리가"]}
{"timestamp":"2025-07-03T03:00:00.078Z","type":"results","status":"start","message":"Starting cost-efficient game results update","categories":["NBA","MLB","KBO","NFL","MLS","K리그","J리그","세리에 A","브라질 세리에 A","아르헨티나 프리메라","중국 슈퍼리그","라리가","분데스리가"]}
{"timestamp":"2025-07-03T03:00:00.116Z","type":"odds","status":"success","message":"High-priority odds update completed","priority":"medium","leagues":["NBA","MLB","KBO","NFL"],"dynamicPriority":"low"}
{"timestamp":"2025-07-03T03:00:00.116Z","type":"odds","status":"success","message":"Medium-priority odds update completed","priority":"medium","leagues":["MLS","K리그","J리그","세리에 A"],"dynamicPriority":"low"}
{"timestamp":"2025-07-03T03:00:00.116Z","type":"odds","status":"success","message":"Low-priority odds update completed","priority":"low","leagues":["브라질 세리에 A","아르헨티나 프리메라","중국 슈퍼리그","라리가","분데스리가"],"dynamicPriority":"low"}
{"timestamp":"2025-07-03T03:00:06.733Z","type":"bets","status":"start","message":"Starting bet results update after game results"}
{"timestamp":"2025-07-03T03:00:06.843Z","type":"results","status":"success","message":"Game results and bet results update completed","gameResultsUpdated":"N/A","betResultsUpdated":0,"categories":["NBA","MLB","KBO","NFL","MLS","K리그","J리그","세리에 A","브라질 세리에 A","아르헨티나 프리메라","중국 슈퍼리그","라리가","분데스리가"]}
{"timestamp":"2025-07-03T03:11:14.873Z","type":"monitor","status":"info","message":"Scheduler status check","isUpdating":false,"lastUpdateTime":"2025-07-03T03:00:06.843Z","activeCategories":["NBA","MLB","KBO","NFL","MLS","K리그","J리그","세리에 A","브라질 세리에 A","아르헨티나 프리메라","중국 슈퍼리그","라리가","분데스리가"],"uptime":54097.2492675,"apiCallEstimate":"~26 calls per hour","memory":{"used":"482MB","total":"510MB"}}
{"timestamp":"2025-07-03T03:26:14.854Z","type":"monitor","status":"info","message":"Scheduler status check","isUpdating":false,"lastUpdateTime":"2025-07-03T03:00:06.843Z","activeCategories":["NBA","MLB","KBO","NFL","MLS","K리그","J리그","세리에 A","브라질 세리에 A","아르헨티나 프리메라","중국 슈퍼리그","라리가","분데스리가"],"uptime":54997.247852667,"apiCallEstimate":"~26 calls per hour","memory":{"used":"522MB","total":"528MB"}}
{"timestamp":"2025-07-03T03:30:00.661Z","type":"bets","status":"start","message":"Starting scheduled bet results update"}
{"timestamp":"2025-07-03T03:30:00.764Z","type":"bets","status":"success","message":"Scheduled bet results update completed","updatedCount":0,"pendingCount":0}
{"timestamp":"2025-07-03T03:41:14.817Z","type":"monitor","status":"info","message":"Scheduler status check","isUpdating":false,"lastUpdateTime":"2025-07-03T03:00:06.843Z","activeCategories":["NBA","MLB","KBO","NFL","MLS","K리그","J리그","세리에 A","브라질 세리에 A","아르헨티나 프리메라","중국 슈퍼리그","라리가","분데스리가"],"uptime":55897.253051208,"apiCallEstimate":"~26 calls per hour","memory":{"used":"508MB","total":"518MB"}}
{"timestamp":"2025-07-03T03:56:14.796Z","type":"monitor","status":"info","message":"Scheduler status check","isUpdating":false,"lastUpdateTime":"2025-07-03T03:00:06.843Z","activeCategories":["NBA","MLB","KBO","NFL","MLS","K리그","J리그","세리에 A","브라질 세리에 A","아르헨티나 프리메라","중국 슈퍼리그","라리가","분데스리가"],"uptime":56797.255784458,"apiCallEstimate":"~26 calls per hour","memory":{"used":"525MB","total":"531MB"}}
{"timestamp":"2025-07-03T04:11:14.774Z","type":"monitor","status":"info","message":"Scheduler status check","isUpdating":false,"lastUpdateTime":"2025-07-03T03:00:06.843Z","activeCategories":["NBA","MLB","KBO","NFL","MLS","K리그","J리그","세리에 A","브라질 세리에 A","아르헨티나 프리메라","중국 슈퍼리그","라리가","분데스리가"],"uptime":57697.256816625,"apiCallEstimate":"~26 calls per hour","memory":{"used":"527MB","total":"548MB"}}
{"timestamp":"2025-07-03T04:26:14.705Z","type":"monitor","status":"info","message":"Scheduler status check","isUpdating":false,"lastUpdateTime":"2025-07-03T03:00:06.843Z","activeCategories":["NBA","MLB","KBO","NFL","MLS","K리그","J리그","세리에 A","브라질 세리에 A","아르헨티나 프리메라","중국 슈퍼리그","라리가","분데스리가"],"uptime":58597.273118417,"apiCallEstimate":"~26 calls per hour","memory":{"used":"532MB","total":"546MB"}}
{"timestamp":"2025-07-03T04:30:00.672Z","type":"bets","status":"start","message":"Starting scheduled bet results update"}
{"timestamp":"2025-07-03T04:30:00.782Z","type":"bets","status":"success","message":"Scheduled bet results update completed","updatedCount":0,"pendingCount":0}
{"timestamp":"2025-07-03T04:41:14.668Z","type":"monitor","status":"info","message":"Scheduler status check","isUpdating":false,"lastUpdateTime":"2025-07-03T03:00:06.843Z","activeCategories":["NBA","MLB","KBO","NFL","MLS","K리그","J리그","세리에 A","브라질 세리에 A","아르헨티나 프리메라","중국 슈퍼리그","라리가","분데스리가"],"uptime":59497.276701417,"apiCallEstimate":"~26 calls per hour","memory":{"used":"550MB","total":"560MB"}}
{"timestamp":"2025-07-03T04:56:14.699Z","type":"monitor","status":"info","message":"Scheduler status check","isUpdating":false,"lastUpdateTime":"2025-07-03T03:00:06.843Z","activeCategories":["NBA","MLB","KBO","NFL","MLS","K리그","J리그","세리에 A","브라질 세리에 A","아르헨티나 프리메라","중국 슈퍼리그","라리가","분데스리가"],"uptime":60397.284560208,"apiCallEstimate":"~26 calls per hour","memory":{"used":"551MB","total":"564MB"}}
{"timestamp":"2025-07-03T05:00:00.295Z","type":"results","status":"start","message":"Starting cost-efficient game results update","categories":["NBA","MLB","KBO","NFL","MLS","K리그","J리그","세리에 A","브라질 세리에 A","아르헨티나 프리메라","중국 슈퍼리그","라리가","분데스리가"]}
{"timestamp":"2025-07-03T05:00:05.824Z","type":"bets","status":"start","message":"Starting bet results update after game results"}
{"timestamp":"2025-07-03T05:00:05.921Z","type":"results","status":"success","message":"Game results and bet results update completed","gameResultsUpdated":"N/A","betResultsUpdated":0,"categories":["NBA","MLB","KBO","NFL","MLS","K리그","J리그","세리에 A","브라질 세리에 A","아르헨티나 프리메라","중국 슈퍼리그","라리가","분데스리가"]}
{"timestamp":"2025-07-03T05:11:14.818Z","type":"monitor","status":"info","message":"Scheduler status check","isUpdating":false,"lastUpdateTime":"2025-07-03T05:00:05.921Z","activeCategories":["NBA","MLB","KBO","NFL","MLS","K리그","J리그","세리에 A","브라질 세리에 A","아르헨티나 프리메라","중국 슈퍼리그","라리가","분데스리가"],"uptime":61297.287143333,"apiCallEstimate":"~26 calls per hour","memory":{"used":"563MB","total":"581MB"}}
{"timestamp":"2025-07-03T05:26:14.815Z","type":"monitor","status":"info","message":"Scheduler status check","isUpdating":false,"lastUpdateTime":"2025-07-03T05:00:05.921Z","activeCategories":["NBA","MLB","KBO","NFL","MLS","K리그","J리그","세리에 A","브라질 세리에 A","아르헨티나 프리메라","중국 슈퍼리그","라리가","분데스리가"],"uptime":62197.2832635,"apiCallEstimate":"~26 calls per hour","memory":{"used":"570MB","total":"579MB"}}
{"timestamp":"2025-07-03T05:30:00.949Z","type":"bets","status":"start","message":"Starting scheduled bet results update"}
{"timestamp":"2025-07-03T05:30:01.121Z","type":"bets","status":"success","message":"Scheduled bet results update completed","updatedCount":0,"pendingCount":0}
{"timestamp":"2025-07-03T05:41:14.804Z","type":"monitor","status":"info","message":"Scheduler status check","isUpdating":false,"lastUpdateTime":"2025-07-03T05:00:05.921Z","activeCategories":["NBA","MLB","KBO","NFL","MLS","K리그","J리그","세리에 A","브라질 세리에 A","아르헨티나 프리메라","중국 슈퍼리그","라리가","분데스리가"],"uptime":63097.290197333,"apiCallEstimate":"~26 calls per hour","memory":{"used":"579MB","total":"588MB"}}
{"timestamp":"2025-07-03T05:56:14.799Z","type":"monitor","status":"info","message":"Scheduler status check","isUpdating":false,"lastUpdateTime":"2025-07-03T05:00:05.921Z","activeCategories":["NBA","MLB","KBO","NFL","MLS","K리그","J리그","세리에 A","브라질 세리에 A","아르헨티나 프리메라","중국 슈퍼리그","라리가","분데스리가"],"uptime":63997.291393708,"apiCallEstimate":"~26 calls per hour","memory":{"used":"589MB","total":"612MB"}}
{"timestamp":"2025-07-03T06:00:00.513Z","type":"odds","status":"start","message":"Starting high-priority leagues odds update","priority":"high","leagues":["NBA","MLB","KBO","NFL"]}
{"timestamp":"2025-07-03T06:00:00.537Z","type":"odds","status":"success","message":"High-priority odds update completed","priority":"medium","leagues":["NBA","MLB","KBO","NFL"],"dynamicPriority":"low"}
{"timestamp":"2025-07-03T06:11:14.791Z","type":"monitor","status":"info","message":"Scheduler status check","isUpdating":false,"lastUpdateTime":"2025-07-03T05:00:05.921Z","activeCategories":["NBA","MLB","KBO","NFL","MLS","K리그","J리그","세리에 A","브라질 세리에 A","아르헨티나 프리메라","중국 슈퍼리그","라리가","분데스리가"],"uptime":64897.288927083,"apiCallEstimate":"~26 calls per hour","memory":{"used":"581MB","total":"624MB"}}
{"timestamp":"2025-07-03T06:26:14.784Z","type":"monitor","status":"info","message":"Scheduler status check","isUpdating":false,"lastUpdateTime":"2025-07-03T05:00:05.921Z","activeCategories":["NBA","MLB","KBO","NFL","MLS","K리그","J리그","세리에 A","브라질 세리에 A","아르헨티나 프리메라","중국 슈퍼리그","라리가","분데스리가"],"uptime":65797.288558083,"apiCallEstimate":"~26 calls per hour","memory":{"used":"590MB","total":"629MB"}}
{"timestamp":"2025-07-03T06:30:00.099Z","type":"bets","status":"start","message":"Starting scheduled bet results update"}
{"timestamp":"2025-07-03T06:30:00.214Z","type":"bets","status":"success","message":"Scheduled bet results update completed","updatedCount":0,"pendingCount":0}
{"timestamp":"2025-07-03T06:41:14.769Z","type":"monitor","status":"info","message":"Scheduler status check","isUpdating":false,"lastUpdateTime":"2025-07-03T05:00:05.921Z","activeCategories":["NBA","MLB","KBO","NFL","MLS","K리그","J리그","세리에 A","브라질 세리에 A","아르헨티나 프리메라","중국 슈퍼리그","라리가","분데스리가"],"uptime":66697.297929,"apiCallEstimate":"~26 calls per hour","memory":{"used":"619MB","total":"645MB"}}
{"timestamp":"2025-07-03T06:56:14.779Z","type":"monitor","status":"info","message":"Scheduler status check","isUpdating":false,"lastUpdateTime":"2025-07-03T05:00:05.921Z","activeCategories":["NBA","MLB","KBO","NFL","MLS","K리그","J리그","세리에 A","브라질 세리에 A","아르헨티나 프리메라","중국 슈퍼리그","라리가","분데스리가"],"uptime":67597.318846125,"apiCallEstimate":"~26 calls per hour","memory":{"used":"626MB","total":"653MB"}}
{"timestamp":"2025-07-03T07:00:00.792Z","type":"results","status":"start","message":"Starting cost-efficient game results update","categories":["NBA","MLB","KBO","NFL","MLS","K리그","J리그","세리에 A","브라질 세리에 A","아르헨티나 프리메라","중국 슈퍼리그","라리가","분데스리가"]}
{"timestamp":"2025-07-03T07:00:08.651Z","type":"bets","status":"start","message":"Starting bet results update after game results"}
{"timestamp":"2025-07-03T07:00:08.756Z","type":"results","status":"success","message":"Game results and bet results update completed","gameResultsUpdated":"N/A","betResultsUpdated":0,"categories":["NBA","MLB","KBO","NFL","MLS","K리그","J리그","세리에 A","브라질 세리에 A","아르헨티나 프리메라","중국 슈퍼리그","라리가","분데스리가"]}
{"timestamp":"2025-07-03T07:11:14.770Z","type":"monitor","status":"info","message":"Scheduler status check","isUpdating":false,"lastUpdateTime":"2025-07-03T07:00:08.756Z","activeCategories":["NBA","MLB","KBO","NFL","MLS","K리그","J리그","세리에 A","브라질 세리에 A","아르헨티나 프리메라","중국 슈퍼리그","라리가","분데스리가"],"uptime":68497.321505542,"apiCallEstimate":"~26 calls per hour","memory":{"used":"632MB","total":"653MB"}}
{"timestamp":"2025-07-03T07:26:12.545Z","type":"monitor","status":"info","message":"Scheduler status check","isUpdating":false,"lastUpdateTime":"2025-07-03T07:00:08.756Z","activeCategories":["NBA","MLB","KBO","NFL","MLS","K리그","J리그","세리에 A","브라질 세리에 A","아르헨티나 프리메라","중국 슈퍼리그","라리가","분데스리가"],"uptime":69397.318657667,"apiCallEstimate":"~26 calls per hour","memory":{"used":"640MB","total":"659MB"}}
{"timestamp":"2025-07-03T07:30:00.181Z","type":"bets","status":"start","message":"Starting scheduled bet results update"}
{"timestamp":"2025-07-03T07:30:00.293Z","type":"bets","status":"success","message":"Scheduled bet results update completed","updatedCount":0,"pendingCount":0}
{"timestamp":"2025-07-03T07:41:14.695Z","type":"monitor","status":"info","message":"Scheduler status check","isUpdating":false,"lastUpdateTime":"2025-07-03T07:00:08.756Z","activeCategories":["NBA","MLB","KBO","NFL","MLS","K리그","J리그","세리에 A","브라질 세리에 A","아르헨티나 프리메라","중국 슈퍼리그","라리가","분데스리가"],"uptime":70297.344201208,"apiCallEstimate":"~26 calls per hour","memory":{"used":"650MB","total":"656MB"}}
{"timestamp":"2025-07-03T07:56:14.616Z","type":"monitor","status":"info","message":"Scheduler status check","isUpdating":false,"lastUpdateTime":"2025-07-03T07:00:08.756Z","activeCategories":["NBA","MLB","KBO","NFL","MLS","K리그","J리그","세리에 A","브라질 세리에 A","아르헨티나 프리메라","중국 슈퍼리그","라리가","분데스리가"],"uptime":71197.355148333,"apiCallEstimate":"~26 calls per hour","memory":{"used":"641MB","total":"659MB"}}
{"timestamp":"2025-07-03T08:11:14.529Z","type":"monitor","status":"info","message":"Scheduler status check","isUpdating":false,"lastUpdateTime":"2025-07-03T07:00:08.756Z","activeCategories":["NBA","MLB","KBO","NFL","MLS","K리그","J리그","세리에 A","브라질 세리에 A","아르헨티나 프리메라","중국 슈퍼리그","라리가","분데스리가"],"uptime":72097.352330958,"apiCallEstimate":"~26 calls per hour","memory":{"used":"683MB","total":"690MB"}}
{"timestamp":"2025-07-03T08:26:14.474Z","type":"monitor","status":"info","message":"Scheduler status check","isUpdating":false,"lastUpdateTime":"2025-07-03T07:00:08.756Z","activeCategories":["NBA","MLB","KBO","NFL","MLS","K리그","J리그","세리에 A","브라질 세리에 A","아르헨티나 프리메라","중국 슈퍼리그","라리가","분데스리가"],"uptime":72997.352212917,"apiCallEstimate":"~26 calls per hour","memory":{"used":"670MB","total":"705MB"}}
{"timestamp":"2025-07-03T08:30:00.433Z","type":"bets","status":"start","message":"Starting scheduled bet results update"}
{"timestamp":"2025-07-03T08:30:00.542Z","type":"bets","status":"success","message":"Scheduled bet results update completed","updatedCount":0,"pendingCount":0}
{"timestamp":"2025-07-03T08:41:14.652Z","type":"monitor","status":"info","message":"Scheduler status check","isUpdating":false,"lastUpdateTime":"2025-07-03T07:00:08.756Z","activeCategories":["NBA","MLB","KBO","NFL","MLS","K리그","J리그","세리에 A","브라질 세리에 A","아르헨티나 프리메라","중국 슈퍼리그","라리가","분데스리가"],"uptime":73897.356127667,"apiCallEstimate":"~26 calls per hour","memory":{"used":"668MB","total":"698MB"}}
{"timestamp":"2025-07-03T08:56:14.688Z","type":"monitor","status":"info","message":"Scheduler status check","isUpdating":false,"lastUpdateTime":"2025-07-03T07:00:08.756Z","activeCategories":["NBA","MLB","KBO","NFL","MLS","K리그","J리그","세리에 A","브라질 세리에 A","아르헨티나 프리메라","중국 슈퍼리그","라리가","분데스리가"],"uptime":74797.367212417,"apiCallEstimate":"~26 calls per hour","memory":{"used":"717MB","total":"724MB"}}
{"timestamp":"2025-07-03T09:00:00.433Z","type":"odds","status":"start","message":"Starting high-priority leagues odds update","priority":"high","leagues":["NBA","MLB","KBO","NFL"]}
{"timestamp":"2025-07-03T09:00:00.442Z","type":"odds","status":"start","message":"Starting medium-priority leagues odds update","priority":"medium","leagues":["MLS","K리그","J리그","세리에 A"]}
{"timestamp":"2025-07-03T09:00:00.443Z","type":"results","status":"start","message":"Starting cost-efficient game results update","categories":["NBA","MLB","KBO","NFL","MLS","K리그","J리그","세리에 A","브라질 세리에 A","아르헨티나 프리메라","중국 슈퍼리그","라리가","분데스리가"]}
{"timestamp":"2025-07-03T09:00:00.477Z","type":"odds","status":"success","message":"Medium-priority odds update completed","priority":"medium","leagues":["MLS","K리그","J리그","세리에 A"],"dynamicPriority":"low"}
{"timestamp":"2025-07-03T09:00:00.478Z","type":"odds","status":"success","message":"High-priority odds update completed","priority":"medium","leagues":["NBA","MLB","KBO","NFL"],"dynamicPriority":"low"}
{"timestamp":"2025-07-03T09:00:05.996Z","type":"bets","status":"start","message":"Starting bet results update after game results"}
{"timestamp":"2025-07-03T09:00:06.112Z","type":"results","status":"success","message":"Game results and bet results update completed","gameResultsUpdated":"N/A","betResultsUpdated":0,"categories":["NBA","MLB","KBO","NFL","MLS","K리그","J리그","세리에 A","브라질 세리에 A","아르헨티나 프리메라","중국 슈퍼리그","라리가","분데스리가"]}
{"timestamp":"2025-07-03T09:11:14.711Z","type":"monitor","status":"info","message":"Scheduler status check","isUpdating":false,"lastUpdateTime":"2025-07-03T09:00:06.112Z","activeCategories":["NBA","MLB","KBO","NFL","MLS","K리그","J리그","세리에 A","브라질 세리에 A","아르헨티나 프리메라","중국 슈퍼리그","라리가","분데스리가"],"uptime":75697.368501917,"apiCallEstimate":"~26 calls per hour","memory":{"used":"694MB","total":"715MB"}}
{"timestamp":"2025-07-03T09:26:14.668Z","type":"monitor","status":"info","message":"Scheduler status check","isUpdating":false,"lastUpdateTime":"2025-07-03T09:00:06.112Z","activeCategories":["NBA","MLB","KBO","NFL","MLS","K리그","J리그","세리에 A","브라질 세리에 A","아르헨티나 프리메라","중국 슈퍼리그","라리가","분데스리가"],"uptime":76597.366220458,"apiCallEstimate":"~26 calls per hour","memory":{"used":"725MB","total":"737MB"}}
{"timestamp":"2025-07-03T09:30:00.293Z","type":"bets","status":"start","message":"Starting scheduled bet results update"}
{"timestamp":"2025-07-03T09:30:00.412Z","type":"bets","status":"success","message":"Scheduled bet results update completed","updatedCount":0,"pendingCount":0}
{"timestamp":"2025-07-03T09:41:14.696Z","type":"monitor","status":"info","message":"Scheduler status check","isUpdating":false,"lastUpdateTime":"2025-07-03T09:00:06.112Z","activeCategories":["NBA","MLB","KBO","NFL","MLS","K리그","J리그","세리에 A","브라질 세리에 A","아르헨티나 프리메라","중국 슈퍼리그","라리가","분데스리가"],"uptime":77497.386418,"apiCallEstimate":"~26 calls per hour","memory":{"used":"702MB","total":"742MB"}}
{"timestamp":"2025-07-03T09:56:12.433Z","type":"monitor","status":"info","message":"Scheduler status check","isUpdating":false,"lastUpdateTime":"2025-07-03T09:00:06.112Z","activeCategories":["NBA","MLB","KBO","NFL","MLS","K리그","J리그","세리에 A","브라질 세리에 A","아르헨티나 프리메라","중국 슈퍼리그","라리가","분데스리가"],"uptime":78397.385969,"apiCallEstimate":"~26 calls per hour","memory":{"used":"744MB","total":"761MB"}}
{"timestamp":"2025-07-03T10:11:12.456Z","type":"monitor","status":"info","message":"Scheduler status check","isUpdating":false,"lastUpdateTime":"2025-07-03T09:00:06.112Z","activeCategories":["NBA","MLB","KBO","NFL","MLS","K리그","J리그","세리에 A","브라질 세리에 A","아르헨티나 프리메라","중국 슈퍼리그","라리가","분데스리가"],"uptime":79297.392249792,"apiCallEstimate":"~26 calls per hour","memory":{"used":"719MB","total":"753MB"}}
{"timestamp":"2025-07-03T10:26:14.643Z","type":"monitor","status":"info","message":"Scheduler status check","isUpdating":false,"lastUpdateTime":"2025-07-03T09:00:06.112Z","activeCategories":["NBA","MLB","KBO","NFL","MLS","K리그","J리그","세리에 A","브라질 세리에 A","아르헨티나 프리메라","중국 슈퍼리그","라리가","분데스리가"],"uptime":80197.411072333,"apiCallEstimate":"~26 calls per hour","memory":{"used":"731MB","total":"750MB"}}
{"timestamp":"2025-07-03T10:30:00.399Z","type":"bets","status":"start","message":"Starting scheduled bet results update"}
{"timestamp":"2025-07-03T10:30:00.520Z","type":"bets","status":"success","message":"Scheduled bet results update completed","updatedCount":0,"pendingCount":0}
{"timestamp":"2025-07-03T10:41:14.616Z","type":"monitor","status":"info","message":"Scheduler status check","isUpdating":false,"lastUpdateTime":"2025-07-03T09:00:06.112Z","activeCategories":["NBA","MLB","KBO","NFL","MLS","K리그","J리그","세리에 A","브라질 세리에 A","아르헨티나 프리메라","중국 슈퍼리그","라리가","분데스리가"],"uptime":81097.415398667,"apiCallEstimate":"~26 calls per hour","memory":{"used":"738MB","total":"790MB"}}
{"timestamp":"2025-07-03T10:56:14.667Z","type":"monitor","status":"info","message":"Scheduler status check","isUpdating":false,"lastUpdateTime":"2025-07-03T09:00:06.112Z","activeCategories":["NBA","MLB","KBO","NFL","MLS","K리그","J리그","세리에 A","브라질 세리에 A","아르헨티나 프리메라","중국 슈퍼리그","라리가","분데스리가"],"uptime":81997.475388333,"apiCallEstimate":"~26 calls per hour","memory":{"used":"746MB","total":"784MB"}}
{"timestamp":"2025-07-03T11:00:00.481Z","type":"results","status":"start","message":"Starting cost-efficient game results update","categories":["NBA","MLB","KBO","NFL","MLS","K리그","J리그","세리에 A","브라질 세리에 A","아르헨티나 프리메라","중국 슈퍼리그","라리가","분데스리가"]}
{"timestamp":"2025-07-03T11:00:08.118Z","type":"bets","status":"start","message":"Starting bet results update after game results"}
{"timestamp":"2025-07-03T11:00:08.260Z","type":"results","status":"success","message":"Game results and bet results update completed","gameResultsUpdated":"N/A","betResultsUpdated":0,"categories":["NBA","MLB","KBO","NFL","MLS","K리그","J리그","세리에 A","브라질 세리에 A","아르헨티나 프리메라","중국 슈퍼리그","라리가","분데스리가"]}
{"timestamp":"2025-07-03T11:11:14.639Z","type":"monitor","status":"info","message":"Scheduler status check","isUpdating":false,"lastUpdateTime":"2025-07-03T11:00:08.260Z","activeCategories":["NBA","MLB","KBO","NFL","MLS","K리그","J리그","세리에 A","브라질 세리에 A","아르헨티나 프리메라","중국 슈퍼리그","라리가","분데스리가"],"uptime":82897.472687,"apiCallEstimate":"~26 calls per hour","memory":{"used":"780MB","total":"817MB"}}
{"timestamp":"2025-07-03T11:26:14.625Z","type":"monitor","status":"info","message":"Scheduler status check","isUpdating":false,"lastUpdateTime":"2025-07-03T11:00:08.260Z","activeCategories":["NBA","MLB","KBO","NFL","MLS","K리그","J리그","세리에 A","브라질 세리에 A","아르헨티나 프리메라","중국 슈퍼리그","라리가","분데스리가"],"uptime":83797.472446542,"apiCallEstimate":"~26 calls per hour","memory":{"used":"808MB","total":"852MB"}}
{"timestamp":"2025-07-03T11:30:00.560Z","type":"bets","status":"start","message":"Starting scheduled bet results update"}
{"timestamp":"2025-07-03T11:30:00.703Z","type":"bets","status":"success","message":"Scheduled bet results update completed","updatedCount":0,"pendingCount":0}
{"timestamp":"2025-07-03T11:35:14.175Z","type":"init","status":"start","message":"Starting initial data caching for active categories","categories":["NBA","MLB","KBO","NFL","MLS","K리그","J리그","세리에 A","브라질 세리에 A","아르헨티나 프리메라","중국 슈퍼리그","라리가","분데스리가"]}
{"timestamp":"2025-07-03T11:35:19.591Z","type":"init","status":"success","message":"Initial data cached successfully for active categories","categories":["NBA","MLB","KBO","NFL","MLS","K리그","J리그","세리에 A","브라질 세리에 A","아르헨티나 프리메라","중국 슈퍼리그","라리가","분데스리가"],"oddsUpdated":"Active categories only","resultsUpdated":"N/A","betsUpdated":0}
{"timestamp":"2025-07-03T11:40:00.549Z","type":"results","status":"start","message":"Starting cost-efficient game results update","categories":["NBA","MLB","KBO","NFL","MLS","K리그","J리그","세리에 A","브라질 세리에 A","아르헨티나 프리메라","중국 슈퍼리그","라리가","분데스리가"]}
{"timestamp":"2025-07-03T11:40:00.573Z","type":"odds","status":"start","message":"Starting high-priority leagues odds update (10min interval)","priority":"high","leagues":["NBA","MLB","KBO","NFL"]}
{"timestamp":"2025-07-03T11:40:02.286Z","type":"odds","status":"success","message":"High-priority odds update completed (10min interval)","priority":"medium","leagues":["NBA","MLB","KBO","NFL"],"dynamicPriority":"low"}
{"timestamp":"2025-07-03T11:40:06.779Z","type":"bets","status":"start","message":"Starting bet results update after game results"}
{"timestamp":"2025-07-03T11:40:06.802Z","type":"results","status":"success","message":"Game results and bet results update completed","gameResultsUpdated":"N/A","betResultsUpdated":0,"categories":["NBA","MLB","KBO","NFL","MLS","K리그","J리그","세리에 A","브라질 세리에 A","아르헨티나 프리메라","중국 슈퍼리그","라리가","분데스리가"]}
{"timestamp":"2025-07-03T11:50:00.375Z","type":"results","status":"start","message":"Starting cost-efficient game results update","categories":["NBA","MLB","KBO","NFL","MLS","K리그","J리그","세리에 A","브라질 세리에 A","아르헨티나 프리메라","중국 슈퍼리그","라리가","분데스리가"]}
{"timestamp":"2025-07-03T11:50:00.404Z","type":"odds","status":"start","message":"Starting high-priority leagues odds update (10min interval)","priority":"high","leagues":["NBA","MLB","KBO","NFL"]}
{"timestamp":"2025-07-03T11:50:02.175Z","type":"odds","status":"success","message":"High-priority odds update completed (10min interval)","priority":"medium","leagues":["NBA","MLB","KBO","NFL"],"dynamicPriority":"low"}
{"timestamp":"2025-07-03T11:50:05.800Z","type":"bets","status":"start","message":"Starting bet results update after game results"}
{"timestamp":"2025-07-03T11:50:05.831Z","type":"results","status":"success","message":"Game results and bet results update completed","gameResultsUpdated":"N/A","betResultsUpdated":0,"categories":["NBA","MLB","KBO","NFL","MLS","K리그","J리그","세리에 A","브라질 세리에 A","아르헨티나 프리메라","중국 슈퍼리그","라리가","분데스리가"]}
{"timestamp":"2025-07-03T11:50:14.194Z","type":"monitor","status":"info","message":"Scheduler status check","isUpdating":false,"lastUpdateTime":"2025-07-03T11:50:05.831Z","activeCategories":["NBA","MLB","KBO","NFL","MLS","K리그","J리그","세리에 A","브라질 세리에 A","아르헨티나 프리메라","중국 슈퍼리그","라리가","분데스리가"],"uptime":900.405012292,"apiCallEstimate":"~26 calls per hour","memory":{"used":"27MB","total":"35MB"}}
{"timestamp":"2025-07-03T12:00:00.093Z","type":"results","status":"start","message":"Starting cost-efficient game results update","categories":["NBA","MLB","KBO","NFL","MLS","K리그","J리그","세리에 A","브라질 세리에 A","아르헨티나 프리메라","중국 슈퍼리그","라리가","분데스리가"]}
{"timestamp":"2025-07-03T12:00:00.124Z","type":"odds","status":"start","message":"Starting high-priority leagues odds update (10min interval)","priority":"high","leagues":["NBA","MLB","KBO","NFL"]}
{"timestamp":"2025-07-03T12:00:00.126Z","type":"odds","status":"start","message":"Starting medium-priority leagues odds update (1hour interval)","priority":"medium","leagues":["MLS","K리그","J리그","세리에 A"]}
{"timestamp":"2025-07-03T12:00:01.254Z","type":"odds","status":"success","message":"High-priority odds update completed (10min interval)","priority":"medium","leagues":["NBA","MLB","KBO","NFL"],"dynamicPriority":"low"}
{"timestamp":"2025-07-03T12:00:01.254Z","type":"odds","status":"success","message":"Medium-priority odds update completed (1hour interval)","priority":"medium","leagues":["MLS","K리그","J리그","세리에 A"],"dynamicPriority":"low"}
{"timestamp":"2025-07-03T12:00:07.138Z","type":"bets","status":"start","message":"Starting bet results update after game results"}
{"timestamp":"2025-07-03T12:00:07.178Z","type":"results","status":"success","message":"Game results and bet results update completed","gameResultsUpdated":"N/A","betResultsUpdated":0,"categories":["NBA","MLB","KBO","NFL","MLS","K리그","J리그","세리에 A","브라질 세리에 A","아르헨티나 프리메라","중국 슈퍼리그","라리가","분데스리가"]}
{"timestamp":"2025-07-03T12:05:14.185Z","type":"monitor","status":"info","message":"Scheduler status check","isUpdating":false,"lastUpdateTime":"2025-07-03T12:00:07.178Z","activeCategories":["NBA","MLB","KBO","NFL","MLS","K리그","J리그","세리에 A","브라질 세리에 A","아르헨티나 프리메라","중국 슈퍼리그","라리가","분데스리가"],"uptime":1800.406486208,"apiCallEstimate":"~26 calls per hour","memory":{"used":"25MB","total":"63MB"}}
{"timestamp":"2025-07-03T12:10:00.012Z","type":"results","status":"start","message":"Starting cost-efficient game results update","categories":["NBA","MLB","KBO","NFL","MLS","K리그","J리그","세리에 A","브라질 세리에 A","아르헨티나 프리메라","중국 슈퍼리그","라리가","분데스리가"]}
{"timestamp":"2025-07-03T12:10:00.035Z","type":"odds","status":"start","message":"Starting high-priority leagues odds update (10min interval)","priority":"high","leagues":["NBA","MLB","KBO","NFL"]}
{"timestamp":"2025-07-03T12:10:00.174Z","type":"odds","status":"success","message":"High-priority odds update completed (10min interval)","priority":"medium","leagues":["NBA","MLB","KBO","NFL"],"dynamicPriority":"low"}
{"timestamp":"2025-07-03T12:10:05.033Z","type":"bets","status":"start","message":"Starting bet results update after game results"}
{"timestamp":"2025-07-03T12:10:05.062Z","type":"results","status":"success","message":"Game results and bet results update completed","gameResultsUpdated":"N/A","betResultsUpdated":0,"categories":["NBA","MLB","KBO","NFL","MLS","K리그","J리그","세리에 A","브라질 세리에 A","아르헨티나 프리메라","중국 슈퍼리그","라리가","분데스리가"]}
{"timestamp":"2025-07-03T12:20:00.755Z","type":"results","status":"start","message":"Starting cost-efficient game results update","categories":["NBA","MLB","KBO","NFL","MLS","K리그","J리그","세리에 A","브라질 세리에 A","아르헨티나 프리메라","중국 슈퍼리그","라리가","분데스리가"]}
{"timestamp":"2025-07-03T12:20:00.788Z","type":"odds","status":"start","message":"Starting high-priority leagues odds update (10min interval)","priority":"high","leagues":["NBA","MLB","KBO","NFL"]}
{"timestamp":"2025-07-03T12:20:00.800Z","type":"odds","status":"success","message":"High-priority odds update completed (10min interval)","priority":"medium","leagues":["NBA","MLB","KBO","NFL"],"dynamicPriority":"low"}
{"timestamp":"2025-07-03T12:20:06.580Z","type":"bets","status":"start","message":"Starting bet results update after game results"}
{"timestamp":"2025-07-03T12:20:06.624Z","type":"results","status":"success","message":"Game results and bet results update completed","gameResultsUpdated":"N/A","betResultsUpdated":0,"categories":["NBA","MLB","KBO","NFL","MLS","K리그","J리그","세리에 A","브라질 세리에 A","아르헨티나 프리메라","중국 슈퍼리그","라리가","분데스리가"]}
{"timestamp":"2025-07-03T12:20:14.171Z","type":"monitor","status":"info","message":"Scheduler status check","isUpdating":false,"lastUpdateTime":"2025-07-03T12:20:06.624Z","activeCategories":["NBA","MLB","KBO","NFL","MLS","K리그","J리그","세리에 A","브라질 세리에 A","아르헨티나 프리메라","중국 슈퍼리그","라리가","분데스리가"],"uptime":2700.407278583,"apiCallEstimate":"~26 calls per hour","memory":{"used":"27MB","total":"65MB"}}
{"timestamp":"2025-07-03T12:30:00.633Z","type":"results","status":"start","message":"Starting cost-efficient game results update","categories":["NBA","MLB","KBO","NFL","MLS","K리그","J리그","세리에 A","브라질 세리에 A","아르헨티나 프리메라","중국 슈퍼리그","라리가","분데스리가"]}
{"timestamp":"2025-07-03T12:30:00.650Z","type":"odds","status":"start","message":"Starting high-priority leagues odds update (10min interval)","priority":"high","leagues":["NBA","MLB","KBO","NFL"]}
{"timestamp":"2025-07-03T12:30:00.677Z","type":"odds","status":"success","message":"High-priority odds update completed (10min interval)","priority":"medium","leagues":["NBA","MLB","KBO","NFL"],"dynamicPriority":"low"}
{"timestamp":"2025-07-03T12:30:07.915Z","type":"bets","status":"start","message":"Starting bet results update after game results"}
{"timestamp":"2025-07-03T12:30:07.940Z","type":"results","status":"success","message":"Game results and bet results update completed","gameResultsUpdated":"N/A","betResultsUpdated":0,"categories":["NBA","MLB","KBO","NFL","MLS","K리그","J리그","세리에 A","브라질 세리에 A","아르헨티나 프리메라","중국 슈퍼리그","라리가","분데스리가"]}
{"timestamp":"2025-07-03T12:35:14.162Z","type":"monitor","status":"info","message":"Scheduler status check","isUpdating":false,"lastUpdateTime":"2025-07-03T12:30:07.940Z","activeCategories":["NBA","MLB","KBO","NFL","MLS","K리그","J리그","세리에 A","브라질 세리에 A","아르헨티나 프리메라","중국 슈퍼리그","라리가","분데스리가"],"uptime":3600.410028875,"apiCallEstimate":"~26 calls per hour","memory":{"used":"25MB","total":"64MB"}}
{"timestamp":"2025-07-03T12:37:32.527Z","type":"init","status":"start","message":"Starting initial data caching for active categories","categories":["NBA","MLB","KBO","NFL","MLS","K리그","J리그","세리에 A","브라질 세리에 A","아르헨티나 프리메라","중국 슈퍼리그","라리가","분데스리가"]}
{"timestamp":"2025-07-03T12:37:37.843Z","type":"init","status":"success","message":"Initial data cached successfully for active categories","categories":["NBA","MLB","KBO","NFL","MLS","K리그","J리그","세리에 A","브라질 세리에 A","아르헨티나 프리메라","중국 슈퍼리그","라리가","분데스리가"],"oddsUpdated":"Active categories only","resultsUpdated":"N/A","betsUpdated":0}
