{"timestamp":"2025-07-04T07:33:39.330Z","type":"init","status":"start","message":"Starting initial data caching for active categories","categories":["NBA","MLB","KBO","NFL","MLS","K리그","J리그","세리에 A","브라질 세리에 A","아르헨티나 프리메라","중국 슈퍼리그","라리가","분데스리가"]}
{"timestamp":"2025-07-04T07:33:44.251Z","type":"init","status":"success","message":"Initial data cached successfully for active categories","categories":["NBA","MLB","KBO","NFL","MLS","K리그","J리그","세리에 A","브라질 세리에 A","아르헨티나 프리메라","중국 슈퍼리그","라리가","분데스리가"],"oddsUpdated":"Active categories only","resultsUpdated":"N/A","betsUpdated":0}
{"timestamp":"2025-07-04T07:40:00.784Z","type":"results","status":"start","message":"Starting cost-efficient game results update","categories":["NBA","MLB","KBO","NFL","MLS","K리그","J리그","세리에 A","브라질 세리에 A","아르헨티나 프리메라","중국 슈퍼리그","라리가","분데스리가"]}
{"timestamp":"2025-07-04T07:40:00.800Z","type":"odds","status":"start","message":"Starting high-priority leagues odds update (10min interval)","priority":"high","leagues":["NBA","MLB","KBO","NFL"]}
{"timestamp":"2025-07-04T07:40:02.555Z","type":"odds","status":"success","message":"High-priority odds update completed (10min interval)","priority":"medium","leagues":["NBA","MLB","KBO","NFL"],"dynamicPriority":"low"}
{"timestamp":"2025-07-04T07:40:05.530Z","type":"bets","status":"start","message":"Starting bet results update after game results"}
{"timestamp":"2025-07-04T07:40:05.560Z","type":"results","status":"success","message":"Game results and bet results update completed","gameResultsUpdated":"N/A","betResultsUpdated":0,"categories":["NBA","MLB","KBO","NFL","MLS","K리그","J리그","세리에 A","브라질 세리에 A","아르헨티나 프리메라","중국 슈퍼리그","라리가","분데스리가"]}
{"timestamp":"2025-07-04T07:55:36.767Z","type":"init","status":"start","message":"Starting initial data caching for active categories","categories":["NBA","MLB","KBO","NFL","MLS","K리그","J리그","세리에 A","브라질 세리에 A","아르헨티나 프리메라","중국 슈퍼리그","라리가","분데스리가"]}
{"timestamp":"2025-07-04T07:55:43.068Z","type":"init","status":"success","message":"Initial data cached successfully for active categories","categories":["NBA","MLB","KBO","NFL","MLS","K리그","J리그","세리에 A","브라질 세리에 A","아르헨티나 프리메라","중국 슈퍼리그","라리가","분데스리가"],"oddsUpdated":"Active categories only","resultsUpdated":"N/A","betsUpdated":0}
{"timestamp":"2025-07-04T08:00:00.125Z","type":"results","status":"start","message":"Starting cost-efficient game results update","categories":["NBA","MLB","KBO","NFL","MLS","K리그","J리그","세리에 A","브라질 세리에 A","아르헨티나 프리메라","중국 슈퍼리그","라리가","분데스리가"]}
{"timestamp":"2025-07-04T08:00:00.155Z","type":"odds","status":"start","message":"Starting high-priority leagues odds update (10min interval)","priority":"high","leagues":["NBA","MLB","KBO","NFL"]}
{"timestamp":"2025-07-04T08:00:00.157Z","type":"odds","status":"start","message":"Starting medium-priority leagues odds update (1hour interval)","priority":"medium","leagues":["MLS","K리그","J리그","세리에 A"]}
{"timestamp":"2025-07-04T08:00:01.557Z","type":"odds","status":"success","message":"Medium-priority odds update completed (1hour interval)","priority":"medium","leagues":["MLS","K리그","J리그","세리에 A"],"dynamicPriority":"low"}
{"timestamp":"2025-07-04T08:00:01.955Z","type":"odds","status":"success","message":"High-priority odds update completed (10min interval)","priority":"medium","leagues":["NBA","MLB","KBO","NFL"],"dynamicPriority":"low"}
{"timestamp":"2025-07-04T08:00:05.405Z","type":"bets","status":"start","message":"Starting bet results update after game results"}
{"timestamp":"2025-07-04T08:00:05.440Z","type":"results","status":"success","message":"Game results and bet results update completed","gameResultsUpdated":"N/A","betResultsUpdated":0,"categories":["NBA","MLB","KBO","NFL","MLS","K리그","J리그","세리에 A","브라질 세리에 A","아르헨티나 프리메라","중국 슈퍼리그","라리가","분데스리가"]}
{"timestamp":"2025-07-04T08:09:42.249Z","type":"init","status":"start","message":"Starting initial data caching for active categories","categories":["NBA","MLB","KBO","NFL","MLS","K리그","J리그","세리에 A","브라질 세리에 A","아르헨티나 프리메라","중국 슈퍼리그","라리가","분데스리가"]}
{"timestamp":"2025-07-04T08:09:47.296Z","type":"init","status":"success","message":"Initial data cached successfully for active categories","categories":["NBA","MLB","KBO","NFL","MLS","K리그","J리그","세리에 A","브라질 세리에 A","아르헨티나 프리메라","중국 슈퍼리그","라리가","분데스리가"],"oddsUpdated":"Active categories only","resultsUpdated":"N/A","betsUpdated":0}
{"timestamp":"2025-07-04T08:10:00.273Z","type":"results","status":"start","message":"Starting cost-efficient game results update","categories":["NBA","MLB","KBO","NFL","MLS","K리그","J리그","세리에 A","브라질 세리에 A","아르헨티나 프리메라","중국 슈퍼리그","라리가","분데스리가"]}
{"timestamp":"2025-07-04T08:10:00.278Z","type":"odds","status":"start","message":"Starting high-priority leagues odds update (10min interval)","priority":"high","leagues":["NBA","MLB","KBO","NFL"]}
{"timestamp":"2025-07-04T08:10:02.017Z","type":"odds","status":"success","message":"High-priority odds update completed (10min interval)","priority":"medium","leagues":["NBA","MLB","KBO","NFL"],"dynamicPriority":"low"}
{"timestamp":"2025-07-04T08:10:06.305Z","type":"bets","status":"start","message":"Starting bet results update after game results"}
{"timestamp":"2025-07-04T08:10:06.347Z","type":"results","status":"success","message":"Game results and bet results update completed","gameResultsUpdated":"N/A","betResultsUpdated":0,"categories":["NBA","MLB","KBO","NFL","MLS","K리그","J리그","세리에 A","브라질 세리에 A","아르헨티나 프리메라","중국 슈퍼리그","라리가","분데스리가"]}
{"timestamp":"2025-07-04T08:16:36.855Z","type":"init","status":"start","message":"Starting initial data caching for active categories","categories":["NBA","MLB","KBO","NFL","MLS","K리그","J리그","세리에 A","브라질 세리에 A","아르헨티나 프리메라","중국 슈퍼리그","라리가","분데스리가"]}
{"timestamp":"2025-07-04T08:16:40.732Z","type":"init","status":"success","message":"Initial data cached successfully for active categories","categories":["NBA","MLB","KBO","NFL","MLS","K리그","J리그","세리에 A","브라질 세리에 A","아르헨티나 프리메라","중국 슈퍼리그","라리가","분데스리가"],"oddsUpdated":"Active categories only","resultsUpdated":"N/A","betsUpdated":0}
{"timestamp":"2025-07-04T08:20:00.140Z","type":"results","status":"start","message":"Starting cost-efficient game results update","categories":["NBA","MLB","KBO","NFL","MLS","K리그","J리그","세리에 A","브라질 세리에 A","아르헨티나 프리메라","중국 슈퍼리그","라리가","분데스리가"]}
{"timestamp":"2025-07-04T08:20:00.178Z","type":"odds","status":"start","message":"Starting high-priority leagues odds update (10min interval)","priority":"high","leagues":["NBA","MLB","KBO","NFL"]}
{"timestamp":"2025-07-04T08:20:02.143Z","type":"odds","status":"success","message":"High-priority odds update completed (10min interval)","priority":"medium","leagues":["NBA","MLB","KBO","NFL"],"dynamicPriority":"low"}
{"timestamp":"2025-07-04T08:20:05.621Z","type":"bets","status":"start","message":"Starting bet results update after game results"}
{"timestamp":"2025-07-04T08:20:05.654Z","type":"results","status":"success","message":"Game results and bet results update completed","gameResultsUpdated":"N/A","betResultsUpdated":0,"categories":["NBA","MLB","KBO","NFL","MLS","K리그","J리그","세리에 A","브라질 세리에 A","아르헨티나 프리메라","중국 슈퍼리그","라리가","분데스리가"]}
{"timestamp":"2025-07-04T08:30:00.260Z","type":"results","status":"start","message":"Starting cost-efficient game results update","categories":["NBA","MLB","KBO","NFL","MLS","K리그","J리그","세리에 A","브라질 세리에 A","아르헨티나 프리메라","중국 슈퍼리그","라리가","분데스리가"]}
{"timestamp":"2025-07-04T08:30:00.298Z","type":"odds","status":"start","message":"Starting high-priority leagues odds update (10min interval)","priority":"high","leagues":["NBA","MLB","KBO","NFL"]}
{"timestamp":"2025-07-04T08:30:02.123Z","type":"odds","status":"success","message":"High-priority odds update completed (10min interval)","priority":"medium","leagues":["NBA","MLB","KBO","NFL"],"dynamicPriority":"low"}
{"timestamp":"2025-07-04T08:30:05.404Z","type":"bets","status":"start","message":"Starting bet results update after game results"}
{"timestamp":"2025-07-04T08:30:05.436Z","type":"results","status":"success","message":"Game results and bet results update completed","gameResultsUpdated":"N/A","betResultsUpdated":0,"categories":["NBA","MLB","KBO","NFL","MLS","K리그","J리그","세리에 A","브라질 세리에 A","아르헨티나 프리메라","중국 슈퍼리그","라리가","분데스리가"]}
{"timestamp":"2025-07-04T08:31:36.901Z","type":"monitor","status":"info","message":"Scheduler status check","isUpdating":false,"lastUpdateTime":"2025-07-04T08:30:05.436Z","activeCategories":["NBA","MLB","KBO","NFL","MLS","K리그","J리그","세리에 A","브라질 세리에 A","아르헨티나 프리메라","중국 슈퍼리그","라리가","분데스리가"],"uptime":900.425006,"apiCallEstimate":"~26 calls per hour","memory":{"used":"31MB","total":"35MB"}}
{"timestamp":"2025-07-04T08:40:00.166Z","type":"results","status":"start","message":"Starting cost-efficient game results update","categories":["NBA","MLB","KBO","NFL","MLS","K리그","J리그","세리에 A","브라질 세리에 A","아르헨티나 프리메라","중국 슈퍼리그","라리가","분데스리가"]}
{"timestamp":"2025-07-04T08:40:00.212Z","type":"odds","status":"start","message":"Starting high-priority leagues odds update (10min interval)","priority":"high","leagues":["NBA","MLB","KBO","NFL"]}
{"timestamp":"2025-07-04T08:40:02.175Z","type":"odds","status":"success","message":"High-priority odds update completed (10min interval)","priority":"medium","leagues":["NBA","MLB","KBO","NFL"],"dynamicPriority":"low"}
{"timestamp":"2025-07-04T08:40:05.934Z","type":"bets","status":"start","message":"Starting bet results update after game results"}
{"timestamp":"2025-07-04T08:40:05.973Z","type":"results","status":"success","message":"Game results and bet results update completed","gameResultsUpdated":"N/A","betResultsUpdated":0,"categories":["NBA","MLB","KBO","NFL","MLS","K리그","J리그","세리에 A","브라질 세리에 A","아르헨티나 프리메라","중국 슈퍼리그","라리가","분데스리가"]}
{"timestamp":"2025-07-04T08:46:36.909Z","type":"monitor","status":"info","message":"Scheduler status check","isUpdating":false,"lastUpdateTime":"2025-07-04T08:40:05.973Z","activeCategories":["NBA","MLB","KBO","NFL","MLS","K리그","J리그","세리에 A","브라질 세리에 A","아르헨티나 프리메라","중국 슈퍼리그","라리가","분데스리가"],"uptime":1800.424310125,"apiCallEstimate":"~26 calls per hour","memory":{"used":"27MB","total":"32MB"}}
{"timestamp":"2025-07-04T08:48:33.466Z","type":"init","status":"start","message":"Starting initial data caching for active categories","categories":["NBA","MLB","KBO","NFL","MLS","K리그","J리그","세리에 A","브라질 세리에 A","아르헨티나 프리메라","중국 슈퍼리그","라리가","분데스리가"]}
{"timestamp":"2025-07-04T08:48:37.837Z","type":"init","status":"success","message":"Initial data cached successfully for active categories","categories":["NBA","MLB","KBO","NFL","MLS","K리그","J리그","세리에 A","브라질 세리에 A","아르헨티나 프리메라","중국 슈퍼리그","라리가","분데스리가"],"oddsUpdated":"Active categories only","resultsUpdated":"N/A","betsUpdated":0}
{"timestamp":"2025-07-04T08:50:00.579Z","type":"results","status":"start","message":"Starting cost-efficient game results update","categories":["NBA","MLB","KBO","NFL","MLS","K리그","J리그","세리에 A","브라질 세리에 A","아르헨티나 프리메라","중국 슈퍼리그","라리가","분데스리가"]}
{"timestamp":"2025-07-04T08:50:00.612Z","type":"odds","status":"start","message":"Starting high-priority leagues odds update (10min interval)","priority":"high","leagues":["NBA","MLB","KBO","NFL"]}
{"timestamp":"2025-07-04T08:50:02.393Z","type":"odds","status":"success","message":"High-priority odds update completed (10min interval)","priority":"medium","leagues":["NBA","MLB","KBO","NFL"],"dynamicPriority":"low"}
{"timestamp":"2025-07-04T08:50:04.440Z","type":"bets","status":"start","message":"Starting bet results update after game results"}
{"timestamp":"2025-07-04T08:50:04.476Z","type":"results","status":"success","message":"Game results and bet results update completed","gameResultsUpdated":"N/A","betResultsUpdated":0,"categories":["NBA","MLB","KBO","NFL","MLS","K리그","J리그","세리에 A","브라질 세리에 A","아르헨티나 프리메라","중국 슈퍼리그","라리가","분데스리가"]}
{"timestamp":"2025-07-04T09:00:00.372Z","type":"results","status":"start","message":"Starting cost-efficient game results update","categories":["NBA","MLB","KBO","NFL","MLS","K리그","J리그","세리에 A","브라질 세리에 A","아르헨티나 프리메라","중국 슈퍼리그","라리가","분데스리가"]}
{"timestamp":"2025-07-04T09:00:00.409Z","type":"odds","status":"start","message":"Starting high-priority leagues odds update (10min interval)","priority":"high","leagues":["NBA","MLB","KBO","NFL"]}
{"timestamp":"2025-07-04T09:00:00.419Z","type":"odds","status":"start","message":"Starting medium-priority leagues odds update (1hour interval)","priority":"medium","leagues":["MLS","K리그","J리그","세리에 A"]}
{"timestamp":"2025-07-04T09:00:01.831Z","type":"odds","status":"success","message":"Medium-priority odds update completed (1hour interval)","priority":"medium","leagues":["MLS","K리그","J리그","세리에 A"],"dynamicPriority":"low"}
{"timestamp":"2025-07-04T09:00:02.104Z","type":"odds","status":"success","message":"High-priority odds update completed (10min interval)","priority":"medium","leagues":["NBA","MLB","KBO","NFL"],"dynamicPriority":"low"}
{"timestamp":"2025-07-04T09:00:04.822Z","type":"bets","status":"start","message":"Starting bet results update after game results"}
{"timestamp":"2025-07-04T09:00:04.855Z","type":"results","status":"success","message":"Game results and bet results update completed","gameResultsUpdated":"N/A","betResultsUpdated":0,"categories":["NBA","MLB","KBO","NFL","MLS","K리그","J리그","세리에 A","브라질 세리에 A","아르헨티나 프리메라","중국 슈퍼리그","라리가","분데스리가"]}
{"timestamp":"2025-07-04T09:03:33.514Z","type":"monitor","status":"info","message":"Scheduler status check","isUpdating":false,"lastUpdateTime":"2025-07-04T09:00:04.855Z","activeCategories":["NBA","MLB","KBO","NFL","MLS","K리그","J리그","세리에 A","브라질 세리에 A","아르헨티나 프리메라","중국 슈퍼리그","라리가","분데스리가"],"uptime":900.474736875,"apiCallEstimate":"~26 calls per hour","memory":{"used":"32MB","total":"35MB"}}
{"timestamp":"2025-07-04T09:10:24.515Z","type":"init","status":"start","message":"Starting initial data caching for active categories","categories":["NBA","MLB","KBO","NFL","MLS","K리그","J리그","세리에 A","브라질 세리에 A","아르헨티나 프리메라","중국 슈퍼리그","라리가","분데스리가"]}
{"timestamp":"2025-07-04T09:10:29.692Z","type":"init","status":"success","message":"Initial data cached successfully for active categories","categories":["NBA","MLB","KBO","NFL","MLS","K리그","J리그","세리에 A","브라질 세리에 A","아르헨티나 프리메라","중국 슈퍼리그","라리가","분데스리가"],"oddsUpdated":"Active categories only","resultsUpdated":"N/A","betsUpdated":0}
{"timestamp":"2025-07-04T09:20:00.457Z","type":"results","status":"start","message":"Starting cost-efficient game results update","categories":["NBA","MLB","KBO","NFL","MLS","K리그","J리그","세리에 A","브라질 세리에 A","아르헨티나 프리메라","중국 슈퍼리그","라리가","분데스리가"]}
{"timestamp":"2025-07-04T09:20:00.501Z","type":"odds","status":"start","message":"Starting high-priority leagues odds update (10min interval)","priority":"high","leagues":["NBA","MLB","KBO","NFL"]}
{"timestamp":"2025-07-04T09:20:02.245Z","type":"odds","status":"success","message":"High-priority odds update completed (10min interval)","priority":"medium","leagues":["NBA","MLB","KBO","NFL"],"dynamicPriority":"low"}
{"timestamp":"2025-07-04T09:20:04.648Z","type":"bets","status":"start","message":"Starting bet results update after game results"}
{"timestamp":"2025-07-04T09:20:04.676Z","type":"results","status":"success","message":"Game results and bet results update completed","gameResultsUpdated":"N/A","betResultsUpdated":0,"categories":["NBA","MLB","KBO","NFL","MLS","K리그","J리그","세리에 A","브라질 세리에 A","아르헨티나 프리메라","중국 슈퍼리그","라리가","분데스리가"]}
{"timestamp":"2025-07-04T09:25:24.551Z","type":"monitor","status":"info","message":"Scheduler status check","isUpdating":false,"lastUpdateTime":"2025-07-04T09:20:04.676Z","activeCategories":["NBA","MLB","KBO","NFL","MLS","K리그","J리그","세리에 A","브라질 세리에 A","아르헨티나 프리메라","중국 슈퍼리그","라리가","분데스리가"],"uptime":900.410165791,"apiCallEstimate":"~26 calls per hour","memory":{"used":"23MB","total":"32MB"}}
{"timestamp":"2025-07-04T09:30:00.790Z","type":"results","status":"start","message":"Starting cost-efficient game results update","categories":["NBA","MLB","KBO","NFL","MLS","K리그","J리그","세리에 A","브라질 세리에 A","아르헨티나 프리메라","중국 슈퍼리그","라리가","분데스리가"]}
{"timestamp":"2025-07-04T09:30:00.827Z","type":"odds","status":"start","message":"Starting high-priority leagues odds update (10min interval)","priority":"high","leagues":["NBA","MLB","KBO","NFL"]}
{"timestamp":"2025-07-04T09:30:03.012Z","type":"odds","status":"success","message":"High-priority odds update completed (10min interval)","priority":"medium","leagues":["NBA","MLB","KBO","NFL"],"dynamicPriority":"low"}
{"timestamp":"2025-07-04T09:30:05.384Z","type":"bets","status":"start","message":"Starting bet results update after game results"}
{"timestamp":"2025-07-04T09:30:05.425Z","type":"results","status":"success","message":"Game results and bet results update completed","gameResultsUpdated":"N/A","betResultsUpdated":0,"categories":["NBA","MLB","KBO","NFL","MLS","K리그","J리그","세리에 A","브라질 세리에 A","아르헨티나 프리메라","중국 슈퍼리그","라리가","분데스리가"]}
{"timestamp":"2025-07-04T09:59:50.455Z","type":"init","status":"start","message":"Starting initial data caching for active categories","categories":["NBA","MLB","KBO","NFL","MLS","K리그","J리그","세리에 A","브라질 세리에 A","아르헨티나 프리메라","중국 슈퍼리그","라리가","분데스리가"]}
{"timestamp":"2025-07-04T09:59:54.678Z","type":"init","status":"success","message":"Initial data cached successfully for active categories","categories":["NBA","MLB","KBO","NFL","MLS","K리그","J리그","세리에 A","브라질 세리에 A","아르헨티나 프리메라","중국 슈퍼리그","라리가","분데스리가"],"oddsUpdated":"Active categories only","resultsUpdated":"N/A","betsUpdated":0}
{"timestamp":"2025-07-04T10:00:00.467Z","type":"results","status":"start","message":"Starting cost-efficient game results update","categories":["NBA","MLB","KBO","NFL","MLS","K리그","J리그","세리에 A","브라질 세리에 A","아르헨티나 프리메라","중국 슈퍼리그","라리가","분데스리가"]}
{"timestamp":"2025-07-04T10:00:00.473Z","type":"odds","status":"start","message":"Starting high-priority leagues odds update (10min interval)","priority":"high","leagues":["NBA","MLB","KBO","NFL"]}
{"timestamp":"2025-07-04T10:00:00.476Z","type":"odds","status":"start","message":"Starting medium-priority leagues odds update (1hour interval)","priority":"medium","leagues":["MLS","K리그","J리그","세리에 A"]}
{"timestamp":"2025-07-04T10:00:01.824Z","type":"odds","status":"success","message":"Medium-priority odds update completed (1hour interval)","priority":"medium","leagues":["MLS","K리그","J리그","세리에 A"],"dynamicPriority":"low"}
{"timestamp":"2025-07-04T10:00:02.219Z","type":"odds","status":"success","message":"High-priority odds update completed (10min interval)","priority":"medium","leagues":["NBA","MLB","KBO","NFL"],"dynamicPriority":"low"}
{"timestamp":"2025-07-04T10:00:04.535Z","type":"bets","status":"start","message":"Starting bet results update after game results"}
{"timestamp":"2025-07-04T10:00:04.548Z","type":"results","status":"success","message":"Game results and bet results update completed","gameResultsUpdated":"N/A","betResultsUpdated":0,"categories":["NBA","MLB","KBO","NFL","MLS","K리그","J리그","세리에 A","브라질 세리에 A","아르헨티나 프리메라","중국 슈퍼리그","라리가","분데스리가"]}
{"timestamp":"2025-07-04T10:02:45.078Z","type":"init","status":"start","message":"Starting initial data caching for active categories","categories":["NBA","MLB","KBO","NFL","MLS","K리그","J리그","세리에 A","브라질 세리에 A","아르헨티나 프리메라","중국 슈퍼리그","라리가","분데스리가"]}
{"timestamp":"2025-07-04T10:02:49.319Z","type":"init","status":"success","message":"Initial data cached successfully for active categories","categories":["NBA","MLB","KBO","NFL","MLS","K리그","J리그","세리에 A","브라질 세리에 A","아르헨티나 프리메라","중국 슈퍼리그","라리가","분데스리가"],"oddsUpdated":"Active categories only","resultsUpdated":"N/A","betsUpdated":0}
{"timestamp":"2025-07-04T10:10:00.689Z","type":"results","status":"start","message":"Starting cost-efficient game results update","categories":["NBA","MLB","KBO","NFL","MLS","K리그","J리그","세리에 A","브라질 세리에 A","아르헨티나 프리메라","중국 슈퍼리그","라리가","분데스리가"]}
{"timestamp":"2025-07-04T10:10:00.735Z","type":"odds","status":"start","message":"Starting high-priority leagues odds update (10min interval)","priority":"high","leagues":["NBA","MLB","KBO","NFL"]}
{"timestamp":"2025-07-04T10:10:02.497Z","type":"odds","status":"success","message":"High-priority odds update completed (10min interval)","priority":"medium","leagues":["NBA","MLB","KBO","NFL"],"dynamicPriority":"low"}
{"timestamp":"2025-07-04T10:10:05.914Z","type":"bets","status":"start","message":"Starting bet results update after game results"}
{"timestamp":"2025-07-04T10:10:05.948Z","type":"results","status":"success","message":"Game results and bet results update completed","gameResultsUpdated":"N/A","betResultsUpdated":0,"categories":["NBA","MLB","KBO","NFL","MLS","K리그","J리그","세리에 A","브라질 세리에 A","아르헨티나 프리메라","중국 슈퍼리그","라리가","분데스리가"]}
{"timestamp":"2025-07-04T10:17:45.102Z","type":"monitor","status":"info","message":"Scheduler status check","isUpdating":false,"lastUpdateTime":"2025-07-04T10:10:05.948Z","activeCategories":["NBA","MLB","KBO","NFL","MLS","K리그","J리그","세리에 A","브라질 세리에 A","아르헨티나 프리메라","중국 슈퍼리그","라리가","분데스리가"],"uptime":900.392267459,"apiCallEstimate":"~26 calls per hour","memory":{"used":"23MB","total":"32MB"}}
{"timestamp":"2025-07-04T10:20:00.417Z","type":"results","status":"start","message":"Starting cost-efficient game results update","categories":["NBA","MLB","KBO","NFL","MLS","K리그","J리그","세리에 A","브라질 세리에 A","아르헨티나 프리메라","중국 슈퍼리그","라리가","분데스리가"]}
{"timestamp":"2025-07-04T10:20:00.441Z","type":"odds","status":"start","message":"Starting high-priority leagues odds update (10min interval)","priority":"high","leagues":["NBA","MLB","KBO","NFL"]}
{"timestamp":"2025-07-04T10:20:02.155Z","type":"odds","status":"success","message":"High-priority odds update completed (10min interval)","priority":"medium","leagues":["NBA","MLB","KBO","NFL"],"dynamicPriority":"low"}
{"timestamp":"2025-07-04T10:20:04.672Z","type":"bets","status":"start","message":"Starting bet results update after game results"}
{"timestamp":"2025-07-04T10:20:04.701Z","type":"results","status":"success","message":"Game results and bet results update completed","gameResultsUpdated":"N/A","betResultsUpdated":0,"categories":["NBA","MLB","KBO","NFL","MLS","K리그","J리그","세리에 A","브라질 세리에 A","아르헨티나 프리메라","중국 슈퍼리그","라리가","분데스리가"]}
{"timestamp":"2025-07-04T10:32:52.744Z","type":"init","status":"start","message":"Starting initial data caching for active categories","categories":["NBA","MLB","KBO","NFL","MLS","K리그","J리그","세리에 A","브라질 세리에 A","아르헨티나 프리메라","중국 슈퍼리그","라리가","분데스리가"]}
{"timestamp":"2025-07-04T10:32:56.708Z","type":"init","status":"success","message":"Initial data cached successfully for active categories","categories":["NBA","MLB","KBO","NFL","MLS","K리그","J리그","세리에 A","브라질 세리에 A","아르헨티나 프리메라","중국 슈퍼리그","라리가","분데스리가"],"oddsUpdated":"Active categories only","resultsUpdated":"N/A","betsUpdated":0}
{"timestamp":"2025-07-04T10:36:29.592Z","type":"init","status":"start","message":"Starting initial data caching for active categories","categories":["NBA","MLB","KBO","NFL","MLS","K리그","J리그","세리에 A","브라질 세리에 A","아르헨티나 프리메라","중국 슈퍼리그","라리가","분데스리가"]}
{"timestamp":"2025-07-04T10:36:33.836Z","type":"init","status":"success","message":"Initial data cached successfully for active categories","categories":["NBA","MLB","KBO","NFL","MLS","K리그","J리그","세리에 A","브라질 세리에 A","아르헨티나 프리메라","중국 슈퍼리그","라리가","분데스리가"],"oddsUpdated":"Active categories only","resultsUpdated":"N/A","betsUpdated":0}
{"timestamp":"2025-07-04T10:42:56.386Z","type":"init","status":"start","message":"Starting initial data caching for active categories","categories":["NBA","MLB","KBO","NFL","MLS","K리그","J리그","세리에 A","브라질 세리에 A","아르헨티나 프리메라","중국 슈퍼리그","라리가","분데스리가"]}
{"timestamp":"2025-07-04T10:43:01.878Z","type":"init","status":"success","message":"Initial data cached successfully for active categories","categories":["NBA","MLB","KBO","NFL","MLS","K리그","J리그","세리에 A","브라질 세리에 A","아르헨티나 프리메라","중국 슈퍼리그","라리가","분데스리가"],"oddsUpdated":"Active categories only","resultsUpdated":"N/A","betsUpdated":0}
{"timestamp":"2025-07-04T10:44:09.070Z","type":"init","status":"start","message":"Starting initial data caching for active categories","categories":["NBA","MLB","KBO","NFL","MLS","K리그","J리그","세리에 A","브라질 세리에 A","아르헨티나 프리메라","중국 슈퍼리그","라리가","분데스리가"]}
{"timestamp":"2025-07-04T10:44:14.667Z","type":"init","status":"success","message":"Initial data cached successfully for active categories","categories":["NBA","MLB","KBO","NFL","MLS","K리그","J리그","세리에 A","브라질 세리에 A","아르헨티나 프리메라","중국 슈퍼리그","라리가","분데스리가"],"oddsUpdated":"Active categories only","resultsUpdated":"N/A","betsUpdated":0}
{"timestamp":"2025-07-04T10:49:22.688Z","type":"init","status":"start","message":"Starting initial data caching for active categories","categories":["NBA","MLB","KBO","NFL","MLS","K리그","J리그","세리에 A","브라질 세리에 A","아르헨티나 프리메라","중국 슈퍼리그","라리가","분데스리가"]}
{"timestamp":"2025-07-04T10:49:27.865Z","type":"init","status":"success","message":"Initial data cached successfully for active categories","categories":["NBA","MLB","KBO","NFL","MLS","K리그","J리그","세리에 A","브라질 세리에 A","아르헨티나 프리메라","중국 슈퍼리그","라리가","분데스리가"],"oddsUpdated":"Active categories only","resultsUpdated":"N/A","betsUpdated":0}
{"timestamp":"2025-07-04T10:50:00.727Z","type":"results","status":"start","message":"Starting cost-efficient game results update","categories":["NBA","MLB","KBO","NFL","MLS","K리그","J리그","세리에 A","브라질 세리에 A","아르헨티나 프리메라","중국 슈퍼리그","라리가","분데스리가"]}
{"timestamp":"2025-07-04T10:50:00.732Z","type":"odds","status":"start","message":"Starting high-priority leagues odds update (10min interval)","priority":"high","leagues":["NBA","MLB","KBO","NFL"]}
{"timestamp":"2025-07-04T10:50:02.480Z","type":"odds","status":"success","message":"High-priority odds update completed (10min interval)","priority":"medium","leagues":["NBA","MLB","KBO","NFL"],"dynamicPriority":"low"}
{"timestamp":"2025-07-04T10:50:05.048Z","type":"bets","status":"start","message":"Starting bet results update after game results"}
{"timestamp":"2025-07-04T10:50:05.064Z","type":"results","status":"success","message":"Game results and bet results update completed","gameResultsUpdated":"N/A","betResultsUpdated":0,"categories":["NBA","MLB","KBO","NFL","MLS","K리그","J리그","세리에 A","브라질 세리에 A","아르헨티나 프리메라","중국 슈퍼리그","라리가","분데스리가"]}
