{"timestamp":"2025-07-07T00:00:00.536Z","type":"results","status":"start","message":"Starting cost-efficient game results update","categories":["NBA","MLB","KBO","NFL","MLS","K리그","J리그","세리에 A","브라질 세리에 A","아르헨티나 프리메라","중국 슈퍼리그","라리가","분데스리가"]}
{"timestamp":"2025-07-07T00:00:00.561Z","type":"odds","status":"start","message":"Starting high-priority leagues odds update (10min interval)","priority":"high","leagues":["NBA","MLB","KBO","NFL"]}
{"timestamp":"2025-07-07T00:00:00.564Z","type":"odds","status":"start","message":"Starting medium-priority leagues odds update (1hour interval)","priority":"medium","leagues":["MLS","K리그","J리그","세리에 A"]}
{"timestamp":"2025-07-07T00:00:00.582Z","type":"odds","status":"success","message":"Medium-priority odds update completed (1hour interval)","priority":"medium","leagues":["MLS","K리그","J리그","세리에 A"],"dynamicPriority":"low"}
{"timestamp":"2025-07-07T00:00:00.582Z","type":"odds","status":"success","message":"High-priority odds update completed (10min interval)","priority":"medium","leagues":["NBA","MLB","KBO","NFL"],"dynamicPriority":"low"}
{"timestamp":"2025-07-07T00:00:08.221Z","type":"bets","status":"start","message":"Starting bet results update after game results"}
{"timestamp":"2025-07-07T00:00:08.248Z","type":"results","status":"success","message":"Game results and bet results update completed","gameResultsUpdated":"N/A","betResultsUpdated":0,"categories":["NBA","MLB","KBO","NFL","MLS","K리그","J리그","세리에 A","브라질 세리에 A","아르헨티나 프리메라","중국 슈퍼리그","라리가","분데스리가"]}
{"timestamp":"2025-07-07T00:09:08.158Z","type":"monitor","status":"info","message":"Scheduler status check","isUpdating":false,"lastUpdateTime":"2025-07-07T00:00:08.248Z","activeCategories":["NBA","MLB","KBO","NFL","MLS","K리그","J리그","세리에 A","브라질 세리에 A","아르헨티나 프리메라","중국 슈퍼리그","라리가","분데스리가"],"uptime":220787.992573916,"apiCallEstimate":"~26 calls per hour","memory":{"used":"31MB","total":"36MB"}}
{"timestamp":"2025-07-07T00:10:00.695Z","type":"results","status":"start","message":"Starting cost-efficient game results update","categories":["NBA","MLB","KBO","NFL","MLS","K리그","J리그","세리에 A","브라질 세리에 A","아르헨티나 프리메라","중국 슈퍼리그","라리가","분데스리가"]}
{"timestamp":"2025-07-07T00:10:00.716Z","type":"odds","status":"start","message":"Starting high-priority leagues odds update (10min interval)","priority":"high","leagues":["NBA","MLB","KBO","NFL"]}
{"timestamp":"2025-07-07T00:10:00.731Z","type":"odds","status":"success","message":"High-priority odds update completed (10min interval)","priority":"medium","leagues":["NBA","MLB","KBO","NFL"],"dynamicPriority":"low"}
{"timestamp":"2025-07-07T00:10:06.155Z","type":"bets","status":"start","message":"Starting bet results update after game results"}
{"timestamp":"2025-07-07T00:10:06.181Z","type":"results","status":"success","message":"Game results and bet results update completed","gameResultsUpdated":"N/A","betResultsUpdated":0,"categories":["NBA","MLB","KBO","NFL","MLS","K리그","J리그","세리에 A","브라질 세리에 A","아르헨티나 프리메라","중국 슈퍼리그","라리가","분데스리가"]}
{"timestamp":"2025-07-07T00:20:00.874Z","type":"results","status":"start","message":"Starting cost-efficient game results update","categories":["NBA","MLB","KBO","NFL","MLS","K리그","J리그","세리에 A","브라질 세리에 A","아르헨티나 프리메라","중국 슈퍼리그","라리가","분데스리가"]}
{"timestamp":"2025-07-07T00:20:00.898Z","type":"odds","status":"start","message":"Starting high-priority leagues odds update (10min interval)","priority":"high","leagues":["NBA","MLB","KBO","NFL"]}
{"timestamp":"2025-07-07T00:20:00.914Z","type":"odds","status":"success","message":"High-priority odds update completed (10min interval)","priority":"medium","leagues":["NBA","MLB","KBO","NFL"],"dynamicPriority":"low"}
{"timestamp":"2025-07-07T00:20:07.033Z","type":"bets","status":"start","message":"Starting bet results update after game results"}
{"timestamp":"2025-07-07T00:20:07.054Z","type":"results","status":"success","message":"Game results and bet results update completed","gameResultsUpdated":"N/A","betResultsUpdated":0,"categories":["NBA","MLB","KBO","NFL","MLS","K리그","J리그","세리에 A","브라질 세리에 A","아르헨티나 프리메라","중국 슈퍼리그","라리가","분데스리가"]}
{"timestamp":"2025-07-07T00:24:08.132Z","type":"monitor","status":"info","message":"Scheduler status check","isUpdating":false,"lastUpdateTime":"2025-07-07T00:20:07.054Z","activeCategories":["NBA","MLB","KBO","NFL","MLS","K리그","J리그","세리에 A","브라질 세리에 A","아르헨티나 프리메라","중국 슈퍼리그","라리가","분데스리가"],"uptime":221687.993796416,"apiCallEstimate":"~26 calls per hour","memory":{"used":"31MB","total":"36MB"}}
{"timestamp":"2025-07-07T00:30:00.044Z","type":"results","status":"start","message":"Starting cost-efficient game results update","categories":["NBA","MLB","KBO","NFL","MLS","K리그","J리그","세리에 A","브라질 세리에 A","아르헨티나 프리메라","중국 슈퍼리그","라리가","분데스리가"]}
{"timestamp":"2025-07-07T00:30:00.065Z","type":"odds","status":"start","message":"Starting high-priority leagues odds update (10min interval)","priority":"high","leagues":["NBA","MLB","KBO","NFL"]}
{"timestamp":"2025-07-07T00:30:00.112Z","type":"odds","status":"success","message":"High-priority odds update completed (10min interval)","priority":"medium","leagues":["NBA","MLB","KBO","NFL"],"dynamicPriority":"low"}
{"timestamp":"2025-07-07T00:30:04.237Z","type":"bets","status":"start","message":"Starting bet results update after game results"}
{"timestamp":"2025-07-07T00:30:04.263Z","type":"results","status":"success","message":"Game results and bet results update completed","gameResultsUpdated":"N/A","betResultsUpdated":0,"categories":["NBA","MLB","KBO","NFL","MLS","K리그","J리그","세리에 A","브라질 세리에 A","아르헨티나 프리메라","중국 슈퍼리그","라리가","분데스리가"]}
{"timestamp":"2025-07-07T00:39:08.162Z","type":"monitor","status":"info","message":"Scheduler status check","isUpdating":false,"lastUpdateTime":"2025-07-07T00:30:04.263Z","activeCategories":["NBA","MLB","KBO","NFL","MLS","K리그","J리그","세리에 A","브라질 세리에 A","아르헨티나 프리메라","중국 슈퍼리그","라리가","분데스리가"],"uptime":222587.9966285,"apiCallEstimate":"~26 calls per hour","memory":{"used":"29MB","total":"36MB"}}
{"timestamp":"2025-07-07T00:40:00.293Z","type":"results","status":"start","message":"Starting cost-efficient game results update","categories":["NBA","MLB","KBO","NFL","MLS","K리그","J리그","세리에 A","브라질 세리에 A","아르헨티나 프리메라","중국 슈퍼리그","라리가","분데스리가"]}
{"timestamp":"2025-07-07T00:40:00.317Z","type":"odds","status":"start","message":"Starting high-priority leagues odds update (10min interval)","priority":"high","leagues":["NBA","MLB","KBO","NFL"]}
{"timestamp":"2025-07-07T00:40:00.335Z","type":"odds","status":"success","message":"High-priority odds update completed (10min interval)","priority":"medium","leagues":["NBA","MLB","KBO","NFL"],"dynamicPriority":"low"}
{"timestamp":"2025-07-07T00:40:04.763Z","type":"bets","status":"start","message":"Starting bet results update after game results"}
{"timestamp":"2025-07-07T00:40:04.790Z","type":"results","status":"success","message":"Game results and bet results update completed","gameResultsUpdated":"N/A","betResultsUpdated":0,"categories":["NBA","MLB","KBO","NFL","MLS","K리그","J리그","세리에 A","브라질 세리에 A","아르헨티나 프리메라","중국 슈퍼리그","라리가","분데스리가"]}
{"timestamp":"2025-07-07T00:50:00.492Z","type":"results","status":"start","message":"Starting cost-efficient game results update","categories":["NBA","MLB","KBO","NFL","MLS","K리그","J리그","세리에 A","브라질 세리에 A","아르헨티나 프리메라","중국 슈퍼리그","라리가","분데스리가"]}
{"timestamp":"2025-07-07T00:50:00.512Z","type":"odds","status":"start","message":"Starting high-priority leagues odds update (10min interval)","priority":"high","leagues":["NBA","MLB","KBO","NFL"]}
{"timestamp":"2025-07-07T00:50:00.531Z","type":"odds","status":"success","message":"High-priority odds update completed (10min interval)","priority":"medium","leagues":["NBA","MLB","KBO","NFL"],"dynamicPriority":"low"}
{"timestamp":"2025-07-07T00:50:05.347Z","type":"bets","status":"start","message":"Starting bet results update after game results"}
{"timestamp":"2025-07-07T00:50:05.376Z","type":"results","status":"success","message":"Game results and bet results update completed","gameResultsUpdated":"N/A","betResultsUpdated":0,"categories":["NBA","MLB","KBO","NFL","MLS","K리그","J리그","세리에 A","브라질 세리에 A","아르헨티나 프리메라","중국 슈퍼리그","라리가","분데스리가"]}
{"timestamp":"2025-07-07T00:54:08.155Z","type":"monitor","status":"info","message":"Scheduler status check","isUpdating":false,"lastUpdateTime":"2025-07-07T00:50:05.376Z","activeCategories":["NBA","MLB","KBO","NFL","MLS","K리그","J리그","세리에 A","브라질 세리에 A","아르헨티나 프리메라","중국 슈퍼리그","라리가","분데스리가"],"uptime":223487.998471083,"apiCallEstimate":"~26 calls per hour","memory":{"used":"29MB","total":"37MB"}}
{"timestamp":"2025-07-07T01:00:00.662Z","type":"results","status":"start","message":"Starting cost-efficient game results update","categories":["NBA","MLB","KBO","NFL","MLS","K리그","J리그","세리에 A","브라질 세리에 A","아르헨티나 프리메라","중국 슈퍼리그","라리가","분데스리가"]}
{"timestamp":"2025-07-07T01:00:00.684Z","type":"odds","status":"start","message":"Starting high-priority leagues odds update (10min interval)","priority":"high","leagues":["NBA","MLB","KBO","NFL"]}
{"timestamp":"2025-07-07T01:00:00.686Z","type":"odds","status":"start","message":"Starting medium-priority leagues odds update (1hour interval)","priority":"medium","leagues":["MLS","K리그","J리그","세리에 A"]}
{"timestamp":"2025-07-07T01:00:00.697Z","type":"odds","status":"success","message":"Medium-priority odds update completed (1hour interval)","priority":"medium","leagues":["MLS","K리그","J리그","세리에 A"],"dynamicPriority":"low"}
{"timestamp":"2025-07-07T01:00:00.697Z","type":"odds","status":"success","message":"High-priority odds update completed (10min interval)","priority":"medium","leagues":["NBA","MLB","KBO","NFL"],"dynamicPriority":"low"}
{"timestamp":"2025-07-07T01:00:05.012Z","type":"bets","status":"start","message":"Starting bet results update after game results"}
{"timestamp":"2025-07-07T01:00:05.034Z","type":"results","status":"success","message":"Game results and bet results update completed","gameResultsUpdated":"N/A","betResultsUpdated":0,"categories":["NBA","MLB","KBO","NFL","MLS","K리그","J리그","세리에 A","브라질 세리에 A","아르헨티나 프리메라","중국 슈퍼리그","라리가","분데스리가"]}
{"timestamp":"2025-07-07T01:09:08.150Z","type":"monitor","status":"info","message":"Scheduler status check","isUpdating":false,"lastUpdateTime":"2025-07-07T01:00:05.034Z","activeCategories":["NBA","MLB","KBO","NFL","MLS","K리그","J리그","세리에 A","브라질 세리에 A","아르헨티나 프리메라","중국 슈퍼리그","라리가","분데스리가"],"uptime":224388.002009958,"apiCallEstimate":"~26 calls per hour","memory":{"used":"27MB","total":"35MB"}}
{"timestamp":"2025-07-07T01:10:00.820Z","type":"results","status":"start","message":"Starting cost-efficient game results update","categories":["NBA","MLB","KBO","NFL","MLS","K리그","J리그","세리에 A","브라질 세리에 A","아르헨티나 프리메라","중국 슈퍼리그","라리가","분데스리가"]}
{"timestamp":"2025-07-07T01:10:00.842Z","type":"odds","status":"start","message":"Starting high-priority leagues odds update (10min interval)","priority":"high","leagues":["NBA","MLB","KBO","NFL"]}
{"timestamp":"2025-07-07T01:10:00.859Z","type":"odds","status":"success","message":"High-priority odds update completed (10min interval)","priority":"medium","leagues":["NBA","MLB","KBO","NFL"],"dynamicPriority":"low"}
{"timestamp":"2025-07-07T01:10:05.398Z","type":"bets","status":"start","message":"Starting bet results update after game results"}
{"timestamp":"2025-07-07T01:10:05.425Z","type":"results","status":"success","message":"Game results and bet results update completed","gameResultsUpdated":"N/A","betResultsUpdated":0,"categories":["NBA","MLB","KBO","NFL","MLS","K리그","J리그","세리에 A","브라질 세리에 A","아르헨티나 프리메라","중국 슈퍼리그","라리가","분데스리가"]}
{"timestamp":"2025-07-07T01:20:00.000Z","type":"results","status":"start","message":"Starting cost-efficient game results update","categories":["NBA","MLB","KBO","NFL","MLS","K리그","J리그","세리에 A","브라질 세리에 A","아르헨티나 프리메라","중국 슈퍼리그","라리가","분데스리가"]}
{"timestamp":"2025-07-07T01:20:00.010Z","type":"odds","status":"start","message":"Starting high-priority leagues odds update (10min interval)","priority":"high","leagues":["NBA","MLB","KBO","NFL"]}
{"timestamp":"2025-07-07T01:20:00.019Z","type":"odds","status":"success","message":"High-priority odds update completed (10min interval)","priority":"medium","leagues":["NBA","MLB","KBO","NFL"],"dynamicPriority":"low"}
{"timestamp":"2025-07-07T01:20:05.064Z","type":"bets","status":"start","message":"Starting bet results update after game results"}
{"timestamp":"2025-07-07T01:20:05.095Z","type":"results","status":"success","message":"Game results and bet results update completed","gameResultsUpdated":"N/A","betResultsUpdated":0,"categories":["NBA","MLB","KBO","NFL","MLS","K리그","J리그","세리에 A","브라질 세리에 A","아르헨티나 프리메라","중국 슈퍼리그","라리가","분데스리가"]}
{"timestamp":"2025-07-07T01:24:08.095Z","type":"monitor","status":"info","message":"Scheduler status check","isUpdating":false,"lastUpdateTime":"2025-07-07T01:20:05.095Z","activeCategories":["NBA","MLB","KBO","NFL","MLS","K리그","J리그","세리에 A","브라질 세리에 A","아르헨티나 프리메라","중국 슈퍼리그","라리가","분데스리가"],"uptime":225288.000626875,"apiCallEstimate":"~26 calls per hour","memory":{"used":"27MB","total":"36MB"}}
{"timestamp":"2025-07-07T01:30:00.159Z","type":"results","status":"start","message":"Starting cost-efficient game results update","categories":["NBA","MLB","KBO","NFL","MLS","K리그","J리그","세리에 A","브라질 세리에 A","아르헨티나 프리메라","중국 슈퍼리그","라리가","분데스리가"]}
{"timestamp":"2025-07-07T01:30:00.183Z","type":"odds","status":"start","message":"Starting high-priority leagues odds update (10min interval)","priority":"high","leagues":["NBA","MLB","KBO","NFL"]}
{"timestamp":"2025-07-07T01:30:00.203Z","type":"odds","status":"success","message":"High-priority odds update completed (10min interval)","priority":"medium","leagues":["NBA","MLB","KBO","NFL"],"dynamicPriority":"low"}
{"timestamp":"2025-07-07T01:30:05.601Z","type":"bets","status":"start","message":"Starting bet results update after game results"}
{"timestamp":"2025-07-07T01:30:05.626Z","type":"results","status":"success","message":"Game results and bet results update completed","gameResultsUpdated":"N/A","betResultsUpdated":0,"categories":["NBA","MLB","KBO","NFL","MLS","K리그","J리그","세리에 A","브라질 세리에 A","아르헨티나 프리메라","중국 슈퍼리그","라리가","분데스리가"]}
{"timestamp":"2025-07-07T01:39:08.080Z","type":"monitor","status":"info","message":"Scheduler status check","isUpdating":false,"lastUpdateTime":"2025-07-07T01:30:05.626Z","activeCategories":["NBA","MLB","KBO","NFL","MLS","K리그","J리그","세리에 A","브라질 세리에 A","아르헨티나 프리메라","중국 슈퍼리그","라리가","분데스리가"],"uptime":226188.005813958,"apiCallEstimate":"~26 calls per hour","memory":{"used":"33MB","total":"37MB"}}
{"timestamp":"2025-07-07T01:40:00.337Z","type":"results","status":"start","message":"Starting cost-efficient game results update","categories":["NBA","MLB","KBO","NFL","MLS","K리그","J리그","세리에 A","브라질 세리에 A","아르헨티나 프리메라","중국 슈퍼리그","라리가","분데스리가"]}
{"timestamp":"2025-07-07T01:40:00.358Z","type":"odds","status":"start","message":"Starting high-priority leagues odds update (10min interval)","priority":"high","leagues":["NBA","MLB","KBO","NFL"]}
{"timestamp":"2025-07-07T01:40:00.381Z","type":"odds","status":"success","message":"High-priority odds update completed (10min interval)","priority":"medium","leagues":["NBA","MLB","KBO","NFL"],"dynamicPriority":"low"}
{"timestamp":"2025-07-07T01:40:05.873Z","type":"bets","status":"start","message":"Starting bet results update after game results"}
{"timestamp":"2025-07-07T01:40:05.899Z","type":"results","status":"success","message":"Game results and bet results update completed","gameResultsUpdated":"N/A","betResultsUpdated":0,"categories":["NBA","MLB","KBO","NFL","MLS","K리그","J리그","세리에 A","브라질 세리에 A","아르헨티나 프리메라","중국 슈퍼리그","라리가","분데스리가"]}
{"timestamp":"2025-07-07T01:50:00.482Z","type":"results","status":"start","message":"Starting cost-efficient game results update","categories":["NBA","MLB","KBO","NFL","MLS","K리그","J리그","세리에 A","브라질 세리에 A","아르헨티나 프리메라","중국 슈퍼리그","라리가","분데스리가"]}
{"timestamp":"2025-07-07T01:50:00.495Z","type":"odds","status":"start","message":"Starting high-priority leagues odds update (10min interval)","priority":"high","leagues":["NBA","MLB","KBO","NFL"]}
{"timestamp":"2025-07-07T01:50:00.506Z","type":"odds","status":"success","message":"High-priority odds update completed (10min interval)","priority":"medium","leagues":["NBA","MLB","KBO","NFL"],"dynamicPriority":"low"}
{"timestamp":"2025-07-07T01:50:05.595Z","type":"bets","status":"start","message":"Starting bet results update after game results"}
{"timestamp":"2025-07-07T01:50:05.620Z","type":"results","status":"success","message":"Game results and bet results update completed","gameResultsUpdated":"N/A","betResultsUpdated":0,"categories":["NBA","MLB","KBO","NFL","MLS","K리그","J리그","세리에 A","브라질 세리에 A","아르헨티나 프리메라","중국 슈퍼리그","라리가","분데스리가"]}
{"timestamp":"2025-07-07T01:54:08.021Z","type":"monitor","status":"info","message":"Scheduler status check","isUpdating":false,"lastUpdateTime":"2025-07-07T01:50:05.620Z","activeCategories":["NBA","MLB","KBO","NFL","MLS","K리그","J리그","세리에 A","브라질 세리에 A","아르헨티나 프리메라","중국 슈퍼리그","라리가","분데스리가"],"uptime":227088.00762675,"apiCallEstimate":"~26 calls per hour","memory":{"used":"32MB","total":"36MB"}}
{"timestamp":"2025-07-07T02:00:00.676Z","type":"results","status":"start","message":"Starting cost-efficient game results update","categories":["NBA","MLB","KBO","NFL","MLS","K리그","J리그","세리에 A","브라질 세리에 A","아르헨티나 프리메라","중국 슈퍼리그","라리가","분데스리가"]}
{"timestamp":"2025-07-07T02:00:00.701Z","type":"odds","status":"start","message":"Starting high-priority leagues odds update (10min interval)","priority":"high","leagues":["NBA","MLB","KBO","NFL"]}
{"timestamp":"2025-07-07T02:00:00.704Z","type":"odds","status":"start","message":"Starting medium-priority leagues odds update (1hour interval)","priority":"medium","leagues":["MLS","K리그","J리그","세리에 A"]}
{"timestamp":"2025-07-07T02:00:00.721Z","type":"odds","status":"success","message":"Medium-priority odds update completed (1hour interval)","priority":"medium","leagues":["MLS","K리그","J리그","세리에 A"],"dynamicPriority":"low"}
{"timestamp":"2025-07-07T02:00:00.721Z","type":"odds","status":"success","message":"High-priority odds update completed (10min interval)","priority":"medium","leagues":["NBA","MLB","KBO","NFL"],"dynamicPriority":"low"}
{"timestamp":"2025-07-07T02:00:06.172Z","type":"bets","status":"start","message":"Starting bet results update after game results"}
{"timestamp":"2025-07-07T02:00:06.203Z","type":"results","status":"success","message":"Game results and bet results update completed","gameResultsUpdated":"N/A","betResultsUpdated":0,"categories":["NBA","MLB","KBO","NFL","MLS","K리그","J리그","세리에 A","브라질 세리에 A","아르헨티나 프리메라","중국 슈퍼리그","라리가","분데스리가"]}
{"timestamp":"2025-07-07T02:09:07.986Z","type":"monitor","status":"info","message":"Scheduler status check","isUpdating":false,"lastUpdateTime":"2025-07-07T02:00:06.203Z","activeCategories":["NBA","MLB","KBO","NFL","MLS","K리그","J리그","세리에 A","브라질 세리에 A","아르헨티나 프리메라","중국 슈퍼리그","라리가","분데스리가"],"uptime":227988.010267625,"apiCallEstimate":"~26 calls per hour","memory":{"used":"30MB","total":"36MB"}}
{"timestamp":"2025-07-07T02:10:00.810Z","type":"results","status":"start","message":"Starting cost-efficient game results update","categories":["NBA","MLB","KBO","NFL","MLS","K리그","J리그","세리에 A","브라질 세리에 A","아르헨티나 프리메라","중국 슈퍼리그","라리가","분데스리가"]}
{"timestamp":"2025-07-07T02:10:00.828Z","type":"odds","status":"start","message":"Starting high-priority leagues odds update (10min interval)","priority":"high","leagues":["NBA","MLB","KBO","NFL"]}
{"timestamp":"2025-07-07T02:10:00.845Z","type":"odds","status":"success","message":"High-priority odds update completed (10min interval)","priority":"medium","leagues":["NBA","MLB","KBO","NFL"],"dynamicPriority":"low"}
{"timestamp":"2025-07-07T02:10:06.534Z","type":"bets","status":"start","message":"Starting bet results update after game results"}
{"timestamp":"2025-07-07T02:10:06.560Z","type":"results","status":"success","message":"Game results and bet results update completed","gameResultsUpdated":"N/A","betResultsUpdated":0,"categories":["NBA","MLB","KBO","NFL","MLS","K리그","J리그","세리에 A","브라질 세리에 A","아르헨티나 프리메라","중국 슈퍼리그","라리가","분데스리가"]}
{"timestamp":"2025-07-07T02:20:00.986Z","type":"results","status":"start","message":"Starting cost-efficient game results update","categories":["NBA","MLB","KBO","NFL","MLS","K리그","J리그","세리에 A","브라질 세리에 A","아르헨티나 프리메라","중국 슈퍼리그","라리가","분데스리가"]}
{"timestamp":"2025-07-07T02:20:05.480Z","type":"bets","status":"start","message":"Starting bet results update after game results"}
{"timestamp":"2025-07-07T02:20:05.504Z","type":"results","status":"success","message":"Game results and bet results update completed","gameResultsUpdated":"N/A","betResultsUpdated":0,"categories":["NBA","MLB","KBO","NFL","MLS","K리그","J리그","세리에 A","브라질 세리에 A","아르헨티나 프리메라","중국 슈퍼리그","라리가","분데스리가"]}
{"timestamp":"2025-07-07T02:24:07.959Z","type":"monitor","status":"info","message":"Scheduler status check","isUpdating":false,"lastUpdateTime":"2025-07-07T02:20:05.504Z","activeCategories":["NBA","MLB","KBO","NFL","MLS","K리그","J리그","세리에 A","브라질 세리에 A","아르헨티나 프리메라","중국 슈퍼리그","라리가","분데스리가"],"uptime":228888.011141708,"apiCallEstimate":"~26 calls per hour","memory":{"used":"31MB","total":"36MB"}}
{"timestamp":"2025-07-07T02:30:00.141Z","type":"results","status":"start","message":"Starting cost-efficient game results update","categories":["NBA","MLB","KBO","NFL","MLS","K리그","J리그","세리에 A","브라질 세리에 A","아르헨티나 프리메라","중국 슈퍼리그","라리가","분데스리가"]}
{"timestamp":"2025-07-07T02:30:00.166Z","type":"odds","status":"start","message":"Starting high-priority leagues odds update (10min interval)","priority":"high","leagues":["NBA","MLB","KBO","NFL"]}
{"timestamp":"2025-07-07T02:30:00.201Z","type":"odds","status":"success","message":"High-priority odds update completed (10min interval)","priority":"medium","leagues":["NBA","MLB","KBO","NFL"],"dynamicPriority":"low"}
{"timestamp":"2025-07-07T02:30:04.818Z","type":"bets","status":"start","message":"Starting bet results update after game results"}
{"timestamp":"2025-07-07T02:30:04.853Z","type":"results","status":"success","message":"Game results and bet results update completed","gameResultsUpdated":"N/A","betResultsUpdated":0,"categories":["NBA","MLB","KBO","NFL","MLS","K리그","J리그","세리에 A","브라질 세리에 A","아르헨티나 프리메라","중국 슈퍼리그","라리가","분데스리가"]}
{"timestamp":"2025-07-07T02:39:07.933Z","type":"monitor","status":"info","message":"Scheduler status check","isUpdating":false,"lastUpdateTime":"2025-07-07T02:30:04.853Z","activeCategories":["NBA","MLB","KBO","NFL","MLS","K리그","J리그","세리에 A","브라질 세리에 A","아르헨티나 프리메라","중국 슈퍼리그","라리가","분데스리가"],"uptime":229788.0134375,"apiCallEstimate":"~26 calls per hour","memory":{"used":"29MB","total":"38MB"}}
{"timestamp":"2025-07-07T02:40:00.316Z","type":"results","status":"start","message":"Starting cost-efficient game results update","categories":["NBA","MLB","KBO","NFL","MLS","K리그","J리그","세리에 A","브라질 세리에 A","아르헨티나 프리메라","중국 슈퍼리그","라리가","분데스리가"]}
{"timestamp":"2025-07-07T02:40:00.343Z","type":"odds","status":"start","message":"Starting high-priority leagues odds update (10min interval)","priority":"high","leagues":["NBA","MLB","KBO","NFL"]}
{"timestamp":"2025-07-07T02:40:00.358Z","type":"odds","status":"success","message":"High-priority odds update completed (10min interval)","priority":"medium","leagues":["NBA","MLB","KBO","NFL"],"dynamicPriority":"low"}
{"timestamp":"2025-07-07T02:40:06.046Z","type":"bets","status":"start","message":"Starting bet results update after game results"}
{"timestamp":"2025-07-07T02:40:06.070Z","type":"results","status":"success","message":"Game results and bet results update completed","gameResultsUpdated":"N/A","betResultsUpdated":0,"categories":["NBA","MLB","KBO","NFL","MLS","K리그","J리그","세리에 A","브라질 세리에 A","아르헨티나 프리메라","중국 슈퍼리그","라리가","분데스리가"]}
{"timestamp":"2025-07-07T02:50:00.498Z","type":"results","status":"start","message":"Starting cost-efficient game results update","categories":["NBA","MLB","KBO","NFL","MLS","K리그","J리그","세리에 A","브라질 세리에 A","아르헨티나 프리메라","중국 슈퍼리그","라리가","분데스리가"]}
{"timestamp":"2025-07-07T02:50:00.521Z","type":"odds","status":"start","message":"Starting high-priority leagues odds update (10min interval)","priority":"high","leagues":["NBA","MLB","KBO","NFL"]}
{"timestamp":"2025-07-07T02:50:00.536Z","type":"odds","status":"success","message":"High-priority odds update completed (10min interval)","priority":"medium","leagues":["NBA","MLB","KBO","NFL"],"dynamicPriority":"low"}
{"timestamp":"2025-07-07T02:50:06.068Z","type":"bets","status":"start","message":"Starting bet results update after game results"}
{"timestamp":"2025-07-07T02:50:06.096Z","type":"results","status":"success","message":"Game results and bet results update completed","gameResultsUpdated":"N/A","betResultsUpdated":0,"categories":["NBA","MLB","KBO","NFL","MLS","K리그","J리그","세리에 A","브라질 세리에 A","아르헨티나 프리메라","중국 슈퍼리그","라리가","분데스리가"]}
{"timestamp":"2025-07-07T02:54:07.903Z","type":"monitor","status":"info","message":"Scheduler status check","isUpdating":false,"lastUpdateTime":"2025-07-07T02:50:06.096Z","activeCategories":["NBA","MLB","KBO","NFL","MLS","K리그","J리그","세리에 A","브라질 세리에 A","아르헨티나 프리메라","중국 슈퍼리그","라리가","분데스리가"],"uptime":230688.013586833,"apiCallEstimate":"~26 calls per hour","memory":{"used":"28MB","total":"37MB"}}
{"timestamp":"2025-07-07T03:00:00.689Z","type":"results","status":"start","message":"Starting cost-efficient game results update","categories":["NBA","MLB","KBO","NFL","MLS","K리그","J리그","세리에 A","브라질 세리에 A","아르헨티나 프리메라","중국 슈퍼리그","라리가","분데스리가"]}
{"timestamp":"2025-07-07T03:00:00.710Z","type":"odds","status":"start","message":"Starting high-priority leagues odds update (10min interval)","priority":"high","leagues":["NBA","MLB","KBO","NFL"]}
{"timestamp":"2025-07-07T03:00:00.711Z","type":"odds","status":"start","message":"Starting medium-priority leagues odds update (1hour interval)","priority":"medium","leagues":["MLS","K리그","J리그","세리에 A"]}
{"timestamp":"2025-07-07T03:00:00.722Z","type":"odds","status":"success","message":"High-priority odds update completed (10min interval)","priority":"medium","leagues":["NBA","MLB","KBO","NFL"],"dynamicPriority":"low"}
{"timestamp":"2025-07-07T03:00:00.722Z","type":"odds","status":"success","message":"Medium-priority odds update completed (1hour interval)","priority":"medium","leagues":["MLS","K리그","J리그","세리에 A"],"dynamicPriority":"low"}
{"timestamp":"2025-07-07T03:00:06.610Z","type":"bets","status":"start","message":"Starting bet results update after game results"}
{"timestamp":"2025-07-07T03:00:06.636Z","type":"results","status":"success","message":"Game results and bet results update completed","gameResultsUpdated":"N/A","betResultsUpdated":0,"categories":["NBA","MLB","KBO","NFL","MLS","K리그","J리그","세리에 A","브라질 세리에 A","아르헨티나 프리메라","중국 슈퍼리그","라리가","분데스리가"]}
{"timestamp":"2025-07-07T03:09:07.954Z","type":"monitor","status":"info","message":"Scheduler status check","isUpdating":false,"lastUpdateTime":"2025-07-07T03:00:06.636Z","activeCategories":["NBA","MLB","KBO","NFL","MLS","K리그","J리그","세리에 A","브라질 세리에 A","아르헨티나 프리메라","중국 슈퍼리그","라리가","분데스리가"],"uptime":231588.018486666,"apiCallEstimate":"~26 calls per hour","memory":{"used":"27MB","total":"36MB"}}
{"timestamp":"2025-07-07T03:10:00.873Z","type":"results","status":"start","message":"Starting cost-efficient game results update","categories":["NBA","MLB","KBO","NFL","MLS","K리그","J리그","세리에 A","브라질 세리에 A","아르헨티나 프리메라","중국 슈퍼리그","라리가","분데스리가"]}
{"timestamp":"2025-07-07T03:10:00.893Z","type":"odds","status":"start","message":"Starting high-priority leagues odds update (10min interval)","priority":"high","leagues":["NBA","MLB","KBO","NFL"]}
{"timestamp":"2025-07-07T03:10:00.910Z","type":"odds","status":"success","message":"High-priority odds update completed (10min interval)","priority":"medium","leagues":["NBA","MLB","KBO","NFL"],"dynamicPriority":"low"}
{"timestamp":"2025-07-07T03:10:06.166Z","type":"bets","status":"start","message":"Starting bet results update after game results"}
{"timestamp":"2025-07-07T03:10:06.191Z","type":"results","status":"success","message":"Game results and bet results update completed","gameResultsUpdated":"N/A","betResultsUpdated":0,"categories":["NBA","MLB","KBO","NFL","MLS","K리그","J리그","세리에 A","브라질 세리에 A","아르헨티나 프리메라","중국 슈퍼리그","라리가","분데스리가"]}
{"timestamp":"2025-07-07T03:20:00.135Z","type":"results","status":"start","message":"Starting cost-efficient game results update","categories":["NBA","MLB","KBO","NFL","MLS","K리그","J리그","세리에 A","브라질 세리에 A","아르헨티나 프리메라","중국 슈퍼리그","라리가","분데스리가"]}
{"timestamp":"2025-07-07T03:20:00.154Z","type":"odds","status":"start","message":"Starting high-priority leagues odds update (10min interval)","priority":"high","leagues":["NBA","MLB","KBO","NFL"]}
{"timestamp":"2025-07-07T03:20:00.172Z","type":"odds","status":"success","message":"High-priority odds update completed (10min interval)","priority":"medium","leagues":["NBA","MLB","KBO","NFL"],"dynamicPriority":"low"}
{"timestamp":"2025-07-07T03:20:05.379Z","type":"bets","status":"start","message":"Starting bet results update after game results"}
{"timestamp":"2025-07-07T03:20:05.404Z","type":"results","status":"success","message":"Game results and bet results update completed","gameResultsUpdated":"N/A","betResultsUpdated":0,"categories":["NBA","MLB","KBO","NFL","MLS","K리그","J리그","세리에 A","브라질 세리에 A","아르헨티나 프리메라","중국 슈퍼리그","라리가","분데스리가"]}
{"timestamp":"2025-07-07T03:24:08.005Z","type":"monitor","status":"info","message":"Scheduler status check","isUpdating":false,"lastUpdateTime":"2025-07-07T03:20:05.404Z","activeCategories":["NBA","MLB","KBO","NFL","MLS","K리그","J리그","세리에 A","브라질 세리에 A","아르헨티나 프리메라","중국 슈퍼리그","라리가","분데스리가"],"uptime":232488.018638291,"apiCallEstimate":"~26 calls per hour","memory":{"used":"26MB","total":"36MB"}}
{"timestamp":"2025-07-07T03:30:00.327Z","type":"results","status":"start","message":"Starting cost-efficient game results update","categories":["NBA","MLB","KBO","NFL","MLS","K리그","J리그","세리에 A","브라질 세리에 A","아르헨티나 프리메라","중국 슈퍼리그","라리가","분데스리가"]}
{"timestamp":"2025-07-07T03:30:00.349Z","type":"odds","status":"start","message":"Starting high-priority leagues odds update (10min interval)","priority":"high","leagues":["NBA","MLB","KBO","NFL"]}
{"timestamp":"2025-07-07T03:30:00.370Z","type":"odds","status":"success","message":"High-priority odds update completed (10min interval)","priority":"medium","leagues":["NBA","MLB","KBO","NFL"],"dynamicPriority":"low"}
{"timestamp":"2025-07-07T03:30:05.349Z","type":"bets","status":"start","message":"Starting bet results update after game results"}
{"timestamp":"2025-07-07T03:30:05.376Z","type":"results","status":"success","message":"Game results and bet results update completed","gameResultsUpdated":"N/A","betResultsUpdated":0,"categories":["NBA","MLB","KBO","NFL","MLS","K리그","J리그","세리에 A","브라질 세리에 A","아르헨티나 프리메라","중국 슈퍼리그","라리가","분데스리가"]}
{"timestamp":"2025-07-07T03:39:08.002Z","type":"monitor","status":"info","message":"Scheduler status check","isUpdating":false,"lastUpdateTime":"2025-07-07T03:30:05.376Z","activeCategories":["NBA","MLB","KBO","NFL","MLS","K리그","J리그","세리에 A","브라질 세리에 A","아르헨티나 프리메라","중국 슈퍼리그","라리가","분데스리가"],"uptime":233388.020551083,"apiCallEstimate":"~26 calls per hour","memory":{"used":"32MB","total":"36MB"}}
{"timestamp":"2025-07-07T03:40:00.512Z","type":"results","status":"start","message":"Starting cost-efficient game results update","categories":["NBA","MLB","KBO","NFL","MLS","K리그","J리그","세리에 A","브라질 세리에 A","아르헨티나 프리메라","중국 슈퍼리그","라리가","분데스리가"]}
{"timestamp":"2025-07-07T03:40:00.522Z","type":"odds","status":"start","message":"Starting high-priority leagues odds update (10min interval)","priority":"high","leagues":["NBA","MLB","KBO","NFL"]}
{"timestamp":"2025-07-07T03:40:00.536Z","type":"odds","status":"success","message":"High-priority odds update completed (10min interval)","priority":"medium","leagues":["NBA","MLB","KBO","NFL"],"dynamicPriority":"low"}
{"timestamp":"2025-07-07T03:40:05.234Z","type":"bets","status":"start","message":"Starting bet results update after game results"}
{"timestamp":"2025-07-07T03:40:05.262Z","type":"results","status":"success","message":"Game results and bet results update completed","gameResultsUpdated":"N/A","betResultsUpdated":0,"categories":["NBA","MLB","KBO","NFL","MLS","K리그","J리그","세리에 A","브라질 세리에 A","아르헨티나 프리메라","중국 슈퍼리그","라리가","분데스리가"]}
{"timestamp":"2025-07-07T03:50:00.698Z","type":"results","status":"start","message":"Starting cost-efficient game results update","categories":["NBA","MLB","KBO","NFL","MLS","K리그","J리그","세리에 A","브라질 세리에 A","아르헨티나 프리메라","중국 슈퍼리그","라리가","분데스리가"]}
{"timestamp":"2025-07-07T03:50:00.721Z","type":"odds","status":"start","message":"Starting high-priority leagues odds update (10min interval)","priority":"high","leagues":["NBA","MLB","KBO","NFL"]}
{"timestamp":"2025-07-07T03:50:00.737Z","type":"odds","status":"success","message":"High-priority odds update completed (10min interval)","priority":"medium","leagues":["NBA","MLB","KBO","NFL"],"dynamicPriority":"low"}
{"timestamp":"2025-07-07T03:50:05.920Z","type":"bets","status":"start","message":"Starting bet results update after game results"}
{"timestamp":"2025-07-07T03:50:05.943Z","type":"results","status":"success","message":"Game results and bet results update completed","gameResultsUpdated":"N/A","betResultsUpdated":0,"categories":["NBA","MLB","KBO","NFL","MLS","K리그","J리그","세리에 A","브라질 세리에 A","아르헨티나 프리메라","중국 슈퍼리그","라리가","분데스리가"]}
{"timestamp":"2025-07-07T03:54:07.964Z","type":"monitor","status":"info","message":"Scheduler status check","isUpdating":false,"lastUpdateTime":"2025-07-07T03:50:05.943Z","activeCategories":["NBA","MLB","KBO","NFL","MLS","K리그","J리그","세리에 A","브라질 세리에 A","아르헨티나 프리메라","중국 슈퍼리그","라리가","분데스리가"],"uptime":234288.023121666,"apiCallEstimate":"~26 calls per hour","memory":{"used":"32MB","total":"38MB"}}
{"timestamp":"2025-07-07T04:00:00.845Z","type":"results","status":"start","message":"Starting cost-efficient game results update","categories":["NBA","MLB","KBO","NFL","MLS","K리그","J리그","세리에 A","브라질 세리에 A","아르헨티나 프리메라","중국 슈퍼리그","라리가","분데스리가"]}
{"timestamp":"2025-07-07T04:00:00.866Z","type":"odds","status":"start","message":"Starting high-priority leagues odds update (10min interval)","priority":"high","leagues":["NBA","MLB","KBO","NFL"]}
{"timestamp":"2025-07-07T04:00:00.868Z","type":"odds","status":"start","message":"Starting medium-priority leagues odds update (1hour interval)","priority":"medium","leagues":["MLS","K리그","J리그","세리에 A"]}
{"timestamp":"2025-07-07T04:00:00.883Z","type":"odds","status":"success","message":"Medium-priority odds update completed (1hour interval)","priority":"medium","leagues":["MLS","K리그","J리그","세리에 A"],"dynamicPriority":"low"}
{"timestamp":"2025-07-07T04:00:00.883Z","type":"odds","status":"success","message":"High-priority odds update completed (10min interval)","priority":"medium","leagues":["NBA","MLB","KBO","NFL"],"dynamicPriority":"low"}
{"timestamp":"2025-07-07T04:00:06.272Z","type":"bets","status":"start","message":"Starting bet results update after game results"}
{"timestamp":"2025-07-07T04:00:06.297Z","type":"results","status":"success","message":"Game results and bet results update completed","gameResultsUpdated":"N/A","betResultsUpdated":0,"categories":["NBA","MLB","KBO","NFL","MLS","K리그","J리그","세리에 A","브라질 세리에 A","아르헨티나 프리메라","중국 슈퍼리그","라리가","분데스리가"]}
{"timestamp":"2025-07-07T04:09:07.950Z","type":"monitor","status":"info","message":"Scheduler status check","isUpdating":false,"lastUpdateTime":"2025-07-07T04:00:06.297Z","activeCategories":["NBA","MLB","KBO","NFL","MLS","K리그","J리그","세리에 A","브라질 세리에 A","아르헨티나 프리메라","중국 슈퍼리그","라리가","분데스리가"],"uptime":235188.0256325,"apiCallEstimate":"~26 calls per hour","memory":{"used":"31MB","total":"38MB"}}
{"timestamp":"2025-07-07T04:10:00.980Z","type":"results","status":"start","message":"Starting cost-efficient game results update","categories":["NBA","MLB","KBO","NFL","MLS","K리그","J리그","세리에 A","브라질 세리에 A","아르헨티나 프리메라","중국 슈퍼리그","라리가","분데스리가"]}
{"timestamp":"2025-07-07T04:10:05.433Z","type":"bets","status":"start","message":"Starting bet results update after game results"}
{"timestamp":"2025-07-07T04:10:05.457Z","type":"results","status":"success","message":"Game results and bet results update completed","gameResultsUpdated":"N/A","betResultsUpdated":0,"categories":["NBA","MLB","KBO","NFL","MLS","K리그","J리그","세리에 A","브라질 세리에 A","아르헨티나 프리메라","중국 슈퍼리그","라리가","분데스리가"]}
{"timestamp":"2025-07-07T04:20:00.157Z","type":"results","status":"start","message":"Starting cost-efficient game results update","categories":["NBA","MLB","KBO","NFL","MLS","K리그","J리그","세리에 A","브라질 세리에 A","아르헨티나 프리메라","중국 슈퍼리그","라리가","분데스리가"]}
{"timestamp":"2025-07-07T04:20:00.179Z","type":"odds","status":"start","message":"Starting high-priority leagues odds update (10min interval)","priority":"high","leagues":["NBA","MLB","KBO","NFL"]}
{"timestamp":"2025-07-07T04:20:00.196Z","type":"odds","status":"success","message":"High-priority odds update completed (10min interval)","priority":"medium","leagues":["NBA","MLB","KBO","NFL"],"dynamicPriority":"low"}
{"timestamp":"2025-07-07T04:20:06.719Z","type":"bets","status":"start","message":"Starting bet results update after game results"}
{"timestamp":"2025-07-07T04:20:06.741Z","type":"results","status":"success","message":"Game results and bet results update completed","gameResultsUpdated":"N/A","betResultsUpdated":0,"categories":["NBA","MLB","KBO","NFL","MLS","K리그","J리그","세리에 A","브라질 세리에 A","아르헨티나 프리메라","중국 슈퍼리그","라리가","분데스리가"]}
{"timestamp":"2025-07-07T04:24:07.932Z","type":"monitor","status":"info","message":"Scheduler status check","isUpdating":false,"lastUpdateTime":"2025-07-07T04:20:06.741Z","activeCategories":["NBA","MLB","KBO","NFL","MLS","K리그","J리그","세리에 A","브라질 세리에 A","아르헨티나 프리메라","중국 슈퍼리그","라리가","분데스리가"],"uptime":236088.026525625,"apiCallEstimate":"~26 calls per hour","memory":{"used":"30MB","total":"37MB"}}
{"timestamp":"2025-07-07T04:30:00.285Z","type":"results","status":"start","message":"Starting cost-efficient game results update","categories":["NBA","MLB","KBO","NFL","MLS","K리그","J리그","세리에 A","브라질 세리에 A","아르헨티나 프리메라","중국 슈퍼리그","라리가","분데스리가"]}
{"timestamp":"2025-07-07T04:30:00.311Z","type":"odds","status":"start","message":"Starting high-priority leagues odds update (10min interval)","priority":"high","leagues":["NBA","MLB","KBO","NFL"]}
{"timestamp":"2025-07-07T04:30:00.336Z","type":"odds","status":"success","message":"High-priority odds update completed (10min interval)","priority":"medium","leagues":["NBA","MLB","KBO","NFL"],"dynamicPriority":"low"}
{"timestamp":"2025-07-07T04:30:05.926Z","type":"bets","status":"start","message":"Starting bet results update after game results"}
{"timestamp":"2025-07-07T04:30:05.953Z","type":"results","status":"success","message":"Game results and bet results update completed","gameResultsUpdated":"N/A","betResultsUpdated":0,"categories":["NBA","MLB","KBO","NFL","MLS","K리그","J리그","세리에 A","브라질 세리에 A","아르헨티나 프리메라","중국 슈퍼리그","라리가","분데스리가"]}
{"timestamp":"2025-07-07T04:39:07.859Z","type":"monitor","status":"info","message":"Scheduler status check","isUpdating":false,"lastUpdateTime":"2025-07-07T04:30:05.953Z","activeCategories":["NBA","MLB","KBO","NFL","MLS","K리그","J리그","세리에 A","브라질 세리에 A","아르헨티나 프리메라","중국 슈퍼리그","라리가","분데스리가"],"uptime":236988.029143125,"apiCallEstimate":"~26 calls per hour","memory":{"used":"27MB","total":"36MB"}}
{"timestamp":"2025-07-07T04:40:00.441Z","type":"results","status":"start","message":"Starting cost-efficient game results update","categories":["NBA","MLB","KBO","NFL","MLS","K리그","J리그","세리에 A","브라질 세리에 A","아르헨티나 프리메라","중국 슈퍼리그","라리가","분데스리가"]}
{"timestamp":"2025-07-07T04:40:00.452Z","type":"odds","status":"start","message":"Starting high-priority leagues odds update (10min interval)","priority":"high","leagues":["NBA","MLB","KBO","NFL"]}
{"timestamp":"2025-07-07T04:40:00.469Z","type":"odds","status":"success","message":"High-priority odds update completed (10min interval)","priority":"medium","leagues":["NBA","MLB","KBO","NFL"],"dynamicPriority":"low"}
{"timestamp":"2025-07-07T04:40:05.677Z","type":"bets","status":"start","message":"Starting bet results update after game results"}
{"timestamp":"2025-07-07T04:40:05.705Z","type":"results","status":"success","message":"Game results and bet results update completed","gameResultsUpdated":"N/A","betResultsUpdated":0,"categories":["NBA","MLB","KBO","NFL","MLS","K리그","J리그","세리에 A","브라질 세리에 A","아르헨티나 프리메라","중국 슈퍼리그","라리가","분데스리가"]}
{"timestamp":"2025-07-07T04:50:00.590Z","type":"results","status":"start","message":"Starting cost-efficient game results update","categories":["NBA","MLB","KBO","NFL","MLS","K리그","J리그","세리에 A","브라질 세리에 A","아르헨티나 프리메라","중국 슈퍼리그","라리가","분데스리가"]}
{"timestamp":"2025-07-07T04:50:00.616Z","type":"odds","status":"start","message":"Starting high-priority leagues odds update (10min interval)","priority":"high","leagues":["NBA","MLB","KBO","NFL"]}
{"timestamp":"2025-07-07T04:50:00.633Z","type":"odds","status":"success","message":"High-priority odds update completed (10min interval)","priority":"medium","leagues":["NBA","MLB","KBO","NFL"],"dynamicPriority":"low"}
{"timestamp":"2025-07-07T04:50:04.915Z","type":"bets","status":"start","message":"Starting bet results update after game results"}
{"timestamp":"2025-07-07T04:50:04.973Z","type":"results","status":"success","message":"Game results and bet results update completed","gameResultsUpdated":"N/A","betResultsUpdated":0,"categories":["NBA","MLB","KBO","NFL","MLS","K리그","J리그","세리에 A","브라질 세리에 A","아르헨티나 프리메라","중국 슈퍼리그","라리가","분데스리가"]}
{"timestamp":"2025-07-07T04:54:07.826Z","type":"monitor","status":"info","message":"Scheduler status check","isUpdating":false,"lastUpdateTime":"2025-07-07T04:50:04.973Z","activeCategories":["NBA","MLB","KBO","NFL","MLS","K리그","J리그","세리에 A","브라질 세리에 A","아르헨티나 프리메라","중국 슈퍼리그","라리가","분데스리가"],"uptime":237888.030934333,"apiCallEstimate":"~26 calls per hour","memory":{"used":"27MB","total":"37MB"}}
{"timestamp":"2025-07-07T05:00:00.739Z","type":"results","status":"start","message":"Starting cost-efficient game results update","categories":["NBA","MLB","KBO","NFL","MLS","K리그","J리그","세리에 A","브라질 세리에 A","아르헨티나 프리메라","중국 슈퍼리그","라리가","분데스리가"]}
{"timestamp":"2025-07-07T05:00:00.765Z","type":"odds","status":"start","message":"Starting high-priority leagues odds update (10min interval)","priority":"high","leagues":["NBA","MLB","KBO","NFL"]}
{"timestamp":"2025-07-07T05:00:00.768Z","type":"odds","status":"start","message":"Starting medium-priority leagues odds update (1hour interval)","priority":"medium","leagues":["MLS","K리그","J리그","세리에 A"]}
{"timestamp":"2025-07-07T05:00:00.780Z","type":"odds","status":"success","message":"High-priority odds update completed (10min interval)","priority":"medium","leagues":["NBA","MLB","KBO","NFL"],"dynamicPriority":"low"}
{"timestamp":"2025-07-07T05:00:00.780Z","type":"odds","status":"success","message":"Medium-priority odds update completed (1hour interval)","priority":"medium","leagues":["MLS","K리그","J리그","세리에 A"],"dynamicPriority":"low"}
{"timestamp":"2025-07-07T05:00:05.998Z","type":"bets","status":"start","message":"Starting bet results update after game results"}
{"timestamp":"2025-07-07T05:00:06.023Z","type":"results","status":"success","message":"Game results and bet results update completed","gameResultsUpdated":"N/A","betResultsUpdated":0,"categories":["NBA","MLB","KBO","NFL","MLS","K리그","J리그","세리에 A","브라질 세리에 A","아르헨티나 프리메라","중국 슈퍼리그","라리가","분데스리가"]}
{"timestamp":"2025-07-07T05:09:07.770Z","type":"monitor","status":"info","message":"Scheduler status check","isUpdating":false,"lastUpdateTime":"2025-07-07T05:00:06.023Z","activeCategories":["NBA","MLB","KBO","NFL","MLS","K리그","J리그","세리에 A","브라질 세리에 A","아르헨티나 프리메라","중국 슈퍼리그","라리가","분데스리가"],"uptime":238788.032252875,"apiCallEstimate":"~26 calls per hour","memory":{"used":"34MB","total":"37MB"}}
{"timestamp":"2025-07-07T05:10:00.887Z","type":"results","status":"start","message":"Starting cost-efficient game results update","categories":["NBA","MLB","KBO","NFL","MLS","K리그","J리그","세리에 A","브라질 세리에 A","아르헨티나 프리메라","중국 슈퍼리그","라리가","분데스리가"]}
{"timestamp":"2025-07-07T05:10:00.908Z","type":"odds","status":"start","message":"Starting high-priority leagues odds update (10min interval)","priority":"high","leagues":["NBA","MLB","KBO","NFL"]}
{"timestamp":"2025-07-07T05:10:00.927Z","type":"odds","status":"success","message":"High-priority odds update completed (10min interval)","priority":"medium","leagues":["NBA","MLB","KBO","NFL"],"dynamicPriority":"low"}
{"timestamp":"2025-07-07T05:10:05.320Z","type":"bets","status":"start","message":"Starting bet results update after game results"}
{"timestamp":"2025-07-07T05:10:05.346Z","type":"results","status":"success","message":"Game results and bet results update completed","gameResultsUpdated":"N/A","betResultsUpdated":0,"categories":["NBA","MLB","KBO","NFL","MLS","K리그","J리그","세리에 A","브라질 세리에 A","아르헨티나 프리메라","중국 슈퍼리그","라리가","분데스리가"]}
{"timestamp":"2025-07-07T05:20:00.031Z","type":"results","status":"start","message":"Starting cost-efficient game results update","categories":["NBA","MLB","KBO","NFL","MLS","K리그","J리그","세리에 A","브라질 세리에 A","아르헨티나 프리메라","중국 슈퍼리그","라리가","분데스리가"]}
{"timestamp":"2025-07-07T05:20:00.060Z","type":"odds","status":"start","message":"Starting high-priority leagues odds update (10min interval)","priority":"high","leagues":["NBA","MLB","KBO","NFL"]}
{"timestamp":"2025-07-07T05:20:00.089Z","type":"odds","status":"success","message":"High-priority odds update completed (10min interval)","priority":"medium","leagues":["NBA","MLB","KBO","NFL"],"dynamicPriority":"low"}
{"timestamp":"2025-07-07T05:20:04.350Z","type":"bets","status":"start","message":"Starting bet results update after game results"}
{"timestamp":"2025-07-07T05:20:04.383Z","type":"results","status":"success","message":"Game results and bet results update completed","gameResultsUpdated":"N/A","betResultsUpdated":0,"categories":["NBA","MLB","KBO","NFL","MLS","K리그","J리그","세리에 A","브라질 세리에 A","아르헨티나 프리메라","중국 슈퍼리그","라리가","분데스리가"]}
{"timestamp":"2025-07-07T05:24:07.729Z","type":"monitor","status":"info","message":"Scheduler status check","isUpdating":false,"lastUpdateTime":"2025-07-07T05:20:04.383Z","activeCategories":["NBA","MLB","KBO","NFL","MLS","K리그","J리그","세리에 A","브라질 세리에 A","아르헨티나 프리메라","중국 슈퍼리그","라리가","분데스리가"],"uptime":239688.033899791,"apiCallEstimate":"~26 calls per hour","memory":{"used":"33MB","total":"38MB"}}
{"timestamp":"2025-07-07T05:30:00.227Z","type":"results","status":"start","message":"Starting cost-efficient game results update","categories":["NBA","MLB","KBO","NFL","MLS","K리그","J리그","세리에 A","브라질 세리에 A","아르헨티나 프리메라","중국 슈퍼리그","라리가","분데스리가"]}
{"timestamp":"2025-07-07T05:30:00.264Z","type":"odds","status":"start","message":"Starting high-priority leagues odds update (10min interval)","priority":"high","leagues":["NBA","MLB","KBO","NFL"]}
{"timestamp":"2025-07-07T05:30:00.451Z","type":"odds","status":"success","message":"High-priority odds update completed (10min interval)","priority":"medium","leagues":["NBA","MLB","KBO","NFL"],"dynamicPriority":"low"}
{"timestamp":"2025-07-07T05:30:04.679Z","type":"bets","status":"start","message":"Starting bet results update after game results"}
{"timestamp":"2025-07-07T05:30:04.733Z","type":"results","status":"success","message":"Game results and bet results update completed","gameResultsUpdated":"N/A","betResultsUpdated":0,"categories":["NBA","MLB","KBO","NFL","MLS","K리그","J리그","세리에 A","브라질 세리에 A","아르헨티나 프리메라","중국 슈퍼리그","라리가","분데스리가"]}
{"timestamp":"2025-07-07T05:39:07.856Z","type":"monitor","status":"info","message":"Scheduler status check","isUpdating":false,"lastUpdateTime":"2025-07-07T05:30:04.733Z","activeCategories":["NBA","MLB","KBO","NFL","MLS","K리그","J리그","세리에 A","브라질 세리에 A","아르헨티나 프리메라","중국 슈퍼리그","라리가","분데스리가"],"uptime":240588.036203333,"apiCallEstimate":"~26 calls per hour","memory":{"used":"30MB","total":"37MB"}}
{"timestamp":"2025-07-07T05:40:00.576Z","type":"results","status":"start","message":"Starting cost-efficient game results update","categories":["NBA","MLB","KBO","NFL","MLS","K리그","J리그","세리에 A","브라질 세리에 A","아르헨티나 프리메라","중국 슈퍼리그","라리가","분데스리가"]}
{"timestamp":"2025-07-07T05:40:00.594Z","type":"odds","status":"start","message":"Starting high-priority leagues odds update (10min interval)","priority":"high","leagues":["NBA","MLB","KBO","NFL"]}
{"timestamp":"2025-07-07T05:40:00.611Z","type":"odds","status":"success","message":"High-priority odds update completed (10min interval)","priority":"medium","leagues":["NBA","MLB","KBO","NFL"],"dynamicPriority":"low"}
{"timestamp":"2025-07-07T05:40:05.236Z","type":"bets","status":"start","message":"Starting bet results update after game results"}
{"timestamp":"2025-07-07T05:40:05.262Z","type":"results","status":"success","message":"Game results and bet results update completed","gameResultsUpdated":"N/A","betResultsUpdated":0,"categories":["NBA","MLB","KBO","NFL","MLS","K리그","J리그","세리에 A","브라질 세리에 A","아르헨티나 프리메라","중국 슈퍼리그","라리가","분데스리가"]}
{"timestamp":"2025-07-07T05:50:00.732Z","type":"results","status":"start","message":"Starting cost-efficient game results update","categories":["NBA","MLB","KBO","NFL","MLS","K리그","J리그","세리에 A","브라질 세리에 A","아르헨티나 프리메라","중국 슈퍼리그","라리가","분데스리가"]}
{"timestamp":"2025-07-07T05:50:00.751Z","type":"odds","status":"start","message":"Starting high-priority leagues odds update (10min interval)","priority":"high","leagues":["NBA","MLB","KBO","NFL"]}
{"timestamp":"2025-07-07T05:50:00.767Z","type":"odds","status":"success","message":"High-priority odds update completed (10min interval)","priority":"medium","leagues":["NBA","MLB","KBO","NFL"],"dynamicPriority":"low"}
{"timestamp":"2025-07-07T05:50:05.270Z","type":"bets","status":"start","message":"Starting bet results update after game results"}
{"timestamp":"2025-07-07T05:50:05.298Z","type":"results","status":"success","message":"Game results and bet results update completed","gameResultsUpdated":"N/A","betResultsUpdated":0,"categories":["NBA","MLB","KBO","NFL","MLS","K리그","J리그","세리에 A","브라질 세리에 A","아르헨티나 프리메라","중국 슈퍼리그","라리가","분데스리가"]}
{"timestamp":"2025-07-07T05:54:07.787Z","type":"monitor","status":"info","message":"Scheduler status check","isUpdating":false,"lastUpdateTime":"2025-07-07T05:50:05.298Z","activeCategories":["NBA","MLB","KBO","NFL","MLS","K리그","J리그","세리에 A","브라질 세리에 A","아르헨티나 프리메라","중국 슈퍼리그","라리가","분데스리가"],"uptime":241488.037914,"apiCallEstimate":"~26 calls per hour","memory":{"used":"31MB","total":"36MB"}}
{"timestamp":"2025-07-07T06:00:00.870Z","type":"results","status":"start","message":"Starting cost-efficient game results update","categories":["NBA","MLB","KBO","NFL","MLS","K리그","J리그","세리에 A","브라질 세리에 A","아르헨티나 프리메라","중국 슈퍼리그","라리가","분데스리가"]}
{"timestamp":"2025-07-07T06:00:00.887Z","type":"odds","status":"start","message":"Starting high-priority leagues odds update (10min interval)","priority":"high","leagues":["NBA","MLB","KBO","NFL"]}
{"timestamp":"2025-07-07T06:00:00.888Z","type":"odds","status":"start","message":"Starting medium-priority leagues odds update (1hour interval)","priority":"medium","leagues":["MLS","K리그","J리그","세리에 A"]}
{"timestamp":"2025-07-07T06:00:00.907Z","type":"odds","status":"success","message":"High-priority odds update completed (10min interval)","priority":"medium","leagues":["NBA","MLB","KBO","NFL"],"dynamicPriority":"low"}
{"timestamp":"2025-07-07T06:00:00.908Z","type":"odds","status":"success","message":"Medium-priority odds update completed (1hour interval)","priority":"medium","leagues":["MLS","K리그","J리그","세리에 A"],"dynamicPriority":"low"}
{"timestamp":"2025-07-07T06:00:06.135Z","type":"bets","status":"start","message":"Starting bet results update after game results"}
{"timestamp":"2025-07-07T06:00:06.166Z","type":"results","status":"success","message":"Game results and bet results update completed","gameResultsUpdated":"N/A","betResultsUpdated":0,"categories":["NBA","MLB","KBO","NFL","MLS","K리그","J리그","세리에 A","브라질 세리에 A","아르헨티나 프리메라","중국 슈퍼리그","라리가","분데스리가"]}
{"timestamp":"2025-07-07T06:09:07.774Z","type":"monitor","status":"info","message":"Scheduler status check","isUpdating":false,"lastUpdateTime":"2025-07-07T06:00:06.166Z","activeCategories":["NBA","MLB","KBO","NFL","MLS","K리그","J리그","세리에 A","브라질 세리에 A","아르헨티나 프리메라","중국 슈퍼리그","라리가","분데스리가"],"uptime":242388.041046125,"apiCallEstimate":"~26 calls per hour","memory":{"used":"29MB","total":"37MB"}}
{"timestamp":"2025-07-07T06:10:00.093Z","type":"results","status":"start","message":"Starting cost-efficient game results update","categories":["NBA","MLB","KBO","NFL","MLS","K리그","J리그","세리에 A","브라질 세리에 A","아르헨티나 프리메라","중국 슈퍼리그","라리가","분데스리가"]}
{"timestamp":"2025-07-07T06:10:00.116Z","type":"odds","status":"start","message":"Starting high-priority leagues odds update (10min interval)","priority":"high","leagues":["NBA","MLB","KBO","NFL"]}
{"timestamp":"2025-07-07T06:10:00.133Z","type":"odds","status":"success","message":"High-priority odds update completed (10min interval)","priority":"medium","leagues":["NBA","MLB","KBO","NFL"],"dynamicPriority":"low"}
{"timestamp":"2025-07-07T06:10:06.213Z","type":"bets","status":"start","message":"Starting bet results update after game results"}
{"timestamp":"2025-07-07T06:10:06.233Z","type":"results","status":"success","message":"Game results and bet results update completed","gameResultsUpdated":"N/A","betResultsUpdated":0,"categories":["NBA","MLB","KBO","NFL","MLS","K리그","J리그","세리에 A","브라질 세리에 A","아르헨티나 프리메라","중국 슈퍼리그","라리가","분데스리가"]}
{"timestamp":"2025-07-07T06:20:00.303Z","type":"results","status":"start","message":"Starting cost-efficient game results update","categories":["NBA","MLB","KBO","NFL","MLS","K리그","J리그","세리에 A","브라질 세리에 A","아르헨티나 프리메라","중국 슈퍼리그","라리가","분데스리가"]}
{"timestamp":"2025-07-07T06:20:00.327Z","type":"odds","status":"start","message":"Starting high-priority leagues odds update (10min interval)","priority":"high","leagues":["NBA","MLB","KBO","NFL"]}
{"timestamp":"2025-07-07T06:20:00.348Z","type":"odds","status":"success","message":"High-priority odds update completed (10min interval)","priority":"medium","leagues":["NBA","MLB","KBO","NFL"],"dynamicPriority":"low"}
{"timestamp":"2025-07-07T06:20:04.833Z","type":"bets","status":"start","message":"Starting bet results update after game results"}
{"timestamp":"2025-07-07T06:20:04.867Z","type":"results","status":"success","message":"Game results and bet results update completed","gameResultsUpdated":"N/A","betResultsUpdated":0,"categories":["NBA","MLB","KBO","NFL","MLS","K리그","J리그","세리에 A","브라질 세리에 A","아르헨티나 프리메라","중국 슈퍼리그","라리가","분데스리가"]}
{"timestamp":"2025-07-07T06:24:07.784Z","type":"monitor","status":"info","message":"Scheduler status check","isUpdating":false,"lastUpdateTime":"2025-07-07T06:20:04.867Z","activeCategories":["NBA","MLB","KBO","NFL","MLS","K리그","J리그","세리에 A","브라질 세리에 A","아르헨티나 프리메라","중국 슈퍼리그","라리가","분데스리가"],"uptime":243288.042173875,"apiCallEstimate":"~26 calls per hour","memory":{"used":"29MB","total":"36MB"}}
{"timestamp":"2025-07-07T06:30:00.519Z","type":"results","status":"start","message":"Starting cost-efficient game results update","categories":["NBA","MLB","KBO","NFL","MLS","K리그","J리그","세리에 A","브라질 세리에 A","아르헨티나 프리메라","중국 슈퍼리그","라리가","분데스리가"]}
{"timestamp":"2025-07-07T06:30:00.540Z","type":"odds","status":"start","message":"Starting high-priority leagues odds update (10min interval)","priority":"high","leagues":["NBA","MLB","KBO","NFL"]}
{"timestamp":"2025-07-07T06:30:00.573Z","type":"odds","status":"success","message":"High-priority odds update completed (10min interval)","priority":"medium","leagues":["NBA","MLB","KBO","NFL"],"dynamicPriority":"low"}
{"timestamp":"2025-07-07T06:30:04.957Z","type":"bets","status":"start","message":"Starting bet results update after game results"}
{"timestamp":"2025-07-07T06:30:04.982Z","type":"results","status":"success","message":"Game results and bet results update completed","gameResultsUpdated":"N/A","betResultsUpdated":0,"categories":["NBA","MLB","KBO","NFL","MLS","K리그","J리그","세리에 A","브라질 세리에 A","아르헨티나 프리메라","중국 슈퍼리그","라리가","분데스리가"]}
{"timestamp":"2025-07-07T06:39:07.800Z","type":"monitor","status":"info","message":"Scheduler status check","isUpdating":false,"lastUpdateTime":"2025-07-07T06:30:04.982Z","activeCategories":["NBA","MLB","KBO","NFL","MLS","K리그","J리그","세리에 A","브라질 세리에 A","아르헨티나 프리메라","중국 슈퍼리그","라리가","분데스리가"],"uptime":244188.042424625,"apiCallEstimate":"~26 calls per hour","memory":{"used":"27MB","total":"36MB"}}
{"timestamp":"2025-07-07T06:40:00.907Z","type":"results","status":"start","message":"Starting cost-efficient game results update","categories":["NBA","MLB","KBO","NFL","MLS","K리그","J리그","세리에 A","브라질 세리에 A","아르헨티나 프리메라","중국 슈퍼리그","라리가","분데스리가"]}
{"timestamp":"2025-07-07T06:40:00.934Z","type":"odds","status":"start","message":"Starting high-priority leagues odds update (10min interval)","priority":"high","leagues":["NBA","MLB","KBO","NFL"]}
{"timestamp":"2025-07-07T06:40:00.951Z","type":"odds","status":"success","message":"High-priority odds update completed (10min interval)","priority":"medium","leagues":["NBA","MLB","KBO","NFL"],"dynamicPriority":"low"}
{"timestamp":"2025-07-07T06:40:05.564Z","type":"bets","status":"start","message":"Starting bet results update after game results"}
{"timestamp":"2025-07-07T06:40:05.593Z","type":"results","status":"success","message":"Game results and bet results update completed","gameResultsUpdated":"N/A","betResultsUpdated":0,"categories":["NBA","MLB","KBO","NFL","MLS","K리그","J리그","세리에 A","브라질 세리에 A","아르헨티나 프리메라","중국 슈퍼리그","라리가","분데스리가"]}
{"timestamp":"2025-07-07T06:50:00.673Z","type":"results","status":"start","message":"Starting cost-efficient game results update","categories":["NBA","MLB","KBO","NFL","MLS","K리그","J리그","세리에 A","브라질 세리에 A","아르헨티나 프리메라","중국 슈퍼리그","라리가","분데스리가"]}
{"timestamp":"2025-07-07T06:50:00.723Z","type":"odds","status":"start","message":"Starting high-priority leagues odds update (10min interval)","priority":"high","leagues":["NBA","MLB","KBO","NFL"]}
{"timestamp":"2025-07-07T06:50:00.819Z","type":"odds","status":"success","message":"High-priority odds update completed (10min interval)","priority":"medium","leagues":["NBA","MLB","KBO","NFL"],"dynamicPriority":"low"}
{"timestamp":"2025-07-07T06:50:05.001Z","type":"bets","status":"start","message":"Starting bet results update after game results"}
{"timestamp":"2025-07-07T06:50:05.029Z","type":"results","status":"success","message":"Game results and bet results update completed","gameResultsUpdated":"N/A","betResultsUpdated":0,"categories":["NBA","MLB","KBO","NFL","MLS","K리그","J리그","세리에 A","브라질 세리에 A","아르헨티나 프리메라","중국 슈퍼리그","라리가","분데스리가"]}
{"timestamp":"2025-07-07T07:05:12.251Z","type":"init","status":"start","message":"Starting initial data caching for active categories","categories":["NBA","MLB","KBO","NFL","MLS","K리그","J리그","세리에 A","브라질 세리에 A","아르헨티나 프리메라","중국 슈퍼리그","라리가","분데스리가"]}
{"timestamp":"2025-07-07T07:10:56.064Z","type":"init","status":"start","message":"Starting initial data caching for active categories","categories":["NBA","MLB","KBO","NFL","MLS","K리그","J리그","세리에 A","브라질 세리에 A","아르헨티나 프리메라","중국 슈퍼리그","라리가","분데스리가"]}
{"timestamp":"2025-07-07T07:11:00.751Z","type":"init","status":"success","message":"Initial data cached successfully for active categories","categories":["NBA","MLB","KBO","NFL","MLS","K리그","J리그","세리에 A","브라질 세리에 A","아르헨티나 프리메라","중국 슈퍼리그","라리가","분데스리가"],"oddsUpdated":"Active categories only","resultsUpdated":"N/A","betsUpdated":0}
{"timestamp":"2025-07-07T07:13:50.382Z","type":"init","status":"start","message":"Starting initial data caching for active categories","categories":["NBA","MLB","KBO","NFL","MLS","K리그","J리그","세리에 A","브라질 세리에 A","아르헨티나 프리메라","중국 슈퍼리그","라리가","분데스리가"]}
{"timestamp":"2025-07-07T07:13:54.721Z","type":"init","status":"success","message":"Initial data cached successfully for active categories","categories":["NBA","MLB","KBO","NFL","MLS","K리그","J리그","세리에 A","브라질 세리에 A","아르헨티나 프리메라","중국 슈퍼리그","라리가","분데스리가"],"oddsUpdated":"Active categories only","resultsUpdated":"N/A","betsUpdated":0}
{"timestamp":"2025-07-07T07:20:00.843Z","type":"results","status":"start","message":"Starting cost-efficient game results update","categories":["NBA","MLB","KBO","NFL","MLS","K리그","J리그","세리에 A","브라질 세리에 A","아르헨티나 프리메라","중국 슈퍼리그","라리가","분데스리가"]}
{"timestamp":"2025-07-07T07:20:00.854Z","type":"odds","status":"start","message":"Starting high-priority leagues odds update (10min interval)","priority":"high","leagues":["NBA","MLB","KBO","NFL"]}
{"timestamp":"2025-07-07T07:20:02.603Z","type":"odds","status":"success","message":"High-priority odds update completed (10min interval)","priority":"medium","leagues":["NBA","MLB","KBO","NFL"],"dynamicPriority":"low","oddsUpdated":0,"oddsDetail":{"totalUpdated":0,"newOdds":0,"existingOddsUpdated":0,"skippedOdds":0,"apiCalls":4,"categoriesProcessed":4}}
{"timestamp":"2025-07-07T07:20:06.077Z","type":"bets","status":"start","message":"Starting bet results update after game results"}
{"timestamp":"2025-07-07T07:20:06.103Z","type":"results","status":"success","message":"Game results and bet results update completed","gameResultsUpdated":0,"gameResultsDetail":{"totalUpdated":0,"newGames":0,"existingGamesUpdated":0,"skippedGames":0,"categoriesProcessed":13},"betResultsUpdated":0,"categories":["NBA","MLB","KBO","NFL","MLS","K리그","J리그","세리에 A","브라질 세리에 A","아르헨티나 프리메라","중국 슈퍼리그","라리가","분데스리가"]}
{"timestamp":"2025-07-07T08:58:11.792Z","type":"init","status":"start","message":"Starting initial data caching for active categories","categories":["NBA","MLB","KBO","NFL","MLS","K리그","J리그","세리에 A","브라질 세리에 A","아르헨티나 프리메라","중국 슈퍼리그","라리가","분데스리가"]}
{"timestamp":"2025-07-07T08:58:17.476Z","type":"init","status":"success","message":"Initial data cached successfully for active categories","categories":["NBA","MLB","KBO","NFL","MLS","K리그","J리그","세리에 A","브라질 세리에 A","아르헨티나 프리메라","중국 슈퍼리그","라리가","분데스리가"],"oddsUpdated":"Active categories only","resultsUpdated":"N/A","betsUpdated":0}
{"timestamp":"2025-07-07T09:00:00.957Z","type":"results","status":"start","message":"Starting cost-efficient game results update","categories":["NBA","MLB","KBO","NFL","MLS","K리그","J리그","세리에 A","브라질 세리에 A","아르헨티나 프리메라","중국 슈퍼리그","라리가","분데스리가"]}
{"timestamp":"2025-07-07T09:00:00.984Z","type":"odds","status":"start","message":"Starting high-priority leagues odds update (10min interval)","priority":"high","leagues":["NBA","MLB","KBO","NFL"]}
{"timestamp":"2025-07-07T09:00:00.986Z","type":"odds","status":"start","message":"Starting medium-priority leagues odds update (1hour interval)","priority":"medium","leagues":["MLS","K리그","J리그","세리에 A"]}
{"timestamp":"2025-07-07T09:00:02.383Z","type":"odds","status":"success","message":"Medium-priority odds update completed (1hour interval)","priority":"medium","leagues":["MLS","K리그","J리그","세리에 A"],"dynamicPriority":"low","oddsUpdated":0,"oddsDetail":{"totalUpdated":0,"newOdds":0,"existingOddsUpdated":0,"skippedOdds":0,"apiCalls":4,"categoriesProcessed":4}}
{"timestamp":"2025-07-07T09:00:02.971Z","type":"odds","status":"success","message":"High-priority odds update completed (10min interval)","priority":"medium","leagues":["NBA","MLB","KBO","NFL"],"dynamicPriority":"low","oddsUpdated":0,"oddsDetail":{"totalUpdated":0,"newOdds":0,"existingOddsUpdated":0,"skippedOdds":0,"apiCalls":4,"categoriesProcessed":4}}
{"timestamp":"2025-07-07T09:00:06.435Z","type":"bets","status":"start","message":"Starting bet results update after game results"}
{"timestamp":"2025-07-07T09:00:06.467Z","type":"results","status":"success","message":"Game results and bet results update completed","gameResultsUpdated":0,"gameResultsDetail":{"totalUpdated":0,"newGames":0,"existingGamesUpdated":0,"skippedGames":0,"categoriesProcessed":13},"betResultsUpdated":0,"categories":["NBA","MLB","KBO","NFL","MLS","K리그","J리그","세리에 A","브라질 세리에 A","아르헨티나 프리메라","중국 슈퍼리그","라리가","분데스리가"]}
{"timestamp":"2025-07-07T09:10:00.676Z","type":"results","status":"start","message":"Starting cost-efficient game results update","categories":["NBA","MLB","KBO","NFL","MLS","K리그","J리그","세리에 A","브라질 세리에 A","아르헨티나 프리메라","중국 슈퍼리그","라리가","분데스리가"]}
{"timestamp":"2025-07-07T09:10:00.694Z","type":"odds","status":"start","message":"Starting high-priority leagues odds update (10min interval)","priority":"high","leagues":["NBA","MLB","KBO","NFL"]}
{"timestamp":"2025-07-07T09:10:02.453Z","type":"odds","status":"success","message":"High-priority odds update completed (10min interval)","priority":"medium","leagues":["NBA","MLB","KBO","NFL"],"dynamicPriority":"low","oddsUpdated":0,"oddsDetail":{"totalUpdated":0,"newOdds":0,"existingOddsUpdated":0,"skippedOdds":0,"apiCalls":4,"categoriesProcessed":4}}
{"timestamp":"2025-07-07T09:10:04.935Z","type":"bets","status":"start","message":"Starting bet results update after game results"}
{"timestamp":"2025-07-07T09:10:04.973Z","type":"results","status":"success","message":"Game results and bet results update completed","gameResultsUpdated":0,"gameResultsDetail":{"totalUpdated":0,"newGames":0,"existingGamesUpdated":0,"skippedGames":0,"categoriesProcessed":13},"betResultsUpdated":0,"categories":["NBA","MLB","KBO","NFL","MLS","K리그","J리그","세리에 A","브라질 세리에 A","아르헨티나 프리메라","중국 슈퍼리그","라리가","분데스리가"]}
{"timestamp":"2025-07-07T09:13:11.850Z","type":"monitor","status":"info","message":"Scheduler status check","isUpdating":false,"lastUpdateTime":"2025-07-07T09:10:04.973Z","activeCategories":["NBA","MLB","KBO","NFL","MLS","K리그","J리그","세리에 A","브라질 세리에 A","아르헨티나 프리메라","중국 슈퍼리그","라리가","분데스리가"],"uptime":900.7342325,"apiCallEstimate":"~26 calls per hour","memory":{"used":"26MB","total":"32MB"}}
{"timestamp":"2025-07-07T09:20:00.613Z","type":"results","status":"start","message":"Starting cost-efficient game results update","categories":["NBA","MLB","KBO","NFL","MLS","K리그","J리그","세리에 A","브라질 세리에 A","아르헨티나 프리메라","중국 슈퍼리그","라리가","분데스리가"]}
{"timestamp":"2025-07-07T09:20:00.629Z","type":"odds","status":"start","message":"Starting high-priority leagues odds update (10min interval)","priority":"high","leagues":["NBA","MLB","KBO","NFL"]}
{"timestamp":"2025-07-07T09:20:01.261Z","type":"odds","status":"success","message":"High-priority odds update completed (10min interval)","priority":"medium","leagues":["NBA","MLB","KBO","NFL"],"dynamicPriority":"low","oddsUpdated":0,"oddsDetail":{"totalUpdated":0,"newOdds":0,"existingOddsUpdated":0,"skippedOdds":0,"apiCalls":1,"categoriesProcessed":4}}
{"timestamp":"2025-07-07T09:20:06.364Z","type":"bets","status":"start","message":"Starting bet results update after game results"}
{"timestamp":"2025-07-07T09:20:06.391Z","type":"results","status":"success","message":"Game results and bet results update completed","gameResultsUpdated":0,"gameResultsDetail":{"totalUpdated":0,"newGames":0,"existingGamesUpdated":0,"skippedGames":0,"categoriesProcessed":13},"betResultsUpdated":0,"categories":["NBA","MLB","KBO","NFL","MLS","K리그","J리그","세리에 A","브라질 세리에 A","아르헨티나 프리메라","중국 슈퍼리그","라리가","분데스리가"]}
{"timestamp":"2025-07-07T09:28:12.055Z","type":"monitor","status":"info","message":"Scheduler status check","isUpdating":false,"lastUpdateTime":"2025-07-07T09:20:06.391Z","activeCategories":["NBA","MLB","KBO","NFL","MLS","K리그","J리그","세리에 A","브라질 세리에 A","아르헨티나 프리메라","중국 슈퍼리그","라리가","분데스리가"],"uptime":1800.733634,"apiCallEstimate":"~26 calls per hour","memory":{"used":"27MB","total":"32MB"}}
{"timestamp":"2025-07-07T09:30:00.478Z","type":"results","status":"start","message":"Starting cost-efficient game results update","categories":["NBA","MLB","KBO","NFL","MLS","K리그","J리그","세리에 A","브라질 세리에 A","아르헨티나 프리메라","중국 슈퍼리그","라리가","분데스리가"]}
{"timestamp":"2025-07-07T09:30:00.500Z","type":"odds","status":"start","message":"Starting high-priority leagues odds update (10min interval)","priority":"high","leagues":["NBA","MLB","KBO","NFL"]}
{"timestamp":"2025-07-07T09:30:00.778Z","type":"odds","status":"success","message":"High-priority odds update completed (10min interval)","priority":"medium","leagues":["NBA","MLB","KBO","NFL"],"dynamicPriority":"low","oddsUpdated":0,"oddsDetail":{"totalUpdated":0,"newOdds":0,"existingOddsUpdated":0,"skippedOdds":0,"apiCalls":0,"categoriesProcessed":4}}
{"timestamp":"2025-07-07T09:30:06.560Z","type":"bets","status":"start","message":"Starting bet results update after game results"}
{"timestamp":"2025-07-07T09:30:06.576Z","type":"results","status":"success","message":"Game results and bet results update completed","gameResultsUpdated":0,"gameResultsDetail":{"totalUpdated":0,"newGames":0,"existingGamesUpdated":0,"skippedGames":0,"categoriesProcessed":13},"betResultsUpdated":0,"categories":["NBA","MLB","KBO","NFL","MLS","K리그","J리그","세리에 A","브라질 세리에 A","아르헨티나 프리메라","중국 슈퍼리그","라리가","분데스리가"]}
{"timestamp":"2025-07-07T09:40:00.322Z","type":"results","status":"start","message":"Starting cost-efficient game results update","categories":["NBA","MLB","KBO","NFL","MLS","K리그","J리그","세리에 A","브라질 세리에 A","아르헨티나 프리메라","중국 슈퍼리그","라리가","분데스리가"]}
{"timestamp":"2025-07-07T09:40:00.370Z","type":"odds","status":"start","message":"Starting high-priority leagues odds update (10min interval)","priority":"high","leagues":["NBA","MLB","KBO","NFL"]}
{"timestamp":"2025-07-07T09:40:00.809Z","type":"odds","status":"success","message":"High-priority odds update completed (10min interval)","priority":"medium","leagues":["NBA","MLB","KBO","NFL"],"dynamicPriority":"low","oddsUpdated":0,"oddsDetail":{"totalUpdated":0,"newOdds":0,"existingOddsUpdated":0,"skippedOdds":0,"apiCalls":0,"categoriesProcessed":4}}
{"timestamp":"2025-07-07T09:40:04.393Z","type":"bets","status":"start","message":"Starting bet results update after game results"}
{"timestamp":"2025-07-07T09:40:04.421Z","type":"results","status":"success","message":"Game results and bet results update completed","gameResultsUpdated":0,"gameResultsDetail":{"totalUpdated":0,"newGames":0,"existingGamesUpdated":0,"skippedGames":0,"categoriesProcessed":13},"betResultsUpdated":0,"categories":["NBA","MLB","KBO","NFL","MLS","K리그","J리그","세리에 A","브라질 세리에 A","아르헨티나 프리메라","중국 슈퍼리그","라리가","분데스리가"]}
{"timestamp":"2025-07-07T09:43:12.087Z","type":"monitor","status":"info","message":"Scheduler status check","isUpdating":false,"lastUpdateTime":"2025-07-07T09:40:04.421Z","activeCategories":["NBA","MLB","KBO","NFL","MLS","K리그","J리그","세리에 A","브라질 세리에 A","아르헨티나 프리메라","중국 슈퍼리그","라리가","분데스리가"],"uptime":2700.73771625,"apiCallEstimate":"~26 calls per hour","memory":{"used":"28MB","total":"32MB"}}
{"timestamp":"2025-07-07T09:49:29.607Z","type":"init","status":"start","message":"Starting initial data caching for active categories","categories":["NBA","MLB","KBO","NFL","MLS","K리그","J리그","세리에 A","브라질 세리에 A","아르헨티나 프리메라","중국 슈퍼리그","라리가","분데스리가"]}
{"timestamp":"2025-07-07T09:50:00.211Z","type":"results","status":"start","message":"Starting cost-efficient game results update","categories":["NBA","MLB","KBO","NFL","MLS","K리그","J리그","세리에 A","브라질 세리에 A","아르헨티나 프리메라","중국 슈퍼리그","라리가","분데스리가"]}
{"timestamp":"2025-07-07T09:50:00.234Z","type":"odds","status":"start","message":"Starting high-priority leagues odds update (10min interval)","priority":"high","leagues":["NBA","MLB","KBO","NFL"]}
{"timestamp":"2025-07-07T09:50:00.557Z","type":"odds","status":"success","message":"High-priority odds update completed (10min interval)","priority":"medium","leagues":["NBA","MLB","KBO","NFL"],"dynamicPriority":"low","oddsUpdated":0,"oddsDetail":{"totalUpdated":0,"newOdds":0,"existingOddsUpdated":0,"skippedOdds":0,"apiCalls":0,"categoriesProcessed":4}}
{"timestamp":"2025-07-07T09:50:05.188Z","type":"bets","status":"start","message":"Starting bet results update after game results"}
{"timestamp":"2025-07-07T09:50:05.219Z","type":"results","status":"success","message":"Game results and bet results update completed","gameResultsUpdated":0,"gameResultsDetail":{"totalUpdated":0,"newGames":0,"existingGamesUpdated":0,"skippedGames":0,"categoriesProcessed":13},"betResultsUpdated":0,"categories":["NBA","MLB","KBO","NFL","MLS","K리그","J리그","세리에 A","브라질 세리에 A","아르헨티나 프리메라","중국 슈퍼리그","라리가","분데스리가"]}
{"timestamp":"2025-07-07T09:50:52.419Z","type":"init","status":"start","message":"Starting initial data caching for active categories","categories":["NBA","MLB","KBO","NFL","MLS","K리그","J리그","세리에 A","브라질 세리에 A","아르헨티나 프리메라","중국 슈퍼리그","라리가","분데스리가"]}
{"timestamp":"2025-07-07T09:50:56.859Z","type":"init","status":"success","message":"Initial data cached successfully for active categories","categories":["NBA","MLB","KBO","NFL","MLS","K리그","J리그","세리에 A","브라질 세리에 A","아르헨티나 프리메라","중국 슈퍼리그","라리가","분데스리가"],"oddsUpdated":"Active categories only","resultsUpdated":"N/A","betsUpdated":0}
{"timestamp":"2025-07-07T09:52:26.731Z","type":"init","status":"start","message":"Starting initial data caching for active categories","categories":["NBA","MLB","KBO","NFL","MLS","K리그","J리그","세리에 A","브라질 세리에 A","아르헨티나 프리메라","중국 슈퍼리그","라리가","분데스리가"]}
{"timestamp":"2025-07-07T09:52:31.686Z","type":"init","status":"success","message":"Initial data cached successfully for active categories","categories":["NBA","MLB","KBO","NFL","MLS","K리그","J리그","세리에 A","브라질 세리에 A","아르헨티나 프리메라","중국 슈퍼리그","라리가","분데스리가"],"oddsUpdated":"Active categories only","resultsUpdated":"N/A","betsUpdated":0}
{"timestamp":"2025-07-07T09:59:43.760Z","type":"init","status":"start","message":"Starting initial data caching for active categories","categories":["NBA","MLB","KBO","NFL","MLS","K리그","J리그","세리에 A","브라질 세리에 A","아르헨티나 프리메라","중국 슈퍼리그","라리가","분데스리가"]}
{"timestamp":"2025-07-07T09:59:49.093Z","type":"init","status":"success","message":"Initial data cached successfully for active categories","categories":["NBA","MLB","KBO","NFL","MLS","K리그","J리그","세리에 A","브라질 세리에 A","아르헨티나 프리메라","중국 슈퍼리그","라리가","분데스리가"],"oddsUpdated":"Active categories only","resultsUpdated":"N/A","betsUpdated":0}
{"timestamp":"2025-07-07T10:00:00.804Z","type":"results","status":"start","message":"Starting cost-efficient game results update","categories":["NBA","MLB","KBO","NFL","MLS","K리그","J리그","세리에 A","브라질 세리에 A","아르헨티나 프리메라","중국 슈퍼리그","라리가","분데스리가"]}
{"timestamp":"2025-07-07T10:00:00.819Z","type":"odds","status":"start","message":"Starting high-priority leagues odds update (10min interval)","priority":"high","leagues":["NBA","MLB","KBO","NFL"]}
{"timestamp":"2025-07-07T10:00:00.826Z","type":"odds","status":"start","message":"Starting medium-priority leagues odds update (1hour interval)","priority":"medium","leagues":["MLS","K리그","J리그","세리에 A"]}
{"timestamp":"2025-07-07T10:00:02.242Z","type":"odds","status":"success","message":"Medium-priority odds update completed (1hour interval)","priority":"medium","leagues":["MLS","K리그","J리그","세리에 A"],"dynamicPriority":"low","oddsUpdated":0,"oddsDetail":{"totalUpdated":0,"newOdds":0,"existingOddsUpdated":0,"skippedOdds":0,"apiCalls":4,"categoriesProcessed":4}}
{"timestamp":"2025-07-07T10:00:02.632Z","type":"odds","status":"success","message":"High-priority odds update completed (10min interval)","priority":"medium","leagues":["NBA","MLB","KBO","NFL"],"dynamicPriority":"low","oddsUpdated":0,"oddsDetail":{"totalUpdated":0,"newOdds":0,"existingOddsUpdated":0,"skippedOdds":0,"apiCalls":4,"categoriesProcessed":4}}
{"timestamp":"2025-07-07T10:00:07.578Z","type":"bets","status":"start","message":"Starting bet results update after game results"}
{"timestamp":"2025-07-07T10:00:07.611Z","type":"results","status":"success","message":"Game results and bet results update completed","gameResultsUpdated":0,"gameResultsDetail":{"totalUpdated":0,"newGames":0,"existingGamesUpdated":0,"skippedGames":0,"categoriesProcessed":13},"betResultsUpdated":0,"categories":["NBA","MLB","KBO","NFL","MLS","K리그","J리그","세리에 A","브라질 세리에 A","아르헨티나 프리메라","중국 슈퍼리그","라리가","분데스리가"]}
{"timestamp":"2025-07-07T10:10:00.506Z","type":"results","status":"start","message":"Starting cost-efficient game results update","categories":["NBA","MLB","KBO","NFL","MLS","K리그","J리그","세리에 A","브라질 세리에 A","아르헨티나 프리메라","중국 슈퍼리그","라리가","분데스리가"]}
{"timestamp":"2025-07-07T10:10:00.525Z","type":"odds","status":"start","message":"Starting high-priority leagues odds update (10min interval)","priority":"high","leagues":["NBA","MLB","KBO","NFL"]}
{"timestamp":"2025-07-07T10:10:02.263Z","type":"odds","status":"success","message":"High-priority odds update completed (10min interval)","priority":"medium","leagues":["NBA","MLB","KBO","NFL"],"dynamicPriority":"low","oddsUpdated":0,"oddsDetail":{"totalUpdated":0,"newOdds":0,"existingOddsUpdated":0,"skippedOdds":0,"apiCalls":4,"categoriesProcessed":4}}
{"timestamp":"2025-07-07T10:10:05.682Z","type":"bets","status":"start","message":"Starting bet results update after game results"}
{"timestamp":"2025-07-07T10:10:05.701Z","type":"results","status":"success","message":"Game results and bet results update completed","gameResultsUpdated":0,"gameResultsDetail":{"totalUpdated":0,"newGames":0,"existingGamesUpdated":0,"skippedGames":0,"categoriesProcessed":13},"betResultsUpdated":0,"categories":["NBA","MLB","KBO","NFL","MLS","K리그","J리그","세리에 A","브라질 세리에 A","아르헨티나 프리메라","중국 슈퍼리그","라리가","분데스리가"]}
{"timestamp":"2025-07-07T10:14:43.810Z","type":"monitor","status":"info","message":"Scheduler status check","isUpdating":false,"lastUpdateTime":"2025-07-07T10:10:05.701Z","activeCategories":["NBA","MLB","KBO","NFL","MLS","K리그","J리그","세리에 A","브라질 세리에 A","아르헨티나 프리메라","중국 슈퍼리그","라리가","분데스리가"],"uptime":900.460779792,"apiCallEstimate":"~26 calls per hour","memory":{"used":"24MB","total":"32MB"}}
{"timestamp":"2025-07-07T10:20:00.239Z","type":"results","status":"start","message":"Starting cost-efficient game results update","categories":["NBA","MLB","KBO","NFL","MLS","K리그","J리그","세리에 A","브라질 세리에 A","아르헨티나 프리메라","중국 슈퍼리그","라리가","분데스리가"]}
{"timestamp":"2025-07-07T10:20:00.257Z","type":"odds","status":"start","message":"Starting high-priority leagues odds update (10min interval)","priority":"high","leagues":["NBA","MLB","KBO","NFL"]}
{"timestamp":"2025-07-07T10:20:00.897Z","type":"odds","status":"success","message":"High-priority odds update completed (10min interval)","priority":"medium","leagues":["NBA","MLB","KBO","NFL"],"dynamicPriority":"low","oddsUpdated":0,"oddsDetail":{"totalUpdated":0,"newOdds":0,"existingOddsUpdated":0,"skippedOdds":0,"apiCalls":1,"categoriesProcessed":4}}
{"timestamp":"2025-07-07T10:20:04.978Z","type":"bets","status":"start","message":"Starting bet results update after game results"}
{"timestamp":"2025-07-07T10:20:04.996Z","type":"results","status":"success","message":"Game results and bet results update completed","gameResultsUpdated":0,"gameResultsDetail":{"totalUpdated":0,"newGames":0,"existingGamesUpdated":0,"skippedGames":0,"categoriesProcessed":13},"betResultsUpdated":0,"categories":["NBA","MLB","KBO","NFL","MLS","K리그","J리그","세리에 A","브라질 세리에 A","아르헨티나 프리메라","중국 슈퍼리그","라리가","분데스리가"]}
{"timestamp":"2025-07-07T10:29:43.913Z","type":"monitor","status":"info","message":"Scheduler status check","isUpdating":false,"lastUpdateTime":"2025-07-07T10:20:04.996Z","activeCategories":["NBA","MLB","KBO","NFL","MLS","K리그","J리그","세리에 A","브라질 세리에 A","아르헨티나 프리메라","중국 슈퍼리그","라리가","분데스리가"],"uptime":1800.463374625,"apiCallEstimate":"~26 calls per hour","memory":{"used":"29MB","total":"32MB"}}
{"timestamp":"2025-07-07T10:30:00.131Z","type":"results","status":"start","message":"Starting cost-efficient game results update","categories":["NBA","MLB","KBO","NFL","MLS","K리그","J리그","세리에 A","브라질 세리에 A","아르헨티나 프리메라","중국 슈퍼리그","라리가","분데스리가"]}
{"timestamp":"2025-07-07T10:30:00.145Z","type":"odds","status":"start","message":"Starting high-priority leagues odds update (10min interval)","priority":"high","leagues":["NBA","MLB","KBO","NFL"]}
{"timestamp":"2025-07-07T10:30:00.295Z","type":"odds","status":"success","message":"High-priority odds update completed (10min interval)","priority":"medium","leagues":["NBA","MLB","KBO","NFL"],"dynamicPriority":"low","oddsUpdated":0,"oddsDetail":{"totalUpdated":0,"newOdds":0,"existingOddsUpdated":0,"skippedOdds":0,"apiCalls":0,"categoriesProcessed":4}}
{"timestamp":"2025-07-07T10:30:06.043Z","type":"bets","status":"start","message":"Starting bet results update after game results"}
{"timestamp":"2025-07-07T10:30:06.060Z","type":"results","status":"success","message":"Game results and bet results update completed","gameResultsUpdated":0,"gameResultsDetail":{"totalUpdated":0,"newGames":0,"existingGamesUpdated":0,"skippedGames":0,"categoriesProcessed":13},"betResultsUpdated":0,"categories":["NBA","MLB","KBO","NFL","MLS","K리그","J리그","세리에 A","브라질 세리에 A","아르헨티나 프리메라","중국 슈퍼리그","라리가","분데스리가"]}
