[공통 DB 연결] process.env.DB_NAME: bettingDB
[업서트] JLEAGUE | Port Adelaide Football Club vs Carlton Football Club | null - null | status: scheduled | result: pending
[업서트] JLEAGUE | Colorado Rockies vs Los Angeles Dodgers | 1 - 8 | status: finished | result: away_win
[업서트] JLEAGUE | San Francisco Giants vs Miami Marlins | 5 - 8 | status: finished | result: away_win
[업서트] JLEAGUE | Minnesota Twins vs Seattle Mariners | null - null | status: scheduled | result: pending
[업서트] JLEAGUE | St. Louis Cardinals vs Chicago Cubs | null - null | status: scheduled | result: pending
[업서트] JLEAGUE | San Francisco Giants vs Miami Marlins | null - null | status: scheduled | result: pending
[업서트] JLEAGUE | Colorado Rockies vs Los Angeles Dodgers | null - null | status: scheduled | result: pending
[업서트] JLEAGUE | Houston Astros vs Philadelphia Phillies | null - null | status: scheduled | result: pending
[업서트] JLEAGUE | Kansas City Royals vs Tampa Bay Rays | null - null | status: scheduled | result: pending
[업서트] JLEAGUE | New York Mets vs Atlanta Braves | null - null | status: scheduled | result: pending
[업서트] JLEAGUE | Cleveland Guardians vs Toronto Blue Jays | null - null | status: scheduled | result: pending
[업서트] JLEAGUE | Hoofddorp Pioniers vs L and D Amsterdam | null - null | status: scheduled | result: pending
[업서트] JLEAGUE | UVV Utrecht vs HCAW | null - null | status: scheduled | result: pending
[업서트] JLEAGUE | Guerreros de Oaxaca vs Tigres de Quintana Roo | 8 - 12 | status: finished | result: away_win
[업서트] JLEAGUE | Toros de Tijuana vs Algodoneros de Unión Laguna | 2 - 1 | status: finished | result: home_win
[업서트] JLEAGUE | Saraperos de Saltillo vs Rieleros de Aguascalientes | 5 - 20 | status: finished | result: away_win
[업서트] JLEAGUE | Pericos de Puebla vs Conspiradores de Querétaro | 6 - 4 | status: finished | result: home_win
[업서트] JLEAGUE | El Águila de Veracruz vs Leones de Yucatán | 5 - 11 | status: finished | result: away_win
[업서트] JLEAGUE | Las Vegas Aviators vs Albuquerque Isotopes | 13 - 2 | status: finished | result: home_win
[업서트] JLEAGUE | Acereros de Monclova vs Dorados de Chihuahua | 1 - 6 | status: finished | result: away_win
[업서트] JLEAGUE | Tecolotes de los Dos Laredos vs Charros de Jalisco | 4 - 3 | status: finished | result: home_win
[업서트] JLEAGUE | Samsung Lions vs Hanwha Eagles | null - null | status: scheduled | result: pending
[업서트] JLEAGUE | NC Dinos vs Lotte Giants | null - null | status: scheduled | result: pending
[업서트] JLEAGUE | KT Wiz vs LG Twins | null - null | status: scheduled | result: pending
[업서트] JLEAGUE | Kiwoom Heroes vs Kia Tigers | null - null | status: scheduled | result: pending
[업서트] JLEAGUE | Doosan Bears vs SSG Landers | null - null | status: scheduled | result: pending
[업서트] JLEAGUE | Sultanes de Monterrey vs Caliente de Durango | 5 - 1 | status: finished | result: home_win
[업서트] JLEAGUE | Norfolk Tides vs Gwinnett Stripers | null - null | status: scheduled | result: pending
[업서트] JLEAGUE | Round Rock Express vs Tacoma Rainiers | 13 - 4 | status: finished | result: home_win
[업서트] JLEAGUE | Fubon Guardians vs Rakuten Monkeys | null - null | status: scheduled | result: pending
[업서트] JLEAGUE | Uni-President Lions vs TSG Hawks | null - null | status: scheduled | result: pending
[업서트] JLEAGUE | Detroit Tigers vs Athletics | null - null | status: scheduled | result: pending
[업서트] JLEAGUE | Houston Astros vs Philadelphia Phillies | 2 - null | status: finished | result: pending
[업서트] JLEAGUE | Iowa Cubs vs Columbus Clippers | null - null | status: scheduled | result: pending
[업서트] JLEAGUE | Piratas de Campeche vs Diablos Rojos del México | null - null | status: postponed | result: pending
[업서트] JLEAGUE | El Paso Chihuahuas vs Sugar Land Space Cowboys | 14 - 8 | status: finished | result: home_win
[업서트] JLEAGUE | Buffalo Bisons vs Lehigh Valley IronPigs | null - null | status: scheduled | result: pending
[업서트] JLEAGUE | Toledo Mud Hens vs Charlotte Knights | null - null | status: scheduled | result: pending
[업서트] JLEAGUE | Indianapolis Indians vs Omaha Storm Chasers | null - null | status: scheduled | result: pending
[업서트] JLEAGUE | Rochester Red Wings vs Syracuse Mets | null - null | status: scheduled | result: pending
[업서트] JLEAGUE | Scranton-Wilkes-Barre RailRiders vs Worcester Red Sox | null - null | status: scheduled | result: pending
[업서트] JLEAGUE | Durham Bulls vs Memphis Redbirds | null - null | status: scheduled | result: pending
[업서트] JLEAGUE | Franklin Bulls vs Manawatu Jets | null - null | status: scheduled | result: pending
[업서트] JLEAGUE | Las Vegas Aces vs Connecticut Sun | 85 - 59 | status: finished | result: home_win
[업서트] JLEAGUE | Golden State Valkyries vs New York Liberty | 78 - 81 | status: finished | result: away_win
[업서트] JLEAGUE | Indiana Fever vs Los Angeles Sparks | null - null | status: scheduled | result: pending
[업서트] JLEAGUE | Bayern München Basketball vs Ulm | null - null | status: scheduled | result: pending
[업서트] JLEAGUE | Leinster Lightning vs Northern Knights | null - null | status: scheduled | result: pending
[업서트] JLEAGUE | Munster Reds vs North West Warriors | null - null | status: scheduled | result: pending
[업서트] JLEAGUE | San Francisco Unicorns vs Seattle Orcas | 176 - 144 | status: finished | result: home_win
[업서트] JLEAGUE | Penrith Panthers vs Canterbury Bankstown Bulldogs | null - null | status: scheduled | result: pending
[업서트] JLEAGUE | FC Dallas vs San Jose Earthquakes | 2 - 4 | status: finished | result: away_win
[업서트] JLEAGUE | Sporting Kansas City vs Charlotte FC | 2 - 1 | status: finished | result: home_win
[업서트] JLEAGUE | Minnesota United vs Houston Dynamo | 3 - 1 | status: finished | result: home_win
[업서트] JLEAGUE | St. Louis City SC vs Orlando City | 2 - 4 | status: finished | result: away_win
[업서트] JLEAGUE | Colorado Rapids vs LA Galaxy | 2 - 0 | status: scheduled | result: home_win
[업서트] JLEAGUE | Vancouver Whitecaps vs San Diego FC | 3 - 5 | status: finished | result: away_win
[업서트] JLEAGUE | Urawa Red Diamonds vs Monterrey | 0 - 4 | status: finished | result: away_win
[업서트] JLEAGUE | Inter Milan vs River Plate | 2 - 0 | status: finished | result: home_win
[업서트] JLEAGUE | Juventus vs Manchester City | null - null | status: scheduled | result: pending
[업서트] JLEAGUE | Wydad Casablanca vs Al Ain | null - null | status: scheduled | result: pending
[업서트] JLEAGUE | Union Omaha vs Richmond Kickers | 3 - 4 | status: finished | result: away_win
[업서트] JLEAGUE | Njarðvík vs Keflavík | null - null | status: scheduled | result: pending
[업서트] JLEAGUE | Skála ÍF vs B36 Tórshavn II | null - null | status: scheduled | result: pending
[업서트] JLEAGUE | Universidad Católica del Ecuador vs Emelec | 1 - 1 | status: finished | result: draw
[업서트] JLEAGUE | Norway Women vs Sweden Women | null - null | status: scheduled | result: pending
[업서트] JLEAGUE | Xorazm Urganch vs Andijon | null - null | status: scheduled | result: pending
[업서트] JLEAGUE | Shire Endaselassie vs Ethiopian Medhin | null - null | status: scheduled | result: pending
[업서트] JLEAGUE | Philadelphia Union II vs New England Revolution II | null - null | status: scheduled | result: pending
[업서트] JLEAGUE | Los Angeles FC II vs Minnesota United FC 2 | 1 - 0 | status: finished | result: home_win
[업서트] JLEAGUE | Norrby vs Torslanda | null - null | status: scheduled | result: pending
[업서트] JLEAGUE | Casa Sport vs Guédiawaye FC | null - null | status: scheduled | result: pending
[업서트] JLEAGUE | BFC Daugavpils vs Grobiņas SC-LFS | null - null | status: scheduled | result: pending
[업서트] JLEAGUE | Cong An Nhan Dan FC vs Viettel | null - null | status: scheduled | result: pending
[업서트] JLEAGUE | Hill Country Lobos vs Corpus Christi FC | 2 - 2 | status: finished | result: draw
[업서트] JLEAGUE | Tigre vs Banfield | null - null | status: scheduled | result: pending
[업서트] JLEAGUE | Husqvarna FF vs Lunds BK | null - null | status: scheduled | result: pending
[업서트] JLEAGUE | Charlottesville Blues vs Lionsbridge FC | 0 - 1 | status: finished | result: away_win
[업서트] JLEAGUE | Apotheos FC vs Dothan United | 0 - 3 | status: finished | result: away_win
[업서트] JLEAGUE | AC Houston Sur vs Twin City Toucans | 0 - 4 | status: finished | result: away_win
[업서트] JLEAGUE | AHFC Royals vs GFI Academy | 4 - 1 | status: finished | result: home_win
[업서트] JLEAGUE | Louisiana Krewe vs Denton Diablos | 3 - 0 | status: finished | result: home_win
[업서트] JLEAGUE | Birmingham Legion 2 vs Tennessee SC | 0 - 1 | status: finished | result: away_win
[업서트] JLEAGUE | Sunflower State vs Santafé Wanderers | 2 - 3 | status: finished | result: away_win
[업서트] JLEAGUE | Patuxent Football Athletics vs Northern Virginia FC | 0 - 4 | status: finished | result: away_win
[업서트] JLEAGUE | Yunnan Yukun vs Henan FC | null - null | status: scheduled | result: pending
[업서트] JLEAGUE | McKinney Chupacabras vs Little Rock Rangers | 0 - 3 | status: finished | result: away_win
[업서트] JLEAGUE | Bigfoot FC vs FC Olympia | 2 - 2 | status: finished | result: draw
[업서트] JLEAGUE | San Francisco City FC vs Marin FC Legends | 1 - 2 | status: finished | result: away_win
[업서트] JLEAGUE | AMSG FC vs Coachella SC | 15 - 0 | status: finished | result: home_win
[업서트] JLEAGUE | CISA vs Colorado Storm | null - null | status: scheduled | result: pending
[업서트] JLEAGUE | Switzerland Women vs Czechia Women | null - null | status: scheduled | result: pending
[업서트] JLEAGUE | Jazz vs PKKU | null - null | status: scheduled | result: pending
[업서트] JLEAGUE | Song Lam Nghe An vs Binh Duong | null - null | status: scheduled | result: pending
[업서트] JLEAGUE | Atlético Vinotinto vs Guayaquil City | null - null | status: scheduled | result: pending
[업서트] JLEAGUE | Netherlands Women vs Finland Women | null - null | status: scheduled | result: pending
[업서트] JLEAGUE | Shanghai Port vs Dalian Yingbo | null - null | status: scheduled | result: pending
[업서트] JLEAGUE | Atlético Grau vs Universitario | 0 - 2 | status: finished | result: away_win
[업서트] JLEAGUE | Australia Women vs Slovenia Women | null - null | status: scheduled | result: pending
[업서트] JLEAGUE | Poland Women vs Ukraine Women | null - null | status: scheduled | result: pending
[업서트] JLEAGUE | DCMP Imana vs Vita Club | null - null | status: scheduled | result: pending
[업서트] JLEAGUE | TP Mazembe vs JS Kinshasa | null - null | status: scheduled | result: pending
[업서트] JLEAGUE | Maniema Union vs Saint-Éloi Lupopo | null - null | status: scheduled | result: pending
[업서트] JLEAGUE | Belgium Women vs Greece Women | null - null | status: scheduled | result: pending
[업서트] JLEAGUE | Rostocker FC vs Hansa Rostock | null - null | status: scheduled | result: pending
[업서트] JLEAGUE | FC Midtjylland vs Silkeborg IF | null - null | status: scheduled | result: pending
[업서트] JLEAGUE | Chicago Fire vs Philadelphia Union | 0 - 1 | status: finished | result: away_win
[업서트] JLEAGUE | Paks vs Szeged-Csanád | null - null | status: scheduled | result: pending
[업서트] JLEAGUE | Noah vs DAC 1904 Dunajská Streda | null - null | status: scheduled | result: pending
[업서트] JLEAGUE | Sparta Prague vs Slovan Bratislava | null - null | status: scheduled | result: pending
[업서트] JLEAGUE | Imbabura vs Cumbayá | 0 - 1 | status: finished | result: away_win
[업서트] JLEAGUE | Bourj vs Chabab Ghazieh | null - null | status: scheduled | result: pending
[업서트] JLEAGUE | Sagesse SC vs Tadamon Sour | null - null | status: scheduled | result: pending
[업서트] JLEAGUE | Safa vs Nejmeh SC | null - null | status: scheduled | result: pending
[업서트] JLEAGUE | FS Jelgava vs RFS | null - null | status: scheduled | result: pending
[업서트] JLEAGUE | Spain U19 vs Netherlands U19 | null - null | status: scheduled | result: pending
[업서트] JLEAGUE | Paraguay U17 vs Turkey U17 | null - null | status: scheduled | result: pending
[업서트] JLEAGUE | Venezuela U17 vs Chile U17 | null - null | status: scheduled | result: pending
[업서트] JLEAGUE | Gorée vs AJEL Rufisque | null - null | status: scheduled | result: pending
[업서트] JLEAGUE | Teungueth vs Ouakam | null - null | status: scheduled | result: pending
[업서트] JLEAGUE | Pikine vs ASC HLM | null - null | status: scheduled | result: pending
[업서트] JLEAGUE | ASC Linguère vs Oslo FA | null - null | status: scheduled | result: pending
[업서트] JLEAGUE | Génération Foot vs Jamono Fatick | null - null | status: scheduled | result: pending
[업서트] JLEAGUE | Dakar Sacré Coeur vs Wally Daan | null - null | status: scheduled | result: pending
[업서트] JLEAGUE | Jaraaf vs Sonacos | null - null | status: scheduled | result: pending
[업서트] JLEAGUE | China Volleyball vs USA Volleyball | null - null | status: scheduled | result: pending
[업서트] JLEAGUE | France Volleyball vs Japan Volleyball | null - null | status: scheduled | result: pending
[업서트] JLEAGUE | Netherlands Volleyball vs Germany Volleyball | null - null | status: scheduled | result: pending
[업서트] JLEAGUE | Serbia Volleyball vs Cuba Volleyball | null - null | status: scheduled | result: pending
[업서트] JLEAGUE | Brazil Volleyball vs China Volleyball | null - null | status: scheduled | result: pending
[업서트] JLEAGUE | Turkey Volleyball vs Ukraine Volleyball | null - null | status: scheduled | result: pending
[결과 없음] 2025-06-18 | Hanwha Eagles vs Doosan Bears | 원인 추론: 팀명/리그명 정규화 불일치 가능성, SportsDB API에 해당 경기 데이터 미존재, 경기 날짜/시간대(UTC/KST) 불일치 가능성, 리그ID/리그명 매핑 오류 가능성
[업서트] JLEAGUE | Houston Astros vs Philadelphia Phillies | 1 - 0 | status: finished | result: home_win
[업서트] JLEAGUE | San Diego Padres vs Washington Nationals | 4 - 3 | status: finished | result: home_win
[업서트] JLEAGUE | Colorado Rockies vs Los Angeles Dodgers | 7 - 9 | status: finished | result: away_win
[업서트] JLEAGUE | Los Angeles Angels vs Boston Red Sox | 3 - 2 | status: finished | result: home_win
[업서트] JLEAGUE | San Francisco Giants vs Miami Marlins | 2 - 4 | status: finished | result: away_win
[업서트] JLEAGUE | Milwaukee Brewers vs Pittsburgh Pirates | 4 - 2 | status: finished | result: home_win
[업서트] JLEAGUE | San Diego Padres vs Washington Nationals | 1 - 0 | status: finished | result: home_win
[업서트] JLEAGUE | New York Mets vs Atlanta Braves | 7 - 3 | status: finished | result: home_win
[업서트] JLEAGUE | Kansas City Royals vs Tampa Bay Rays | 0 - 3 | status: finished | result: away_win
[업서트] JLEAGUE | Cincinnati Reds vs New York Yankees | 1 - 7 | status: finished | result: away_win
[업서트] JLEAGUE | Cleveland Guardians vs Toronto Blue Jays | 5 - 4 | status: finished | result: home_win
[업서트] JLEAGUE | Chicago White Sox vs Arizona Diamondbacks | 7 - 3 | status: finished | result: home_win
[업서트] JLEAGUE | Baltimore Orioles vs Texas Rangers | 0 - 7 | status: finished | result: away_win
[업서트] JLEAGUE | Los Angeles Angels vs Boston Red Sox | 5 - 2 | status: finished | result: home_win
[업서트] JLEAGUE | Minnesota Twins vs Seattle Mariners | 2 - 0 | status: finished | result: home_win
[업서트] JLEAGUE | St. Louis Cardinals vs Chicago Cubs | 0 - 8 | status: finished | result: away_win
[업서트] JLEAGUE | Samsung Lions vs Hanwha Eagles | 7 - 2 | status: finished | result: home_win
[업서트] JLEAGUE | Acereros de Monclova vs Dorados de Chihuahua | 3 - 1 | status: finished | result: home_win
[업서트] JLEAGUE | Tecolotes de los Dos Laredos vs Charros de Jalisco | 9 - 5 | status: finished | result: home_win
[업서트] JLEAGUE | Doosan Bears vs SSG Landers | null - null | status: postponed | result: pending
[업서트] JLEAGUE | Durham Bulls vs Memphis Redbirds | 2 - 3 | status: finished | result: away_win
[업서트] JLEAGUE | Sultanes de Monterrey vs Caliente de Durango | 5 - 3 | status: finished | result: home_win
[업서트] JLEAGUE | Kiwoom Heroes vs Kia Tigers | 3 - 6 | status: finished | result: away_win
[업서트] JLEAGUE | Piratas de Campeche vs Diablos Rojos del México | 4 - 5 | status: finished | result: away_win
[업서트] JLEAGUE | El Paso Chihuahuas vs Sugar Land Space Cowboys | 6 - 5 | status: finished | result: home_win
[업서트] JLEAGUE | Fubon Guardians vs Rakuten Monkeys | 2 - 0 | status: finished | result: home_win
[업서트] JLEAGUE | KT Wiz vs LG Twins | null - null | status: postponed | result: pending
[업서트] JLEAGUE | Norfolk Tides vs Gwinnett Stripers | 5 - 2 | status: finished | result: home_win
[업서트] JLEAGUE | Detroit Tigers vs Athletics | 0 - 3 | status: finished | result: away_win
[업서트] JLEAGUE | Las Vegas Aviators vs Albuquerque Isotopes | 6 - 11 | status: finished | result: away_win
[업서트] JLEAGUE | Reno Aces vs Salt Lake Bees | 18 - 15 | status: finished | result: home_win
[업서트] JLEAGUE | Round Rock Express vs Tacoma Rainiers | 3 - 5 | status: finished | result: away_win
[업서트] JLEAGUE | Sacramento River Cats vs Oklahoma City Comets | 2 - 13 | status: finished | result: away_win
[업서트] JLEAGUE | Reno Aces vs Salt Lake Bees | 6 - 2 | status: finished | result: home_win
[업서트] JLEAGUE | Sacramento River Cats vs Oklahoma City Comets | 0 - 16 | status: finished | result: away_win
[업서트] JLEAGUE | St. Paul Saints vs Louisville Bats | 6 - 1 | status: finished | result: home_win
[업서트] JLEAGUE | Toledo Mud Hens vs Charlotte Knights | 3 - 4 | status: finished | result: away_win
[업서트] JLEAGUE | Buffalo Bisons vs Lehigh Valley IronPigs | 1 - 7 | status: finished | result: away_win
[업서트] JLEAGUE | Rochester Red Wings vs Syracuse Mets | 1 - 5 | status: finished | result: away_win
[업서트] JLEAGUE | Iowa Cubs vs Columbus Clippers | 7 - 8 | status: finished | result: away_win
[업서트] JLEAGUE | Indianapolis Indians vs Omaha Storm Chasers | 5 - 7 | status: finished | result: away_win
[업서트] JLEAGUE | St. Paul Saints vs Louisville Bats | null - null | status: postponed | result: pending
[업서트] JLEAGUE | Scranton-Wilkes-Barre RailRiders vs Worcester Red Sox | null - null | status: scheduled | result: pending
[업서트] JLEAGUE | Toros de Tijuana vs Algodoneros de Unión Laguna | 2 - 14 | status: finished | result: away_win
[업서트] JLEAGUE | Pericos de Puebla vs Conspiradores de Querétaro | 6 - 7 | status: finished | result: away_win
[업서트] JLEAGUE | El Águila de Veracruz vs Leones de Yucatán | 5 - 3 | status: finished | result: home_win
[업서트] JLEAGUE | NC Dinos vs Lotte Giants | 7 - 2 | status: finished | result: home_win
[업서트] JLEAGUE | Saraperos de Saltillo vs Rieleros de Aguascalientes | 12 - 11 | status: finished | result: home_win
[업서트] JLEAGUE | Guerreros de Oaxaca vs Tigres de Quintana Roo | 3 - 8 | status: finished | result: away_win
[업서트] JLEAGUE | Chicago Sky vs Los Angeles Sparks | 97 - 86 | status: finished | result: home_win
[업서트] JLEAGUE | Dallas Wings vs Atlanta Dream | 68 - 55 | status: finished | result: home_win
[업서트] JLEAGUE | Washington Mystics vs Minnesota Lynx | 68 - 64 | status: finished | result: home_win
[업서트] JLEAGUE | Seattle Storm vs Indiana Fever | 86 - 94 | status: finished | result: away_win
[업서트] JLEAGUE | Nelson Giants vs Auckland Tuatara | 104 - 85 | status: finished | result: home_win
[업서트] JLEAGUE | Fenerbahçe Basketbol vs Besiktas Basketbol | 84 - 68 | status: finished | result: home_win
[업서트] JLEAGUE | Valencia Basket vs Real Madrid Baloncesto | 70 - 81 | status: finished | result: away_win
[업서트] JLEAGUE | Belgium Basketball Women vs Germany Basketball Women | 83 - 59 | status: finished | result: home_win
[업서트] JLEAGUE | Boca Juniors vs Quimsa | 87 - 70 | status: finished | result: home_win
[업서트] JLEAGUE | Spain Basketball Women vs Czech Republic Basketball Women | 88 - 81 | status: finished | result: home_win
[업서트] JLEAGUE | Regatas Corrientes vs Instituto de Cordoba | null - null | status: scheduled | result: pending
[업서트] JLEAGUE | Texas Super Kings vs Los Angeles Knight Riders | 196 - 144 | status: finished | result: home_win
[업서트] JLEAGUE | Munster Reds vs Northern Knights | 152 - 177 | status: finished | result: away_win
[업서트] JLEAGUE | Leinster Lightning vs North West Warriors | 147 - 143 | status: finished | result: home_win
[업서트] JLEAGUE | Germany Hockey vs Australia Hockey | 5 - 0 | status: finished | result: home_win
[업서트] JLEAGUE | New Lambton vs Lambton Jaffas | null - null | status: scheduled | result: pending
[업서트] JLEAGUE | Maitland vs Cooks Hill United | null - null | status: postponed | result: pending
[업서트] JLEAGUE | Valentine vs Adamstown Rosebud | 2 - 4 | status: finished | result: away_win
[업서트] JLEAGUE | Edgeworth vs Belmont Swansea United | 4 - 1 | status: finished | result: home_win
[업서트] JLEAGUE | Weston Bears vs Newcastle Olympic | null - null | status: postponed | result: pending
[업서트] JLEAGUE | Columbus Crew vs Atlanta United | 3 - 1 | status: finished | result: home_win
[업서트] JLEAGUE | New England Revolution vs Nashville SC | 2 - 3 | status: finished | result: away_win
[업서트] JLEAGUE | Toronto FC vs New York Red Bulls | 1 - 1 | status: finished | result: draw
[업서트] JLEAGUE | Loudoun United vs Louisville City | 1 - 4 | status: finished | result: away_win
[업서트] JLEAGUE | Tampa Bay Rowdies vs Indy Eleven | 3 - 1 | status: finished | result: home_win
[업서트] JLEAGUE | Kawasaki Frontale vs Albirex Niigata | 3 - 1 | status: finished | result: home_win
[업서트] JLEAGUE | Yokohama F Marinos vs FC Tokyo | 0 - 3 | status: finished | result: away_win
[업서트] JLEAGUE | Eastern Suburbs FC vs Brisbane Roar Youth | 3 - 3 | status: finished | result: draw
[업서트] JLEAGUE | Moreton City Excelsior vs Gold Coast United | null - null | status: postponed | result: pending
[업서트] JLEAGUE | Olympic FC vs Sunshine Coast Wanderers | 0 - 0 | status: finished | result: draw
[업서트] JLEAGUE | Peninsula Power vs Wynnum Wolves | 1 - 4 | status: finished | result: away_win
[업서트] JLEAGUE | Espérance de Tunis vs Chelsea | 0 - 3 | status: finished | result: away_win
[업서트] JLEAGUE | Borussia Dortmund vs Ulsan HD | 1 - 0 | status: finished | result: home_win
[업서트] JLEAGUE | Mamelodi Sundowns vs Fluminense | 0 - 0 | status: finished | result: draw
[업서트] JLEAGUE | South Georgia Tormenta vs FC Naples | 2 - 1 | status: finished | result: home_win
[업서트] JLEAGUE | Shanghai Shenhua vs Tianjin Jinmen Tiger | 3 - 0 | status: finished | result: home_win
[업서트] JLEAGUE | Qingdao Hainiu vs Zhejiang Professional | 0 - 3 | status: finished | result: away_win
[업서트] JLEAGUE | Shandong Taishan vs Wuhan Three Towns | 3 - 1 | status: finished | result: home_win
[업서트] JLEAGUE | Changchun Yatai vs Qingdao West Coast | 1 - 0 | status: finished | result: home_win
[업서트] JLEAGUE | Meizhou Hakka vs Beijing Guoan | 0 - 4 | status: finished | result: away_win
[업서트] JLEAGUE | Chengdu Rongcheng vs Shenzhen Peng City | 5 - 0 | status: finished | result: home_win
[업서트] JLEAGUE | Al-Zawraa vs Al-Minaa | 2 - 1 | status: finished | result: home_win
[업서트] JLEAGUE | Al-Shorta SC vs Al-Hudood | 3 - 1 | status: finished | result: home_win
[업서트] JLEAGUE | Ghana Women vs Benin Women | 4 - 2 | status: finished | result: home_win
[업서트] JLEAGUE | Latvia U17 vs Finland U17 | 2 - 1 | status: finished | result: home_win
[업서트] JLEAGUE | Estonia U17 vs Lithuania U17 | 1 - 2 | status: finished | result: away_win
[업서트] JLEAGUE | Mali U17 vs Burkina Faso U17 | 5 - 2 | status: finished | result: home_win
[업서트] JLEAGUE | Al-Shorta vs Al-Hudood | 3 - 1 | status: scheduled | result: home_win
[업서트] JLEAGUE | Kalamazoo FC vs Northern Indiana | 2 - 1 | status: finished | result: home_win
[업서트] JLEAGUE | OshSU Aldier vs Ilbirs Bishkek | 4 - 1 | status: finished | result: home_win
[업서트] JLEAGUE | Greater Tomorrow vs TMT | null - null | status: postponed | result: pending
[업서트] JLEAGUE | BST Galaxy vs Steve Biko | null - null | status: postponed | result: pending
[업서트] JLEAGUE | Fortune vs Banjul United | null - null | status: postponed | result: pending
[업서트] JLEAGUE | Real de Banjul vs Team Rhino | null - null | status: postponed | result: pending
[업서트] JLEAGUE | Hart Academy vs SP Falcons | null - null | status: postponed | result: pending
[업서트] JLEAGUE | Bombada vs Banjul Hawks | null - null | status: postponed | result: pending
[업서트] JLEAGUE | Brikama United vs Gambian Dutch Lions | null - null | status: postponed | result: pending
[업서트] JLEAGUE | Gambia Armed Forces vs Marimoo | null - null | status: postponed | result: pending
[업서트] JLEAGUE | Rostov-2 vs Rubin Yalta | 0 - 1 | status: finished | result: away_win
[업서트] JLEAGUE | Dynamo Stavropol vs Astrakhan | 1 - 1 | status: finished | result: draw
[업서트] JLEAGUE | Dynamo-2 Makhachkala vs Angusht Nazran | 0 - 1 | status: finished | result: away_win
[업서트] JLEAGUE | Pobeda Khasavyurt vs Legion Dynamo Makhachkala | 1 - 1 | status: finished | result: draw
[업서트] JLEAGUE | Nart Cherkessk vs Spartak Nalchik | 5 - 0 | status: finished | result: home_win
[업서트] JLEAGUE | Druzhba Maykop vs Sochi-2 | 0 - 1 | status: finished | result: away_win
[업서트] JLEAGUE | Sevastopol vs Kuban-Holding Pavlovskaya | 1 - 1 | status: finished | result: draw
[업서트] JLEAGUE | Leones vs Vargas Torres | 3 - 2 | status: finished | result: home_win
[업서트] JLEAGUE | Christos FC vs Annapolis Blues | null - null | status: postponed | result: pending
[업서트] JLEAGUE | Red River vs Hattiesburg FC | 0 - 6 | status: finished | result: away_win
[업서트] JLEAGUE | St. Louis Ambush vs Peoria City | 1 - 3 | status: finished | result: away_win
[업서트] JLEAGUE | New Jersey Copa vs Staten Island Athletic | 2 - 0 | status: finished | result: home_win
[업서트] JLEAGUE | Dayton Dutch Lions vs West Virginia United | 2 - 3 | status: finished | result: away_win
[업서트] JLEAGUE | Weston FC vs Fort Lauderdale United | 2 - 2 | status: finished | result: draw
[업서트] JLEAGUE | Cedar Stars Rush vs Hudson Valley Hammers | 2 - 3 | status: finished | result: away_win
[업서트] JLEAGUE | Boston City vs Boston Bolts | 2 - 5 | status: finished | result: away_win
[업서트] JLEAGUE | Seacoast United Phantoms vs Western Mass Pioneers | 0 - 5 | status: finished | result: away_win
[업서트] JLEAGUE | Charlotte Independence II vs Tobacco Road | 3 - 2 | status: finished | result: home_win
[업서트] JLEAGUE | Real Central New Jersey vs Lehigh Valley United | 6 - 2 | status: finished | result: home_win
[업서트] JLEAGUE | Reading United vs Delaware FC | 1 - 2 | status: finished | result: away_win
[업서트] JLEAGUE | Brevard SC vs Brooke House | 0 - 0 | status: finished | result: draw
[업서트] JLEAGUE | Nona FC vs Brave SC | 0 - 1 | status: finished | result: away_win
[업서트] JLEAGUE | Cleveland Force vs Akron City | 0 - 2 | status: finished | result: away_win
[업서트] JLEAGUE | FC Buffalo vs Steel City | 1 - 4 | status: finished | result: away_win
[업서트] JLEAGUE | Džiugas Telšiai vs Riteriai | 2 - 1 | status: finished | result: home_win
[업서트] JLEAGUE | Kings Hammer Columbus vs Fort Wayne FC | 2 - 1 | status: finished | result: home_win
[업서트] JLEAGUE | Lexington SC II vs Kings Hammer FC | null - null | status: scheduled | result: pending
[업서트] JLEAGUE | Manhattan SC vs Ironbound SC | 1 - 3 | status: finished | result: away_win
[업서트] JLEAGUE | Morris Elite vs FC Motown II | 1 - 4 | status: finished | result: away_win
[업서트] JLEAGUE | Miami AC vs FC Miami City | 1 - 5 | status: finished | result: away_win
[업서트] JLEAGUE | Southern Soccer Academy vs Columbus United | null - null | status: postponed | result: pending
[업서트] JLEAGUE | San Francisco Glens vs Academica SC | 6 - 0 | status: finished | result: home_win
[업서트] JLEAGUE | Canada vs El Salvador | 2 - 0 | status: finished | result: home_win
[업서트] JLEAGUE | Honduras vs Curaçao | 2 - 1 | status: finished | result: home_win
[업서트] JLEAGUE | JJK vs MP | 0 - 0 | status: finished | result: draw
[업서트] JLEAGUE | Šiauliai vs Sūduva | 2 - 2 | status: finished | result: draw
[업서트] JLEAGUE | Tukums vs FK Liepāja | 1 - 3 | status: finished | result: away_win
[업서트] JLEAGUE | Bahirdar Ketema vs Welwalo Adigrat University | 3 - 0 | status: finished | result: home_win
[업서트] JLEAGUE | Klubi 04 vs SalPa | null - null | status: scheduled | result: pending
[결과 없음] 2025-06-18 | KT Wiz vs Lotte Giants | 원인 추론: 팀명/리그명 정규화 불일치 가능성, SportsDB API에 해당 경기 데이터 미존재, 경기 날짜/시간대(UTC/KST) 불일치 가능성, 리그ID/리그명 매핑 오류 가능성
[결과 없음] 2025-06-18 | Kia Tigers vs Samsung Lions | 원인 추론: 팀명/리그명 정규화 불일치 가능성, SportsDB API에 해당 경기 데이터 미존재, 경기 날짜/시간대(UTC/KST) 불일치 가능성, 리그ID/리그명 매핑 오류 가능성
[결과 없음] 2025-06-18 | Kiwoom Heroes vs NC Dinos | 원인 추론: 팀명/리그명 정규화 불일치 가능성, SportsDB API에 해당 경기 데이터 미존재, 경기 날짜/시간대(UTC/KST) 불일치 가능성, 리그ID/리그명 매핑 오류 가능성
[업서트] JLEAGUE | St. Louis Cardinals vs Chicago Cubs | 8 - 7 | status: finished | result: home_win
[업서트] JLEAGUE | Kiwoom Heroes vs Kia Tigers | 9 - 6 | status: finished | result: home_win
[업서트] JLEAGUE | San Diego Padres vs Washington Nationals | 6 - 10 | status: finished | result: away_win
[업서트] JLEAGUE | Los Angeles Angels vs Boston Red Sox | 9 - 5 | status: finished | result: home_win
[업서트] JLEAGUE | New York Mets vs Atlanta Braves | 4 - 7 | status: finished | result: away_win
[업서트] JLEAGUE | Kansas City Royals vs Tampa Bay Rays | 1 - 5 | status: finished | result: away_win
[업서트] JLEAGUE | Baltimore Orioles vs Texas Rangers | 5 - 6 | status: finished | result: away_win
[업서트] JLEAGUE | Cleveland Guardians vs Toronto Blue Jays | 6 - 10 | status: finished | result: away_win
[업서트] JLEAGUE | Cincinnati Reds vs New York Yankees | 5 - 4 | status: finished | result: home_win
[업서트] JLEAGUE | Chicago White Sox vs Arizona Diamondbacks | 1 - 4 | status: finished | result: away_win
[업서트] JLEAGUE | Milwaukee Brewers vs Pittsburgh Pirates | 9 - 3 | status: finished | result: home_win
[업서트] JLEAGUE | Minnesota Twins vs Seattle Mariners | 5 - 6 | status: finished | result: away_win
[업서트] JLEAGUE | NC Dinos vs Lotte Giants | null - null | status: postponed | result: pending
[업서트] JLEAGUE | Doosan Bears vs SSG Landers | 5 - 0 | status: finished | result: home_win
[업서트] JLEAGUE | Iowa Cubs vs Columbus Clippers | 0 - 12 | status: finished | result: away_win
[업서트] JLEAGUE | Wei Chuan Dragons vs Rakuten Monkeys | 3 - 11 | status: finished | result: away_win
[업서트] JLEAGUE | Fubon Guardians vs Uni-President Lions | 5 - 0 | status: finished | result: home_win
[업서트] JLEAGUE | Piratas de Campeche vs Diablos Rojos del México | 5 - 11 | status: finished | result: away_win
[업서트] JLEAGUE | Detroit Tigers vs Athletics | 11 - 4 | status: finished | result: home_win
[업서트] JLEAGUE | Toledo Mud Hens vs Charlotte Knights | 4 - 3 | status: finished | result: home_win
[업서트] JLEAGUE | Buffalo Bisons vs Lehigh Valley IronPigs | 1 - 4 | status: finished | result: away_win
[업서트] JLEAGUE | Durham Bulls vs Memphis Redbirds | 15 - 6 | status: finished | result: home_win
[업서트] JLEAGUE | KT Wiz vs LG Twins | 5 - 0 | status: finished | result: home_win
[업서트] JLEAGUE | Norfolk Tides vs Gwinnett Stripers | 3 - 1 | status: finished | result: home_win
[업서트] JLEAGUE | Scranton-Wilkes-Barre RailRiders vs Worcester Red Sox | 6 - 5 | status: finished | result: home_win
[업서트] JLEAGUE | Rochester Red Wings vs Syracuse Mets | 5 - 12 | status: finished | result: away_win
[업서트] JLEAGUE | Indianapolis Indians vs Omaha Storm Chasers | 9 - 1 | status: finished | result: home_win
[업서트] JLEAGUE | Chiba Lotte Marines vs Yomiuri Giants | 6 - 4 | status: finished | result: home_win
[업서트] JLEAGUE | Conspiradores de Querétaro vs Sultanes de Monterrey | 9 - 7 | status: finished | result: home_win
[업서트] JLEAGUE | Samsung Lions vs Hanwha Eagles | null - null | status: postponed | result: pending
[업서트] JLEAGUE | Italy Basketball Women vs Turkey Basketball Women | 76 - 74 | status: scheduled | result: home_win
[업서트] JLEAGUE | Ulm vs Bayern München Basketball | 53 - 67 | status: finished | result: away_win
[업서트] JLEAGUE | France Basketball Women vs Lithuania Basketball Women | 83 - 61 | status: finished | result: home_win
[업서트] JLEAGUE | KK Spartak Subotica vs KK Partizan | 79 - 93 | status: finished | result: away_win
[업서트] JLEAGUE | Paris Basketball vs AS Monaco Basket | 99 - 93 | status: finished | result: home_win
[업서트] JLEAGUE | Northern Knights vs North West Warriors | 42 - 181 | status: finished | result: away_win
[업서트] JLEAGUE | Leinster Lightning vs Munster Reds | 123 - 122 | status: finished | result: home_win
[업서트] JLEAGUE | MI New York vs San Francisco Unicorns | 199 - 246 | status: finished | result: away_win
[업서트] JLEAGUE | Germany Hockey vs Australia Hockey | 3 - 2 | status: finished | result: home_win
[업서트] JLEAGUE | 22 de Julio vs San Antonio FC | 0 - 1 | status: finished | result: away_win
[업서트] JLEAGUE | Changchun Xidu vs Hubei Istar | 1 - 0 | status: finished | result: home_win
[업서트] JLEAGUE | Brera Ilch vs SP Falcons | 2 - 5 | status: finished | result: away_win
[업서트] JLEAGUE | Al Wahda Damascus vs Hutteen SC | 0 - 2 | status: finished | result: away_win
[업서트] JLEAGUE | Portland Bangers vs Lane United | 1 - 1 | status: finished | result: draw
[업서트] JLEAGUE | Southern California Eagles vs FC Tucson | 2 - 2 | status: finished | result: draw
[업서트] JLEAGUE | CISA vs Albion SC Colorado | 2 - 3 | status: finished | result: away_win
[업서트] JLEAGUE | AC Connecticut vs Vermont Green | 0 - 0 | status: finished | result: draw
[업서트] JLEAGUE | Charlotte Eagles vs SC United Bantams | 0 - 2 | status: finished | result: away_win
[업서트] JLEAGUE | Virginia Beach United vs Virginia Marauders | 3 - 0 | status: finished | result: home_win
[업서트] JLEAGUE | Lansing City Football vs AFC Ann Arbor | 2 - 3 | status: finished | result: away_win
[업서트] JLEAGUE | Tacoma Stars vs Ballard FC | 0 - 11 | status: finished | result: away_win
[업서트] JLEAGUE | Asheville City SC vs East Atlanta Dutch Lions | 4 - 0 | status: finished | result: home_win
[업서트] JLEAGUE | Ventura County Fusion vs FC Capo II | 2 - 0 | status: finished | result: home_win
[업서트] JLEAGUE | Guadeloupe vs Guatemala | 2 - 3 | status: finished | result: away_win
[업서트] JLEAGUE | Panama vs Jamaica | 4 - 1 | status: finished | result: home_win
[업서트] JLEAGUE | Tishreen vs Taliya SC | 0 - 2 | status: finished | result: away_win
[업서트] JLEAGUE | Lambton Jaffas vs Broadmeadow Magic | 1 - 2 | status: finished | result: away_win
[업서트] JLEAGUE | New Lambton vs Charlestown Azzurri | 2 - 1 | status: finished | result: home_win
[업서트] JLEAGUE | Al Mirghani vs Al-Merrikh Al-Ubayyid | null - null | status: postponed | result: pending
[업서트] JLEAGUE | Al-Zamala Umrawaba vs Al-Ahli Wad Madani | null - null | status: postponed | result: pending
[업서트] JLEAGUE | Alittihad Misurata vs Al-Ittihad Tripoli | 0 - 1 | status: finished | result: away_win
[업서트] JLEAGUE | Maniema Union vs DCMP Imana | 2 - 0 | status: finished | result: home_win
[업서트] JLEAGUE | Saint-Éloi Lupopo vs TP Mazembe | 1 - 1 | status: finished | result: draw
[업서트] JLEAGUE | Simba Kolwezi vs Vita Club | 0 - 0 | status: finished | result: draw
[업서트] JLEAGUE | Don Bosco vs Sanga Balende | 3 - 0 | status: finished | result: home_win
[업서트] JLEAGUE | Inter Miami vs Palmeiras | 2 - 2 | status: finished | result: draw
[업서트] JLEAGUE | FC Porto vs Al Ahly SC | 4 - 4 | status: finished | result: draw
[업서트] JLEAGUE | Gauthiod vs IK Zenith | 2 - 3 | status: finished | result: away_win
[업서트] JLEAGUE | Järfälla vs Franke | 5 - 1 | status: finished | result: home_win
[업서트] JLEAGUE | Stocksund vs Karlberg | 0 - 5 | status: finished | result: away_win
[업서트] JLEAGUE | Räppe vs Kristianstad | 1 - 0 | status: finished | result: home_win
[업서트] JLEAGUE | Benfica vs Bayern Munich | 1 - 0 | status: finished | result: home_win
[업서트] JLEAGUE | Auckland City vs Boca Juniors | 1 - 1 | status: finished | result: draw
[업서트] JLEAGUE | Klubi 04 vs HJK Helsinki | 0 - 4 | status: finished | result: away_win
[업서트] JLEAGUE | AC Oulu vs SJK Seinajoki | 2 - 0 | status: finished | result: home_win
[업서트] JLEAGUE | Haka vs KuPS | 1 - 4 | status: finished | result: away_win
[업서트] JLEAGUE | Ekenäs IF vs Jaro | 2 - 4 | status: finished | result: away_win
[업서트] JLEAGUE | La Luz vs Atenas | 1 - 1 | status: finished | result: draw
[업서트] JLEAGUE | Ahal vs Arkadag | 0 - 3 | status: finished | result: away_win
[업서트] JLEAGUE | Manta vs Orense | 0 - 0 | status: finished | result: draw
[업서트] JLEAGUE | Hawasa Ketema vs Adama Kenema | 2 - 1 | status: finished | result: home_win
[업서트] JLEAGUE | Fasil Kenema vs Sidama Bunna | 1 - 1 | status: finished | result: draw
[업서트] JLEAGUE | Goiás vs Athletic Club-MG | 1 - 2 | status: finished | result: away_win
[업서트] JLEAGUE | Žalgiris Vilnius vs Hegelmann Litauen | 0 - 1 | status: finished | result: away_win
[업서트] JLEAGUE | Volgar Astrakhan vs Chelyabinsk | 1 - 1 | status: finished | result: draw
[업서트] JLEAGUE | Venezuela U17 vs Paraguay U17 | 3 - 2 | status: finished | result: home_win
[업서트] JLEAGUE | Turkey U17 vs Chile U17 | 1 - 2 | status: finished | result: away_win
[업서트] JLEAGUE | Tishreen vs Taliya SC | 0 - 1 | status: scheduled | result: away_win
[업서트] JLEAGUE | Dainava vs Banga Gargždai | 2 - 1 | status: finished | result: home_win
[업서트] JLEAGUE | Kauno Žalgiris vs Panevėžys | 3 - 0 | status: finished | result: home_win
[업서트] JLEAGUE | GKS Katowice vs Pogoń Szczecin | null - null | status: scheduled | result: pending
[업서트] JLEAGUE | New York Mets vs Atlanta Braves | 2 - 3 | status: finished | result: away_win
[업서트] JLEAGUE | Cincinnati Reds vs New York Yankees | 6 - 1 | status: finished | result: home_win
[업서트] JLEAGUE | Chicago White Sox vs Arizona Diamondbacks | 0 - 10 | status: finished | result: away_win
[업서트] JLEAGUE | Baltimore Orioles vs Texas Rangers | 6 - 0 | status: finished | result: home_win
[업서트] JLEAGUE | Milwaukee Brewers vs Pittsburgh Pirates | 4 - 5 | status: finished | result: away_win
[업서트] JLEAGUE | Minnesota Twins vs Seattle Mariners | 2 - 11 | status: finished | result: away_win
[업서트] JLEAGUE | St. Louis Cardinals vs Chicago Cubs | 8 - 2 | status: finished | result: home_win
[업서트] JLEAGUE | Olmecas de Tabasco vs Charros de Jalisco | 7 - 1 | status: finished | result: home_win
[업서트] JLEAGUE | Rieleros de Aguascalientes vs El Águila de Veracruz | 7 - 5 | status: finished | result: home_win
[업서트] JLEAGUE | Piratas de Campeche vs Caliente de Durango | 2 - 1 | status: finished | result: home_win
[업서트] JLEAGUE | Conspiradores de Querétaro vs Sultanes de Monterrey | 7 - 4 | status: finished | result: home_win
[업서트] JLEAGUE | Leones de Yucatán vs Toros de Tijuana | null - null | status: postponed | result: pending
[업서트] JLEAGUE | El Paso Chihuahuas vs Reno Aces | 4 - 12 | status: finished | result: away_win
[업서트] JLEAGUE | Golden State Valkyries vs Connecticut Sun | 87 - 63 | status: finished | result: home_win
[업서트] JLEAGUE | Besiktas Basketbol vs Fenerbahçe Basketbol | 87 - 91 | status: finished | result: away_win
[업서트] JLEAGUE | Boca Juniors vs Quimsa | 70 - 58 | status: finished | result: home_win
[업서트] JLEAGUE | Oklahoma City Thunder vs Indiana Pacers | 103 - 91 | status: finished | result: home_win
[업서트] JLEAGUE | Texas Super Kings vs Washington Freedom | 220 - 223 | status: finished | result: away_win
[업서트] JLEAGUE | Charlotte Checkers vs Abbotsford Canucks | 2 - 3 | status: finished | result: away_win
[업서트] JLEAGUE | Central Pulse vs Southern Steel | null - null | status: scheduled | result: pending
[업서트] JLEAGUE | ÍBV Vestmannaeyjar vs Afturelding | 1 - 2 | status: finished | result: away_win
[업서트] JLEAGUE | Valur vs KR Reykjavík | 6 - 1 | status: finished | result: home_win
[업서트] JLEAGUE | Everton de Viña del Mar vs O'Higgins | 0 - 1 | status: finished | result: away_win
[업서트] JLEAGUE | San Diego Wave vs Washington Spirit | 0 - 0 | status: finished | result: draw
[업서트] JLEAGUE | Bohemians vs Shamrock Rovers | 2 - 0 | status: finished | result: home_win
[업서트] JLEAGUE | Cork City vs Drogheda United | 1 - 1 | status: finished | result: draw
[업서트] JLEAGUE | Sligo Rovers vs Galway United | 2 - 1 | status: finished | result: home_win
[업서트] JLEAGUE | St Patricks vs Derry City | 0 - 1 | status: finished | result: away_win
[업서트] JLEAGUE | Waterford vs Shelbourne | 2 - 2 | status: finished | result: draw
[업서트] JLEAGUE | GIF Sundsvall vs Trelleborgs FF | 4 - 2 | status: finished | result: home_win
[업서트] JLEAGUE | Helsingborg vs Umeå | 5 - 1 | status: finished | result: home_win
[업서트] JLEAGUE | Wolayta Dicha vs Diredawa Ketema | 1 - 0 | status: finished | result: home_win
[업서트] JLEAGUE | Hadia Hosaina vs Arba Minch Kenema | 0 - 1 | status: finished | result: away_win
[업서트] JLEAGUE | Dinamo Samarqand vs Bunyodkor | 0 - 3 | status: finished | result: away_win
[업서트] JLEAGUE | Operário Ferroviário vs Novorizontino | 2 - 0 | status: finished | result: home_win
[업서트] JLEAGUE | Mjøndalen vs Skeid | 1 - 4 | status: finished | result: away_win
[업서트] JLEAGUE | Nueva Chicago vs Colón | 1 - 0 | status: finished | result: home_win
[업서트] JLEAGUE | Olimpo vs Santamarina | 1 - 1 | status: finished | result: draw
[업서트] JLEAGUE | Bartolomé Mitre vs Sarmiento de La Banda | 0 - 1 | status: finished | result: away_win
[업서트] JLEAGUE | PK-35 vs SJK Akatemia | 2 - 1 | status: finished | result: home_win
[업서트] JLEAGUE | Vakhsh Bokhtar vs Khujand | 2 - 1 | status: finished | result: home_win
[업서트] JLEAGUE | Melbourne Victory Youth vs Port Melbourne | 1 - 2 | status: finished | result: away_win
[업서트] JLEAGUE | Deportivo Paraguayo vs CA Atlas | 2 - 1 | status: finished | result: home_win
[업서트] JLEAGUE | Hunters vs FC Ulaanbaatar | 2 - 4 | status: finished | result: away_win
[업서트] JLEAGUE | Kings Hammer FC vs Dayton Dutch Lions | 2 - 2 | status: finished | result: draw
[업서트] JLEAGUE | AHFC Royals vs Lonestar SC | 2 - 3 | status: finished | result: away_win
[업서트] JLEAGUE | Sporting JAX vs Brooke House | 2 - 0 | status: finished | result: home_win
[업서트] JLEAGUE | Mexico vs Costa Rica | 0 - 0 | status: finished | result: draw
[업서트] JLEAGUE | Dominican Republic vs Suriname | 0 - 0 | status: finished | result: draw
[업서트] JLEAGUE | Bray Wanderers vs UCD | 1 - 3 | status: finished | result: away_win
[업서트] JLEAGUE | Cobh Ramblers vs Kerry | 1 - 0 | status: finished | result: home_win
[업서트] JLEAGUE | Hay Al Wadi vs Alamal SC Atbara | null - null | status: postponed | result: pending
[업서트] JLEAGUE | Portugal Women vs Nigeria Women | 0 - 0 | status: finished | result: draw
[업서트] JLEAGUE | Al Sadaqa vs Al-Akhdar | 0 - 2 | status: finished | result: away_win
[업서트] JLEAGUE | Finn Harps vs Dundalk | 1 - 0 | status: finished | result: home_win
[업서트] JLEAGUE | Al-Hilal Benghazi vs Al-Nasr SCSC | 2 - 1 | status: finished | result: home_win
[업서트] JLEAGUE | Cerro Largo vs Plaza Colonia | 0 - 1 | status: finished | result: away_win
[업서트] JLEAGUE | Boston River vs Montevideo City Torque | 2 - 1 | status: finished | result: home_win
[업서트] JLEAGUE | Longford Town vs Athlone Town | 3 - 2 | status: finished | result: home_win
[업서트] JLEAGUE | Dinamo-2 Minsk vs Bumprom Gomel | 0 - 2 | status: finished | result: away_win
[업서트] JLEAGUE | Minsk-2 vs UniXLabs Minsk | 1 - 1 | status: finished | result: draw
[업서트] JLEAGUE | Treaty United vs Wexford | 0 - 0 | status: finished | result: draw
[업서트] JLEAGUE | Independiente CG vs Deportivo Capiatá | 1 - 2 | status: finished | result: away_win
[업서트] JLEAGUE | Al-Ahly Benghazi vs Al-Tahaddi | 3 - 0 | status: finished | result: home_win
[업서트] JLEAGUE | Manchester City vs Al Ain | 6 - 0 | status: finished | result: home_win
[업서트] JLEAGUE | Netherlands U19 vs Romania U19 | 3 - 1 | status: finished | result: home_win
[업서트] JLEAGUE | Atletico Madrid vs Botafogo | 1 - 0 | status: finished | result: home_win
[업서트] JLEAGUE | Spain U19 vs Germany U19 | 3 - 3 | status: finished | result: draw
[업서트] JLEAGUE | Seattle Sounders FC vs Paris SG | 0 - 2 | status: finished | result: away_win
[업서트] JLEAGUE | Renaissance vs Wakriya | 0 - 4 | status: finished | result: away_win
[업서트] JLEAGUE | Ashanti Golden Boys vs CI Kamsar | 2 - 0 | status: finished | result: home_win
[업서트] JLEAGUE | Breiðablik vs Fram Reykjavík | 1 - 1 | status: finished | result: draw
[업서트] JLEAGUE | Sportivo Carapeguá vs Guaraní de Fram | 1 - 1 | status: finished | result: draw
[결과 없음] 2025-06-18 | LG Twins vs SSG Landers | 원인 추론: 팀명/리그명 정규화 불일치 가능성, SportsDB API에 해당 경기 데이터 미존재, 경기 날짜/시간대(UTC/KST) 불일치 가능성, 리그ID/리그명 매핑 오류 가능성
[업서트] JLEAGUE | Hamburg Sea Devils vs Prague Lions | 14 - 19 | status: finished | result: away_win
[업서트] JLEAGUE | Berlin Thunder vs Munich Ravens | 12 - 35 | status: finished | result: away_win
[업서트] JLEAGUE | Paris Musketeers vs Frankfurt Galaxy | 35 - 16 | status: finished | result: home_win
[업서트] JLEAGUE | BC Lions vs Winnipeg Blue Bombers | 14 - 27 | status: scheduled | result: away_win
[업서트] JLEAGUE | Stuttgart Surge vs Cologne Centurions | 88 - 7 | status: finished | result: home_win
[업서트] JLEAGUE | Western Bulldogs vs Richmond Football Club | null - null | status: scheduled | result: pending
[업서트] JLEAGUE | Greater Western Sydney Giants vs Gold Coast Football Club | 106 - 99 | status: finished | result: home_win
[업서트] JLEAGUE | Saraperos de Saltillo vs Pericos de Puebla | 12 - 4 | status: finished | result: home_win
[업서트] JLEAGUE | Saraperos de Saltillo vs Pericos de Puebla | 4 - 3 | status: finished | result: home_win
[업서트] JLEAGUE | Tigres de Quintana Roo vs Tecolotes de los Dos Laredos | 7 - 5 | status: finished | result: home_win
[업서트] JLEAGUE | Tigres de Quintana Roo vs Tecolotes de los Dos Laredos | 2 - 1 | status: finished | result: home_win
[업서트] JLEAGUE | Conspiradores de Querétaro vs Sultanes de Monterrey | null - null | status: postponed | result: pending
[업서트] JLEAGUE | Dorados de Chihuahua vs Guerreros de Oaxaca | 7 - 6 | status: finished | result: home_win
[업서트] JLEAGUE | Hanwha Eagles vs Kiwoom Heroes | 10 - 4 | status: finished | result: home_win
[업서트] JLEAGUE | KT Wiz vs NC Dinos | 0 - 2 | status: finished | result: away_win
[업서트] JLEAGUE | Dorados de Chihuahua vs Guerreros de Oaxaca | 10 - 6 | status: finished | result: home_win
[업서트] JLEAGUE | Colorado Rockies vs Arizona Diamondbacks | 3 - 5 | status: finished | result: away_win
[업서트] JLEAGUE | Los Angeles Dodgers vs Washington Nationals | 3 - 7 | status: finished | result: away_win
[업서트] JLEAGUE | Los Angeles Angels vs Houston Astros | 9 - 1 | status: finished | result: home_win
[업서트] JLEAGUE | Philadelphia Phillies vs New York Mets | 7 - 1 | status: finished | result: home_win
[업서트] JLEAGUE | Toronto Blue Jays vs Chicago White Sox | 2 - 4 | status: finished | result: away_win
[업서트] JLEAGUE | Miami Marlins vs Atlanta Braves | 5 - 3 | status: finished | result: home_win
[업서트] JLEAGUE | Minnesota Twins vs Milwaukee Brewers | 8 - 9 | status: finished | result: away_win
[업서트] JLEAGUE | St. Louis Cardinals vs Cincinnati Reds | 1 - 4 | status: finished | result: away_win
[업서트] JLEAGUE | Chicago Cubs vs Seattle Mariners | 6 - 14 | status: finished | result: away_win
[업서트] JLEAGUE | San Diego Padres vs Kansas City Royals | 3 - 2 | status: finished | result: home_win
[업서트] JLEAGUE | Tampa Bay Rays vs Detroit Tigers | 3 - 9 | status: finished | result: away_win
[업서트] JLEAGUE | Pittsburgh Pirates vs Texas Rangers | 8 - 3 | status: finished | result: home_win
[업서트] JLEAGUE | New York Yankees vs Baltimore Orioles | 4 - 2 | status: finished | result: home_win
[업서트] JLEAGUE | Los Angeles Dodgers vs Washington Nationals | 13 - 7 | status: finished | result: home_win
[업서트] JLEAGUE | Colorado Rockies vs Arizona Diamondbacks | 4 - 2 | status: finished | result: home_win
[업서트] JLEAGUE | San Francisco Giants vs Boston Red Sox | 9 - 5 | status: finished | result: home_win
[업서트] JLEAGUE | Los Angeles Angels vs Houston Astros | 7 - 8 | status: finished | result: away_win
[업서트] JLEAGUE | Rieleros de Aguascalientes vs El Águila de Veracruz | 4 - 10 | status: finished | result: away_win
[업서트] JLEAGUE | Athletics vs Cleveland Guardians | 2 - 4 | status: finished | result: away_win
[업서트] JLEAGUE | Athletics vs Cleveland Guardians | 0 - 3 | status: finished | result: away_win
[업서트] JLEAGUE | El Paso Chihuahuas vs Reno Aces | 3 - 4 | status: finished | result: away_win
[업서트] JLEAGUE | Tacoma Rainiers vs Albuquerque Isotopes | 6 - 2 | status: finished | result: home_win
[업서트] JLEAGUE | Oklahoma City Comets vs Round Rock Express | 4 - 3 | status: finished | result: home_win
[업서트] JLEAGUE | Salt Lake Bees vs Sacramento River Cats | 3 - 9 | status: finished | result: away_win
[업서트] JLEAGUE | Oklahoma City Comets vs Round Rock Express | 10 - 8 | status: finished | result: home_win
[업서트] JLEAGUE | Salt Lake Bees vs Sacramento River Cats | 11 - 1 | status: finished | result: home_win
[업서트] JLEAGUE | Tacoma Rainiers vs Albuquerque Isotopes | 7 - 2 | status: finished | result: home_win
[업서트] JLEAGUE | Columbus Clippers vs Indianapolis Indians | 8 - 6 | status: finished | result: home_win
[업서트] JLEAGUE | Louisville Bats vs Scranton-Wilkes-Barre RailRiders | 2 - 3 | status: finished | result: away_win
[업서트] JLEAGUE | Worcester Red Sox vs Buffalo Bisons | 12 - 10 | status: finished | result: home_win
[업서트] JLEAGUE | LG Twins vs Doosan Bears | 13 - 5 | status: finished | result: home_win
[업서트] JLEAGUE | Lotte Giants vs Samsung Lions | 9 - 6 | status: finished | result: home_win
[업서트] JLEAGUE | Lehigh Valley IronPigs vs Rochester Red Wings | null - null | status: postponed | result: pending
[업서트] JLEAGUE | Memphis Redbirds vs Norfolk Tides | 9 - 0 | status: finished | result: home_win
[업서트] JLEAGUE | SSG Landers vs Kia Tigers | 4 - 5 | status: finished | result: away_win
[업서트] JLEAGUE | Nashville Sounds vs Iowa Cubs | 1 - 0 | status: finished | result: home_win
[업서트] JLEAGUE | St. Paul Saints vs Toledo Mud Hens | 3 - 2 | status: finished | result: home_win
[업서트] JLEAGUE | Charlotte Knights vs Gwinnett Stripers | 4 - 5 | status: finished | result: away_win
[업서트] JLEAGUE | Omaha Storm Chasers vs Durham Bulls | 6 - 7 | status: finished | result: away_win
[업서트] JLEAGUE | Sugar Land Space Cowboys vs Las Vegas Aviators | 7 - 3 | status: finished | result: home_win
[업서트] JLEAGUE | Sugar Land Space Cowboys vs Las Vegas Aviators | 5 - 2 | status: finished | result: home_win
[업서트] JLEAGUE | Diablos Rojos del México vs Acereros de Monclova | null - null | status: postponed | result: pending
[업서트] JLEAGUE | Piratas de Campeche vs Caliente de Durango | 6 - 5 | status: finished | result: home_win
[업서트] JLEAGUE | Wei Chuan Dragons vs Uni-President Lions | 4 - 1 | status: finished | result: home_win
[업서트] JLEAGUE | CTBC Brothers vs Fubon Guardians | 10 - 0 | status: finished | result: home_win
[업서트] JLEAGUE | Rakuten Monkeys vs TSG Hawks | 2 - 1 | status: finished | result: home_win
[업서트] JLEAGUE | L and D Amsterdam vs UVV Utrecht | 11 - 7 | status: finished | result: home_win
[업서트] JLEAGUE | Curaçao Neptunus vs Corendon Kinheim | 13 - 6 | status: finished | result: home_win
[업서트] JLEAGUE | Twins Oosterhout vs Hoofddorp Pioniers | 2 - 6 | status: finished | result: away_win
[업서트] JLEAGUE | Hiroshima Toyo Carp vs Tohoku Rakuten Golden Eagles | 5 - 2 | status: finished | result: home_win
[업서트] JLEAGUE | Chunichi Dragons vs Hokkaido Nippon-Ham Fighters | 4 - 1 | status: finished | result: home_win
[업서트] JLEAGUE | Tokyo Yakult Swallows vs Orix Buffaloes | 2 - 4 | status: finished | result: away_win
[업서트] JLEAGUE | Hanshin Tigers vs Fukuoka SoftBank Hawks | 1 - 3 | status: finished | result: away_win
[업서트] JLEAGUE | Yokohama DeNA BayStars vs Chiba Lotte Marines | 9 - 10 | status: finished | result: away_win
[업서트] JLEAGUE | Yomiuri Giants vs Saitama Seibu Lions | 0 - 5 | status: finished | result: away_win
[업서트] JLEAGUE | Leones de Yucatán vs Toros de Tijuana | 3 - 5 | status: finished | result: away_win
[업서트] JLEAGUE | Olmecas de Tabasco vs Charros de Jalisco | 5 - 6 | status: finished | result: away_win
[업서트] JLEAGUE | Minnesota Lynx vs Los Angeles Sparks | 82 - 66 | status: finished | result: home_win
[업서트] JLEAGUE | Brampton Honey Badgers vs Ottawa BlackJacks | 76 - 89 | status: finished | result: away_win
[업서트] JLEAGUE | Montenegro Basketball Women vs Portugal Basketball Women | 49 - 63 | status: finished | result: away_win
[업서트] JLEAGUE | Great Britain Basketball Women vs Germany Basketball Women | 67 - 80 | status: finished | result: away_win
[업서트] JLEAGUE | KK Partizan vs KK Spartak Subotica | 94 - 74 | status: finished | result: home_win
[업서트] JLEAGUE | Start Lublin vs Legia Warszawa | 82 - 92 | status: finished | result: away_win
[업서트] JLEAGUE | AS Monaco Basket vs Paris Basketball | 80 - 74 | status: finished | result: home_win
[업서트] JLEAGUE | Belgium Basketball Women vs Czech Republic Basketball Women | 72 - 60 | status: finished | result: home_win
[업서트] JLEAGUE | Real Madrid Baloncesto vs Valencia Basket | 102 - 96 | status: scheduled | result: home_win
[업서트] JLEAGUE | Scarborough Shooting Stars vs Niagara River Lions | 102 - 70 | status: finished | result: home_win
[업서트] JLEAGUE | Instituto de Cordoba vs Regatas Corrientes | 82 - 72 | status: finished | result: home_win
[업서트] JLEAGUE | Edmonton Stingers vs Winnipeg Sea Bears | 98 - 85 | status: finished | result: home_win
[업서트] JLEAGUE | Manawatu Jets vs Canterbury Rams | 92 - 86 | status: finished | result: home_win
[업서트] JLEAGUE | Auckland Tuatara vs Southland Sharks | 80 - 86 | status: finished | result: away_win
[업서트] JLEAGUE | Sweden Basketball Women vs Spain Basketball Women | 75 - 78 | status: scheduled | result: away_win
[업서트] JLEAGUE | Calgary Surge vs Vancouver Bandits | 100 - 83 | status: finished | result: home_win
[업서트] JLEAGUE | Atlanta Dream vs Chicago Sky | 93 - 80 | status: finished | result: home_win
[업서트] JLEAGUE | Las Vegas Aces vs Indiana Fever | 89 - 81 | status: finished | result: home_win
[업서트] JLEAGUE | Washington Mystics vs Dallas Wings | 91 - 88 | status: scheduled | result: home_win
[업서트] JLEAGUE | Seattle Storm vs New York Liberty | 89 - 79 | status: finished | result: home_win
[업서트] JLEAGUE | Montreal Alliance vs Saskatchewan Rattlers | 93 - 89 | status: finished | result: home_win
[업서트] JLEAGUE | Los Angeles Knight Riders vs Seattle Orcas | 178 - 177 | status: finished | result: home_win
[업서트] JLEAGUE | MI New York vs Washington Freedom | 188 - 189 | status: finished | result: away_win
[업서트] JLEAGUE | Spain Hockey vs Ireland Hockey | 9 - 1 | status: finished | result: home_win
[업서트] JLEAGUE | Belgium Hockey vs India Hockey | 3 - 4 | status: finished | result: away_win
[업서트] JLEAGUE | England Hockey vs Australia Hockey | 2 - 1 | status: finished | result: home_win
[업서트] JLEAGUE | Germany Hockey vs Argentina Hockey | 4 - 3 | status: finished | result: home_win
[업서트] JLEAGUE | Abbotsford Canucks vs Charlotte Checkers | 3 - 4 | status: scheduled | result: away_win
[업서트] JLEAGUE | Botany Swarm vs West Auckland Admirals | 6 - 3 | status: finished | result: home_win
[업서트] JLEAGUE | Maryland Whipsnakes vs Carolina Chaos | 20 - 6 | status: finished | result: home_win
[업서트] JLEAGUE | Denver Outlaws vs Utah Archers | 13 - 10 | status: finished | result: home_win
[업서트] JLEAGUE | Maryland Whipsnakes vs Boston Cannons | 12 - 13 | status: scheduled | result: away_win
