[공통 DB 연결] process.env.DB_NAME: bettingDB
[누락리그] K리그1의 SportsDB 리그ID를 찾을 수 없음
[정규화] Los Angeles Dodgers vs San Diego Padres | main: soccer | sub: KLEAGUE1
[정규화] HCAW vs Hoofddorp Pioniers | main: soccer | sub: KLEAGUE1
[정규화] Chunichi Dragons vs Orix Buffaloes | main: soccer | sub: KLEAGUE1
[정규화] Hanshin Tigers vs Chiba Lotte Marines | main: soccer | sub: KLEAGUE1
[정규화] Hiroshima Toyo Carp vs Fukuoka SoftBank Hawks | main: soccer | sub: KLEAGUE1
[정규화] Tokyo Yakult Swallows vs Tohoku Rakuten Golden Eagles | main: soccer | sub: KLEAGUE1
[정규화] Seattle Mariners vs Boston Red Sox | main: soccer | sub: KLEAGUE1
[정규화] Miami Marlins vs Philadelphia Phillies | main: soccer | sub: KLEAGUE1
[정규화] Washington Nationals vs Colorado Rockies | main: soccer | sub: KLEAGUE1
[정규화] Tampa Bay Rays vs Baltimore Orioles | main: soccer | sub: KLEAGUE1
[정규화] Detroit Tigers vs Pittsburgh Pirates | main: soccer | sub: KLEAGUE1
[정규화] Cincinnati Reds vs Minnesota Twins | main: soccer | sub: KLEAGUE1
[정규화] Chicago White Sox vs St. Louis Cardinals | main: soccer | sub: KLEAGUE1
[정규화] Atlanta Braves vs New York Mets | main: soccer | sub: KLEAGUE1
[정규화] Hanwha Eagles vs Doosan Bears | main: baseball | sub: KBO
[정규화] KT Wiz vs Lotte Giants | main: baseball | sub: KBO
[정규화] Kia Tigers vs Samsung Lions | main: baseball | sub: KBO
[정규화] Kiwoom Heroes vs NC Dinos | main: baseball | sub: KBO
[정규화] LG Twins vs SSG Landers | main: baseball | sub: KBO
[정규화] Worcester Red Sox vs Buffalo Bisons | main: soccer | sub: KLEAGUE1
[정규화] New York Yankees vs Los Angeles Angels | main: soccer | sub: KLEAGUE1
[정규화] Toronto Blue Jays vs Arizona Diamondbacks | main: soccer | sub: KLEAGUE1
[정규화] Yokohama DeNA BayStars vs Saitama Seibu Lions | main: soccer | sub: KLEAGUE1
[정규화] Port Adelaide Football Club vs Carlton Football Club | main: soccer | sub: JLEAGUE
[정규화] Colorado Rockies vs Los Angeles Dodgers | main: soccer | sub: JLEAGUE
[정규화] Chicago White Sox vs Arizona Diamondbacks | main: soccer | sub: JLEAGUE
[정규화] Chicago Cubs vs Pittsburgh Pirates | main: baseball | sub: MLB
[정규화] Samsung Lions vs KT Wiz | main: baseball | sub: KBO
[정규화] Baltimore Orioles vs Texas Rangers | main: soccer | sub: JLEAGUE
[정규화] Hanwha Eagles vs Doosan Bears | main: baseball | sub: KBO
[정규화] KT Wiz vs Lotte Giants | main: baseball | sub: KBO
[정규화] Kia Tigers vs Samsung Lions | main: baseball | sub: KBO
[정규화] LG Twins vs SSG Landers | main: baseball | sub: KBO
[정규화] Kiwoom Heroes vs NC Dinos | main: baseball | sub: KBO
[정규화] NC Dinos vs Kia Tigers | main: baseball | sub: KBO
[정규화] Chicago Cubs vs Pittsburgh Pirates | main: baseball | sub: MLB
[정규화] Doosan Bears vs Kiwoom Heroes | main: baseball | sub: KBO
[정규화] Hanwha Eagles vs LG Twins | main: baseball | sub: KBO
[정규화] SSG Landers vs Lotte Giants | main: baseball | sub: KBO
[정규화] Texas Rangers vs Kansas City Royals | main: baseball | sub: MLB
[정규화] Texas Rangers vs Kansas City Royals | main: baseball | sub: MLB
[정규화] Lotte Giants vs Hanwha Eagles | main: baseball | sub: KBO
[정규화] Athletics vs Houston Astros | main: baseball | sub: MLB
[정규화] Sugar Land Space Cowboys vs Las Vegas Aviators | main: soccer | sub: KLEAGUE1
[정규화] Yomiuri Giants vs Hokkaido Nippon-Ham Fighters | main: soccer | sub: KLEAGUE1
[정규화] KT Wiz vs NC Dinos | main: baseball | sub: KBO
[정규화] Pericos de Puebla vs Algodoneros de Unión Laguna | main: soccer | sub: KLEAGUE1
[정규화] Charlotte Knights vs Gwinnett Stripers | main: soccer | sub: KLEAGUE1
[정규화] Columbus Clippers vs Indianapolis Indians | main: soccer | sub: KLEAGUE1
[정규화] Samsung Lions vs KT Wiz | main: baseball | sub: KBO
[정규화] Nashville Sounds vs Iowa Cubs | main: soccer | sub: KLEAGUE1
[정규화] UVV Utrecht vs Corendon Kinheim | main: soccer | sub: KLEAGUE1
[정규화] Wei Chuan Dragons vs Rakuten Monkeys | main: soccer | sub: KLEAGUE1
[정규화] Fubon Guardians vs Uni-President Lions | main: soccer | sub: KLEAGUE1
[정규화] TSG Hawks vs CTBC Brothers | main: soccer | sub: KLEAGUE1
[정규화] Athletics vs Houston Astros | main: soccer | sub: KLEAGUE1
[정규화] Oklahoma City Comets vs Round Rock Express | main: soccer | sub: KLEAGUE1
[정규화] Omaha Storm Chasers vs Durham Bulls | main: soccer | sub: KLEAGUE1
[정규화] LG Twins vs NC Dinos | main: baseball | sub: KBO
[정규화] Lotte Giants vs Hanwha Eagles | main: baseball | sub: KBO
[정규화] Kiwoom Heroes vs SSG Landers | main: baseball | sub: KBO
[정규화] Kia Tigers vs KT Wiz | main: baseball | sub: KBO
[정규화] SSG Landers vs Kia Tigers | main: baseball | sub: KBO
[정규화] Los Angeles Angels vs San Diego Padres | main: baseball | sub: MLB
[정규화] Lotte Giants vs Samsung Lions | main: baseball | sub: KBO
[정규화] Pittsburgh Pirates vs Texas Rangers | main: baseball | sub: MLB
[정규화] Samsung Lions vs Doosan Bears | main: baseball | sub: KBO
[정규화] Kiwoom Heroes vs SSG Landers | main: baseball | sub: KBO
[정규화] Kia Tigers vs KT Wiz | main: baseball | sub: KBO
[정규화] Samsung Lions vs Doosan Bears | main: baseball | sub: KBO
[정규화] Lotte Giants vs Hanwha Eagles | main: baseball | sub: KBO
[정규화] Samsung Lions vs Doosan Bears | main: baseball | sub: KBO
[정규화] Lotte Giants vs Hanwha Eagles | main: baseball | sub: KBO
[정규화] Toronto Blue Jays vs Chicago White Sox | main: baseball | sub: MLB
[정규화] Tampa Bay vs Detroit Tigers | main: baseball | sub: MLB
[정규화] Philadelphia Phillies vs New York Yankees | main: baseball | sub: MLB
[정규화] Chicago C vs Seattle M | main: baseball | sub: MLB
[정규화] New York Yankees vs Baltimore | main: baseball | sub: MLB
[정규화] Athletics vs Houston Astros | main: baseball | sub: MLB
[정규화] Miami Mar vs Atlanta B | main: baseball | sub: MLB
[정규화] Hanwha Eagles vs Kiwoom Heroes | main: baseball | sub: KBO
[정규화] LG Twins vs Doosan Bears | main: baseball | sub: KBO
[정규화] LG Twins vs NC Dinos | main: baseball | sub: KBO
[정규화] LG Twins vs NC Dinos | main: baseball | sub: KBO
[정규화] Louisville Bats vs Scranton-Wilkes-Barre RailRiders | main: soccer | sub: KLEAGUE1
[정규화] Lehigh Valley IronPigs vs Rochester Red Wings | main: soccer | sub: KLEAGUE1
[정규화] Indiana Fever vs Connecticut Sun | main: soccer | sub: KLEAGUE1
[정규화] Kiwoom Heroes vs SSG Landers | main: baseball | sub: KBO
[정규화] New York Liberty vs Atlanta Dream | main: soccer | sub: KLEAGUE1
[정규화] Paris Basketball vs AS Monaco Basket | main: soccer | sub: KLEAGUE1
[정규화] Pallacanestro Brescia vs Virtus Pallacanestro Bologna | main: soccer | sub: KLEAGUE1
[정규화] BC Žalgiris vs BC Lietuvos rytas | main: soccer | sub: KLEAGUE1
[정규화] Oklahoma City Thunder vs Indiana Pacers | main: soccer | sub: KLEAGUE1
[정규화] Boca Juniors vs Ferro Carril Oeste | main: soccer | sub: KLEAGUE1
[정규화] Baloncesto Málaga vs Real Madrid Baloncesto | main: soccer | sub: KLEAGUE1
[정규화] Fenerbahçe Basketbol vs Besiktas Basketbol | main: soccer | sub: KLEAGUE1
[정규화] Hampshire t20 vs Surrey t20 | main: soccer | sub: KLEAGUE1
[정규화] Munster Reds vs North West Warriors | main: soccer | sub: KLEAGUE1
[정규화] Leinster Lightning vs Northern Knights | main: soccer | sub: KLEAGUE1
[정규화] Seattle Orcas vs Texas Super Kings | main: soccer | sub: KLEAGUE1
[정규화] Australia Hockey vs Ireland Hockey | main: soccer | sub: KLEAGUE1
[정규화] England Hockey vs Netherlands Hockey | main: soccer | sub: KLEAGUE1
[정규화] Belgium Hockey vs Spain Hockey | main: soccer | sub: KLEAGUE1
[정규화] Jeonbuk Hyundai Motors vs Suwon FC | main: soccer | sub: KLEAGUE1
[정규화] Daegu FC vs Pohang Steelers | main: soccer | sub: KLEAGUE1
[정규화] Beijing Guoan vs Qingdao West Coast | main: soccer | sub: KLEAGUE1
[정규화] Diredawa Ketema vs Shire Endaselassie | main: soccer | sub: KLEAGUE1
[정규화] Deportes Copiapó vs San Luis de Quillota | main: soccer | sub: KLEAGUE1
[정규화] Georgia U21 vs Portugal U21 | main: soccer | sub: KLEAGUE1
[정규화] Kuressaare vs Tartu JK Tammeka | main: soccer | sub: KLEAGUE1
[정규화] FK Metta vs BFC Daugavpils | main: soccer | sub: KLEAGUE1
[정규화] Tukums vs FS Jelgava | main: soccer | sub: KLEAGUE1
[정규화] Super Nova vs FK Liepāja | main: soccer | sub: KLEAGUE1
[정규화] Volta Redonda vs Avaí | main: soccer | sub: KLEAGUE1
[정규화] Gualaceo vs Imbabura | main: soccer | sub: KLEAGUE1
[정규화] Sporting JAX vs Brooke House | main: soccer | sub: JLEAGUE
[정규화] ES Mostaganem vs JS Kabylie | main: soccer | sub: KLEAGUE1
[정규화] Quanzhou Yassin vs Wenzhou FC | main: soccer | sub: KLEAGUE1
[정규화] Duhok vs Al-Minaa | main: soccer | sub: KLEAGUE1
[정규화] Sueño FC vs River Light | main: soccer | sub: KLEAGUE1
[정규화] Twin City Toucans vs Corpus Christi FC | main: soccer | sub: KLEAGUE1
[정규화] Portland Bangers vs Tacoma Stars | main: soccer | sub: KLEAGUE1
[정규화] Vermont Green vs Western Mass Pioneers | main: soccer | sub: KLEAGUE1
[정규화] Akron City vs FC Buffalo | main: soccer | sub: KLEAGUE1
[정규화] AFC Ann Arbor vs Midwest United | main: soccer | sub: KLEAGUE1
[정규화] Lansing City Football vs Kalamazoo FC | main: soccer | sub: KLEAGUE1
[정규화] Manhattan SC vs FC Motown II | main: soccer | sub: KLEAGUE1
[정규화] Montevideo Wanderers vs Defensor Sporting | main: soccer | sub: KLEAGUE1
[정규화] Jamaica vs Guatemala | main: soccer | sub: KLEAGUE1
[정규화] Gangwon FC vs Daegu FC | main: soccer | sub: KLEAGUE1
[정규화] Norway U19 vs Netherlands U19 | main: soccer | sub: KLEAGUE1
[정규화] Germany U19 vs England U19 | main: soccer | sub: KLEAGUE1
[정규화] JS Saoura vs Paradou AC | main: soccer | sub: KLEAGUE1
[정규화] NC Magra vs CS Constantine | main: soccer | sub: KLEAGUE1
[정규화] CR Belouizdad vs MC Oran | main: soccer | sub: KLEAGUE1
[정규화] El Bayadh vs Olympique Akbou | main: soccer | sub: KLEAGUE1
[정규화] Larne vs TNS | main: soccer | sub: KLEAGUE1
[정규화] ASO Chlef vs MC Alger | main: soccer | sub: KLEAGUE1
[정규화] Orsha vs Dynamo Brest | main: soccer | sub: KLEAGUE1
[정규화] Minnesota Twins vs Seattle Mariners | main: soccer | sub: JLEAGUE
[정규화] St. Louis Cardinals vs Chicago Cubs | main: soccer | sub: JLEAGUE
[정규화] San Francisco Giants vs Miami Marlins | main: soccer | sub: JLEAGUE
[정규화] Colorado Rockies vs Los Angeles Dodgers | main: soccer | sub: JLEAGUE
[정규화] Houston Astros vs Philadelphia Phillies | main: soccer | sub: JLEAGUE
[정규화] Kansas City Royals vs Tampa Bay Rays | main: soccer | sub: JLEAGUE
[정규화] New York Mets vs Atlanta Braves | main: soccer | sub: JLEAGUE
[정규화] UVV Utrecht vs HCAW | main: soccer | sub: JLEAGUE
[정규화] Guerreros de Oaxaca vs Tigres de Quintana Roo | main: soccer | sub: JLEAGUE
[정규화] Toros de Tijuana vs Algodoneros de Unión Laguna | main: soccer | sub: JLEAGUE
[정규화] Saraperos de Saltillo vs Rieleros de Aguascalientes | main: soccer | sub: JLEAGUE
[정규화] Pericos de Puebla vs Conspiradores de Querétaro | main: soccer | sub: JLEAGUE
[정규화] El Águila de Veracruz vs Leones de Yucatán | main: soccer | sub: JLEAGUE
[정규화] Las Vegas Aviators vs Albuquerque Isotopes | main: soccer | sub: JLEAGUE
[정규화] Acereros de Monclova vs Dorados de Chihuahua | main: soccer | sub: JLEAGUE
[정규화] Tecolotes de los Dos Laredos vs Charros de Jalisco | main: soccer | sub: JLEAGUE
[정규화] Samsung Lions vs Hanwha Eagles | main: soccer | sub: JLEAGUE
[정규화] NC Dinos vs Lotte Giants | main: soccer | sub: JLEAGUE
[정규화] KT Wiz vs LG Twins | main: soccer | sub: JLEAGUE
[정규화] Doosan Bears vs SSG Landers | main: soccer | sub: JLEAGUE
[정규화] Norfolk Tides vs Gwinnett Stripers | main: soccer | sub: JLEAGUE
[정규화] Round Rock Express vs Tacoma Rainiers | main: soccer | sub: JLEAGUE
[정규화] Fubon Guardians vs Rakuten Monkeys | main: soccer | sub: JLEAGUE
[정규화] Detroit Tigers vs Athletics | main: soccer | sub: JLEAGUE
[정규화] Iowa Cubs vs Columbus Clippers | main: soccer | sub: JLEAGUE
[정규화] Piratas de Campeche vs Diablos Rojos del México | main: soccer | sub: JLEAGUE
[정규화] El Paso Chihuahuas vs Sugar Land Space Cowboys | main: soccer | sub: JLEAGUE
[정규화] Buffalo Bisons vs Lehigh Valley IronPigs | main: soccer | sub: JLEAGUE
[정규화] Qingdao Hainiu vs Zhejiang Professional | main: soccer | sub: JLEAGUE
[정규화] St. Louis Cardinals vs Chicago Cubs | main: soccer | sub: JLEAGUE
[정규화] Oklahoma City Thunder vs Indiana Pacers | main: soccer | sub: JLEAGUE
[정규화] Samsung Lions vs Doosan Bears | main: baseball | sub: KBO
[정규화] Kia Tigers vs KT Wiz | main: baseball | sub: KBO
[정규화] Colorado Rapids vs LA Galaxy | main: soccer | sub: JLEAGUE
[정규화] Rochester Red Wings vs Syracuse Mets | main: soccer | sub: JLEAGUE
[정규화] Kiwoom Heroes vs SSG Landers | main: baseball | sub: KBO
[정규화] Kia Tigers vs KT Wiz | main: baseball | sub: KBO
[정규화] Samsung Lions vs Doosan Bears | main: baseball | sub: KBO
[정규화] Lotte Giants vs Hanwha Eagles | main: baseball | sub: KBO
[정규화] Samsung Lions vs Doosan Bears | main: baseball | sub: KBO
[정규화] Lotte Giants vs Hanwha Eagles | main: baseball | sub: KBO
[정규화] Kiwoom Heroes vs SSG Landers | main: baseball | sub: KBO
[정규화] Kia Tigers vs KT Wiz | main: baseball | sub: KBO
[정규화] Los Angeles Angels vs San Diego Padres | main: baseball | sub: MLB
[정규화] Durham Bulls vs Memphis Redbirds | main: soccer | sub: JLEAGUE
[정규화] Tampa Bay vs Detroit Tigers | main: baseball | sub: MLB
[정규화] Philadelphia Phillies vs New York Yankees | main: baseball | sub: MLB
[정규화] Franklin Bulls vs Manawatu Jets | main: soccer | sub: JLEAGUE
[정규화] Golden State Valkyries vs New York Liberty | main: soccer | sub: JLEAGUE
[정규화] Lotte Giants vs Samsung Lions | main: baseball | sub: KBO
[정규화] Pittsburgh Pirates vs Texas Rangers | main: baseball | sub: MLB
[정규화] Toronto Blue Jays vs Chicago White Sox | main: baseball | sub: MLB
[정규화] New York Yankees vs Baltimore | main: baseball | sub: MLB
[정규화] Indiana Fever vs Los Angeles Sparks | main: soccer | sub: JLEAGUE
[정규화] Bayern München Basketball vs Ulm | main: soccer | sub: JLEAGUE
[정규화] Leinster Lightning vs Northern Knights | main: soccer | sub: JLEAGUE
[정규화] Munster Reds vs North West Warriors | main: soccer | sub: JLEAGUE
[정규화] San Francisco Unicorns vs Seattle Orcas | main: soccer | sub: JLEAGUE
[정규화] LG Twins vs NC Dinos | main: baseball | sub: KBO
[정규화] LG Twins vs NC Dinos | main: baseball | sub: KBO
[정규화] Penrith Panthers vs Canterbury Bankstown Bulldogs | main: soccer | sub: JLEAGUE
[정규화] FC Dallas vs San Jose Earthquakes | main: soccer | sub: JLEAGUE
[정규화] Sporting Kansas City vs Charlotte FC | main: soccer | sub: JLEAGUE
[정규화] Minnesota United vs Houston Dynamo | main: soccer | sub: JLEAGUE
[정규화] Chicago C vs Seattle M | main: baseball | sub: MLB
[정규화] Hanwha Eagles vs Kiwoom Heroes | main: baseball | sub: KBO
[정규화] LG Twins vs Doosan Bears | main: baseball | sub: KBO
[정규화] SSG Landers vs Kia Tigers | main: baseball | sub: KBO
[정규화] KT Wiz vs NC Dinos | main: baseball | sub: KBO
[정규화] St. Louis City SC vs Orlando City | main: soccer | sub: JLEAGUE
[정규화] Inter Milan vs River Plate | main: soccer | sub: JLEAGUE
[정규화] Juventus vs Manchester City | main: soccer | sub: JLEAGUE
[정규화] Wydad Casablanca vs Al Ain | main: soccer | sub: JLEAGUE
[정규화] Union Omaha vs Richmond Kickers | main: soccer | sub: JLEAGUE
[정규화] Njarðvík vs Keflavík | main: soccer | sub: JLEAGUE
[정규화] Xorazm Urganch vs Andijon | main: soccer | sub: JLEAGUE
[정규화] Shire Endaselassie vs Ethiopian Medhin | main: soccer | sub: JLEAGUE
[정규화] Philadelphia Union II vs New England Revolution II | main: soccer | sub: JLEAGUE
[정규화] Norrby vs Torslanda | main: soccer | sub: JLEAGUE
[정규화] Kiwoom Heroes vs SSG Landers | main: baseball | sub: KBO
[정규화] Kia Tigers vs KT Wiz | main: baseball | sub: KBO
[정규화] Samsung Lions vs Doosan Bears | main: baseball | sub: KBO
[정규화] Lotte Giants vs Hanwha Eagles | main: baseball | sub: KBO
[정규화] Samsung Lions vs Doosan Bears | main: baseball | sub: KBO
[정규화] Lotte Giants vs Hanwha Eagles | main: baseball | sub: KBO
[정규화] Kiwoom Heroes vs SSG Landers | main: baseball | sub: KBO
[정규화] Kia Tigers vs KT Wiz | main: baseball | sub: KBO
[정규화] Los Angeles Angels vs San Diego Padres | main: baseball | sub: MLB
[정규화] Casa Sport vs Guédiawaye FC | main: soccer | sub: JLEAGUE
[정규화] Tampa Bay vs Detroit Tigers | main: baseball | sub: MLB
[정규화] Philadelphia Phillies vs New York Yankees | main: baseball | sub: MLB
[정규화] Lotte Giants vs Samsung Lions | main: baseball | sub: KBO
[정규화] Pittsburgh Pirates vs Texas Rangers | main: baseball | sub: MLB
[정규화] Chicago C vs Seattle M | main: baseball | sub: MLB
[정규화] Hanwha Eagles vs Kiwoom Heroes | main: baseball | sub: KBO
[정규화] BFC Daugavpils vs Grobiņas SC-LFS | main: soccer | sub: JLEAGUE
[정규화] Cong An Nhan Dan FC vs Viettel | main: soccer | sub: JLEAGUE
[정규화] Hill Country Lobos vs Corpus Christi FC | main: soccer | sub: JLEAGUE
[정규화] Tigre vs Banfield | main: soccer | sub: JLEAGUE
[정규화] Husqvarna FF vs Lunds BK | main: soccer | sub: JLEAGUE
[정규화] LG Twins vs NC Dinos | main: baseball | sub: KBO
[정규화] LG Twins vs NC Dinos | main: baseball | sub: KBO
[정규화] Charlottesville Blues vs Lionsbridge FC | main: soccer | sub: JLEAGUE
[정규화] Apotheos FC vs Dothan United | main: soccer | sub: JLEAGUE
[정규화] LG Twins vs Doosan Bears | main: baseball | sub: KBO
[정규화] SSG Landers vs Kia Tigers | main: baseball | sub: KBO
[정규화] KT Wiz vs NC Dinos | main: baseball | sub: KBO
[정규화] AC Houston Sur vs Twin City Toucans | main: soccer | sub: JLEAGUE
[정규화] AHFC Royals vs GFI Academy | main: soccer | sub: JLEAGUE
[정규화] Louisiana Krewe vs Denton Diablos | main: soccer | sub: JLEAGUE
[정규화] Sunflower State vs Santafé Wanderers | main: soccer | sub: JLEAGUE
[정규화] Yunnan Yukun vs Henan FC | main: soccer | sub: JLEAGUE
[정규화] McKinney Chupacabras vs Little Rock Rangers | main: soccer | sub: JLEAGUE
[정규화] Bigfoot FC vs FC Olympia | main: soccer | sub: JLEAGUE
[정규화] San Francisco City FC vs Marin FC Legends | main: soccer | sub: JLEAGUE
[정규화] AMSG FC vs Coachella SC | main: soccer | sub: JLEAGUE
[정규화] CISA vs Colorado Storm | main: soccer | sub: JLEAGUE
[정규화] Switzerland Women vs Czechia Women | main: soccer | sub: JLEAGUE
[정규화] Jazz vs PKKU | main: soccer | sub: JLEAGUE
[정규화] Shanghai Port vs Dalian Yingbo | main: soccer | sub: JLEAGUE
[정규화] Atlético Grau vs Universitario | main: soccer | sub: JLEAGUE
[정규화] Australia Women vs Slovenia Women | main: soccer | sub: JLEAGUE
[정규화] Poland Women vs Ukraine Women | main: soccer | sub: JLEAGUE
[정규화] DCMP Imana vs Vita Club | main: soccer | sub: JLEAGUE
[정규화] TP Mazembe vs JS Kinshasa | main: soccer | sub: JLEAGUE
[정규화] Maniema Union vs Saint-Éloi Lupopo | main: soccer | sub: JLEAGUE
[정규화] Belgium Women vs Greece Women | main: soccer | sub: JLEAGUE
[정규화] Rostocker FC vs Hansa Rostock | main: soccer | sub: JLEAGUE
[정규화] Paks vs Szeged-Csanád | main: soccer | sub: JLEAGUE
[정규화] Noah vs DAC 1904 Dunajská Streda | main: soccer | sub: JLEAGUE
[정규화] Sparta Prague vs Slovan Bratislava | main: soccer | sub: JLEAGUE
[정규화] Imbabura vs Cumbayá | main: soccer | sub: JLEAGUE
[정규화] Bourj vs Chabab Ghazieh | main: soccer | sub: JLEAGUE
[정규화] Sagesse SC vs Tadamon Sour | main: soccer | sub: JLEAGUE
[정규화] Safa vs Nejmeh SC | main: soccer | sub: JLEAGUE
[정규화] FS Jelgava vs RFS | main: soccer | sub: JLEAGUE
[정규화] Spain U19 vs Netherlands U19 | main: soccer | sub: JLEAGUE
[정규화] Paraguay U17 vs Turkey U17 | main: soccer | sub: JLEAGUE
[정규화] Venezuela U17 vs Chile U17 | main: soccer | sub: JLEAGUE
[정규화] Gorée vs AJEL Rufisque | main: soccer | sub: JLEAGUE
[정규화] Teungueth vs Ouakam | main: soccer | sub: JLEAGUE
[정규화] Pikine vs ASC HLM | main: soccer | sub: JLEAGUE
[정규화] ASC Linguère vs Oslo FA | main: soccer | sub: JLEAGUE
[정규화] Dakar Sacré Coeur vs Wally Daan | main: soccer | sub: JLEAGUE
[정규화] Jaraaf vs Sonacos | main: soccer | sub: JLEAGUE
[정규화] China Volleyball vs USA Volleyball | main: soccer | sub: JLEAGUE
[정규화] France Volleyball vs Japan Volleyball | main: soccer | sub: JLEAGUE
[정규화] Brazil Volleyball vs China Volleyball | main: soccer | sub: JLEAGUE
[정규화] Turkey Volleyball vs Ukraine Volleyball | main: soccer | sub: JLEAGUE
[정규화] Houston Astros vs Philadelphia Phillies | main: soccer | sub: JLEAGUE
[정규화] San Diego Padres vs Washington Nationals | main: soccer | sub: JLEAGUE
[정규화] Los Angeles Angels vs Boston Red Sox | main: soccer | sub: JLEAGUE
[정규화] San Francisco Giants vs Miami Marlins | main: soccer | sub: JLEAGUE
[정규화] Milwaukee Brewers vs Pittsburgh Pirates | main: soccer | sub: JLEAGUE
[정규화] San Diego Padres vs Washington Nationals | main: soccer | sub: JLEAGUE
[정규화] New York Mets vs Atlanta Braves | main: soccer | sub: JLEAGUE
[정규화] Cincinnati Reds vs New York Yankees | main: soccer | sub: JLEAGUE
[정규화] Baltimore Orioles vs Texas Rangers | main: soccer | sub: JLEAGUE
[정규화] Los Angeles Angels vs Boston Red Sox | main: soccer | sub: JLEAGUE
[정규화] Greater Western Sydney Giants vs Gold Coast Football Club | main: soccer | sub: JLEAGUE
[정규화] KK FMP vs KK Partizan | main: soccer | sub: KLEAGUE1
[정규화] Miami Marlins vs Philadelphia Phillies | main: baseball | sub: MLB
[정규화] Samsung Lions vs Hanwha Eagles | main: soccer | sub: JLEAGUE
[정규화] Acereros de Monclova vs Dorados de Chihuahua | main: soccer | sub: JLEAGUE
[정규화] Tecolotes de los Dos Laredos vs Charros de Jalisco | main: soccer | sub: JLEAGUE
[정규화] Doosan Bears vs SSG Landers | main: soccer | sub: JLEAGUE
[정규화] Durham Bulls vs Memphis Redbirds | main: soccer | sub: JLEAGUE
[정규화] Sultanes de Monterrey vs Caliente de Durango | main: soccer | sub: JLEAGUE
[정규화] Kiwoom Heroes vs Kia Tigers | main: soccer | sub: JLEAGUE
[정규화] El Paso Chihuahuas vs Sugar Land Space Cowboys | main: soccer | sub: JLEAGUE
[정규화] Fubon Guardians vs Rakuten Monkeys | main: soccer | sub: JLEAGUE
[정규화] KT Wiz vs LG Twins | main: soccer | sub: JLEAGUE
[정규화] Norfolk Tides vs Gwinnett Stripers | main: soccer | sub: JLEAGUE
[정규화] Detroit Tigers vs Athletics | main: soccer | sub: JLEAGUE
[정규화] Reno Aces vs Salt Lake Bees | main: soccer | sub: JLEAGUE
[정규화] Round Rock Express vs Tacoma Rainiers | main: soccer | sub: JLEAGUE
[정규화] Sacramento River Cats vs Oklahoma City Comets | main: soccer | sub: JLEAGUE
[정규화] Reno Aces vs Salt Lake Bees | main: soccer | sub: JLEAGUE
[정규화] St. Paul Saints vs Louisville Bats | main: soccer | sub: JLEAGUE
[정규화] Peninsula Power vs Moreton City Excelsior | main: soccer | sub: KLEAGUE1
[정규화] France U21 vs Poland U21 | main: soccer | sub: KLEAGUE1
[정규화] Romania U21 vs Slovakia U21 | main: soccer | sub: KLEAGUE1
[정규화] Spain U21 vs Italy U21 | main: soccer | sub: KLEAGUE1
[정규화] Flamengo vs Espérance de Tunis | main: soccer | sub: KLEAGUE1
[정규화] Atlético Nacional vs Millonarios | main: soccer | sub: KLEAGUE1
[정규화] Fluminense vs Borussia Dortmund | main: soccer | sub: KLEAGUE1
[정규화] San Francisco Giants vs Cleveland Guardians | main: baseball | sub: MLB
[정규화] Duhok vs Al-Minaa | main: soccer | sub: KLEAGUE1
[정규화] River Plate vs Urawa Red Diamonds | main: soccer | sub: KLEAGUE1
[정규화] Ulsan HD vs Mamelodi Sundowns | main: soccer | sub: KLEAGUE1
[정규화] Orense vs Macará | main: soccer | sub: KLEAGUE1
[정규화] Colo-Colo vs Cobresal | main: soccer | sub: KLEAGUE1
[정규화] Deportes Iquique vs Everton de Viña del Mar | main: soccer | sub: KLEAGUE1
[정규화] FC Seoul vs Gangwon FC | main: soccer | sub: KLEAGUE1
[정규화] Larne vs The New Saints | main: soccer | sub: KLEAGUE1
[정규화] East Atlanta Dutch Lions vs Athens United | main: soccer | sub: KLEAGUE1
[정규화] Hay Al Wadi vs Al-Hilal Omdurman | main: soccer | sub: KLEAGUE1
[정규화] Al-Zamala Umrawaba vs Alamal SC Atbara | main: soccer | sub: KLEAGUE1
[정규화] Toledo Mud Hens vs Charlotte Knights | main: soccer | sub: JLEAGUE
[정규화] Buffalo Bisons vs Lehigh Valley IronPigs | main: soccer | sub: JLEAGUE
[정규화] Iowa Cubs vs Columbus Clippers | main: soccer | sub: JLEAGUE
[정규화] Toronto Blue Jays vs Chicago White Sox | main: soccer | sub: JLEAGUE
[정규화] Tampa Bay Rays vs Baltimore Orioles | main: baseball | sub: MLB
[정규화] New York Yankees vs Los Angeles Angels | main: baseball | sub: MLB
[정규화] Detroit Tigers vs Pittsburgh Pirates | main: baseball | sub: MLB
[정규화] Atlanta Braves vs New York Mets | main: baseball | sub: MLB
[정규화] Toronto Blue Jays vs Arizona Diamondbacks | main: baseball | sub: MLB
[정규화] Chicago Cubs vs Milwaukee Brewers | main: baseball | sub: MLB
[정규화] San Francisco Giants vs Cleveland Guardians | main: baseball | sub: MLB
[정규화] Chicago White Sox vs St. Louis Cardinals | main: baseball | sub: MLB
[정규화] LG Twins vs NC Dinos | main: baseball | sub: KBO
[정규화] Kia Tigers vs KT Wiz | main: baseball | sub: KBO
[정규화] Samsung Lions vs Doosan Bears | main: baseball | sub: KBO
[정규화] Lotte Giants vs Hanwha Eagles | main: baseball | sub: KBO
[정규화] LG Twins vs NC Dinos | main: baseball | sub: KBO
[정규화] Kiwoom Heroes vs SSG Landers | main: baseball | sub: KBO
[정규화] Kia Tigers vs KT Wiz | main: baseball | sub: KBO
[정규화] Lotte Giants vs Hanwha Eagles | main: soccer | sub: KLEAGUE1
[정규화] Samsung Lions vs Doosan Bears | main: soccer | sub: KLEAGUE1
[정규화] LG Twins vs NC Dinos | main: soccer | sub: KLEAGUE1
[정규화] Kiwoom Heroes vs SSG Landers | main: soccer | sub: KLEAGUE1
[정규화] Kia Tigers vs KT Wiz | main: soccer | sub: KLEAGUE1
[정규화] Chicago White Sox vs St. Louis Cardinals | main: baseball | sub: MLB
[정규화] Washington Nationals vs Colorado Rockies | main: baseball | sub: MLB
[정규화] Texas Rangers vs Kansas City Royals | main: baseball | sub: MLB
[정규화] Scranton-Wilkes-Barre RailRiders vs Worcester Red Sox | main: soccer | sub: JLEAGUE
[정규화] Cincinnati Reds vs Minnesota Twins | main: baseball | sub: MLB
[정규화] Pericos de Puebla vs Conspiradores de Querétaro | main: soccer | sub: JLEAGUE
[정규화] El Águila de Veracruz vs Leones de Yucatán | main: soccer | sub: JLEAGUE
[정규화] NC Dinos vs Lotte Giants | main: soccer | sub: JLEAGUE
[정규화] Saraperos de Saltillo vs Rieleros de Aguascalientes | main: soccer | sub: JLEAGUE
[정규화] Guerreros de Oaxaca vs Tigres de Quintana Roo | main: soccer | sub: JLEAGUE
[정규화] Chicago Sky vs Los Angeles Sparks | main: soccer | sub: JLEAGUE
[정규화] Dallas Wings vs Atlanta Dream | main: soccer | sub: JLEAGUE
[정규화] Washington Mystics vs Minnesota Lynx | main: soccer | sub: JLEAGUE
[정규화] Nelson Giants vs Auckland Tuatara | main: soccer | sub: JLEAGUE
[정규화] Fenerbahçe Basketbol vs Besiktas Basketbol | main: soccer | sub: JLEAGUE
[정규화] Pittsburgh Pirates vs Texas Rangers | main: soccer | sub: JLEAGUE
[정규화] Sangju Sangmu vs Anyang | main: soccer | sub: KLEAGUE1
[정규화] Gwangju FC vs Daejeon Hana Citizen | main: soccer | sub: KLEAGUE1
[정규화] Al-Shorta vs Al-Hudood | main: soccer | sub: JLEAGUE
[정규화] Boca Juniors vs Quimsa | main: soccer | sub: JLEAGUE
[정규화] Spain Basketball Women vs Czech Republic Basketball Women | main: soccer | sub: JLEAGUE
[정규화] Regatas Corrientes vs Instituto de Cordoba | main: soccer | sub: JLEAGUE
[정규화] Texas Super Kings vs Los Angeles Knight Riders | main: soccer | sub: JLEAGUE
[정규화] Munster Reds vs Northern Knights | main: soccer | sub: JLEAGUE
[정규화] Leinster Lightning vs North West Warriors | main: soccer | sub: JLEAGUE
[정규화] Germany Hockey vs Australia Hockey | main: soccer | sub: JLEAGUE
[정규화] New Lambton vs Lambton Jaffas | main: soccer | sub: JLEAGUE
[정규화] Maitland vs Cooks Hill United | main: soccer | sub: JLEAGUE
[정규화] Valentine vs Adamstown Rosebud | main: soccer | sub: JLEAGUE
[정규화] Edgeworth vs Belmont Swansea United | main: soccer | sub: JLEAGUE
[정규화] Weston Bears vs Newcastle Olympic | main: soccer | sub: JLEAGUE
[정규화] Columbus Crew vs Atlanta United | main: soccer | sub: JLEAGUE
[정규화] Toronto FC vs New York Red Bulls | main: soccer | sub: JLEAGUE
[정규화] Loudoun United vs Louisville City | main: soccer | sub: JLEAGUE
[정규화] Tampa Bay Rowdies vs Indy Eleven | main: soccer | sub: JLEAGUE
[정규화] Kawasaki Frontale vs Albirex Niigata | main: soccer | sub: JLEAGUE
[정규화] Yokohama F Marinos vs FC Tokyo | main: soccer | sub: JLEAGUE
[정규화] Eastern Suburbs FC vs Brisbane Roar Youth | main: soccer | sub: JLEAGUE
[정규화] Moreton City Excelsior vs Gold Coast United | main: soccer | sub: JLEAGUE
[정규화] Olympic FC vs Sunshine Coast Wanderers | main: soccer | sub: JLEAGUE
[정규화] Peninsula Power vs Wynnum Wolves | main: soccer | sub: JLEAGUE
[정규화] Espérance de Tunis vs Chelsea | main: soccer | sub: JLEAGUE
[정규화] Borussia Dortmund vs Ulsan HD | main: soccer | sub: JLEAGUE
[정규화] Mamelodi Sundowns vs Fluminense | main: soccer | sub: JLEAGUE
[정규화] South Georgia Tormenta vs FC Naples | main: soccer | sub: JLEAGUE
[정규화] Shanghai Shenhua vs Tianjin Jinmen Tiger | main: soccer | sub: JLEAGUE
[정규화] Shandong Taishan vs Wuhan Three Towns | main: soccer | sub: JLEAGUE
[정규화] Changchun Yatai vs Qingdao West Coast | main: soccer | sub: JLEAGUE
[정규화] Meizhou Hakka vs Beijing Guoan | main: soccer | sub: JLEAGUE
[정규화] Al-Zawraa vs Al-Minaa | main: soccer | sub: JLEAGUE
[정규화] Al-Shorta SC vs Al-Hudood | main: soccer | sub: JLEAGUE
[정규화] Ghana Women vs Benin Women | main: soccer | sub: JLEAGUE
[정규화] Latvia U17 vs Finland U17 | main: soccer | sub: JLEAGUE
[정규화] Kalamazoo FC vs Northern Indiana | main: soccer | sub: JLEAGUE
[정규화] Memphis Redbirds vs Norfolk Tides | main: soccer | sub: JLEAGUE
[정규화] Jeonbuk Hyundai Motors vs FC Seoul | main: soccer | sub: KLEAGUE1
[정규화] Mali U17 vs Burkina Faso U17 | main: soccer | sub: JLEAGUE
[정규화] BST Galaxy vs Steve Biko | main: soccer | sub: JLEAGUE
[정규화] Fortune vs Banjul United | main: soccer | sub: JLEAGUE
[정규화] Real de Banjul vs Team Rhino | main: soccer | sub: JLEAGUE
[정규화] Hart Academy vs SP Falcons | main: soccer | sub: JLEAGUE
[정규화] Bombada vs Banjul Hawks | main: soccer | sub: JLEAGUE
[정규화] Brikama United vs Gambian Dutch Lions | main: soccer | sub: JLEAGUE
[정규화] Gambia Armed Forces vs Marimoo | main: soccer | sub: JLEAGUE
[정규화] Dynamo Stavropol vs Astrakhan | main: soccer | sub: JLEAGUE
[정규화] Dynamo-2 Makhachkala vs Angusht Nazran | main: soccer | sub: JLEAGUE
[정규화] Pobeda Khasavyurt vs Legion Dynamo Makhachkala | main: soccer | sub: JLEAGUE
[정규화] Nart Cherkessk vs Spartak Nalchik | main: soccer | sub: JLEAGUE
[정규화] Druzhba Maykop vs Sochi-2 | main: soccer | sub: JLEAGUE
[정규화] Leones vs Vargas Torres | main: soccer | sub: JLEAGUE
[정규화] Christos FC vs Annapolis Blues | main: soccer | sub: JLEAGUE
[정규화] Red River vs Hattiesburg FC | main: soccer | sub: JLEAGUE
[정규화] New Jersey Copa vs Staten Island Athletic | main: soccer | sub: JLEAGUE
[정규화] Dayton Dutch Lions vs West Virginia United | main: soccer | sub: JLEAGUE
[정규화] Weston FC vs Fort Lauderdale United | main: soccer | sub: JLEAGUE
[정규화] Boston City vs Boston Bolts | main: soccer | sub: JLEAGUE
[정규화] Seacoast United Phantoms vs Western Mass Pioneers | main: soccer | sub: JLEAGUE
[정규화] Charlotte Independence II vs Tobacco Road | main: soccer | sub: JLEAGUE
[정규화] Reading United vs Delaware FC | main: soccer | sub: JLEAGUE
[정규화] Brevard SC vs Brooke House | main: soccer | sub: JLEAGUE
[정규화] Nona FC vs Brave SC | main: soccer | sub: JLEAGUE
[정규화] Cleveland Force vs Akron City | main: soccer | sub: JLEAGUE
[정규화] FC Buffalo vs Steel City | main: soccer | sub: JLEAGUE
[정규화] Džiugas Telšiai vs Riteriai | main: soccer | sub: JLEAGUE
[정규화] Kings Hammer Columbus vs Fort Wayne FC | main: soccer | sub: JLEAGUE
[정규화] Lexington SC II vs Kings Hammer FC | main: soccer | sub: JLEAGUE
[정규화] Miami AC vs FC Miami City | main: soccer | sub: JLEAGUE
[정규화] Southern Soccer Academy vs Columbus United | main: soccer | sub: JLEAGUE
[정규화] San Francisco Glens vs Academica SC | main: soccer | sub: JLEAGUE
[정규화] Canada vs El Salvador | main: soccer | sub: JLEAGUE
[정규화] Chunichi Dragons vs Hokkaido Nippon-Ham Fighters | main: soccer | sub: JLEAGUE
[정규화] Calgary Stampeders vs Ottawa Redblacks | main: icehockey | sub: NHL
[정규화] St. Louis Ambush vs Peoria City | main: soccer | sub: JLEAGUE
[정규화] Real Central New Jersey vs Lehigh Valley United | main: soccer | sub: JLEAGUE
[정규화] Morris Elite vs FC Motown II | main: soccer | sub: JLEAGUE
[정규화] JJK vs MP | main: soccer | sub: JLEAGUE
[정규화] Šiauliai vs Sūduva | main: soccer | sub: JLEAGUE
[정규화] Tukums vs FK Liepāja | main: soccer | sub: JLEAGUE
[정규화] Klubi 04 vs SalPa | main: soccer | sub: JLEAGUE
[정규화] St. Louis Cardinals vs Chicago Cubs | main: soccer | sub: JLEAGUE
[정규화] Kiwoom Heroes vs Kia Tigers | main: soccer | sub: JLEAGUE
[정규화] San Diego Padres vs Washington Nationals | main: soccer | sub: JLEAGUE
[정규화] New York Mets vs Atlanta Braves | main: soccer | sub: JLEAGUE
[정규화] Kansas City Royals vs Tampa Bay Rays | main: soccer | sub: JLEAGUE
[정규화] Baltimore Orioles vs Texas Rangers | main: soccer | sub: JLEAGUE
[정규화] Cincinnati Reds vs New York Yankees | main: soccer | sub: JLEAGUE
[정규화] Chicago White Sox vs Arizona Diamondbacks | main: soccer | sub: JLEAGUE
[정규화] Minnesota Twins vs Seattle Mariners | main: soccer | sub: JLEAGUE
[정규화] NC Dinos vs Lotte Giants | main: soccer | sub: JLEAGUE
[정규화] Doosan Bears vs SSG Landers | main: soccer | sub: JLEAGUE
[정규화] Iowa Cubs vs Columbus Clippers | main: soccer | sub: JLEAGUE
[정규화] Wei Chuan Dragons vs Rakuten Monkeys | main: soccer | sub: JLEAGUE
[정규화] Fubon Guardians vs Uni-President Lions | main: soccer | sub: JLEAGUE
[정규화] Detroit Tigers vs Athletics | main: soccer | sub: JLEAGUE
[정규화] Toledo Mud Hens vs Charlotte Knights | main: soccer | sub: JLEAGUE
[정규화] Buffalo Bisons vs Lehigh Valley IronPigs | main: soccer | sub: JLEAGUE
[정규화] Durham Bulls vs Memphis Redbirds | main: soccer | sub: JLEAGUE
[정규화] KT Wiz vs LG Twins | main: soccer | sub: JLEAGUE
[정규화] Norfolk Tides vs Gwinnett Stripers | main: soccer | sub: JLEAGUE
[정규화] Scranton-Wilkes-Barre RailRiders vs Worcester Red Sox | main: soccer | sub: JLEAGUE
[정규화] Rochester Red Wings vs Syracuse Mets | main: soccer | sub: JLEAGUE
[정규화] Chiba Lotte Marines vs Yomiuri Giants | main: soccer | sub: JLEAGUE
[정규화] Conspiradores de Querétaro vs Sultanes de Monterrey | main: soccer | sub: JLEAGUE
[정규화] Samsung Lions vs Hanwha Eagles | main: soccer | sub: JLEAGUE
[정규화] Ulm vs Bayern München Basketball | main: soccer | sub: JLEAGUE
[정규화] France Basketball Women vs Lithuania Basketball Women | main: soccer | sub: JLEAGUE
[정규화] KK Spartak Subotica vs KK Partizan | main: soccer | sub: JLEAGUE
[정규화] Paris Basketball vs AS Monaco Basket | main: soccer | sub: JLEAGUE
[정규화] Leinster Lightning vs Munster Reds | main: soccer | sub: JLEAGUE
[정규화] Belgium Basketball Women vs Czech Republic Basketball Women | main: soccer | sub: JLEAGUE
[정규화] Carlton Football Club vs North Melbourne Football Club | main: icehockey | sub: NHL
[정규화] Los Angeles Angels vs Boston Red Sox | main: soccer | sub: JLEAGUE
[정규화] Cleveland Guardians vs Toronto Blue Jays | main: soccer | sub: JLEAGUE
[정규화] Piratas de Campeche vs Diablos Rojos del México | main: soccer | sub: JLEAGUE
[정규화] Changchun Xidu vs Hubei Istar | main: soccer | sub: JLEAGUE
[정규화] Brera Ilch vs SP Falcons | main: soccer | sub: JLEAGUE
[정규화] Al Wahda Damascus vs Hutteen SC | main: soccer | sub: JLEAGUE
[정규화] Portland Bangers vs Lane United | main: soccer | sub: JLEAGUE
[정규화] CISA vs Albion SC Colorado | main: soccer | sub: JLEAGUE
[정규화] Charlotte Eagles vs SC United Bantams | main: soccer | sub: JLEAGUE
[정규화] Virginia Beach United vs Virginia Marauders | main: soccer | sub: JLEAGUE
[정규화] Lansing City Football vs AFC Ann Arbor | main: soccer | sub: JLEAGUE
[정규화] Tacoma Stars vs Ballard FC | main: soccer | sub: JLEAGUE
[정규화] Asheville City SC vs East Atlanta Dutch Lions | main: soccer | sub: JLEAGUE
[정규화] Ventura County Fusion vs FC Capo II | main: soccer | sub: JLEAGUE
[정규화] Guadeloupe vs Guatemala | main: soccer | sub: JLEAGUE
[정규화] Tishreen vs Taliya SC | main: soccer | sub: JLEAGUE
[정규화] New Lambton vs Charlestown Azzurri | main: soccer | sub: JLEAGUE
[정규화] Al Mirghani vs Al-Merrikh Al-Ubayyid | main: soccer | sub: JLEAGUE
[정규화] Al-Zamala Umrawaba vs Al-Ahli Wad Madani | main: soccer | sub: JLEAGUE
[정규화] Alittihad Misurata vs Al-Ittihad Tripoli | main: soccer | sub: JLEAGUE
[정규화] Maniema Union vs DCMP Imana | main: soccer | sub: JLEAGUE
[정규화] Simba Kolwezi vs Vita Club | main: soccer | sub: JLEAGUE
[정규화] Don Bosco vs Sanga Balende | main: soccer | sub: JLEAGUE
[정규화] Inter Miami vs Palmeiras | main: soccer | sub: JLEAGUE
[정규화] FC Porto vs Al Ahly SC | main: soccer | sub: JLEAGUE
[정규화] Järfälla vs Franke | main: soccer | sub: JLEAGUE
[정규화] Stocksund vs Karlberg | main: soccer | sub: JLEAGUE
[정규화] Räppe vs Kristianstad | main: soccer | sub: JLEAGUE
[정규화] Auckland City vs Boca Juniors | main: soccer | sub: JLEAGUE
[정규화] Klubi 04 vs HJK Helsinki | main: soccer | sub: JLEAGUE
[정규화] AC Oulu vs SJK Seinajoki | main: soccer | sub: JLEAGUE
[정규화] Haka vs KuPS | main: soccer | sub: JLEAGUE
[정규화] Ekenäs IF vs Jaro | main: soccer | sub: JLEAGUE
[정규화] Ahal vs Arkadag | main: soccer | sub: JLEAGUE
[정규화] Hawasa Ketema vs Adama Kenema | main: soccer | sub: JLEAGUE
[정규화] Fasil Kenema vs Sidama Bunna | main: soccer | sub: JLEAGUE
[정규화] Goiás vs Athletic Club-MG | main: soccer | sub: JLEAGUE
[정규화] Volgar Astrakhan vs Chelyabinsk | main: soccer | sub: JLEAGUE
[정규화] Tishreen vs Taliya SC | main: soccer | sub: JLEAGUE
[정규화] Indianapolis Indians vs Omaha Storm Chasers | main: soccer | sub: JLEAGUE
[정규화] Pohang Steelers vs Jeju SK | main: soccer | sub: KLEAGUE1
[정규화] Northern Knights vs North West Warriors | main: soccer | sub: JLEAGUE
[정규화] 22 de Julio vs San Antonio FC | main: soccer | sub: JLEAGUE
[정규화] Southern California Eagles vs FC Tucson | main: soccer | sub: JLEAGUE
[정규화] Kauno Žalgiris vs Panevėžys | main: soccer | sub: JLEAGUE
[정규화] GKS Katowice vs Pogoń Szczecin | main: soccer | sub: JLEAGUE
[정규화] Milwaukee Brewers vs Pittsburgh Pirates | main: soccer | sub: JLEAGUE
[정규화] Olmecas de Tabasco vs Charros de Jalisco | main: soccer | sub: JLEAGUE
[정규화] Rieleros de Aguascalientes vs El Águila de Veracruz | main: soccer | sub: JLEAGUE
[정규화] Piratas de Campeche vs Caliente de Durango | main: soccer | sub: JLEAGUE
[정규화] Conspiradores de Querétaro vs Sultanes de Monterrey | main: soccer | sub: JLEAGUE
[정규화] Leones de Yucatán vs Toros de Tijuana | main: soccer | sub: JLEAGUE
[정규화] El Paso Chihuahuas vs Reno Aces | main: soccer | sub: JLEAGUE
[정규화] Boca Juniors vs Quimsa | main: soccer | sub: JLEAGUE
[정규화] Texas Super Kings vs Washington Freedom | main: soccer | sub: JLEAGUE
[정규화] Charlotte Checkers vs Abbotsford Canucks | main: soccer | sub: JLEAGUE
[정규화] Central Pulse vs Southern Steel | main: soccer | sub: JLEAGUE
[정규화] ÍBV Vestmannaeyjar vs Afturelding | main: soccer | sub: JLEAGUE
[정규화] Valur vs KR Reykjavík | main: soccer | sub: JLEAGUE
[정규화] San Diego Wave vs Washington Spirit | main: soccer | sub: JLEAGUE
[정규화] Bohemians vs Shamrock Rovers | main: soccer | sub: JLEAGUE
[정규화] Cork City vs Drogheda United | main: soccer | sub: JLEAGUE
[정규화] Sligo Rovers vs Galway United | main: soccer | sub: JLEAGUE
[정규화] St Patricks vs Derry City | main: soccer | sub: JLEAGUE
[정규화] Helsingborg vs Umeå | main: soccer | sub: JLEAGUE
[정규화] Wolayta Dicha vs Diredawa Ketema | main: soccer | sub: JLEAGUE
[정규화] Dinamo Samarqand vs Bunyodkor | main: soccer | sub: JLEAGUE
[정규화] Operário Ferroviário vs Novorizontino | main: soccer | sub: JLEAGUE
[정규화] Mjøndalen vs Skeid | main: soccer | sub: JLEAGUE
[정규화] Nueva Chicago vs Colón | main: soccer | sub: JLEAGUE
[정규화] Olimpo vs Santamarina | main: soccer | sub: JLEAGUE
[정규화] Bartolomé Mitre vs Sarmiento de La Banda | main: soccer | sub: JLEAGUE
[정규화] PK-35 vs SJK Akatemia | main: soccer | sub: JLEAGUE
[정규화] Deportivo Paraguayo vs CA Atlas | main: soccer | sub: JLEAGUE
[정규화] Hunters vs FC Ulaanbaatar | main: soccer | sub: JLEAGUE
[정규화] Kings Hammer FC vs Dayton Dutch Lions | main: soccer | sub: JLEAGUE
[정규화] AHFC Royals vs Lonestar SC | main: soccer | sub: JLEAGUE
[정규화] BC Lions vs Winnipeg Blue Bombers | main: soccer | sub: JLEAGUE
[정규화] Panama vs Jamaica | main: soccer | sub: JLEAGUE
[정규화] Saint-Éloi Lupopo vs TP Mazembe | main: soccer | sub: JLEAGUE
[정규화] Benfica vs Bayern Munich | main: soccer | sub: JLEAGUE
[정규화] La Luz vs Atenas | main: soccer | sub: JLEAGUE
[정규화] Manta vs Orense | main: soccer | sub: JLEAGUE
[정규화] Dominican Republic vs Suriname | main: soccer | sub: JLEAGUE
[정규화] Bray Wanderers vs UCD | main: soccer | sub: JLEAGUE
[정규화] Hay Al Wadi vs Alamal SC Atbara | main: soccer | sub: JLEAGUE
[정규화] Portugal Women vs Nigeria Women | main: soccer | sub: JLEAGUE
[정규화] Finn Harps vs Dundalk | main: soccer | sub: JLEAGUE
[정규화] Al-Hilal Benghazi vs Al-Nasr SCSC | main: soccer | sub: JLEAGUE
[정규화] Cerro Largo vs Plaza Colonia | main: soccer | sub: JLEAGUE
[정규화] Dinamo-2 Minsk vs Bumprom Gomel | main: soccer | sub: JLEAGUE
[정규화] Minsk-2 vs UniXLabs Minsk | main: soccer | sub: JLEAGUE
[정규화] Treaty United vs Wexford | main: soccer | sub: JLEAGUE
[정규화] Independiente CG vs Deportivo Capiatá | main: soccer | sub: JLEAGUE
[정규화] Al-Ahly Benghazi vs Al-Tahaddi | main: soccer | sub: JLEAGUE
[정규화] Manchester City vs Al Ain | main: soccer | sub: JLEAGUE
[정규화] Spain U19 vs Germany U19 | main: soccer | sub: JLEAGUE
[정규화] Seattle Sounders FC vs Paris SG | main: soccer | sub: JLEAGUE
[정규화] Renaissance vs Wakriya | main: soccer | sub: JLEAGUE
[정규화] Ashanti Golden Boys vs CI Kamsar | main: soccer | sub: JLEAGUE
[정규화] Breiðablik vs Fram Reykjavík | main: soccer | sub: JLEAGUE
[정규화] Sportivo Carapeguá vs Guaraní de Fram | main: soccer | sub: JLEAGUE
[정규화] Berlin Thunder vs Munich Ravens | main: soccer | sub: JLEAGUE
[정규화] Paris Musketeers vs Frankfurt Galaxy | main: soccer | sub: JLEAGUE
[정규화] Western Bulldogs vs Richmond Football Club | main: soccer | sub: JLEAGUE
[정규화] Saraperos de Saltillo vs Pericos de Puebla | main: soccer | sub: JLEAGUE
[정규화] Saraperos de Saltillo vs Pericos de Puebla | main: soccer | sub: JLEAGUE
[정규화] Tigres de Quintana Roo vs Tecolotes de los Dos Laredos | main: soccer | sub: JLEAGUE
[정규화] Conspiradores de Querétaro vs Sultanes de Monterrey | main: soccer | sub: JLEAGUE
[정규화] Dorados de Chihuahua vs Guerreros de Oaxaca | main: soccer | sub: JLEAGUE
[정규화] Hanwha Eagles vs Kiwoom Heroes | main: soccer | sub: JLEAGUE
[정규화] KT Wiz vs NC Dinos | main: soccer | sub: JLEAGUE
[정규화] Dorados de Chihuahua vs Guerreros de Oaxaca | main: soccer | sub: JLEAGUE
[정규화] Colorado Rockies vs Arizona Diamondbacks | main: soccer | sub: JLEAGUE
[정규화] Los Angeles Dodgers vs Washington Nationals | main: soccer | sub: JLEAGUE
[정규화] Turkey U17 vs Chile U17 | main: soccer | sub: JLEAGUE
[정규화] New York Mets vs Atlanta Braves | main: soccer | sub: JLEAGUE
[정규화] Cincinnati Reds vs New York Yankees | main: soccer | sub: JLEAGUE
[정규화] Minnesota Twins vs Seattle Mariners | main: soccer | sub: JLEAGUE
[정규화] St. Louis Cardinals vs Cincinnati Reds | main: soccer | sub: JLEAGUE
[정규화] Chicago Cubs vs Seattle Mariners | main: soccer | sub: JLEAGUE
[정규화] San Diego Padres vs Kansas City Royals | main: soccer | sub: JLEAGUE
[정규화] Tampa Bay Rays vs Detroit Tigers | main: soccer | sub: JLEAGUE
[정규화] New York Yankees vs Baltimore Orioles | main: soccer | sub: JLEAGUE
[정규화] Colorado Rockies vs Arizona Diamondbacks | main: soccer | sub: JLEAGUE
[정규화] San Francisco Giants vs Boston Red Sox | main: soccer | sub: JLEAGUE
[정규화] Los Angeles Angels vs Houston Astros | main: soccer | sub: JLEAGUE
[정규화] Rieleros de Aguascalientes vs El Águila de Veracruz | main: soccer | sub: JLEAGUE
[정규화] Athletics vs Cleveland Guardians | main: soccer | sub: JLEAGUE
[정규화] Athletics vs Cleveland Guardians | main: soccer | sub: JLEAGUE
[정규화] El Paso Chihuahuas vs Reno Aces | main: soccer | sub: JLEAGUE
[정규화] Salt Lake Bees vs Sacramento River Cats | main: soccer | sub: JLEAGUE
[정규화] Oklahoma City Comets vs Round Rock Express | main: soccer | sub: JLEAGUE
[정규화] Salt Lake Bees vs Sacramento River Cats | main: soccer | sub: JLEAGUE
[정규화] Tacoma Rainiers vs Albuquerque Isotopes | main: soccer | sub: JLEAGUE
[정규화] Columbus Clippers vs Indianapolis Indians | main: soccer | sub: JLEAGUE
[정규화] Louisville Bats vs Scranton-Wilkes-Barre RailRiders | main: soccer | sub: JLEAGUE
[정규화] Worcester Red Sox vs Buffalo Bisons | main: soccer | sub: JLEAGUE
[정규화] Lotte Giants vs Samsung Lions | main: soccer | sub: JLEAGUE
[정규화] Lehigh Valley IronPigs vs Rochester Red Wings | main: soccer | sub: JLEAGUE
[정규화] SSG Landers vs Kia Tigers | main: soccer | sub: JLEAGUE
[정규화] Nashville Sounds vs Iowa Cubs | main: soccer | sub: JLEAGUE
[정규화] Charlotte Knights vs Gwinnett Stripers | main: soccer | sub: JLEAGUE
[정규화] Omaha Storm Chasers vs Durham Bulls | main: soccer | sub: JLEAGUE
[정규화] Sugar Land Space Cowboys vs Las Vegas Aviators | main: soccer | sub: JLEAGUE
[정규화] Diablos Rojos del México vs Acereros de Monclova | main: soccer | sub: JLEAGUE
[정규화] Piratas de Campeche vs Caliente de Durango | main: soccer | sub: JLEAGUE
[정규화] Wei Chuan Dragons vs Uni-President Lions | main: soccer | sub: JLEAGUE
[정규화] CTBC Brothers vs Fubon Guardians | main: soccer | sub: JLEAGUE
[정규화] Rakuten Monkeys vs TSG Hawks | main: soccer | sub: JLEAGUE
[정규화] L and D Amsterdam vs UVV Utrecht | main: soccer | sub: JLEAGUE
[정규화] Curaçao Neptunus vs Corendon Kinheim | main: soccer | sub: JLEAGUE
[정규화] Real Madrid Baloncesto vs Valencia Basket | main: soccer | sub: JLEAGUE
[정규화] Sweden Basketball Women vs Spain Basketball Women | main: soccer | sub: JLEAGUE
[정규화] Abbotsford Canucks vs Charlotte Checkers | main: soccer | sub: JLEAGUE
[정규화] Maryland Whipsnakes vs Boston Cannons | main: soccer | sub: JLEAGUE
[정규화] Besiktas Basketbol vs Fenerbahçe Basketbol | main: soccer | sub: JLEAGUE
[정규화] Everton de Viña del Mar vs O'Higgins | main: soccer | sub: JLEAGUE
[정규화] Hadia Hosaina vs Arba Minch Kenema | main: soccer | sub: JLEAGUE
[정규화] Vakhsh Bokhtar vs Khujand | main: soccer | sub: JLEAGUE
[정규화] Toronto Argonauts vs Saskatchewan Roughriders | main: icehockey | sub: NHL
[정규화] Vienna Vikings vs Rhein Fire | main: icehockey | sub: NHL
[정규화] Port Adelaide Football Club vs Sydney Swans | main: icehockey | sub: NHL
[정규화] Hanshin Tigers vs Fukuoka SoftBank Hawks | main: soccer | sub: JLEAGUE
[정규화] Yokohama DeNA BayStars vs Chiba Lotte Marines | main: soccer | sub: JLEAGUE
[정규화] Yomiuri Giants vs Saitama Seibu Lions | main: soccer | sub: JLEAGUE
[정규화] Leones de Yucatán vs Toros de Tijuana | main: soccer | sub: JLEAGUE
[정규화] Minnesota Lynx vs Los Angeles Sparks | main: soccer | sub: JLEAGUE
[정규화] Brampton Honey Badgers vs Ottawa BlackJacks | main: soccer | sub: JLEAGUE
[정규화] Great Britain Basketball Women vs Germany Basketball Women | main: soccer | sub: JLEAGUE
[정규화] KK Partizan vs KK Spartak Subotica | main: soccer | sub: JLEAGUE
[정규화] Start Lublin vs Legia Warszawa | main: soccer | sub: JLEAGUE
[정규화] AS Monaco Basket vs Paris Basketball | main: soccer | sub: JLEAGUE
[정규화] Instituto de Cordoba vs Regatas Corrientes | main: soccer | sub: JLEAGUE
[정규화] Edmonton Stingers vs Winnipeg Sea Bears | main: soccer | sub: JLEAGUE
[정규화] Manawatu Jets vs Canterbury Rams | main: soccer | sub: JLEAGUE
[정규화] Auckland Tuatara vs Southland Sharks | main: soccer | sub: JLEAGUE
[정규화] Calgary Surge vs Vancouver Bandits | main: soccer | sub: JLEAGUE
[정규화] Atlanta Dream vs Chicago Sky | main: soccer | sub: JLEAGUE
[정규화] Las Vegas Aces vs Indiana Fever | main: soccer | sub: JLEAGUE
[정규화] Seattle Storm vs New York Liberty | main: soccer | sub: JLEAGUE
[정규화] Los Angeles Knight Riders vs Seattle Orcas | main: soccer | sub: JLEAGUE
[정규화] MI New York vs Washington Freedom | main: soccer | sub: JLEAGUE
[정규화] Spain Hockey vs Ireland Hockey | main: soccer | sub: JLEAGUE
[정규화] Belgium Hockey vs India Hockey | main: soccer | sub: JLEAGUE
[정규화] England Hockey vs Australia Hockey | main: soccer | sub: JLEAGUE
[정규화] Botany Swarm vs West Auckland Admirals | main: soccer | sub: JLEAGUE
[정규화] Maryland Whipsnakes vs Carolina Chaos | main: soccer | sub: JLEAGUE
[정규화] Denver Outlaws vs Utah Archers | main: soccer | sub: JLEAGUE
[정규화] Saraperos de Saltillo vs Pericos de Puebla | main: icehockey | sub: NHL
[정규화] Nashville Sounds vs Iowa Cubs | main: icehockey | sub: NHL
[정규화] LG Twins vs Doosan Bears | main: icehockey | sub: NHL
[정규화] Louisville Bats vs Scranton-Wilkes-Barre RailRiders | main: icehockey | sub: NHL
[정규화] CTBC Brothers vs Fubon Guardians | main: icehockey | sub: NHL
[정규화] St. Paul Saints vs Toledo Mud Hens | main: icehockey | sub: NHL
[정규화] San Diego Padres vs Kansas City Royals | main: icehockey | sub: NHL
[정규화] Los Angeles Dodgers vs Washington Nationals | main: icehockey | sub: NHL
[정규화] Colorado Rockies vs Arizona Diamondbacks | main: icehockey | sub: NHL
[정규화] Minnesota Twins vs Milwaukee Brewers | main: icehockey | sub: NHL
[정규화] San Francisco Giants vs Boston Red Sox | main: icehockey | sub: NHL
[정규화] Minnesota Twins vs Milwaukee Brewers | main: icehockey | sub: NHL
[정규화] Chicago Cubs vs Seattle Mariners | main: icehockey | sub: NHL
[정규화] Toronto Blue Jays vs Chicago White Sox | main: icehockey | sub: NHL
[정규화] San Diego Padres vs Kansas City Royals | main: icehockey | sub: NHL
[정규화] St. Louis Cardinals vs Cincinnati Reds | main: icehockey | sub: NHL
[정규화] San Francisco Giants vs Boston Red Sox | main: icehockey | sub: NHL
[정규화] New York Yankees vs Baltimore Orioles | main: icehockey | sub: NHL
[정규화] Miami Marlins vs Atlanta Braves | main: icehockey | sub: NHL
[정규화] Philadelphia Phillies vs New York Mets | main: icehockey | sub: NHL
[정규화] Charlotte Knights vs Gwinnett Stripers | main: icehockey | sub: NHL
[정규화] Hanwha Eagles vs Kiwoom Heroes | main: icehockey | sub: NHL
[정규화] Lotte Giants vs Samsung Lions | main: icehockey | sub: NHL
[정규화] Rakuten Monkeys vs TSG Hawks | main: icehockey | sub: NHL
[정규화] Omaha Storm Chasers vs Durham Bulls | main: icehockey | sub: NHL
[정규화] Salt Lake Bees vs Sacramento River Cats | main: icehockey | sub: NHL
[정규화] Athletics vs Cleveland Guardians | main: icehockey | sub: NHL
[정규화] Sugar Land Space Cowboys vs Las Vegas Aviators | main: icehockey | sub: NHL
[정규화] St. Paul Saints vs Toledo Mud Hens | main: icehockey | sub: NHL
[정규화] Yomiuri Giants vs Saitama Seibu Lions | main: icehockey | sub: NHL
[정규화] Hanshin Tigers vs Fukuoka SoftBank Hawks | main: icehockey | sub: NHL
[정규화] Lehigh Valley IronPigs vs Rochester Red Wings | main: icehockey | sub: NHL
[정규화] El Paso Chihuahuas vs Reno Aces | main: icehockey | sub: NHL
[정규화] Worcester Red Sox vs Buffalo Bisons | main: icehockey | sub: NHL
[정규화] Mexico vs Costa Rica | main: soccer | sub: JLEAGUE
[정규화] Cobh Ramblers vs Kerry | main: soccer | sub: JLEAGUE
[정규화] Boston River vs Montevideo City Torque | main: soccer | sub: JLEAGUE
[정규화] Longford Town vs Athlone Town | main: soccer | sub: JLEAGUE
[정규화] Memphis Redbirds vs Norfolk Tides | main: icehockey | sub: NHL
[정규화] Leones de Yucatán vs Toros de Tijuana | main: icehockey | sub: NHL
[정규화] KT Wiz vs NC Dinos | main: icehockey | sub: NHL
[정규화] UVV Utrecht vs L and D Amsterdam | main: icehockey | sub: NHL
[정규화] Tacoma Rainiers vs Albuquerque Isotopes | main: icehockey | sub: NHL
[정규화] Hoofddorp Pioniers vs Twins Oosterhout | main: icehockey | sub: NHL
[정규화] Dorados de Chihuahua vs Guerreros de Oaxaca | main: icehockey | sub: NHL
[정규화] Diablos Rojos del México vs Acereros de Monclova | main: icehockey | sub: NHL
[정규화] Yokohama DeNA BayStars vs Chiba Lotte Marines | main: icehockey | sub: NHL
[정규화] Hiroshima Toyo Carp vs Tohoku Rakuten Golden Eagles | main: icehockey | sub: NHL
[정규화] Tokyo Yakult Swallows vs Orix Buffaloes | main: icehockey | sub: NHL
[정규화] Besiktas Basketbol vs Fenerbahçe Basketbol | main: icehockey | sub: NHL
[정규화] Goldfields Giants vs Geraldton Buccaneers | main: icehockey | sub: NHL
[정규화] Vancouver Bandits vs Winnipeg Sea Bears | main: icehockey | sub: NHL
[정규화] Joondalup Wolves vs Perry Lakes Hawks | main: icehockey | sub: NHL
[정규화] Willetton Tigers vs Mandurah Magic | main: icehockey | sub: NHL
[정규화] Indian Panthers vs Nelson Giants | main: icehockey | sub: NHL
[정규화] Perth Redbacks vs Rockingham Flames | main: icehockey | sub: NHL
[정규화] BC Žalgiris vs BC Lietuvos rytas | main: icehockey | sub: NHL
[정규화] Slovenia Basketball Women vs Serbia Basketball Women | main: icehockey | sub: NHL
[정규화] Franklin Bulls vs Taranaki Airs | main: icehockey | sub: NHL
[정규화] Cockburn Cougars vs East Perth Eagles | main: icehockey | sub: NHL
[정규화] Bayern München Basketball vs Ulm | main: icehockey | sub: NHL
[정규화] Greece Basketball Women vs Turkey Basketball Women | main: icehockey | sub: NHL
[정규화] France Basketball Women vs Switzerland Basketball Women | main: icehockey | sub: NHL
[정규화] Wellington Saints vs Tauranga Whai | main: icehockey | sub: NHL
[정규화] Texas Super Kings vs San Francisco Unicorns | main: icehockey | sub: NHL
[정규화] Japan Hockey vs South Africa Hockey | main: icehockey | sub: NHL
[정규화] Germany Hockey vs Argentina Hockey | main: icehockey | sub: NHL
[정규화] Pakistan Hockey vs New Zealand Hockey | main: icehockey | sub: NHL
[정규화] England Hockey vs Australia Hockey | main: icehockey | sub: NHL
[정규화] Wales Hockey vs Malaysia Hockey | main: icehockey | sub: NHL
[정규화] Ireland Hockey vs Spain Hockey | main: icehockey | sub: NHL
[정규화] Netherlands U19 vs Romania U19 | main: soccer | sub: JLEAGUE
[정규화] Hamburg Sea Devils vs Prague Lions | main: soccer | sub: JLEAGUE
[정규화] Tigres de Quintana Roo vs Tecolotes de los Dos Laredos | main: soccer | sub: JLEAGUE
[정규화] Philadelphia Phillies vs New York Mets | main: soccer | sub: JLEAGUE
[정규화] Sunshine Coast Lightning vs Melbourne Vixens | main: icehockey | sub: NHL
[정규화] Waikato Bay of Plenty Magic vs Northern Mystics | main: icehockey | sub: NHL
[정규화] New England Free Jacks vs Chicago Hounds | main: icehockey | sub: NHL
[정규화] Namibia Rugby vs MRU. New Nation Pumas | main: icehockey | sub: NHL
[정규화] West Harbour vs Manly | main: icehockey | sub: NHL
[정규화] La Plata vs Alumni | main: icehockey | sub: NHL
[정규화] Hindú vs Belgrano | main: icehockey | sub: NHL
[정규화] Gordon vs Sydney University | main: icehockey | sub: NHL
[정규화] Warrington Wolves vs Huddersfield Giants | main: icehockey | sub: NHL
[정규화] Catalans Dragons vs Leigh Leopards | main: icehockey | sub: NHL
[정규화] San Isidro Club vs Regatas | main: icehockey | sub: NHL
[정규화] New Zealand Warriors vs Penrith Panthers | main: icehockey | sub: NHL
[정규화] Western Sydney Two Blues vs Warringah | main: icehockey | sub: NHL
[정규화] Southern Districts vs Eastwood | main: icehockey | sub: NHL
[정규화] Newman vs C.A. San Isidro | main: icehockey | sub: NHL
[정규화] Toulouse Olympique vs Oldham R.L.F.C. | main: icehockey | sub: NHL
[정규화] Los Tilos vs San Luis | main: icehockey | sub: NHL
[정규화] Union Bordeaux Bègles vs RC Toulonnais | main: icehockey | sub: NHL
[정규화] Crusaders Super Rugby vs Chiefs Super Rugby | main: icehockey | sub: NHL
[정규화] Buenos Aires vs CUBA | main: icehockey | sub: NHL
[정규화] Yokohama F Marinos vs Fagiano Okayama | main: icehockey | sub: NHL
[정규화] Nagoya Grampus vs Shimizu S-Pulse | main: icehockey | sub: NHL
[정규화] Edmonton Elks vs Montreal Alouettes | main: icehockey | sub: NHL
[정규화] Geelong Football Club vs Brisbane Lions | main: icehockey | sub: NHL
[정규화] Tampa Bay Rays vs Detroit Tigers | main: icehockey | sub: NHL
[정규화] Athletics vs Houston Astros | main: icehockey | sub: NHL
[정규화] El Paso Chihuahuas vs Reno Aces | main: icehockey | sub: NHL
[정규화] Oklahoma City Comets vs Round Rock Express | main: icehockey | sub: NHL
[정규화] Tacoma Rainiers vs Albuquerque Isotopes | main: icehockey | sub: NHL
[정규화] Memphis Redbirds vs Norfolk Tides | main: icehockey | sub: NHL
[정규화] Rakuten Monkeys vs Uni-President Lions | main: icehockey | sub: NHL
[정규화] Chicago Cubs vs Seattle Mariners | main: icehockey | sub: NHL
[정규화] Pittsburgh Pirates vs Texas Rangers | main: icehockey | sub: NHL
[정규화] Wei Chuan Dragons vs CTBC Brothers | main: icehockey | sub: NHL
[정규화] Philadelphia Phillies vs New York Mets | main: icehockey | sub: NHL
[정규화] Miami Marlins vs Atlanta Braves | main: soccer | sub: JLEAGUE
[정규화] Los Angeles Dodgers vs Washington Nationals | main: soccer | sub: JLEAGUE
[정규화] Oklahoma City Comets vs Round Rock Express | main: soccer | sub: JLEAGUE
[정규화] Miami Marlins vs Atlanta Braves | main: icehockey | sub: NHL
[정규화] Omaha Storm Chasers vs Durham Bulls | main: icehockey | sub: NHL
[정규화] St. Paul Saints vs Toledo Mud Hens | main: icehockey | sub: NHL
[정규화] Worcester Red Sox vs Buffalo Bisons | main: icehockey | sub: NHL
[정규화] Charlotte Knights vs Gwinnett Stripers | main: icehockey | sub: NHL
[정규화] TSG Hawks vs Fubon Guardians | main: icehockey | sub: NHL
[정규화] Lehigh Valley IronPigs vs Rochester Red Wings | main: icehockey | sub: NHL
[정규화] Louisville Bats vs Scranton-Wilkes-Barre RailRiders | main: icehockey | sub: NHL
[정규화] Tokyo Yakult Swallows vs Orix Buffaloes | main: icehockey | sub: NHL
[정규화] Yokohama DeNA BayStars vs Chiba Lotte Marines | main: icehockey | sub: NHL
[정규화] Yomiuri Giants vs Saitama Seibu Lions | main: icehockey | sub: NHL
[정규화] Chunichi Dragons vs Hokkaido Nippon-Ham Fighters | main: icehockey | sub: NHL
[정규화] Algodoneros de Unión Laguna vs Guerreros de Oaxaca | main: icehockey | sub: NHL
[정규화] Conspiradores de Querétaro vs Acereros de Monclova | main: icehockey | sub: NHL
[정규화] Saraperos de Saltillo vs El Águila de Veracruz | main: icehockey | sub: NHL
[정규화] Tigres de Quintana Roo vs Toros de Tijuana | main: icehockey | sub: NHL
[정규화] Piratas de Campeche vs Charros de Jalisco | main: icehockey | sub: NHL
[정규화] Rieleros de Aguascalientes vs Pericos de Puebla | main: icehockey | sub: NHL
[정규화] Hanwha Eagles vs Kiwoom Heroes | main: icehockey | sub: NHL
[정규화] KT Wiz vs NC Dinos | main: icehockey | sub: NHL
[정규화] LG Twins vs Doosan Bears | main: icehockey | sub: NHL
[정규화] Nashville Sounds vs Iowa Cubs | main: icehockey | sub: NHL
[정규화] Lotte Giants vs Samsung Lions | main: icehockey | sub: NHL
[정규화] SSG Landers vs Kia Tigers | main: icehockey | sub: NHL
[정규화] Diablos Rojos del México vs Sultanes de Monterrey | main: icehockey | sub: NHL
[정규화] Niagara River Lions vs Montreal Alliance | main: icehockey | sub: NHL
[정규화] Real Madrid Baloncesto vs Valencia Basket | main: icehockey | sub: NHL
[정규화] AS Monaco Basket vs Paris Basketball | main: icehockey | sub: NHL
[정규화] Portugal Basketball Women vs Czech Republic Basketball Women | main: icehockey | sub: NHL
[정규화] Scarborough Shooting Stars vs Ottawa BlackJacks | main: icehockey | sub: NHL
[정규화] Calgary Surge vs Edmonton Stingers | main: icehockey | sub: NHL
[정규화] Golden State Valkyries vs Indiana Fever | main: icehockey | sub: NHL
[정규화] Connecticut Sun vs Dallas Wings | main: icehockey | sub: NHL
[정규화] LG Twins vs Doosan Bears | main: soccer | sub: JLEAGUE
[정규화] Sugar Land Space Cowboys vs Las Vegas Aviators | main: soccer | sub: JLEAGUE
[정규화] Hiroshima Toyo Carp vs Tohoku Rakuten Golden Eagles | main: soccer | sub: JLEAGUE
[정규화] Tokyo Yakult Swallows vs Orix Buffaloes | main: soccer | sub: JLEAGUE
[정규화] Washington Mystics vs Dallas Wings | main: soccer | sub: JLEAGUE
[정규화] Olmecas de Tabasco vs Charros de Jalisco | main: soccer | sub: JLEAGUE
[정규화] Warwick Senators vs Kalamunda Eastern Suns | main: icehockey | sub: NHL
[정규화] Lakeside Lightning vs Willetton Tigers | main: icehockey | sub: NHL
[정규화] Hawkes Bay Hawks vs Southland Sharks | main: icehockey | sub: NHL
[정규화] East Perth Eagles vs Perth Redbacks | main: icehockey | sub: NHL
[정규화] Legia Warszawa vs Start Lublin | main: icehockey | sub: NHL
[정규화] Instituto de Cordoba vs Regatas Corrientes | main: icehockey | sub: NHL
[정규화] Durham Jets vs Yorkshire Vikings | main: icehockey | sub: NHL
[정규화] Glamorgan t20 vs Somerset t20 | main: icehockey | sub: NHL
[정규화] Gloucestershire t20 vs Hampshire t20 | main: icehockey | sub: NHL
[정규화] Scarborough Shooting Stars vs Niagara River Lions | main: soccer | sub: JLEAGUE
[정규화] Birmingham Bears vs Worcestershire Rapids | main: icehockey | sub: NHL
[정규화] Derbyshire Falcons vs Lancashire Lightning | main: icehockey | sub: NHL
[정규화] Wales Hockey vs Japan Hockey | main: icehockey | sub: NHL
[정규화] Malaysia Hockey vs South Africa Hockey | main: icehockey | sub: NHL
[정규화] France Hockey vs Pakistan Hockey | main: icehockey | sub: NHL
[정규화] Skycity Stampede vs Canterbury Red Devils | main: icehockey | sub: NHL
[정규화] West Coast Fever vs Adelaide Thunderbirds | main: icehockey | sub: NHL
[정규화] Wests Tigers vs Canberra Raiders | main: icehockey | sub: NHL
[정규화] Wakefield Trinity Wildcats vs Wigan Warriors | main: icehockey | sub: NHL
[정규화] Stade Toulousain vs Aviron Bayonnais | main: icehockey | sub: NHL
[정규화] St Helens vs Leeds Rhinos | main: icehockey | sub: NHL
[정규화] British and Irish Lions vs Argentina Rugby | main: icehockey | sub: NHL
[정규화] Bradford Bulls vs Batley Bulldogs | main: icehockey | sub: NHL
[정규화] Deportes Linares vs Deportes Rengo | main: icehockey | sub: NHL
[정규화] Botafogo-SP vs Chapecoense | main: icehockey | sub: NHL
[정규화] 9 de Octubre vs Guayaquil City | main: icehockey | sub: NHL
[정규화] Cipolletti vs Kimberley | main: icehockey | sub: NHL
[정규화] Sarmiento de Resistencia vs Juventud Antoniana | main: icehockey | sub: NHL
[정규화] Smorgon vs Isloch Minsk Raion | main: icehockey | sub: NHL
[정규화] Slavia Mozyr vs BATE Borisov | main: icehockey | sub: NHL
[정규화] Arkadag vs Aşgabat | main: icehockey | sub: NHL
[정규화] ES Sétif vs US Biskra | main: icehockey | sub: NHL
[정규화] MC Oran vs USM Alger | main: icehockey | sub: NHL
[정규화] Al-Ittihad SC Aleppo vs Tishreen | main: icehockey | sub: NHL
[정규화] Surrey t20 vs Middlesex t20 | main: icehockey | sub: NHL
[정규화] Germany Hockey vs Argentina Hockey | main: soccer | sub: JLEAGUE
[정규화] Helvetic Mercenaries vs Raiders Tirol | main: icehockey | sub: NHL
[정규화] Al-Jaish vs Jableh SC | main: icehockey | sub: NHL
[정규화] Taliya SC vs Al-Karamah SC | main: icehockey | sub: NHL
[정규화] Al-Wathba SC vs Al-Shouleh | main: icehockey | sub: NHL
[정규화] Racing de Córdoba vs Deportivo Madryn | main: icehockey | sub: NHL
[정규화] Melbourne Knights vs Green Gully | main: icehockey | sub: NHL
[정규화] Dandenong City vs Altona Magic | main: icehockey | sub: NHL
[정규화] St Albans Saints vs Oakleigh Cannons | main: icehockey | sub: NHL
[정규화] Hume City vs Heidelberg United | main: icehockey | sub: NHL
[정규화] Hartford Athletic vs Loudoun United | main: icehockey | sub: NHL
[정규화] Lexington SC vs Colorado Springs Switchbacks | main: icehockey | sub: NHL
[정규화] Athlone Town vs Finn Harps | main: icehockey | sub: NHL
[정규화] Dundalk vs Treaty United | main: icehockey | sub: NHL
[정규화] Kerry vs Bray Wanderers | main: icehockey | sub: NHL
[정규화] UCD vs Cobh Ramblers | main: icehockey | sub: NHL
[정규화] Wexford vs Longford Town | main: icehockey | sub: NHL
[정규화] Yupanqui vs Sportivo Barracas | main: icehockey | sub: NHL
[정규화] Paris SG vs Botafogo | main: icehockey | sub: NHL
[정규화] Gambia Armed Forces vs Steve Biko | main: icehockey | sub: NHL
[정규화] Banjul Hawks vs Brikama United | main: icehockey | sub: NHL
[정규화] Darwin Olympic vs Darwin Hearts | main: icehockey | sub: NHL
[정규화] Mindil Aces vs Garuda | main: icehockey | sub: NHL
[정규화] Benfica vs Auckland City | main: icehockey | sub: NHL
[정규화] Flamengo vs Chelsea | main: icehockey | sub: NHL
[정규화] Fylkir vs HK Kópavogur | main: icehockey | sub: NHL
[정규화] Excursionistas vs Villa Dálmine | main: icehockey | sub: NHL
[정규화] Colorado Rockies vs Los Angeles Dodgers | main: soccer | sub: JLEAGUE
[정규화] Cleveland Guardians vs Toronto Blue Jays | main: soccer | sub: JLEAGUE
[정규화] Sultanes de Monterrey vs Caliente de Durango | main: soccer | sub: JLEAGUE
[정규화] Indianapolis Indians vs Omaha Storm Chasers | main: soccer | sub: JLEAGUE
[정규화] Skála ÍF vs B36 Tórshavn II | main: soccer | sub: JLEAGUE
[정규화] Universidad Católica del Ecuador vs Emelec | main: soccer | sub: JLEAGUE
[정규화] Birmingham Legion 2 vs Tennessee SC | main: soccer | sub: JLEAGUE
[정규화] Atlético Vinotinto vs Guayaquil City | main: soccer | sub: JLEAGUE
[정규화] FC Midtjylland vs Silkeborg IF | main: soccer | sub: JLEAGUE
[정규화] Génération Foot vs Jamono Fatick | main: soccer | sub: JLEAGUE
[정규화] Kansas City Royals vs Tampa Bay Rays | main: soccer | sub: JLEAGUE
[정규화] Minnesota Twins vs Seattle Mariners | main: soccer | sub: JLEAGUE
[정규화] Las Vegas Aviators vs Albuquerque Isotopes | main: soccer | sub: JLEAGUE
[정규화] Rieleros de Aguascalientes vs El Águila de Veracruz | main: icehockey | sub: NHL
[정규화] St. Louis vs Cincinnati Reds | main: baseball | sub: MLB
[정규화] Athletics vs Houston A | main: baseball | sub: MLB
[정규화] Wei Chuan Dragons vs Uni-President Lions | main: icehockey | sub: NHL
[정규화] Omaha Storm Chasers vs Durham Bulls | main: icehockey | sub: NHL
[정규화] Athletics vs Houston A | main: baseball | sub: MLB
[정규화] Italy Basketball Women vs Lithuania Basketball Women | main: icehockey | sub: NHL
[정규화] Skycity Stampede vs Canterbury Red Devils | main: icehockey | sub: NHL
[정규화] Toronto Blue Jays vs Chicago White Sox | main: icehockey | sub: NHL
[정규화] Leones de Yucatán vs Tecolotes de los Dos Laredos | main: icehockey | sub: NHL
[정규화] Spain Basketball Women vs Germany Basketball Women | main: icehockey | sub: NHL
[정규화] New Zealand Hockey vs South Korea Hockey | main: icehockey | sub: NHL
[정규화] CS Constantine vs JS Saoura | main: icehockey | sub: NHL
[정규화] Hutteen SC vs Al-Shorta SC Syria | main: icehockey | sub: NHL
[정규화] Sydney FC Youth vs APIA Leichhardt | main: icehockey | sub: NHL
[정규화] Hoofddorp Pioniers vs L and D Amsterdam | main: soccer | sub: JLEAGUE
[정규화] Houston Astros vs Philadelphia Phillies | main: soccer | sub: JLEAGUE
[정규화] Scranton-Wilkes-Barre RailRiders vs Worcester Red Sox | main: soccer | sub: JLEAGUE
[정규화] Las Vegas Aces vs Connecticut Sun | main: soccer | sub: JLEAGUE
[정규화] Urawa Red Diamonds vs Monterrey | main: soccer | sub: JLEAGUE
[정규화] Norway Women vs Sweden Women | main: soccer | sub: JLEAGUE
[정규화] Los Angeles FC II vs Minnesota United FC 2 | main: soccer | sub: JLEAGUE
[정규화] Song Lam Nghe An vs Binh Duong | main: soccer | sub: JLEAGUE
[정규화] Netherlands Women vs Finland Women | main: soccer | sub: JLEAGUE
[정규화] Chicago Fire vs Philadelphia Union | main: soccer | sub: JLEAGUE
[정규화] Netherlands Volleyball vs Germany Volleyball | main: soccer | sub: JLEAGUE
[정규화] Cleveland Guardians vs Toronto Blue Jays | main: soccer | sub: JLEAGUE
[정규화] St. Louis Cardinals vs Chicago Cubs | main: soccer | sub: JLEAGUE
[정규화] Piratas de Campeche vs Diablos Rojos del México | main: soccer | sub: JLEAGUE
[정규화] Indianapolis Indians vs Omaha Storm Chasers | main: soccer | sub: JLEAGUE
[정규화] Valencia Basket vs Real Madrid Baloncesto | main: soccer | sub: JLEAGUE
[정규화] Estonia U17 vs Lithuania U17 | main: soccer | sub: JLEAGUE
[정규화] OshSU Aldier vs Ilbirs Bishkek | main: soccer | sub: JLEAGUE
[정규화] Sevastopol vs Kuban-Holding Pavlovskaya | main: soccer | sub: JLEAGUE
[정규화] Manhattan SC vs Ironbound SC | main: soccer | sub: JLEAGUE
[정규화] MI New York vs San Francisco Unicorns | main: soccer | sub: JLEAGUE
[정규화] Lambton Jaffas vs Broadmeadow Magic | main: soccer | sub: JLEAGUE
[정규화] Venezuela U17 vs Paraguay U17 | main: soccer | sub: JLEAGUE
[정규화] Italy Basketball Women vs Turkey Basketball Women | main: soccer | sub: JLEAGUE
[정규화] Nordic Storm vs Wrocław Panthers | main: icehockey | sub: NHL
[정규화] Tampa Bay Rays vs Detroit Tigers | main: icehockey | sub: NHL
[정규화] Olmecas de Tabasco vs Charros de Jalisco | main: icehockey | sub: NHL
[정규화] Columbus Clippers vs Indianapolis Indians | main: icehockey | sub: NHL
[정규화] Chunichi Dragons vs Hokkaido Nippon-Ham Fighters | main: icehockey | sub: NHL
[정규화] Chicago Sky vs Phoenix Mercury | main: icehockey | sub: NHL
[정규화] Belgium Hockey vs India Hockey | main: icehockey | sub: NHL
[정규화] Philadelphia Waterdogs vs New York Atlas | main: icehockey | sub: NHL
[정규화] El Nacional vs Universidad Católica del Ecuador | main: icehockey | sub: NHL
[정규화] St. Paul Saints vs Louisville Bats | main: soccer | sub: JLEAGUE
[정규화] Seattle Storm vs Indiana Fever | main: soccer | sub: JLEAGUE
[정규화] Belgium Basketball Women vs Germany Basketball Women | main: soccer | sub: JLEAGUE
[정규화] New England Revolution vs Nashville SC | main: soccer | sub: JLEAGUE
[정규화] Chengdu Rongcheng vs Shenzhen Peng City | main: soccer | sub: JLEAGUE
[정규화] Greater Tomorrow vs TMT | main: soccer | sub: JLEAGUE
[정규화] Rostov-2 vs Rubin Yalta | main: soccer | sub: JLEAGUE
[정규화] Cedar Stars Rush vs Hudson Valley Hammers | main: soccer | sub: JLEAGUE
[정규화] Honduras vs Curaçao | main: soccer | sub: JLEAGUE
[정규화] Milwaukee Brewers vs Pittsburgh Pirates | main: soccer | sub: JLEAGUE
[정규화] Germany Hockey vs Australia Hockey | main: soccer | sub: JLEAGUE
[정규화] AC Connecticut vs Vermont Green | main: soccer | sub: JLEAGUE
[정규화] Gauthiod vs IK Zenith | main: soccer | sub: JLEAGUE
[정규화] Žalgiris Vilnius vs Hegelmann Litauen | main: soccer | sub: JLEAGUE
[정규화] Dainava vs Banga Gargždai | main: soccer | sub: JLEAGUE
[정규화] Golden State Valkyries vs Connecticut Sun | main: soccer | sub: JLEAGUE
[정규화] Waterford vs Shelbourne | main: soccer | sub: JLEAGUE
[정규화] GIF Sundsvall vs Trelleborgs FF | main: soccer | sub: JLEAGUE
[정규화] Melbourne Victory Youth vs Port Melbourne | main: soccer | sub: JLEAGUE
[정규화] Al Sadaqa vs Al-Akhdar | main: soccer | sub: JLEAGUE
[정규화] Atletico Madrid vs Botafogo | main: soccer | sub: JLEAGUE
[정규화] Stuttgart Surge vs Cologne Centurions | main: soccer | sub: JLEAGUE
[정규화] Los Angeles Angels vs Houston Astros | main: soccer | sub: JLEAGUE
[정규화] Minnesota Twins vs Milwaukee Brewers | main: soccer | sub: JLEAGUE
[정규화] Tacoma Rainiers vs Albuquerque Isotopes | main: soccer | sub: JLEAGUE
[정규화] St. Paul Saints vs Toledo Mud Hens | main: soccer | sub: JLEAGUE
[정규화] Twins Oosterhout vs Hoofddorp Pioniers | main: soccer | sub: JLEAGUE
[정규화] Montenegro Basketball Women vs Portugal Basketball Women | main: soccer | sub: JLEAGUE
[정규화] Montreal Alliance vs Saskatchewan Rattlers | main: soccer | sub: JLEAGUE
[정규화] Collingwood Football Club vs St Kilda Football Club | main: icehockey | sub: NHL
[정규화] Diablos Rojos del México vs Acereros de Monclova | main: icehockey | sub: NHL
[정규화] Corendon Kinheim vs Curaçao Neptunus | main: icehockey | sub: NHL
[정규화] Los Angeles Angels vs Houston Astros | main: icehockey | sub: NHL
[정규화] Pittsburgh Pirates vs Texas Rangers | main: icehockey | sub: NHL
[정규화] Memphis Redbirds vs Norfolk Tides | main: icehockey | sub: NHL
[정규화] Piratas de Campeche vs Caliente de Durango | main: icehockey | sub: NHL
[정규화] Oklahoma City Comets vs Round Rock Express | main: icehockey | sub: NHL
[정규화] Tigres de Quintana Roo vs Tecolotes de los Dos Laredos | main: icehockey | sub: NHL
[정규화] SSG Landers vs Kia Tigers | main: icehockey | sub: NHL
[정규화] Brampton Honey Badgers vs Saskatchewan Rattlers | main: icehockey | sub: NHL
[정규화] Las Vegas Aces vs Seattle Storm | main: icehockey | sub: NHL
[정규화] France Hockey vs South Korea Hockey | main: icehockey | sub: NHL
[정규화] Botany Swarm vs West Auckland Admirals | main: icehockey | sub: NHL
[정규화] Northern Suburbs vs Eastern Suburbs | main: icehockey | sub: NHL
[정규화] Hunter vs Randwick | main: icehockey | sub: NHL
[정규화] Dolphins vs Newcastle Knights | main: icehockey | sub: NHL
[정규화] South Sydney Rabbitohs vs Melbourne Storm | main: icehockey | sub: NHL
[정규화] Seongnam FC vs Chungnam Asan | main: icehockey | sub: NHL
[정규화] Olmecas de Tabasco vs Caliente de Durango | main: icehockey | sub: NHL
[정규화] Salt Lake Bees vs Sacramento River Cats | main: icehockey | sub: NHL
[정규화] Los Angeles Dodgers vs San Diego Padres | main: icehockey | sub: NHL
[정규화] St. Louis Cardinals vs Cincinnati Reds | main: icehockey | sub: NHL
[정규화] Columbus Clippers vs Indianapolis Indians | main: icehockey | sub: NHL
[정규화] Hiroshima Toyo Carp vs Tohoku Rakuten Golden Eagles | main: icehockey | sub: NHL
[정규화] Hanshin Tigers vs Fukuoka SoftBank Hawks | main: icehockey | sub: NHL
[정규화] Sugar Land Space Cowboys vs Las Vegas Aviators | main: icehockey | sub: NHL
[정규화] Essex Eagles vs Kent Spitfires | main: icehockey | sub: NHL
[정규화] Featherstone Rovers vs Halifax R.L.F.C. | main: icehockey | sub: NHL
[정규화] Tartu JK Tammeka U21 vs Nõmme United | main: icehockey | sub: NHL
[정규화] Broadmeadow Magic vs Belmont Swansea United | main: icehockey | sub: NHL
[정규화] Cajamarca vs San Marcos de Huari | main: icehockey | sub: NHL
[정규화] Kiwoom Heroes vs Kia Tigers | main: soccer | sub: JLEAGUE
[정규화] Uni-President Lions vs TSG Hawks | main: soccer | sub: JLEAGUE
[정규화] Toledo Mud Hens vs Charlotte Knights | main: soccer | sub: JLEAGUE
[정규화] Vancouver Whitecaps vs San Diego FC | main: soccer | sub: JLEAGUE
[정규화] Patuxent Football Athletics vs Northern Virginia FC | main: soccer | sub: JLEAGUE
[정규화] Serbia Volleyball vs Cuba Volleyball | main: soccer | sub: JLEAGUE
[정규화] Toros de Tijuana vs Algodoneros de Unión Laguna | main: soccer | sub: JLEAGUE
[정규화] New York Yankees vs Baltimore Orioles | main: icehockey | sub: NHL
[정규화] Algodoneros de Unión Laguna vs Guerreros de Oaxaca | main: icehockey | sub: NHL
[정규화] Indiana Pacers vs Oklahoma City Thunder | main: icehockey | sub: NHL
[정규화] Atlanta Dream vs Washington Mystics | main: icehockey | sub: NHL
[정규화] Montenegro Basketball Women vs Belgium Basketball Women | main: icehockey | sub: NHL
[정규화] Sweden Basketball Women vs Great Britain Basketball Women | main: icehockey | sub: NHL
[정규화] South West Slammers vs Cockburn Cougars | main: icehockey | sub: NHL
[정규화] Northants Steelbacks vs Notts Outlaws | main: icehockey | sub: NHL
[정규화] Abbotsford Canucks vs Charlotte Checkers | main: icehockey | sub: NHL
[정규화] Concón National vs Real Juventud San Joaquín | main: icehockey | sub: NHL
[정규화] Istaravshan vs Hulbuk Vose | main: icehockey | sub: NHL
[정규화] Al Wahda Damascus vs Al-Fotuwa SC | main: icehockey | sub: NHL
[정규화] North Carolina FC vs Louisville City | main: icehockey | sub: NHL
[정규화] Defensores de Cambaceres vs Mercedes | main: icehockey | sub: NHL
[정규화] Leiknir Reykjavík vs Njarðvík | main: icehockey | sub: NHL
[정규화] San Francisco Giants vs Miami Marlins | main: soccer | sub: JLEAGUE
[정규화] Chicago White Sox vs Arizona Diamondbacks | main: soccer | sub: JLEAGUE
[정규화] Sacramento River Cats vs Oklahoma City Comets | main: soccer | sub: JLEAGUE
[정규화] Rochester Red Wings vs Syracuse Mets | main: soccer | sub: JLEAGUE
[정규화] Bahirdar Ketema vs Welwalo Adigrat University | main: soccer | sub: JLEAGUE
[DB 정규화 완료]
[결과 없음] 2025-06-18 | Hanwha Eagles vs Doosan Bears | 원인 추론: 팀명/리그명 정규화 불일치 가능성, SportsDB API에 해당 경기 데이터 미존재, 경기 날짜/시간대(UTC/KST) 불일치 가능성, 리그ID/리그명 매핑 오류 가능성
[업서트] JLEAGUE | Kawasaki Frontale vs Albirex Niigata | 3 - 1 | status: finished | result: home_win
[업서트] JLEAGUE | Yokohama F Marinos vs FC Tokyo | 0 - 3 | status: finished | result: away_win
[결과 없음] 2025-06-18 | KT Wiz vs Lotte Giants | 원인 추론: 팀명/리그명 정규화 불일치 가능성, SportsDB API에 해당 경기 데이터 미존재, 경기 날짜/시간대(UTC/KST) 불일치 가능성, 리그ID/리그명 매핑 오류 가능성
[결과 없음] 2025-06-18 | Kia Tigers vs Samsung Lions | 원인 추론: 팀명/리그명 정규화 불일치 가능성, SportsDB API에 해당 경기 데이터 미존재, 경기 날짜/시간대(UTC/KST) 불일치 가능성, 리그ID/리그명 매핑 오류 가능성
[결과 없음] 2025-06-18 | Kiwoom Heroes vs NC Dinos | 원인 추론: 팀명/리그명 정규화 불일치 가능성, SportsDB API에 해당 경기 데이터 미존재, 경기 날짜/시간대(UTC/KST) 불일치 가능성, 리그ID/리그명 매핑 오류 가능성
[업서트] JLEAGUE | Yokohama F Marinos vs Fagiano Okayama | 0 - 1 | status: finished | result: away_win
[업서트] JLEAGUE | Nagoya Grampus vs Shimizu S-Pulse | 1 - 1 | status: finished | result: draw
[결과 없음] 2025-06-18 | LG Twins vs SSG Landers | 원인 추론: 팀명/리그명 정규화 불일치 가능성, SportsDB API에 해당 경기 데이터 미존재, 경기 날짜/시간대(UTC/KST) 불일치 가능성, 리그ID/리그명 매핑 오류 가능성
