[공통 DB 연결] process.env.DB_NAME: bettingDB

[스포츠DB에서 스코어를 조회한 pending 경기]
2025-06-23 | Cincinnati Reds vs New York Yankees | API: Cincinnati Reds 6 - 1 New York Yankees | status: FT
2025-06-13 | Samsung Lions vs KT Wiz | API: Samsung Lions null - null KT Wiz | status: POST
2025-06-18 | Hanwha Eagles vs Doosan Bears | API: 결과 없음
2025-06-18 | KT Wiz vs Lotte Giants | API: 결과 없음
2025-06-18 | Kia Tigers vs Samsung Lions | API: 결과 없음
2025-06-18 | Kiwoom Heroes vs NC Dinos | API: 결과 없음
2025-06-18 | LG Twins vs SSG Landers | API: 결과 없음
2025-06-23 | Chicago White Sox vs Arizona Diamondbacks | API: Chicago White Sox 0 - 10 Arizona Diamondbacks | status: FT
2025-06-23 | New York Mets vs Atlanta Braves | API: New York Mets 2 - 3 Atlanta Braves | status: FT
2025-06-23 | Baltimore Orioles vs Texas Rangers | API: Baltimore Orioles 6 - 0 Texas Rangers | status: FT
2025-06-16 | Pericos de Puebla vs Algodoneros de Unión Laguna | API: 결과 없음
2025-06-20 | Los Angeles Angels vs San Diego Padres | API: 결과 없음
2025-06-19 | LG Twins vs NC Dinos | API: LG Twins 0 - 3 NC Dinos | status: FT
2025-06-20 | Tampa Bay vs Detroit Tigers | API: 결과 없음
2025-06-20 | Philadelphia Phillies vs New York Yankees | API: 결과 없음
2025-06-19 | Samsung Lions vs Doosan Bears | API: Samsung Lions 8 - 9 Doosan Bears | status: FT
2025-06-19 | Lotte Giants vs Hanwha Eagles | API: Lotte Giants 4 - 3 Hanwha Eagles | status: FT
2025-06-19 | Kia Tigers vs KT Wiz | API: Kia Tigers 5 - 0 KT Wiz | status: FT
2025-06-23 | San Diego Padres vs Washington Nationals | API: 결과 없음
2025-06-23 | Los Angeles Angels vs Boston Red Sox | API: 결과 없음
2025-06-17 | East Atlanta Dutch Lions vs Athens United | API: East Atlanta Dutch Lions null - null Athens United | status: Match Cancelled
2025-06-21 | Gangwon FC vs Daegu FC | API: 결과 없음
2025-06-17 | Hay Al Wadi vs Al-Hilal Omdurman | API: Hay Al Wadi null - null Al-Hilal Omdurman | status: Match Postponed
2025-06-17 | Al-Zamala Umrawaba vs Alamal SC Atbara | API: Al-Zamala Umrawaba null - null Alamal SC Atbara | status: Match Postponed
2025-06-23 | Milwaukee Brewers vs Pittsburgh Pirates | API: Milwaukee Brewers 4 - 5 Pittsburgh Pirates | status: FT
2025-06-23 | Minnesota Twins vs Seattle Mariners | API: Minnesota Twins 2 - 11 Seattle Mariners | status: FT
2025-06-23 | St. Louis Cardinals vs Chicago Cubs | API: St. Louis Cardinals 8 - 2 Chicago Cubs | status: FT
2025-06-20 | Los Angeles Angels vs San Diego Padres | API: 결과 없음
2025-06-20 | Tampa Bay vs Detroit Tigers | API: 결과 없음
2025-06-20 | Philadelphia Phillies vs New York Yankees | API: 결과 없음
2025-06-20 | Los Angeles Angels vs San Diego Padres | API: 결과 없음
2025-06-20 | Tampa Bay vs Detroit Tigers | API: 결과 없음
2025-06-20 | Philadelphia Phillies vs New York Yankees | API: 결과 없음
2025-06-21 | Jeonbuk Hyundai Motors vs FC Seoul | API: 결과 없음
2025-06-22 | Sangju Sangmu vs Anyang | API: Sangju Sangmu 1 - 0 Anyang | status: Match Finished
2025-06-22 | Gwangju FC vs Daejeon Hana Citizen | API: Gwangju FC 2 - 2 Daejeon Hana Citizen | status: Match Finished
2025-06-20 | Universitario vs Asociación Deportiva Tarma | API: 결과 없음
2025-06-21 | Los Chankas vs Sporting Cristal | API: 결과 없음
2025-06-21 | Sport Huancayo vs Melgar | API: 결과 없음
2025-06-21 | Deportivo Garcilaso vs Ayacucho | API: 결과 없음
2025-06-22 | Comerciantes Unidos vs Juan Pablo II College | API: Comerciantes Unidos 3 - 0 Juan Pablo II College | status: Match Finished
2025-06-22 | Cienciano vs Alianza Atlético | API: Cienciano 3 - 2 Alianza Atlético | status: Match Finished
2025-06-22 | Sport Boys vs Deportivo Binacional | API: Sport Boys 3 - 1 Deportivo Binacional | status: Match Finished
2025-06-24 | Samsung Lions vs Hanwha Eagles | API: Samsung Lions null - null Hanwha Eagles | status: POST
2025-06-24 | NC Dinos vs Lotte Giants | API: NC Dinos null - null Lotte Giants | status: POST
2025-06-24 | KT Wiz vs LG Twins | API: KT Wiz 5 - 0 LG Twins | status: FT
2025-06-24 | Kiwoom Heroes vs Kia Tigers | API: Kiwoom Heroes 9 - 6 Kia Tigers | status: FT
2025-06-24 | Doosan Bears vs SSG Landers | API: Doosan Bears 5 - 0 SSG Landers | status: FT
2025-06-21 | Pohang Steelers vs Jeju SK | API: 결과 없음
