[공통 DB 연결] process.env.DB_NAME: bettingDB
[업데이트] 2025-06-23 | Cincinnati Reds vs New York Yankees | status: finished | result: home_win | score: 6,1
[업데이트] 2025-06-13 | Samsung Lions vs KT Wiz | status: postponed | result: postponed | score: null
[결과 없음] 2025-06-18 | Hanwha Eagles vs Doosan Bears | 원인 추론: 팀명/리그명 정규화 불일치 가능성, SportsDB API에 해당 경기 데이터 미존재, 경기 날짜/시간대(UTC/KST) 불일치 가능성, 리그ID/리그명 매핑 오류 가능성
[결과 없음] 2025-06-18 | KT Wiz vs Lotte Giants | 원인 추론: 팀명/리그명 정규화 불일치 가능성, SportsDB API에 해당 경기 데이터 미존재, 경기 날짜/시간대(UTC/KST) 불일치 가능성, 리그ID/리그명 매핑 오류 가능성
[결과 없음] 2025-06-18 | Kia Tigers vs Samsung Lions | 원인 추론: 팀명/리그명 정규화 불일치 가능성, SportsDB API에 해당 경기 데이터 미존재, 경기 날짜/시간대(UTC/KST) 불일치 가능성, 리그ID/리그명 매핑 오류 가능성
[결과 없음] 2025-06-18 | Kiwoom Heroes vs NC Dinos | 원인 추론: 팀명/리그명 정규화 불일치 가능성, SportsDB API에 해당 경기 데이터 미존재, 경기 날짜/시간대(UTC/KST) 불일치 가능성, 리그ID/리그명 매핑 오류 가능성
[결과 없음] 2025-06-18 | LG Twins vs SSG Landers | 원인 추론: 팀명/리그명 정규화 불일치 가능성, SportsDB API에 해당 경기 데이터 미존재, 경기 날짜/시간대(UTC/KST) 불일치 가능성, 리그ID/리그명 매핑 오류 가능성
[업데이트] 2025-06-23 | Chicago White Sox vs Arizona Diamondbacks | status: finished | result: away_win | score: 0,10
[업데이트] 2025-06-23 | New York Mets vs Atlanta Braves | status: finished | result: away_win | score: 2,3
[업데이트] 2025-06-23 | Baltimore Orioles vs Texas Rangers | status: finished | result: home_win | score: 6,0
[결과 없음] 2025-06-16 | Pericos de Puebla vs Algodoneros de Unión Laguna | 원인 추론: 팀명/리그명 정규화 불일치 가능성, SportsDB API에 해당 경기 데이터 미존재, 경기 날짜/시간대(UTC/KST) 불일치 가능성, 리그ID/리그명 매핑 오류 가능성
[결과 없음] 2025-06-20 | Los Angeles Angels vs San Diego Padres | 원인 추론: 팀명/리그명 정규화 불일치 가능성, SportsDB API에 해당 경기 데이터 미존재, 경기 날짜/시간대(UTC/KST) 불일치 가능성, 리그ID/리그명 매핑 오류 가능성
[업데이트] 2025-06-19 | LG Twins vs NC Dinos | status: finished | result: away_win | score: 0,3
[결과 없음] 2025-06-20 | Tampa Bay vs Detroit Tigers | 원인 추론: 팀명/리그명 정규화 불일치 가능성, SportsDB API에 해당 경기 데이터 미존재, 경기 날짜/시간대(UTC/KST) 불일치 가능성, 리그ID/리그명 매핑 오류 가능성
[결과 없음] 2025-06-20 | Philadelphia Phillies vs New York Yankees | 원인 추론: 팀명/리그명 정규화 불일치 가능성, SportsDB API에 해당 경기 데이터 미존재, 경기 날짜/시간대(UTC/KST) 불일치 가능성, 리그ID/리그명 매핑 오류 가능성
[업데이트] 2025-06-19 | Samsung Lions vs Doosan Bears | status: finished | result: away_win | score: 8,9
[업데이트] 2025-06-19 | Lotte Giants vs Hanwha Eagles | status: finished | result: home_win | score: 4,3
[업데이트] 2025-06-19 | Kia Tigers vs KT Wiz | status: finished | result: home_win | score: 5,0
[결과 없음] 2025-06-23 | San Diego Padres vs Washington Nationals | 원인 추론: 팀명/리그명 정규화 불일치 가능성, SportsDB API에 해당 경기 데이터 미존재, 경기 날짜/시간대(UTC/KST) 불일치 가능성, 리그ID/리그명 매핑 오류 가능성
[결과 없음] 2025-06-23 | Los Angeles Angels vs Boston Red Sox | 원인 추론: 팀명/리그명 정규화 불일치 가능성, SportsDB API에 해당 경기 데이터 미존재, 경기 날짜/시간대(UTC/KST) 불일치 가능성, 리그ID/리그명 매핑 오류 가능성
[업데이트] 2025-06-17 | East Atlanta Dutch Lions vs Athens United | status: cancelled | result: cancelled | score: null
[결과 없음] 2025-06-21 | Gangwon FC vs Daegu FC | 원인 추론: 팀명/리그명 정규화 불일치 가능성, SportsDB API에 해당 경기 데이터 미존재, 경기 날짜/시간대(UTC/KST) 불일치 가능성, 리그ID/리그명 매핑 오류 가능성
[업데이트] 2025-06-17 | Hay Al Wadi vs Al-Hilal Omdurman | status: postponed | result: postponed | score: null
[업데이트] 2025-06-17 | Al-Zamala Umrawaba vs Alamal SC Atbara | status: postponed | result: postponed | score: null
[업데이트] 2025-06-23 | Milwaukee Brewers vs Pittsburgh Pirates | status: finished | result: away_win | score: 4,5
[업데이트] 2025-06-23 | Minnesota Twins vs Seattle Mariners | status: finished | result: home_win | score: 2,11
[업데이트] 2025-06-23 | St. Louis Cardinals vs Chicago Cubs | status: finished | result: home_win | score: 8,2
[결과 없음] 2025-06-20 | Los Angeles Angels vs San Diego Padres | 원인 추론: 팀명/리그명 정규화 불일치 가능성, SportsDB API에 해당 경기 데이터 미존재, 경기 날짜/시간대(UTC/KST) 불일치 가능성, 리그ID/리그명 매핑 오류 가능성
[결과 없음] 2025-06-20 | Tampa Bay vs Detroit Tigers | 원인 추론: 팀명/리그명 정규화 불일치 가능성, SportsDB API에 해당 경기 데이터 미존재, 경기 날짜/시간대(UTC/KST) 불일치 가능성, 리그ID/리그명 매핑 오류 가능성
[결과 없음] 2025-06-20 | Philadelphia Phillies vs New York Yankees | 원인 추론: 팀명/리그명 정규화 불일치 가능성, SportsDB API에 해당 경기 데이터 미존재, 경기 날짜/시간대(UTC/KST) 불일치 가능성, 리그ID/리그명 매핑 오류 가능성
[결과 없음] 2025-06-20 | Los Angeles Angels vs San Diego Padres | 원인 추론: 팀명/리그명 정규화 불일치 가능성, SportsDB API에 해당 경기 데이터 미존재, 경기 날짜/시간대(UTC/KST) 불일치 가능성, 리그ID/리그명 매핑 오류 가능성
[결과 없음] 2025-06-20 | Tampa Bay vs Detroit Tigers | 원인 추론: 팀명/리그명 정규화 불일치 가능성, SportsDB API에 해당 경기 데이터 미존재, 경기 날짜/시간대(UTC/KST) 불일치 가능성, 리그ID/리그명 매핑 오류 가능성
[결과 없음] 2025-06-20 | Philadelphia Phillies vs New York Yankees | 원인 추론: 팀명/리그명 정규화 불일치 가능성, SportsDB API에 해당 경기 데이터 미존재, 경기 날짜/시간대(UTC/KST) 불일치 가능성, 리그ID/리그명 매핑 오류 가능성
[결과 없음] 2025-06-21 | Jeonbuk Hyundai Motors vs FC Seoul | 원인 추론: 팀명/리그명 정규화 불일치 가능성, SportsDB API에 해당 경기 데이터 미존재, 경기 날짜/시간대(UTC/KST) 불일치 가능성, 리그ID/리그명 매핑 오류 가능성
[업데이트] 2025-06-22 | Sangju Sangmu vs Anyang | status: finished | result: home_win | score: 1,0
[업데이트] 2025-06-22 | Gwangju FC vs Daejeon Hana Citizen | status: finished | result: draw | score: 2,2
[결과 없음] 2025-06-20 | Universitario vs Asociación Deportiva Tarma | 원인 추론: 팀명/리그명 정규화 불일치 가능성, SportsDB API에 해당 경기 데이터 미존재, 경기 날짜/시간대(UTC/KST) 불일치 가능성, 리그ID/리그명 매핑 오류 가능성
[결과 없음] 2025-06-21 | Los Chankas vs Sporting Cristal | 원인 추론: 팀명/리그명 정규화 불일치 가능성, SportsDB API에 해당 경기 데이터 미존재, 경기 날짜/시간대(UTC/KST) 불일치 가능성, 리그ID/리그명 매핑 오류 가능성
[결과 없음] 2025-06-21 | Sport Huancayo vs Melgar | 원인 추론: 팀명/리그명 정규화 불일치 가능성, SportsDB API에 해당 경기 데이터 미존재, 경기 날짜/시간대(UTC/KST) 불일치 가능성, 리그ID/리그명 매핑 오류 가능성
[결과 없음] 2025-06-21 | Deportivo Garcilaso vs Ayacucho | 원인 추론: 팀명/리그명 정규화 불일치 가능성, SportsDB API에 해당 경기 데이터 미존재, 경기 날짜/시간대(UTC/KST) 불일치 가능성, 리그ID/리그명 매핑 오류 가능성
[업데이트] 2025-06-22 | Comerciantes Unidos vs Juan Pablo II College | status: finished | result: home_win | score: 3,0
[업데이트] 2025-06-22 | Cienciano vs Alianza Atlético | status: finished | result: home_win | score: 3,2
[업데이트] 2025-06-22 | Sport Boys vs Deportivo Binacional | status: finished | result: home_win | score: 3,1
[업데이트] 2025-06-24 | Samsung Lions vs Hanwha Eagles | status: postponed | result: postponed | score: null
[업데이트] 2025-06-24 | NC Dinos vs Lotte Giants | status: postponed | result: postponed | score: null
[업데이트] 2025-06-24 | KT Wiz vs LG Twins | status: finished | result: home_win | score: 5,0
[업데이트] 2025-06-24 | Kiwoom Heroes vs Kia Tigers | status: finished | result: home_win | score: 9,6
[업데이트] 2025-06-24 | Doosan Bears vs SSG Landers | status: finished | result: home_win | score: 5,0
[결과 없음] 2025-06-21 | Pohang Steelers vs Jeju SK | 원인 추론: 팀명/리그명 정규화 불일치 가능성, SportsDB API에 해당 경기 데이터 미존재, 경기 날짜/시간대(UTC/KST) 불일치 가능성, 리그ID/리그명 매핑 오류 가능성

[요약] 결과 업데이트: 19건, 연기: 5건, 취소: 1건, 결과 없음: 24건

[결과 없음 상세 목록 및 원인 추론]
2025-06-18 | Hanwha Eagles vs Doosan Bears | 리그: baseball | 원인: 팀명/리그명 정규화 불일치 가능성, SportsDB API에 해당 경기 데이터 미존재, 경기 날짜/시간대(UTC/KST) 불일치 가능성, 리그ID/리그명 매핑 오류 가능성
2025-06-18 | KT Wiz vs Lotte Giants | 리그: baseball | 원인: 팀명/리그명 정규화 불일치 가능성, SportsDB API에 해당 경기 데이터 미존재, 경기 날짜/시간대(UTC/KST) 불일치 가능성, 리그ID/리그명 매핑 오류 가능성
2025-06-18 | Kia Tigers vs Samsung Lions | 리그: baseball | 원인: 팀명/리그명 정규화 불일치 가능성, SportsDB API에 해당 경기 데이터 미존재, 경기 날짜/시간대(UTC/KST) 불일치 가능성, 리그ID/리그명 매핑 오류 가능성
2025-06-18 | Kiwoom Heroes vs NC Dinos | 리그: baseball | 원인: 팀명/리그명 정규화 불일치 가능성, SportsDB API에 해당 경기 데이터 미존재, 경기 날짜/시간대(UTC/KST) 불일치 가능성, 리그ID/리그명 매핑 오류 가능성
2025-06-18 | LG Twins vs SSG Landers | 리그: baseball | 원인: 팀명/리그명 정규화 불일치 가능성, SportsDB API에 해당 경기 데이터 미존재, 경기 날짜/시간대(UTC/KST) 불일치 가능성, 리그ID/리그명 매핑 오류 가능성
2025-06-16 | Pericos de Puebla vs Algodoneros de Unión Laguna | 리그: K리그 | 원인: 팀명/리그명 정규화 불일치 가능성, SportsDB API에 해당 경기 데이터 미존재, 경기 날짜/시간대(UTC/KST) 불일치 가능성, 리그ID/리그명 매핑 오류 가능성
2025-06-20 | Los Angeles Angels vs San Diego Padres | 리그: baseball | 원인: 팀명/리그명 정규화 불일치 가능성, SportsDB API에 해당 경기 데이터 미존재, 경기 날짜/시간대(UTC/KST) 불일치 가능성, 리그ID/리그명 매핑 오류 가능성
2025-06-20 | Tampa Bay vs Detroit Tigers | 리그: baseball | 원인: 팀명/리그명 정규화 불일치 가능성, SportsDB API에 해당 경기 데이터 미존재, 경기 날짜/시간대(UTC/KST) 불일치 가능성, 리그ID/리그명 매핑 오류 가능성
2025-06-20 | Philadelphia Phillies vs New York Yankees | 리그: baseball | 원인: 팀명/리그명 정규화 불일치 가능성, SportsDB API에 해당 경기 데이터 미존재, 경기 날짜/시간대(UTC/KST) 불일치 가능성, 리그ID/리그명 매핑 오류 가능성
2025-06-23 | San Diego Padres vs Washington Nationals | 리그: baseball | 원인: 팀명/리그명 정규화 불일치 가능성, SportsDB API에 해당 경기 데이터 미존재, 경기 날짜/시간대(UTC/KST) 불일치 가능성, 리그ID/리그명 매핑 오류 가능성
2025-06-23 | Los Angeles Angels vs Boston Red Sox | 리그: baseball | 원인: 팀명/리그명 정규화 불일치 가능성, SportsDB API에 해당 경기 데이터 미존재, 경기 날짜/시간대(UTC/KST) 불일치 가능성, 리그ID/리그명 매핑 오류 가능성
2025-06-21 | Gangwon FC vs Daegu FC | 리그: soccer | 원인: 팀명/리그명 정규화 불일치 가능성, SportsDB API에 해당 경기 데이터 미존재, 경기 날짜/시간대(UTC/KST) 불일치 가능성, 리그ID/리그명 매핑 오류 가능성
2025-06-20 | Los Angeles Angels vs San Diego Padres | 리그: baseball | 원인: 팀명/리그명 정규화 불일치 가능성, SportsDB API에 해당 경기 데이터 미존재, 경기 날짜/시간대(UTC/KST) 불일치 가능성, 리그ID/리그명 매핑 오류 가능성
2025-06-20 | Tampa Bay vs Detroit Tigers | 리그: baseball | 원인: 팀명/리그명 정규화 불일치 가능성, SportsDB API에 해당 경기 데이터 미존재, 경기 날짜/시간대(UTC/KST) 불일치 가능성, 리그ID/리그명 매핑 오류 가능성
2025-06-20 | Philadelphia Phillies vs New York Yankees | 리그: baseball | 원인: 팀명/리그명 정규화 불일치 가능성, SportsDB API에 해당 경기 데이터 미존재, 경기 날짜/시간대(UTC/KST) 불일치 가능성, 리그ID/리그명 매핑 오류 가능성
2025-06-20 | Los Angeles Angels vs San Diego Padres | 리그: baseball | 원인: 팀명/리그명 정규화 불일치 가능성, SportsDB API에 해당 경기 데이터 미존재, 경기 날짜/시간대(UTC/KST) 불일치 가능성, 리그ID/리그명 매핑 오류 가능성
2025-06-20 | Tampa Bay vs Detroit Tigers | 리그: baseball | 원인: 팀명/리그명 정규화 불일치 가능성, SportsDB API에 해당 경기 데이터 미존재, 경기 날짜/시간대(UTC/KST) 불일치 가능성, 리그ID/리그명 매핑 오류 가능성
2025-06-20 | Philadelphia Phillies vs New York Yankees | 리그: baseball | 원인: 팀명/리그명 정규화 불일치 가능성, SportsDB API에 해당 경기 데이터 미존재, 경기 날짜/시간대(UTC/KST) 불일치 가능성, 리그ID/리그명 매핑 오류 가능성
2025-06-21 | Jeonbuk Hyundai Motors vs FC Seoul | 리그: soccer | 원인: 팀명/리그명 정규화 불일치 가능성, SportsDB API에 해당 경기 데이터 미존재, 경기 날짜/시간대(UTC/KST) 불일치 가능성, 리그ID/리그명 매핑 오류 가능성
2025-06-20 | Universitario vs Asociación Deportiva Tarma | 리그: soccer | 원인: 팀명/리그명 정규화 불일치 가능성, SportsDB API에 해당 경기 데이터 미존재, 경기 날짜/시간대(UTC/KST) 불일치 가능성, 리그ID/리그명 매핑 오류 가능성
2025-06-21 | Los Chankas vs Sporting Cristal | 리그: soccer | 원인: 팀명/리그명 정규화 불일치 가능성, SportsDB API에 해당 경기 데이터 미존재, 경기 날짜/시간대(UTC/KST) 불일치 가능성, 리그ID/리그명 매핑 오류 가능성
2025-06-21 | Sport Huancayo vs Melgar | 리그: soccer | 원인: 팀명/리그명 정규화 불일치 가능성, SportsDB API에 해당 경기 데이터 미존재, 경기 날짜/시간대(UTC/KST) 불일치 가능성, 리그ID/리그명 매핑 오류 가능성
2025-06-21 | Deportivo Garcilaso vs Ayacucho | 리그: soccer | 원인: 팀명/리그명 정규화 불일치 가능성, SportsDB API에 해당 경기 데이터 미존재, 경기 날짜/시간대(UTC/KST) 불일치 가능성, 리그ID/리그명 매핑 오류 가능성
2025-06-21 | Pohang Steelers vs Jeju SK | 리그: soccer | 원인: 팀명/리그명 정규화 불일치 가능성, SportsDB API에 해당 경기 데이터 미존재, 경기 날짜/시간대(UTC/KST) 불일치 가능성, 리그ID/리그명 매핑 오류 가능성
